<?xml version="1.0" encoding="UTF-8"?>
<!-- Generated by org.testng.reporters.JUnitReportReporter -->
<testsuite hostname="Anuppa-VD3" name="lasvegasmarket_PROD.GlobalSearch_SuggestionList" tests="3" failures="0" timestamp="3 Nov 2023 06:49:05 GMT" time="47.955" errors="0">
  <testcase name="TS003_VerifySelectionOfProductFromAutoSuggestionListTest" time="16.957" classname="lasvegasmarket_PROD.GlobalSearch_SuggestionList"/>
  <testcase name="TS001_VerifySelectionOfExhibitorFromAutoSuggestionListTest" time="16.575" classname="lasvegasmarket_PROD.GlobalSearch_SuggestionList"/>
  <testcase name="TS002_VerifySelectionOfLineFromAutoSuggestionListTest" time="14.423" classname="lasvegasmarket_PROD.GlobalSearch_SuggestionList"/>
</testsuite> <!-- lasvegasmarket_PROD.GlobalSearch_SuggestionList -->
