<?xml version="1.0" encoding="UTF-8"?>
<!-- Generated by org.testng.reporters.JUnitReportReporter -->
<testsuite hostname="eon-swapnili" name="lasvegasmarket_UAT.GlobalSearch_LeftPaneFilters" tests="11" failures="0" timestamp="5 Aug 2024 09:10:15 GMT" time="447.987" errors="0">
  <testcase name="TS002_VerifySelectionOfAntiqueVintageProdCatgFromLeftPaneFiltersTest" time="35.730" classname="lasvegasmarket_UAT.GlobalSearch_LeftPaneFilters"/>
  <testcase name="TS009_VerifySelectionOfFashionAccProdCatgFromLeftPaneFiltersTest" time="27.817" classname="lasvegasmarket_UAT.GlobalSearch_LeftPaneFilters"/>
  <testcase name="TS006_VerifySelectionOfHolidayProdCatgFromLeftPaneFiltersTest" time="30.320" classname="lasvegasmarket_UAT.GlobalSearch_LeftPaneFilters"/>
  <testcase name="TS005_VerifySelectionOfAccentFurnitureProdCatgFromLeftPaneFiltersTest" time="19.838" classname="lasvegasmarket_UAT.GlobalSearch_LeftPaneFilters"/>
  <testcase name="TS001_VerifySelectionOfApparelVintageProdCatgFromLeftPaneFiltersTest" time="23.642" classname="lasvegasmarket_UAT.GlobalSearch_LeftPaneFilters"/>
  <testcase name="TS003_VerifyCombinationWithinProdCatgFromLeftPaneFiltersTest" time="32.744" classname="lasvegasmarket_UAT.GlobalSearch_LeftPaneFilters"/>
  <testcase name="TS004_VerifyCombinationOfProdCatgWithStylesFromLeftPaneFiltersTest" time="75.819" classname="lasvegasmarket_UAT.GlobalSearch_LeftPaneFilters"/>
  <testcase name="TS008_VerifySelectionOfGeneralGiftProdCatgFromLeftPaneFiltersTest" time="17.421" classname="lasvegasmarket_UAT.GlobalSearch_LeftPaneFilters"/>
  <testcase name="TS011_VerifySelectionOfHomeTextilesProdCatgFromLeftPaneFiltersTest" time="115.571" classname="lasvegasmarket_UAT.GlobalSearch_LeftPaneFilters"/>
  <testcase name="TS010_VerifySelectionOfFloralBotanicalsProdCatgFromLeftPaneFiltersTest" time="46.427" classname="lasvegasmarket_UAT.GlobalSearch_LeftPaneFilters"/>
  <testcase name="TS007_VerifySelectionOfDecorativeAccessProdCatgFromLeftPaneFiltersTest" time="22.658" classname="lasvegasmarket_UAT.GlobalSearch_LeftPaneFilters"/>
</testsuite> <!-- lasvegasmarket_UAT.GlobalSearch_LeftPaneFilters -->
