<?xml version="1.0" encoding="UTF-8"?>
<!-- Generated by org.testng.reporters.JUnitReportReporter -->
<testsuite hostname="Anuppa-VD3" name="lasvegasmarket_PROD.ExhibitorDigitalShowroom" tests="1" failures="0" timestamp="26 Apr 2023 11:31:12 GMT" time="40.973" errors="0">
  <testcase name="TS017_VerifyExhibitorDigitalEventsComponentTest" time="40.973" classname="lasvegasmarket_PROD.ExhibitorDigitalShowroom"/>
</testsuite> <!-- lasvegasmarket_PROD.ExhibitorDigitalShowroom -->
