<?xml version="1.0" encoding="UTF-8"?>
<!-- Generated by org.testng.reporters.JUnitReportReporter -->
<testsuite hostname="CVC2446" failures="0" tests="2" name="lasvegasmarket_PROD.ShowSpecials" time="40.172" errors="0" timestamp="2025-04-15T21:51:21 IST" skipped="0">
  <testcase classname="lasvegasmarket_PROD.ShowSpecials" name="TS001_VerifyViewBrandDetailsLinkForShowSpecialsTest" time="20.833"/>
  <system-out/>
  <testcase classname="lasvegasmarket_PROD.ShowSpecials" name="TS002_VerifyShowroomLinkForShowSpecialsTest" time="19.339"/>
  <system-out/>
</testsuite> <!-- lasvegasmarket_PROD.ShowSpecials -->
