<?xml version="1.0" encoding="UTF-8"?>
<!-- Generated by org.testng.reporters.JUnitReportReporter -->
<testsuite hostname="eon-swapnili" name="atlantamarket_PROD.GlobalSearch_ProductActions" tests="2" failures="0" timestamp="13 Mar 2024 08:19:17 GMT" time="70.708" errors="0">
  <testcase name="TS001_VerifyClickOnProductSeeDetailsBtnOnSearchResultsGridTest" time="30.705" classname="atlantamarket_PROD.GlobalSearch_ProductActions"/>
  <testcase name="TS007_VerifyFullScreenViewerOnProductDetailsPageTest" time="40.003" classname="atlantamarket_PROD.GlobalSearch_ProductActions"/>
</testsuite> <!-- atlantamarket_PROD.GlobalSearch_ProductActions -->
