<?xml version="1.0" encoding="UTF-8"?>
<!-- Generated by org.testng.reporters.JUnitReportReporter -->
<testsuite hostname="Anuppa-VD3" name="lasvegasmarket_UAT.GlobalSearch_SearchFor" tests="1" failures="0" timestamp="30 Jan 2024 10:22:33 GMT" time="96.107" errors="0">
  <testcase name="TS011_VerifyEventsOverviewInGlobalSearchTest" time="96.107" classname="lasvegasmarket_UAT.GlobalSearch_SearchFor"/>
</testsuite> <!-- lasvegasmarket_UAT.GlobalSearch_SearchFor -->
