<?xml version="1.0" encoding="UTF-8"?>
<!-- Generated by org.testng.reporters.JUnitReportReporter -->
<testsuite hostname="swapnili" name="atlantamarket_UAT.MarketPlanner" tests="1" failures="0" timestamp="8 Sep 2022 11:13:34 GMT" time="38.531" errors="0">
  <testcase name="TS028_VerifyListDisplayControlsFunctionalityTest" time="38.531" classname="atlantamarket_UAT.MarketPlanner"/>
</testsuite> <!-- atlantamarket_UAT.MarketPlanner -->
