<?xml version="1.0" encoding="UTF-8"?>
<!-- Generated by org.testng.reporters.JUnitReportReporter -->
<testsuite hostname="Anuppa-VD3" name="lasvegasmarket_UAT.EvenntsAndWebinar" tests="1" failures="0" timestamp="30 Jan 2024 07:48:03 GMT" time="28.980" errors="0">
  <testcase name="TS010_VerifyExhibitorEventsCalendarViewTest" time="28.980" classname="lasvegasmarket_UAT.EvenntsAndWebinar"/>
</testsuite> <!-- lasvegasmarket_UAT.EvenntsAndWebinar -->
