<?xml version="1.0" encoding="UTF-8"?>
<!-- Generated by org.testng.reporters.JUnitReportReporter -->
<testsuite hostname="Anuppa-VD3" name="atlantamarket_PROD.GlobalSearch_ExhibitorActions" tests="1" failures="0" timestamp="24 Nov 2023 12:17:38 GMT" time="66.189" errors="0">
  <testcase name="TS005_VerifySelectionOfExhibitorFromSearchResultsTest" time="66.189" classname="atlantamarket_PROD.GlobalSearch_ExhibitorActions"/>
</testsuite> <!-- atlantamarket_PROD.GlobalSearch_ExhibitorActions -->
