<?xml version="1.0" encoding="UTF-8"?>
<!-- Generated by org.testng.reporters.JUnitReportReporter -->
<testsuite hostname="Anuppa-VD3" name="lasvegasmarket_PROD.GlobalSearch_ProductActions" tests="2" failures="0" timestamp="27 Oct 2023 07:09:03 GMT" time="91.615" errors="0">
  <testcase name="TS002_VerifyFullScreenViewerOnProductDetailsPageTest" time="47.262" classname="lasvegasmarket_PROD.GlobalSearch_ProductActions"/>
  <testcase name="TS001_VerifyClickOnProductSeeDetailsBtnOnSearchResultsGridTest" time="44.353" classname="lasvegasmarket_PROD.GlobalSearch_ProductActions"/>
</testsuite> <!-- lasvegasmarket_PROD.GlobalSearch_ProductActions -->
