<?xml version="1.0" encoding="UTF-8"?>
<!-- Generated by org.testng.reporters.JUnitReportReporter -->
<testsuite skipped="15" hostname="Anuppa-VD3" name="lasvegasmarket_PROD.EvenntsAndWebinar" tests="16" failures="0" timestamp="18 Jun 2024 11:56:06 GMT" time="17.192" errors="1">
  <testcase name="initialize" time="17.192" classname="lasvegasmarket_PROD.EvenntsAndWebinar">
    <error type="org.openqa.selenium.NoSuchWindowException" message="no such window: target window already closed
from unknown error: web view not found
  (Session info: chrome=125.0.6422.142)
Build info: version: &#039;3.141.59&#039;, revision: &#039;e82be7d358&#039;, time: &#039;2018-11-14T08:17:03&#039;
System info: host: &#039;ANUPPA-VD3&#039;, ip: &#039;172.27.182.66&#039;, os.name: &#039;Windows 10&#039;, os.arch: &#039;amd64&#039;, os.version: &#039;10.0&#039;, java.version: &#039;1.8.0_381&#039;
Driver info: org.openqa.selenium.chrome.ChromeDriver
Capabilities {acceptInsecureCerts: false, browserName: chrome, browserVersion: 125.0.6422.142, chrome: {chromedriverVersion: 125.0.6422.141 (4b1e8393712..., userDataDir: C:\Users\anuppa\AppData\Loc...}, fedcm:accounts: true, goog:chromeOptions: {debuggerAddress: localhost:64066}, javascriptEnabled: true, networkConnectionEnabled: false, pageLoadStrategy: normal, platform: WINDOWS, platformName: WINDOWS, proxy: Proxy(), setWindowRect: true, strictFileInteractability: false, timeouts: {implicit: 0, pageLoad: 300000, script: 30000}, unhandledPromptBehavior: dismiss and notify, webauthn:extension:credBlob: true, webauthn:extension:largeBlob: true, webauthn:extension:minPinLength: true, webauthn:extension:prf: true, webauthn:virtualAuthenticators: true}
Session ID: f0791eb8a03453e034115c37c9c5133b
*** Element info: {Using=xpath, value=//button[@id=&#039;gdpr-btn&#039;]}">
      <![CDATA[org.openqa.selenium.NoSuchWindowException: no such window: target window already closed
from unknown error: web view not found
  (Session info: chrome=125.0.6422.142)
Build info: version: '3.141.59', revision: 'e82be7d358', time: '2018-11-14T08:17:03'
System info: host: 'ANUPPA-VD3', ip: '172.27.182.66', os.name: 'Windows 10', os.arch: 'amd64', os.version: '10.0', java.version: '1.8.0_381'
Driver info: org.openqa.selenium.chrome.ChromeDriver
Capabilities {acceptInsecureCerts: false, browserName: chrome, browserVersion: 125.0.6422.142, chrome: {chromedriverVersion: 125.0.6422.141 (4b1e8393712..., userDataDir: C:\Users\anuppa\AppData\Loc...}, fedcm:accounts: true, goog:chromeOptions: {debuggerAddress: localhost:64066}, javascriptEnabled: true, networkConnectionEnabled: false, pageLoadStrategy: normal, platform: WINDOWS, platformName: WINDOWS, proxy: Proxy(), setWindowRect: true, strictFileInteractability: false, timeouts: {implicit: 0, pageLoad: 300000, script: 30000}, unhandledPromptBehavior: dismiss and notify, webauthn:extension:credBlob: true, webauthn:extension:largeBlob: true, webauthn:extension:minPinLength: true, webauthn:extension:prf: true, webauthn:virtualAuthenticators: true}
Session ID: f0791eb8a03453e034115c37c9c5133b
*** Element info: {Using=xpath, value=//button[@id='gdpr-btn']}
at sun.reflect.NativeConstructorAccessorImpl.newInstance0(Native Method)
at sun.reflect.NativeConstructorAccessorImpl.newInstance(Unknown Source)
at sun.reflect.DelegatingConstructorAccessorImpl.newInstance(Unknown Source)
at java.lang.reflect.Constructor.newInstance(Unknown Source)
at org.openqa.selenium.remote.http.W3CHttpResponseCodec.createException(W3CHttpResponseCodec.java:187)
at org.openqa.selenium.remote.http.W3CHttpResponseCodec.decode(W3CHttpResponseCodec.java:122)
at org.openqa.selenium.remote.http.W3CHttpResponseCodec.decode(W3CHttpResponseCodec.java:49)
at org.openqa.selenium.remote.HttpCommandExecutor.execute(HttpCommandExecutor.java:158)
at org.openqa.selenium.remote.service.DriverCommandExecutor.execute(DriverCommandExecutor.java:83)
at org.openqa.selenium.remote.RemoteWebDriver.execute(RemoteWebDriver.java:552)
at org.openqa.selenium.remote.RemoteWebDriver.findElement(RemoteWebDriver.java:323)
at org.openqa.selenium.remote.RemoteWebDriver.findElementByXPath(RemoteWebDriver.java:428)
at org.openqa.selenium.By$ByXPath.findElement(By.java:353)
at org.openqa.selenium.remote.RemoteWebDriver.findElement(RemoteWebDriver.java:315)
at pageObjects.LasVegasMarket.LVMLandingPage.getIUnderstandBtn(LVMLandingPage.java:42)
at lasvegasmarket_PROD.EvenntsAndWebinar.initialize(EvenntsAndWebinar.java:76)
at sun.reflect.NativeMethodAccessorImpl.invoke0(Native Method)
at sun.reflect.NativeMethodAccessorImpl.invoke(Unknown Source)
at sun.reflect.DelegatingMethodAccessorImpl.invoke(Unknown Source)
at java.lang.reflect.Method.invoke(Unknown Source)
at org.testng.internal.MethodInvocationHelper.invokeMethod(MethodInvocationHelper.java:124)
at org.testng.internal.MethodInvocationHelper.invokeMethodConsideringTimeout(MethodInvocationHelper.java:59)
at org.testng.internal.Invoker.invokeConfigurationMethod(Invoker.java:458)
at org.testng.internal.Invoker.invokeConfigurations(Invoker.java:222)
at org.testng.internal.Invoker.invokeConfigurations(Invoker.java:142)
at org.testng.internal.TestMethodWorker.invokeBeforeClassMethods(TestMethodWorker.java:168)
at org.testng.internal.TestMethodWorker.run(TestMethodWorker.java:105)
at org.testng.TestRunner.privateRun(TestRunner.java:648)
at org.testng.TestRunner.run(TestRunner.java:505)
at org.testng.SuiteRunner.runTest(SuiteRunner.java:455)
at org.testng.SuiteRunner.runSequentially(SuiteRunner.java:450)
at org.testng.SuiteRunner.privateRun(SuiteRunner.java:415)
at org.testng.SuiteRunner.run(SuiteRunner.java:364)
at org.testng.SuiteRunnerWorker.runSuite(SuiteRunnerWorker.java:52)
at org.testng.SuiteRunnerWorker.run(SuiteRunnerWorker.java:84)
at org.testng.TestNG.runSuitesSequentially(TestNG.java:1208)
at org.testng.TestNG.runSuitesLocally(TestNG.java:1137)
at org.testng.TestNG.runSuites(TestNG.java:1049)
at org.testng.TestNG.run(TestNG.java:1017)
at org.testng.remote.AbstractRemoteTestNG.run(AbstractRemoteTestNG.java:114)
at org.testng.remote.RemoteTestNG.initAndRun(RemoteTestNG.java:251)
at org.testng.remote.RemoteTestNG.main(RemoteTestNG.java:77)
]]>
    </error>
  </testcase> <!-- initialize -->
  <testcase name="TS001_VerifyEventsAndWebinarsOverviewTest" time="0.000" classname="lasvegasmarket_PROD.EvenntsAndWebinar">
    <skipped/>
  </testcase> <!-- TS001_VerifyEventsAndWebinarsOverviewTest -->
  <testcase name="TS002_VerifyIMCEventsSearchbarTest" time="0.000" classname="lasvegasmarket_PROD.EvenntsAndWebinar">
    <skipped/>
  </testcase> <!-- TS002_VerifyIMCEventsSearchbarTest -->
  <testcase name="TS003_VerifyIMCEventsCalendarViewTest" time="0.000" classname="lasvegasmarket_PROD.EvenntsAndWebinar">
    <skipped/>
  </testcase> <!-- TS003_VerifyIMCEventsCalendarViewTest -->
  <testcase name="TS004_VerifyIMCEventsEventsListTest" time="0.000" classname="lasvegasmarket_PROD.EvenntsAndWebinar">
    <skipped/>
  </testcase> <!-- TS004_VerifyIMCEventsEventsListTest -->
  <testcase name="TS005_VerifyIMCEventsEventDetailstTest" time="0.000" classname="lasvegasmarket_PROD.EvenntsAndWebinar">
    <skipped/>
  </testcase> <!-- TS005_VerifyIMCEventsEventDetailstTest -->
  <testcase name="TS006_VerifyExhibitorEventsSearchbarTest" time="0.000" classname="lasvegasmarket_PROD.EvenntsAndWebinar">
    <skipped/>
  </testcase> <!-- TS006_VerifyExhibitorEventsSearchbarTest -->
  <testcase name="TS007_VerifyExhibitorEventsCalendarViewTest" time="0.000" classname="lasvegasmarket_PROD.EvenntsAndWebinar">
    <skipped/>
  </testcase> <!-- TS007_VerifyExhibitorEventsCalendarViewTest -->
  <testcase name="TS008_VerifyExhibitorEventsListTest" time="0.000" classname="lasvegasmarket_PROD.EvenntsAndWebinar">
    <skipped/>
  </testcase> <!-- TS008_VerifyExhibitorEventsListTest -->
  <testcase name="TS009_VerifyExhibitorEventsDetailstTest" time="0.000" classname="lasvegasmarket_PROD.EvenntsAndWebinar">
    <skipped/>
  </testcase> <!-- TS009_VerifyExhibitorEventsDetailstTest -->
  <testcase name="TS012_VerifyIMCEventsAddNoteTest" classname="lasvegasmarket_PROD.EvenntsAndWebinar">
    <skipped/>
  </testcase> <!-- TS012_VerifyIMCEventsAddNoteTest -->
  <testcase name="TS010_VerifyIMCEventsAddToFavoriteTest" classname="lasvegasmarket_PROD.EvenntsAndWebinar">
    <skipped/>
  </testcase> <!-- TS010_VerifyIMCEventsAddToFavoriteTest -->
  <testcase name="TS015_VerifyExhibitorEventsAddNoteTest" classname="lasvegasmarket_PROD.EvenntsAndWebinar">
    <skipped/>
  </testcase> <!-- TS015_VerifyExhibitorEventsAddNoteTest -->
  <testcase name="TS013_VerifyExhibitorEventsAddToFavoriteTest" classname="lasvegasmarket_PROD.EvenntsAndWebinar">
    <skipped/>
  </testcase> <!-- TS013_VerifyExhibitorEventsAddToFavoriteTest -->
  <testcase name="TS011_VerifyIMCEventsAddToListTest" classname="lasvegasmarket_PROD.EvenntsAndWebinar">
    <skipped/>
  </testcase> <!-- TS011_VerifyIMCEventsAddToListTest -->
  <testcase name="TS014_VerifyExhibitorEventsAddToListTest" classname="lasvegasmarket_PROD.EvenntsAndWebinar">
    <skipped/>
  </testcase> <!-- TS014_VerifyExhibitorEventsAddToListTest -->
</testsuite> <!-- lasvegasmarket_PROD.EvenntsAndWebinar -->
