<?xml version="1.0" encoding="UTF-8"?>
<!-- Generated by org.testng.reporters.JUnitReportReporter -->
<testsuite hostname="Anuppa-VD3" name="lasvegasmarket_PROD.ExhibitorDigitalShowroom" tests="1" failures="0" timestamp="3 May 2023 08:19:05 GMT" time="45.105" errors="0">
  <testcase name="TS018_VerifyCatalogsSectionForExhibitorTest" time="45.105" classname="lasvegasmarket_PROD.ExhibitorDigitalShowroom"/>
</testsuite> <!-- lasvegasmarket_PROD.ExhibitorDigitalShowroom -->
