<?xml version="1.0" encoding="UTF-8"?>
<!-- Generated by org.testng.reporters.JUnitReportReporter -->
<testsuite hostname="Anuppa-VD3" name="lasvegasmarket_UAT.ShowSpecials" tests="2" failures="0" timestamp="17 Feb 2023 07:13:03 GMT" time="30.387" errors="0">
  <testcase name="TS002_VerifyShowroomLinkForShowSpecialsTest" time="15.531" classname="lasvegasmarket_UAT.ShowSpecials"/>
  <testcase name="TS001_VerifyViewBrandDetailsLinkForShowSpecialsTest" time="14.856" classname="lasvegasmarket_UAT.ShowSpecials"/>
</testsuite> <!-- lasvegasmarket_UAT.ShowSpecials -->
