<?xml version="1.0" encoding="UTF-8"?>
<!-- Generated by org.testng.reporters.JUnitReportReporter -->
<testsuite hostname="swapnili" name="atlantamarket_UAT.MarketPlanner" tests="1" failures="0" timestamp="9 Aug 2022 10:47:16 GMT" time="91.712" errors="0">
  <testcase name="TS0012_VerifyMarketPlannerAddExhibitorToFevoritesTest" time="91.712" classname="atlantamarket_UAT.MarketPlanner"/>
</testsuite> <!-- atlantamarket_UAT.MarketPlanner -->
