<?xml version="1.0" encoding="UTF-8"?>
<!-- Generated by org.testng.reporters.JUnitReportReporter -->
<testsuite hostname="eon-swapnili" name="lasvegasmarket_PROD.GlobalSearch_ProductActions" tests="2" failures="0" timestamp="31 Jul 2024 11:53:49 GMT" time="77.455" errors="0">
  <testcase name="TS001_VerifyClickOnProductSeeDetailsBtnOnSearchResultsGridTest" time="39.379" classname="lasvegasmarket_PROD.GlobalSearch_ProductActions"/>
  <testcase name="TS002_VerifyFullScreenViewerOnProductDetailsPageTest" time="38.076" classname="lasvegasmarket_PROD.GlobalSearch_ProductActions"/>
</testsuite> <!-- lasvegasmarket_PROD.GlobalSearch_ProductActions -->
