<?xml version="1.0" encoding="UTF-8"?>
<!-- Generated by org.testng.reporters.JUnitReportReporter -->
<testsuite hostname="NILAMMA-W10" name="atlantamarket.AtlantaMarketRegressTest_UAT" tests="3" failures="0" timestamp="17 May 2022 10:28:01 GMT" time="34.899" errors="0">
  <testcase name="TS001_VerifySelectionOfExhibitorFromAutoSuggestionListTest" time="9.599" classname="atlantamarket.AtlantaMarketRegressTest_UAT"/>
  <testcase name="TS003_VerifySelectionOfProductFromAutoSuggestionListTest" time="12.427" classname="atlantamarket.AtlantaMarketRegressTest_UAT"/>
  <testcase name="TS002_VerifySelectionOfLineFromAutoSuggestionListTest" time="12.873" classname="atlantamarket.AtlantaMarketRegressTest_UAT"/>
</testsuite> <!-- atlantamarket.AtlantaMarketRegressTest_UAT -->
