<?xml version="1.0" encoding="UTF-8"?>
<!-- Generated by org.testng.reporters.JUnitReportReporter -->
<testsuite hostname="Anuppa-VD3" name="lasvegasmarket_PROD.ShowSpecials" tests="2" failures="0" timestamp="24 Apr 2023 11:25:22 GMT" time="28.432" errors="0">
  <testcase name="TS001_VerifyViewBrandDetailsLinkForShowSpecialsTest" time="12.939" classname="lasvegasmarket_PROD.ShowSpecials"/>
  <testcase name="TS002_VerifyShowroomLinkForShowSpecialsTest" time="15.493" classname="lasvegasmarket_PROD.ShowSpecials"/>
</testsuite> <!-- lasvegasmarket_PROD.ShowSpecials -->
