<?xml version="1.0" encoding="UTF-8"?>
<!-- Generated by org.testng.reporters.JUnitReportReporter -->
<testsuite hostname="eon-swapnili" name="lasvegasmarket_UAT.ShowSpecials" tests="1" failures="0" timestamp="7 Feb 2024 11:58:26 GMT" time="51.511" errors="0">
  <testcase name="TS001_VerifyViewBrandDetailsLinkForShowSpecialsTest" time="51.511" classname="lasvegasmarket_UAT.ShowSpecials"/>
</testsuite> <!-- lasvegasmarket_UAT.ShowSpecials -->
