<?xml version="1.0" encoding="UTF-8"?>
<!-- Generated by org.testng.reporters.JUnitReportReporter -->
<testsuite hostname="CVC2446" failures="0" tests="1" name="lasvegasmarket_PROD.GlobalSearch_ProductActions" time="59.776" errors="0" timestamp="2025-06-27T17:57:13 IST" skipped="0">
  <testcase classname="lasvegasmarket_PROD.GlobalSearch_ProductActions" name="TS002_VerifyFullScreenViewerOnProductDetailsPageTest" time="59.776"/>
  <system-out/>
</testsuite> <!-- lasvegasmarket_PROD.GlobalSearch_ProductActions -->
