<?xml version="1.0" encoding="UTF-8"?>
<!-- Generated by org.testng.reporters.JUnitReportReporter -->
<testsuite hostname="Anuppa-VD3" name="lasvegasmarket_UAT.GlobalSearch_MatchingResults" tests="1" failures="0" timestamp="13 Feb 2024 12:46:16 GMT" time="22.003" errors="0">
  <testcase name="TS004_VerifyGlobalSearchMatchingResultsSortFilterByNameTest" time="22.003" classname="lasvegasmarket_UAT.GlobalSearch_MatchingResults"/>
</testsuite> <!-- lasvegasmarket_UAT.GlobalSearch_MatchingResults -->
