<?xml version="1.0" encoding="UTF-8"?>
<!-- Generated by org.testng.reporters.JUnitReportReporter -->
<testsuite hostname="NILAMMA-W10" name="atlantamarket_PROD.GlobalSearch_LeftPaneFilters" tests="1" failures="0" timestamp="16 Aug 2022 11:32:08 GMT" time="65.596" errors="0">
  <testcase name="TS005_VerifySelectionOfAccentFurnitureProdCatgFromLeftPaneFiltersTest" time="65.596" classname="atlantamarket_PROD.GlobalSearch_LeftPaneFilters"/>
</testsuite> <!-- atlantamarket_PROD.GlobalSearch_LeftPaneFilters -->
