<?xml version="1.0" encoding="UTF-8"?>
<!-- Generated by org.testng.reporters.JUnitReportReporter -->
<testsuite hostname="Anuppa-VD3" name="lasvegasmarket_PROD.GlobalSearch_LineActions" tests="4" failures="0" timestamp="12 Oct 2023 05:31:55 GMT" time="260.530" errors="1">
  <testcase name="TS002_VerifyClickOnLocationLinkForLineTest" time="60.939" classname="lasvegasmarket_PROD.GlobalSearch_LineActions"/>
  <testcase name="TS001_VerifyClickOnShownByExhibitorNameLinkForLineTest" time="57.026" classname="lasvegasmarket_PROD.GlobalSearch_LineActions"/>
  <testcase name="TS003_VerifyClickOnMatchingProductsSeeAllLinkForLineTest" time="63.121" classname="lasvegasmarket_PROD.GlobalSearch_LineActions">
    <error type="java.lang.AssertionError" message="expected [1860] but found [224567]">
      <![CDATA[java.lang.AssertionError: expected [1860] but found [224567]
	at org.testng.Assert.fail(Assert.java:94)
	at org.testng.Assert.failNotEquals(Assert.java:494)
	at org.testng.Assert.assertEquals(Assert.java:123)
	at org.testng.Assert.assertEquals(Assert.java:176)
	at org.testng.Assert.assertEquals(Assert.java:186)
	at lasvegasmarket_PROD.GlobalSearch_LineActions.TS003_VerifyClickOnMatchingProductsSeeAllLinkForLineTest(GlobalSearch_LineActions.java:178)
	at sun.reflect.NativeMethodAccessorImpl.invoke0(Native Method)
	at sun.reflect.NativeMethodAccessorImpl.invoke(Unknown Source)
	at sun.reflect.DelegatingMethodAccessorImpl.invoke(Unknown Source)
	at java.lang.reflect.Method.invoke(Unknown Source)
	at org.testng.internal.MethodInvocationHelper.invokeMethod(MethodInvocationHelper.java:80)
	at org.testng.internal.Invoker.invokeMethod(Invoker.java:714)
	at org.testng.internal.Invoker.invokeTestMethod(Invoker.java:901)
	at org.testng.internal.Invoker.invokeTestMethods(Invoker.java:1231)
	at org.testng.internal.TestMethodWorker.invokeTestMethods(TestMethodWorker.java:127)
	at org.testng.internal.TestMethodWorker.run(TestMethodWorker.java:111)
	at java.util.concurrent.ThreadPoolExecutor.runWorker(Unknown Source)
	at java.util.concurrent.ThreadPoolExecutor$Worker.run(Unknown Source)
	at java.lang.Thread.run(Unknown Source)
]]>
    </error>
  </testcase> <!-- TS003_VerifyClickOnMatchingProductsSeeAllLinkForLineTest -->
  <testcase name="TS004_VerifyClickOnTotalProductsSeeAllLinkForLineTest" time="79.444" classname="lasvegasmarket_PROD.GlobalSearch_LineActions"/>
</testsuite> <!-- lasvegasmarket_PROD.GlobalSearch_LineActions -->
