<?xml version="1.0" encoding="UTF-8"?>
<!-- Generated by org.testng.reporters.JUnitReportReporter -->
<testsuite hostname="NILAMMA-W10" name="atlantamarket_PROD.GlobalSearch_ProductActions" tests="1" failures="0" timestamp="14 Mar 2023 12:48:13 GMT" time="93.966" errors="0">
  <testcase name="TS002_VerifyProductAddToNewListOnProductDetailsPageTest" time="93.966" classname="atlantamarket_PROD.GlobalSearch_ProductActions"/>
</testsuite> <!-- atlantamarket_PROD.GlobalSearch_ProductActions -->
