<?xml version="1.0" encoding="UTF-8"?>
<!-- Generated by org.testng.reporters.JUnitReportReporter -->
<testsuite hostname="CVC2446" failures="0" tests="1" name="lasvegasmarket_PROD.LineDigitalShowroom" time="33.691" errors="0" timestamp="2025-01-15T14:15:06 IST" skipped="0">
  <testcase classname="lasvegasmarket_PROD.LineDigitalShowroom" name="TS008_VerifyLineDigitalShowroomProductscomponentTest" time="33.691"/>
  <system-out/>
</testsuite> <!-- lasvegasmarket_PROD.LineDigitalShowroom -->
