<?xml version="1.0" encoding="UTF-8"?>
<!-- Generated by org.testng.reporters.JUnitReportReporter -->
<testsuite hostname="swapnili" name="atlantamarket_UAT.MarketPlanner" tests="1" failures="0" timestamp="5 Sep 2022 11:32:45 GMT" time="24.107" errors="0">
  <testcase name="TS042_VerifyMarketSavedSearchesDeletefunctionalityTest" time="24.107" classname="atlantamarket_UAT.MarketPlanner"/>
</testsuite> <!-- atlantamarket_UAT.MarketPlanner -->
