<?xml version="1.0" encoding="UTF-8"?>
<!-- Generated by org.testng.reporters.JUnitReportReporter -->
<testsuite skipped="0" hostname="Anuppa-VD3" name="atlantamarket_PROD.GlobalSearch_ShowSpecials" tests="2" failures="0" timestamp="04 Jul 2024 04:18:07 GMT" time="26.460" errors="0">
  <testcase name="TS001_VerifyViewBrandDetailsLinkForShowSpecialsTest" time="10.085" classname="atlantamarket_PROD.GlobalSearch_ShowSpecials"/>
  <testcase name="TS002_VerifyShowroomLinkForShowSpecialsTest" time="16.375" classname="atlantamarket_PROD.GlobalSearch_ShowSpecials"/>
</testsuite> <!-- atlantamarket_PROD.GlobalSearch_ShowSpecials -->
