<?xml version="1.0" encoding="UTF-8"?>
<!-- Generated by org.testng.reporters.JUnitReportReporter -->
<testsuite hostname="shradhama-win10" name="atlantamarket_PROD.GlobalSearch_SearchFor" tests="1" failures="0" timestamp="3 Aug 2022 06:24:04 GMT" time="13.533" errors="0">
  <testcase name="TS005_VerifyShowSpecialsTest" time="13.533" classname="atlantamarket_PROD.GlobalSearch_SearchFor"/>
</testsuite> <!-- atlantamarket_PROD.GlobalSearch_SearchFor -->
