<?xml version="1.0" encoding="UTF-8"?>
<!-- Generated by org.testng.reporters.JUnitReportReporter -->
<testsuite hostname="NILAMMA-W10" name="atlantamarket.FloorPlans" tests="1" failures="0" timestamp="7 Jul 2022 08:14:34 GMT" time="18.963" errors="0">
  <testcase name="TS001_VerifyNavigationToDifferentFloorBuildingsTest" time="18.963" classname="atlantamarket.FloorPlans"/>
</testsuite> <!-- atlantamarket.FloorPlans -->
