<?xml version="1.0" encoding="UTF-8"?>
<!-- Generated by org.testng.reporters.JUnitReportReporter -->
<testsuite hostname="shradhama-win10" name="atlantamarket_UAT.MarketPlanner" tests="2" failures="0" timestamp="5 Aug 2022 11:23:22 GMT" time="42.372" errors="0">
  <testcase name="TS004_VerifyMarketPlannerSignOutTest" time="13.271" classname="atlantamarket_UAT.MarketPlanner"/>
  <testcase name="TS001_VerifyMarketPlannerLoginTest" time="29.101" classname="atlantamarket_UAT.MarketPlanner"/>
</testsuite> <!-- atlantamarket_UAT.MarketPlanner -->
