<?xml version="1.0" encoding="UTF-8"?>
<!-- Generated by org.testng.reporters.JUnitReportReporter -->
<testsuite hostname="Anuppa-VD3" name="atlantamarket_PROD.FloorPlans" tests="1" failures="0" timestamp="24 Jan 2024 11:09:57 GMT" time="41.129" errors="0">
  <testcase name="TS005_VerifyFunctionalityOfFiltersOnFloorPlansPageTest" time="41.129" classname="atlantamarket_PROD.FloorPlans"/>
</testsuite> <!-- atlantamarket_PROD.FloorPlans -->
