<?xml version="1.0" encoding="UTF-8"?>
<!-- Generated by org.testng.reporters.JUnitReportReporter -->
<testsuite hostname="eon-swapnili" name="lasvegasmarket_UAT.GlobalSearch_ProductActions" tests="2" failures="0" timestamp="7 Feb 2024 12:05:33 GMT" time="83.207" errors="0">
  <testcase name="TS002_VerifyFullScreenViewerOnProductDetailsPageTest" time="42.825" classname="lasvegasmarket_UAT.GlobalSearch_ProductActions"/>
  <testcase name="TS001_VerifyClickOnProductSeeDetailsBtnOnSearchResultsGridTest" time="40.382" classname="lasvegasmarket_UAT.GlobalSearch_ProductActions"/>
</testsuite> <!-- lasvegasmarket_UAT.GlobalSearch_ProductActions -->
