<?xml version="1.0" encoding="UTF-8"?>
<!-- Generated by org.testng.reporters.JUnitReportReporter -->
<testsuite skipped="4" hostname="Anuppa-VD3" name="atlantamarket_PROD.FloorPlans" tests="5" failures="0" timestamp="09 Aug 2024 07:58:25 GMT" time="35.622" errors="0">
  <testcase name="TS004_VerifyIconsOnFloorPlansPageTest" time="35.622" classname="atlantamarket_PROD.FloorPlans"/>
  <testcase name="TS011_VerifyAddNoteFunctionalityForExhibitorOnFloorPlansPageTest" classname="atlantamarket_PROD.FloorPlans">
    <skipped/>
  </testcase> <!-- TS011_VerifyAddNoteFunctionalityForExhibitorOnFloorPlansPageTest -->
  <testcase name="TS010_VerifyAddToListFunctionalityForExhibitorOnFloorPlansPageTest" classname="atlantamarket_PROD.FloorPlans">
    <skipped/>
  </testcase> <!-- TS010_VerifyAddToListFunctionalityForExhibitorOnFloorPlansPageTest -->
  <testcase name="verifyMPLoginFunctionality" classname="atlantamarket_PROD.FloorPlans">
    <skipped/>
  </testcase> <!-- verifyMPLoginFunctionality -->
  <testcase name="TS012_VerifyAddToFavoriteFunctionalityForExhibitorOnFloorPlansPageTest" classname="atlantamarket_PROD.FloorPlans">
    <skipped/>
  </testcase> <!-- TS012_VerifyAddToFavoriteFunctionalityForExhibitorOnFloorPlansPageTest -->
</testsuite> <!-- atlantamarket_PROD.FloorPlans -->
