<?xml version="1.0" encoding="UTF-8"?>
<!-- Generated by org.testng.reporters.JUnitReportReporter -->
<testsuite hostname="eon-swapnili" name="atlantamarket_PROD.FloorPlans" tests="9" failures="0" timestamp="4 Jan 2024 07:53:19 GMT" time="266.410" errors="0">
  <testcase name="TS002_VerifyNoExhibitorsOnThisFloorMessageTest" time="9.887" classname="atlantamarket_PROD.FloorPlans"/>
  <testcase name="TS006_VerifyPaginationOnFloorPlansPageTest" time="31.279" classname="atlantamarket_PROD.FloorPlans"/>
  <testcase name="TS005_VerifyFunctionalityOfFiltersOnFloorPlansPageTest" time="34.700" classname="atlantamarket_PROD.FloorPlans"/>
  <testcase name="TS007_VerifySelectionOfExhibitorOnFloorPlansPageTest" time="52.760" classname="atlantamarket_PROD.FloorPlans"/>
  <testcase name="TS004_VerifyIconsOnFloorPlansPageTest" time="34.668" classname="atlantamarket_PROD.FloorPlans"/>
  <testcase name="TS009_VerifySearchFunctionalityForExhListOnFloorPlansPageTest" time="45.557" classname="atlantamarket_PROD.FloorPlans"/>
  <testcase name="TS003_VerifyZoomInOutLevelOnFloorPlansPageTest" time="19.932" classname="atlantamarket_PROD.FloorPlans"/>
  <testcase name="TS008_VerifyClickOnReturnToBuildingListBtnTest" time="12.168" classname="atlantamarket_PROD.FloorPlans"/>
  <testcase name="TS001_VerifyNavigationToDifferentFloorBuildingsTest" time="25.459" classname="atlantamarket_PROD.FloorPlans"/>
</testsuite> <!-- atlantamarket_PROD.FloorPlans -->
