<?xml version="1.0" encoding="UTF-8"?>
<!-- Generated by org.testng.reporters.JUnitReportReporter -->
<testsuite hostname="eon-swapnili" name="lasvegasmarket_UAT.GlobalSearch_MatchingResults" tests="1" failures="0" timestamp="20 Feb 2024 09:58:04 GMT" time="66.238" errors="0">
  <testcase name="TS003_VerifyGlobalSearchMatchingResultsSortSortByTest" time="66.238" classname="lasvegasmarket_UAT.GlobalSearch_MatchingResults"/>
</testsuite> <!-- lasvegasmarket_UAT.GlobalSearch_MatchingResults -->
