<?xml version="1.0" encoding="UTF-8"?>
<!-- Generated by org.testng.reporters.JUnitReportReporter -->
<testsuite hostname="Anuppa-VD3" name="lasvegasmarket_UAT.LineDigitalShowroom" tests="1" failures="0" timestamp="17 Nov 2023 10:59:26 GMT" time="36.358" errors="0">
  <testcase name="TS008_VerifyLineDigitalShowroomProductscomponentTest" time="36.358" classname="lasvegasmarket_UAT.LineDigitalShowroom"/>
</testsuite> <!-- lasvegasmarket_UAT.LineDigitalShowroom -->
