<?xml version="1.0" encoding="UTF-8"?>
<!-- Generated by org.testng.reporters.JUnitReportReporter -->
<testsuite skipped="1" hostname="Anuppa-VD3" name="atlantamarket_PROD.GlobalSearch_LeftPaneFilters" tests="2" failures="0" timestamp="18 Jul 2024 09:30:42 GMT" time="86.827" errors="0">
  <testcase name="TS004_VerifyCombinationOfProdCatgWithStylesFromLeftPaneFiltersTest" time="86.827" classname="atlantamarket_PROD.GlobalSearch_LeftPaneFilters"/>
  <testcase name="verifyMPLoginFunctionality" classname="atlantamarket_PROD.GlobalSearch_LeftPaneFilters">
    <skipped/>
  </testcase> <!-- verifyMPLoginFunctionality -->
</testsuite> <!-- atlantamarket_PROD.GlobalSearch_LeftPaneFilters -->
