<?xml version="1.0" encoding="UTF-8"?>
<!-- Generated by org.testng.reporters.JUnitReportReporter -->
<testsuite hostname="swapnili" name="atlantamarket.AtlantaMarketRegressTest_UAT" tests="2" failures="0" timestamp="6 Jun 2022 08:37:03 GMT" time="56.615" errors="0">
  <testcase name="TS025_VerifyProductsActionsProductDetailsIcoToAddToNewlyCreatedListTest" time="26.782" classname="atlantamarket.AtlantaMarketRegressTest_UAT"/>
  <testcase name="TS001_VerifyMarketPlannerLoginTest" time="29.833" classname="atlantamarket.AtlantaMarketRegressTest_UAT"/>
</testsuite> <!-- atlantamarket.AtlantaMarketRegressTest_UAT -->
