<?xml version="1.0" encoding="UTF-8"?>
<!-- Generated by org.testng.reporters.JUnitReportReporter -->
<testsuite hostname="shradhama-win10" name="atlantamarket_PROD.ExhibitorDigitalShowroom" tests="1" failures="0" timestamp="24 Nov 2022 06:34:11 GMT" time="44.779" errors="0">
  <testcase name="TS013_VerifySeeInOtherMarketsForExhibitorTest" time="44.779" classname="atlantamarket_PROD.ExhibitorDigitalShowroom"/>
</testsuite> <!-- atlantamarket_PROD.ExhibitorDigitalShowroom -->
