<?xml version="1.0" encoding="UTF-8"?>
<!-- Generated by org.testng.reporters.JUnitReportReporter -->
<testsuite hostname="shradhama-win10" name="lasvegasmarket_UAT.GlobalSearch_ProductActions" tests="9" failures="9" timestamp="19 Jul 2022 11:09:59 GMT" time="0.061" errors="0">
  <testcase name="TS007_VerifyFullScreenViewerOnProductDetailsPageTest" time="0.001" classname="lasvegasmarket_UAT.GlobalSearch_ProductActions">
    <failure type="org.openqa.selenium.SessionNotCreatedException" message="session not created: This version of ChromeDriver only supports Chrome version 103
Current browser version is 102.0.5005.63 with binary path C:\Program Files\Google\Chrome\Application\chrome.exe
Build info: version: &#039;3.4.0&#039;, revision: &#039;unknown&#039;, time: &#039;unknown&#039;
System info: host: &#039;SHRADHAMA-WIN10&#039;, ip: &#039;172.27.182.74&#039;, os.name: &#039;Windows 10&#039;, os.arch: &#039;amd64&#039;, os.version: &#039;10.0&#039;, java.version: &#039;1.8.0_333&#039;
Driver info: driver.version: ChromeDriver
remote stacktrace: Backtrace:
	Ordinal0 [0x008B6463+2188387]
	Ordinal0 [0x0084E461+1762401]
	Ordinal0 [0x00763D78+802168]
	Ordinal0 [0x00784E59+937561]
	Ordinal0 [0x00780A6C+920172]
	Ordinal0 [0x0077E331+910129]
	Ordinal0 [0x007B1430+1119280]
	Ordinal0 [0x007B108A+1118346]
	Ordinal0 [0x007AC5F6+1099254]
	Ordinal0 [0x00786BE0+945120]
	Ordinal0 [0x00787AD6+948950]
	GetHandleVerifier [0x00B571F2+2712546]
	GetHandleVerifier [0x00B4886D+2652765]
	GetHandleVerifier [0x0094002A+520730]
	GetHandleVerifier [0x0093EE06+516086]
	Ordinal0 [0x0085468B+1787531]
	Ordinal0 [0x00858E88+1805960]
	Ordinal0 [0x00858F75+1806197]
	Ordinal0 [0x00861DF1+1842673]
	BaseThreadInitThunk [0x75FCFA29+25]
	RtlGetAppContainerNamedObjectPath [0x77467A7E+286]
	RtlGetAppContainerNamedObjectPath [0x77467A4E+238]
">
      <![CDATA[org.openqa.selenium.SessionNotCreatedException: session not created: This version of ChromeDriver only supports Chrome version 103
Current browser version is 102.0.5005.63 with binary path C:\Program Files\Google\Chrome\Application\chrome.exe
Build info: version: '3.4.0', revision: 'unknown', time: 'unknown'
System info: host: 'SHRADHAMA-WIN10', ip: '172.27.182.74', os.name: 'Windows 10', os.arch: 'amd64', os.version: '10.0', java.version: '1.8.0_333'
Driver info: driver.version: ChromeDriver
remote stacktrace: Backtrace:
	Ordinal0 [0x008B6463+2188387]
	Ordinal0 [0x0084E461+1762401]
	Ordinal0 [0x00763D78+802168]
	Ordinal0 [0x00784E59+937561]
	Ordinal0 [0x00780A6C+920172]
	Ordinal0 [0x0077E331+910129]
	Ordinal0 [0x007B1430+1119280]
	Ordinal0 [0x007B108A+1118346]
	Ordinal0 [0x007AC5F6+1099254]
	Ordinal0 [0x00786BE0+945120]
	Ordinal0 [0x00787AD6+948950]
	GetHandleVerifier [0x00B571F2+2712546]
	GetHandleVerifier [0x00B4886D+2652765]
	GetHandleVerifier [0x0094002A+520730]
	GetHandleVerifier [0x0093EE06+516086]
	Ordinal0 [0x0085468B+1787531]
	Ordinal0 [0x00858E88+1805960]
	Ordinal0 [0x00858F75+1806197]
	Ordinal0 [0x00861DF1+1842673]
	BaseThreadInitThunk [0x75FCFA29+25]
	RtlGetAppContainerNamedObjectPath [0x77467A7E+286]
	RtlGetAppContainerNamedObjectPath [0x77467A4E+238]

	at sun.reflect.NativeConstructorAccessorImpl.newInstance0(Native Method)
	at sun.reflect.NativeConstructorAccessorImpl.newInstance(Unknown Source)
	at sun.reflect.DelegatingConstructorAccessorImpl.newInstance(Unknown Source)
	at java.lang.reflect.Constructor.newInstance(Unknown Source)
	at org.openqa.selenium.remote.W3CHandshakeResponse.lambda$new$0(W3CHandshakeResponse.java:57)
	at org.openqa.selenium.remote.W3CHandshakeResponse.lambda$getResponseFunction$2(W3CHandshakeResponse.java:104)
	at org.openqa.selenium.remote.ProtocolHandshake.lambda$createSession$22(ProtocolHandshake.java:365)
	at java.util.stream.ReferencePipeline$3$1.accept(Unknown Source)
	at java.util.Spliterators$ArraySpliterator.tryAdvance(Unknown Source)
	at java.util.stream.ReferencePipeline.forEachWithCancel(Unknown Source)
	at java.util.stream.AbstractPipeline.copyIntoWithCancel(Unknown Source)
	at java.util.stream.AbstractPipeline.copyInto(Unknown Source)
	at java.util.stream.AbstractPipeline.wrapAndCopyInto(Unknown Source)
	at java.util.stream.FindOps$FindOp.evaluateSequential(Unknown Source)
	at java.util.stream.AbstractPipeline.evaluate(Unknown Source)
	at java.util.stream.ReferencePipeline.findFirst(Unknown Source)
	at org.openqa.selenium.remote.ProtocolHandshake.createSession(ProtocolHandshake.java:368)
	at org.openqa.selenium.remote.ProtocolHandshake.createSession(ProtocolHandshake.java:159)
	at org.openqa.selenium.remote.HttpCommandExecutor.execute(HttpCommandExecutor.java:142)
	at org.openqa.selenium.remote.service.DriverCommandExecutor.execute(DriverCommandExecutor.java:82)
	at org.openqa.selenium.remote.RemoteWebDriver.execute(RemoteWebDriver.java:637)
	at org.openqa.selenium.remote.RemoteWebDriver.startSession(RemoteWebDriver.java:250)
	at org.openqa.selenium.remote.RemoteWebDriver.startSession(RemoteWebDriver.java:236)
	at org.openqa.selenium.remote.RemoteWebDriver.<init>(RemoteWebDriver.java:137)
	at org.openqa.selenium.chrome.ChromeDriver.<init>(ChromeDriver.java:184)
	at org.openqa.selenium.chrome.ChromeDriver.<init>(ChromeDriver.java:171)
	at org.openqa.selenium.chrome.ChromeDriver.<init>(ChromeDriver.java:124)
	at resources.base.initializeDriver(base.java:41)
	at lasvegasmarket_UAT.GlobalSearch_ProductActions.initialize(GlobalSearch_ProductActions.java:51)
	at sun.reflect.NativeMethodAccessorImpl.invoke0(Native Method)
	at sun.reflect.NativeMethodAccessorImpl.invoke(Unknown Source)
	at sun.reflect.DelegatingMethodAccessorImpl.invoke(Unknown Source)
	at java.lang.reflect.Method.invoke(Unknown Source)
	at org.testng.internal.MethodInvocationHelper.invokeMethod(MethodInvocationHelper.java:80)
	at org.testng.internal.Invoker.invokeConfigurationMethod(Invoker.java:564)
	at org.testng.internal.Invoker.invokeConfigurations(Invoker.java:213)
	at org.testng.internal.Invoker.invokeConfigurations(Invoker.java:138)
	at org.testng.internal.TestMethodWorker.invokeBeforeClassMethods(TestMethodWorker.java:175)
	at org.testng.internal.TestMethodWorker.run(TestMethodWorker.java:107)
	at org.testng.TestRunner.privateRun(TestRunner.java:767)
	at org.testng.TestRunner.run(TestRunner.java:617)
	at org.testng.SuiteRunner.runTest(SuiteRunner.java:334)
	at org.testng.SuiteRunner.runSequentially(SuiteRunner.java:329)
	at org.testng.SuiteRunner.privateRun(SuiteRunner.java:291)
	at org.testng.SuiteRunner.run(SuiteRunner.java:240)
	at org.testng.SuiteRunnerWorker.runSuite(SuiteRunnerWorker.java:52)
	at org.testng.SuiteRunnerWorker.run(SuiteRunnerWorker.java:86)
	at org.testng.TestNG.runSuitesSequentially(TestNG.java:1198)
	at org.testng.TestNG.runSuitesLocally(TestNG.java:1123)
	at org.testng.TestNG.run(TestNG.java:1031)
	at org.testng.remote.AbstractRemoteTestNG.run(AbstractRemoteTestNG.java:114)
	at org.testng.remote.RemoteTestNG.initAndRun(RemoteTestNG.java:251)
	at org.testng.remote.RemoteTestNG.main(RemoteTestNG.java:77)
]]>
    </failure>
  </testcase> <!-- TS007_VerifyFullScreenViewerOnProductDetailsPageTest -->
  <testcase name="TS004_VerifyAddToFavoriteOnProductDetailsPageTest" time="0.001" classname="lasvegasmarket_UAT.GlobalSearch_ProductActions">
    <failure type="org.openqa.selenium.SessionNotCreatedException" message="session not created: This version of ChromeDriver only supports Chrome version 103
Current browser version is 102.0.5005.63 with binary path C:\Program Files\Google\Chrome\Application\chrome.exe
Build info: version: &#039;3.4.0&#039;, revision: &#039;unknown&#039;, time: &#039;unknown&#039;
System info: host: &#039;SHRADHAMA-WIN10&#039;, ip: &#039;172.27.182.74&#039;, os.name: &#039;Windows 10&#039;, os.arch: &#039;amd64&#039;, os.version: &#039;10.0&#039;, java.version: &#039;1.8.0_333&#039;
Driver info: driver.version: ChromeDriver
remote stacktrace: Backtrace:
	Ordinal0 [0x008B6463+2188387]
	Ordinal0 [0x0084E461+1762401]
	Ordinal0 [0x00763D78+802168]
	Ordinal0 [0x00784E59+937561]
	Ordinal0 [0x00780A6C+920172]
	Ordinal0 [0x0077E331+910129]
	Ordinal0 [0x007B1430+1119280]
	Ordinal0 [0x007B108A+1118346]
	Ordinal0 [0x007AC5F6+1099254]
	Ordinal0 [0x00786BE0+945120]
	Ordinal0 [0x00787AD6+948950]
	GetHandleVerifier [0x00B571F2+2712546]
	GetHandleVerifier [0x00B4886D+2652765]
	GetHandleVerifier [0x0094002A+520730]
	GetHandleVerifier [0x0093EE06+516086]
	Ordinal0 [0x0085468B+1787531]
	Ordinal0 [0x00858E88+1805960]
	Ordinal0 [0x00858F75+1806197]
	Ordinal0 [0x00861DF1+1842673]
	BaseThreadInitThunk [0x75FCFA29+25]
	RtlGetAppContainerNamedObjectPath [0x77467A7E+286]
	RtlGetAppContainerNamedObjectPath [0x77467A4E+238]
">
      <![CDATA[org.openqa.selenium.SessionNotCreatedException: session not created: This version of ChromeDriver only supports Chrome version 103
Current browser version is 102.0.5005.63 with binary path C:\Program Files\Google\Chrome\Application\chrome.exe
Build info: version: '3.4.0', revision: 'unknown', time: 'unknown'
System info: host: 'SHRADHAMA-WIN10', ip: '172.27.182.74', os.name: 'Windows 10', os.arch: 'amd64', os.version: '10.0', java.version: '1.8.0_333'
Driver info: driver.version: ChromeDriver
remote stacktrace: Backtrace:
	Ordinal0 [0x008B6463+2188387]
	Ordinal0 [0x0084E461+1762401]
	Ordinal0 [0x00763D78+802168]
	Ordinal0 [0x00784E59+937561]
	Ordinal0 [0x00780A6C+920172]
	Ordinal0 [0x0077E331+910129]
	Ordinal0 [0x007B1430+1119280]
	Ordinal0 [0x007B108A+1118346]
	Ordinal0 [0x007AC5F6+1099254]
	Ordinal0 [0x00786BE0+945120]
	Ordinal0 [0x00787AD6+948950]
	GetHandleVerifier [0x00B571F2+2712546]
	GetHandleVerifier [0x00B4886D+2652765]
	GetHandleVerifier [0x0094002A+520730]
	GetHandleVerifier [0x0093EE06+516086]
	Ordinal0 [0x0085468B+1787531]
	Ordinal0 [0x00858E88+1805960]
	Ordinal0 [0x00858F75+1806197]
	Ordinal0 [0x00861DF1+1842673]
	BaseThreadInitThunk [0x75FCFA29+25]
	RtlGetAppContainerNamedObjectPath [0x77467A7E+286]
	RtlGetAppContainerNamedObjectPath [0x77467A4E+238]

	at sun.reflect.NativeConstructorAccessorImpl.newInstance0(Native Method)
	at sun.reflect.NativeConstructorAccessorImpl.newInstance(Unknown Source)
	at sun.reflect.DelegatingConstructorAccessorImpl.newInstance(Unknown Source)
	at java.lang.reflect.Constructor.newInstance(Unknown Source)
	at org.openqa.selenium.remote.W3CHandshakeResponse.lambda$new$0(W3CHandshakeResponse.java:57)
	at org.openqa.selenium.remote.W3CHandshakeResponse.lambda$getResponseFunction$2(W3CHandshakeResponse.java:104)
	at org.openqa.selenium.remote.ProtocolHandshake.lambda$createSession$22(ProtocolHandshake.java:365)
	at java.util.stream.ReferencePipeline$3$1.accept(Unknown Source)
	at java.util.Spliterators$ArraySpliterator.tryAdvance(Unknown Source)
	at java.util.stream.ReferencePipeline.forEachWithCancel(Unknown Source)
	at java.util.stream.AbstractPipeline.copyIntoWithCancel(Unknown Source)
	at java.util.stream.AbstractPipeline.copyInto(Unknown Source)
	at java.util.stream.AbstractPipeline.wrapAndCopyInto(Unknown Source)
	at java.util.stream.FindOps$FindOp.evaluateSequential(Unknown Source)
	at java.util.stream.AbstractPipeline.evaluate(Unknown Source)
	at java.util.stream.ReferencePipeline.findFirst(Unknown Source)
	at org.openqa.selenium.remote.ProtocolHandshake.createSession(ProtocolHandshake.java:368)
	at org.openqa.selenium.remote.ProtocolHandshake.createSession(ProtocolHandshake.java:159)
	at org.openqa.selenium.remote.HttpCommandExecutor.execute(HttpCommandExecutor.java:142)
	at org.openqa.selenium.remote.service.DriverCommandExecutor.execute(DriverCommandExecutor.java:82)
	at org.openqa.selenium.remote.RemoteWebDriver.execute(RemoteWebDriver.java:637)
	at org.openqa.selenium.remote.RemoteWebDriver.startSession(RemoteWebDriver.java:250)
	at org.openqa.selenium.remote.RemoteWebDriver.startSession(RemoteWebDriver.java:236)
	at org.openqa.selenium.remote.RemoteWebDriver.<init>(RemoteWebDriver.java:137)
	at org.openqa.selenium.chrome.ChromeDriver.<init>(ChromeDriver.java:184)
	at org.openqa.selenium.chrome.ChromeDriver.<init>(ChromeDriver.java:171)
	at org.openqa.selenium.chrome.ChromeDriver.<init>(ChromeDriver.java:124)
	at resources.base.initializeDriver(base.java:41)
	at lasvegasmarket_UAT.GlobalSearch_ProductActions.initialize(GlobalSearch_ProductActions.java:51)
	at sun.reflect.NativeMethodAccessorImpl.invoke0(Native Method)
	at sun.reflect.NativeMethodAccessorImpl.invoke(Unknown Source)
	at sun.reflect.DelegatingMethodAccessorImpl.invoke(Unknown Source)
	at java.lang.reflect.Method.invoke(Unknown Source)
	at org.testng.internal.MethodInvocationHelper.invokeMethod(MethodInvocationHelper.java:80)
	at org.testng.internal.Invoker.invokeConfigurationMethod(Invoker.java:564)
	at org.testng.internal.Invoker.invokeConfigurations(Invoker.java:213)
	at org.testng.internal.Invoker.invokeConfigurations(Invoker.java:138)
	at org.testng.internal.TestMethodWorker.invokeBeforeClassMethods(TestMethodWorker.java:175)
	at org.testng.internal.TestMethodWorker.run(TestMethodWorker.java:107)
	at org.testng.TestRunner.privateRun(TestRunner.java:767)
	at org.testng.TestRunner.run(TestRunner.java:617)
	at org.testng.SuiteRunner.runTest(SuiteRunner.java:334)
	at org.testng.SuiteRunner.runSequentially(SuiteRunner.java:329)
	at org.testng.SuiteRunner.privateRun(SuiteRunner.java:291)
	at org.testng.SuiteRunner.run(SuiteRunner.java:240)
	at org.testng.SuiteRunnerWorker.runSuite(SuiteRunnerWorker.java:52)
	at org.testng.SuiteRunnerWorker.run(SuiteRunnerWorker.java:86)
	at org.testng.TestNG.runSuitesSequentially(TestNG.java:1198)
	at org.testng.TestNG.runSuitesLocally(TestNG.java:1123)
	at org.testng.TestNG.run(TestNG.java:1031)
	at org.testng.remote.AbstractRemoteTestNG.run(AbstractRemoteTestNG.java:114)
	at org.testng.remote.RemoteTestNG.initAndRun(RemoteTestNG.java:251)
	at org.testng.remote.RemoteTestNG.main(RemoteTestNG.java:77)
]]>
    </failure>
  </testcase> <!-- TS004_VerifyAddToFavoriteOnProductDetailsPageTest -->
  <testcase name="TS006_VerifyProductAddToExistingListOnSearchResultsGridTest" time="0.002" classname="lasvegasmarket_UAT.GlobalSearch_ProductActions">
    <failure type="org.openqa.selenium.SessionNotCreatedException" message="session not created: This version of ChromeDriver only supports Chrome version 103
Current browser version is 102.0.5005.63 with binary path C:\Program Files\Google\Chrome\Application\chrome.exe
Build info: version: &#039;3.4.0&#039;, revision: &#039;unknown&#039;, time: &#039;unknown&#039;
System info: host: &#039;SHRADHAMA-WIN10&#039;, ip: &#039;172.27.182.74&#039;, os.name: &#039;Windows 10&#039;, os.arch: &#039;amd64&#039;, os.version: &#039;10.0&#039;, java.version: &#039;1.8.0_333&#039;
Driver info: driver.version: ChromeDriver
remote stacktrace: Backtrace:
	Ordinal0 [0x008B6463+2188387]
	Ordinal0 [0x0084E461+1762401]
	Ordinal0 [0x00763D78+802168]
	Ordinal0 [0x00784E59+937561]
	Ordinal0 [0x00780A6C+920172]
	Ordinal0 [0x0077E331+910129]
	Ordinal0 [0x007B1430+1119280]
	Ordinal0 [0x007B108A+1118346]
	Ordinal0 [0x007AC5F6+1099254]
	Ordinal0 [0x00786BE0+945120]
	Ordinal0 [0x00787AD6+948950]
	GetHandleVerifier [0x00B571F2+2712546]
	GetHandleVerifier [0x00B4886D+2652765]
	GetHandleVerifier [0x0094002A+520730]
	GetHandleVerifier [0x0093EE06+516086]
	Ordinal0 [0x0085468B+1787531]
	Ordinal0 [0x00858E88+1805960]
	Ordinal0 [0x00858F75+1806197]
	Ordinal0 [0x00861DF1+1842673]
	BaseThreadInitThunk [0x75FCFA29+25]
	RtlGetAppContainerNamedObjectPath [0x77467A7E+286]
	RtlGetAppContainerNamedObjectPath [0x77467A4E+238]
">
      <![CDATA[org.openqa.selenium.SessionNotCreatedException: session not created: This version of ChromeDriver only supports Chrome version 103
Current browser version is 102.0.5005.63 with binary path C:\Program Files\Google\Chrome\Application\chrome.exe
Build info: version: '3.4.0', revision: 'unknown', time: 'unknown'
System info: host: 'SHRADHAMA-WIN10', ip: '172.27.182.74', os.name: 'Windows 10', os.arch: 'amd64', os.version: '10.0', java.version: '1.8.0_333'
Driver info: driver.version: ChromeDriver
remote stacktrace: Backtrace:
	Ordinal0 [0x008B6463+2188387]
	Ordinal0 [0x0084E461+1762401]
	Ordinal0 [0x00763D78+802168]
	Ordinal0 [0x00784E59+937561]
	Ordinal0 [0x00780A6C+920172]
	Ordinal0 [0x0077E331+910129]
	Ordinal0 [0x007B1430+1119280]
	Ordinal0 [0x007B108A+1118346]
	Ordinal0 [0x007AC5F6+1099254]
	Ordinal0 [0x00786BE0+945120]
	Ordinal0 [0x00787AD6+948950]
	GetHandleVerifier [0x00B571F2+2712546]
	GetHandleVerifier [0x00B4886D+2652765]
	GetHandleVerifier [0x0094002A+520730]
	GetHandleVerifier [0x0093EE06+516086]
	Ordinal0 [0x0085468B+1787531]
	Ordinal0 [0x00858E88+1805960]
	Ordinal0 [0x00858F75+1806197]
	Ordinal0 [0x00861DF1+1842673]
	BaseThreadInitThunk [0x75FCFA29+25]
	RtlGetAppContainerNamedObjectPath [0x77467A7E+286]
	RtlGetAppContainerNamedObjectPath [0x77467A4E+238]

	at sun.reflect.NativeConstructorAccessorImpl.newInstance0(Native Method)
	at sun.reflect.NativeConstructorAccessorImpl.newInstance(Unknown Source)
	at sun.reflect.DelegatingConstructorAccessorImpl.newInstance(Unknown Source)
	at java.lang.reflect.Constructor.newInstance(Unknown Source)
	at org.openqa.selenium.remote.W3CHandshakeResponse.lambda$new$0(W3CHandshakeResponse.java:57)
	at org.openqa.selenium.remote.W3CHandshakeResponse.lambda$getResponseFunction$2(W3CHandshakeResponse.java:104)
	at org.openqa.selenium.remote.ProtocolHandshake.lambda$createSession$22(ProtocolHandshake.java:365)
	at java.util.stream.ReferencePipeline$3$1.accept(Unknown Source)
	at java.util.Spliterators$ArraySpliterator.tryAdvance(Unknown Source)
	at java.util.stream.ReferencePipeline.forEachWithCancel(Unknown Source)
	at java.util.stream.AbstractPipeline.copyIntoWithCancel(Unknown Source)
	at java.util.stream.AbstractPipeline.copyInto(Unknown Source)
	at java.util.stream.AbstractPipeline.wrapAndCopyInto(Unknown Source)
	at java.util.stream.FindOps$FindOp.evaluateSequential(Unknown Source)
	at java.util.stream.AbstractPipeline.evaluate(Unknown Source)
	at java.util.stream.ReferencePipeline.findFirst(Unknown Source)
	at org.openqa.selenium.remote.ProtocolHandshake.createSession(ProtocolHandshake.java:368)
	at org.openqa.selenium.remote.ProtocolHandshake.createSession(ProtocolHandshake.java:159)
	at org.openqa.selenium.remote.HttpCommandExecutor.execute(HttpCommandExecutor.java:142)
	at org.openqa.selenium.remote.service.DriverCommandExecutor.execute(DriverCommandExecutor.java:82)
	at org.openqa.selenium.remote.RemoteWebDriver.execute(RemoteWebDriver.java:637)
	at org.openqa.selenium.remote.RemoteWebDriver.startSession(RemoteWebDriver.java:250)
	at org.openqa.selenium.remote.RemoteWebDriver.startSession(RemoteWebDriver.java:236)
	at org.openqa.selenium.remote.RemoteWebDriver.<init>(RemoteWebDriver.java:137)
	at org.openqa.selenium.chrome.ChromeDriver.<init>(ChromeDriver.java:184)
	at org.openqa.selenium.chrome.ChromeDriver.<init>(ChromeDriver.java:171)
	at org.openqa.selenium.chrome.ChromeDriver.<init>(ChromeDriver.java:124)
	at resources.base.initializeDriver(base.java:41)
	at lasvegasmarket_UAT.GlobalSearch_ProductActions.initialize(GlobalSearch_ProductActions.java:51)
	at sun.reflect.NativeMethodAccessorImpl.invoke0(Native Method)
	at sun.reflect.NativeMethodAccessorImpl.invoke(Unknown Source)
	at sun.reflect.DelegatingMethodAccessorImpl.invoke(Unknown Source)
	at java.lang.reflect.Method.invoke(Unknown Source)
	at org.testng.internal.MethodInvocationHelper.invokeMethod(MethodInvocationHelper.java:80)
	at org.testng.internal.Invoker.invokeConfigurationMethod(Invoker.java:564)
	at org.testng.internal.Invoker.invokeConfigurations(Invoker.java:213)
	at org.testng.internal.Invoker.invokeConfigurations(Invoker.java:138)
	at org.testng.internal.TestMethodWorker.invokeBeforeClassMethods(TestMethodWorker.java:175)
	at org.testng.internal.TestMethodWorker.run(TestMethodWorker.java:107)
	at org.testng.TestRunner.privateRun(TestRunner.java:767)
	at org.testng.TestRunner.run(TestRunner.java:617)
	at org.testng.SuiteRunner.runTest(SuiteRunner.java:334)
	at org.testng.SuiteRunner.runSequentially(SuiteRunner.java:329)
	at org.testng.SuiteRunner.privateRun(SuiteRunner.java:291)
	at org.testng.SuiteRunner.run(SuiteRunner.java:240)
	at org.testng.SuiteRunnerWorker.runSuite(SuiteRunnerWorker.java:52)
	at org.testng.SuiteRunnerWorker.run(SuiteRunnerWorker.java:86)
	at org.testng.TestNG.runSuitesSequentially(TestNG.java:1198)
	at org.testng.TestNG.runSuitesLocally(TestNG.java:1123)
	at org.testng.TestNG.run(TestNG.java:1031)
	at org.testng.remote.AbstractRemoteTestNG.run(AbstractRemoteTestNG.java:114)
	at org.testng.remote.RemoteTestNG.initAndRun(RemoteTestNG.java:251)
	at org.testng.remote.RemoteTestNG.main(RemoteTestNG.java:77)
]]>
    </failure>
  </testcase> <!-- TS006_VerifyProductAddToExistingListOnSearchResultsGridTest -->
  <testcase name="TS008_VerifyAddToFavoriteOnSearchResultsGridTest" time="0.001" classname="lasvegasmarket_UAT.GlobalSearch_ProductActions">
    <failure type="org.openqa.selenium.SessionNotCreatedException" message="session not created: This version of ChromeDriver only supports Chrome version 103
Current browser version is 102.0.5005.63 with binary path C:\Program Files\Google\Chrome\Application\chrome.exe
Build info: version: &#039;3.4.0&#039;, revision: &#039;unknown&#039;, time: &#039;unknown&#039;
System info: host: &#039;SHRADHAMA-WIN10&#039;, ip: &#039;172.27.182.74&#039;, os.name: &#039;Windows 10&#039;, os.arch: &#039;amd64&#039;, os.version: &#039;10.0&#039;, java.version: &#039;1.8.0_333&#039;
Driver info: driver.version: ChromeDriver
remote stacktrace: Backtrace:
	Ordinal0 [0x008B6463+2188387]
	Ordinal0 [0x0084E461+1762401]
	Ordinal0 [0x00763D78+802168]
	Ordinal0 [0x00784E59+937561]
	Ordinal0 [0x00780A6C+920172]
	Ordinal0 [0x0077E331+910129]
	Ordinal0 [0x007B1430+1119280]
	Ordinal0 [0x007B108A+1118346]
	Ordinal0 [0x007AC5F6+1099254]
	Ordinal0 [0x00786BE0+945120]
	Ordinal0 [0x00787AD6+948950]
	GetHandleVerifier [0x00B571F2+2712546]
	GetHandleVerifier [0x00B4886D+2652765]
	GetHandleVerifier [0x0094002A+520730]
	GetHandleVerifier [0x0093EE06+516086]
	Ordinal0 [0x0085468B+1787531]
	Ordinal0 [0x00858E88+1805960]
	Ordinal0 [0x00858F75+1806197]
	Ordinal0 [0x00861DF1+1842673]
	BaseThreadInitThunk [0x75FCFA29+25]
	RtlGetAppContainerNamedObjectPath [0x77467A7E+286]
	RtlGetAppContainerNamedObjectPath [0x77467A4E+238]
">
      <![CDATA[org.openqa.selenium.SessionNotCreatedException: session not created: This version of ChromeDriver only supports Chrome version 103
Current browser version is 102.0.5005.63 with binary path C:\Program Files\Google\Chrome\Application\chrome.exe
Build info: version: '3.4.0', revision: 'unknown', time: 'unknown'
System info: host: 'SHRADHAMA-WIN10', ip: '172.27.182.74', os.name: 'Windows 10', os.arch: 'amd64', os.version: '10.0', java.version: '1.8.0_333'
Driver info: driver.version: ChromeDriver
remote stacktrace: Backtrace:
	Ordinal0 [0x008B6463+2188387]
	Ordinal0 [0x0084E461+1762401]
	Ordinal0 [0x00763D78+802168]
	Ordinal0 [0x00784E59+937561]
	Ordinal0 [0x00780A6C+920172]
	Ordinal0 [0x0077E331+910129]
	Ordinal0 [0x007B1430+1119280]
	Ordinal0 [0x007B108A+1118346]
	Ordinal0 [0x007AC5F6+1099254]
	Ordinal0 [0x00786BE0+945120]
	Ordinal0 [0x00787AD6+948950]
	GetHandleVerifier [0x00B571F2+2712546]
	GetHandleVerifier [0x00B4886D+2652765]
	GetHandleVerifier [0x0094002A+520730]
	GetHandleVerifier [0x0093EE06+516086]
	Ordinal0 [0x0085468B+1787531]
	Ordinal0 [0x00858E88+1805960]
	Ordinal0 [0x00858F75+1806197]
	Ordinal0 [0x00861DF1+1842673]
	BaseThreadInitThunk [0x75FCFA29+25]
	RtlGetAppContainerNamedObjectPath [0x77467A7E+286]
	RtlGetAppContainerNamedObjectPath [0x77467A4E+238]

	at sun.reflect.NativeConstructorAccessorImpl.newInstance0(Native Method)
	at sun.reflect.NativeConstructorAccessorImpl.newInstance(Unknown Source)
	at sun.reflect.DelegatingConstructorAccessorImpl.newInstance(Unknown Source)
	at java.lang.reflect.Constructor.newInstance(Unknown Source)
	at org.openqa.selenium.remote.W3CHandshakeResponse.lambda$new$0(W3CHandshakeResponse.java:57)
	at org.openqa.selenium.remote.W3CHandshakeResponse.lambda$getResponseFunction$2(W3CHandshakeResponse.java:104)
	at org.openqa.selenium.remote.ProtocolHandshake.lambda$createSession$22(ProtocolHandshake.java:365)
	at java.util.stream.ReferencePipeline$3$1.accept(Unknown Source)
	at java.util.Spliterators$ArraySpliterator.tryAdvance(Unknown Source)
	at java.util.stream.ReferencePipeline.forEachWithCancel(Unknown Source)
	at java.util.stream.AbstractPipeline.copyIntoWithCancel(Unknown Source)
	at java.util.stream.AbstractPipeline.copyInto(Unknown Source)
	at java.util.stream.AbstractPipeline.wrapAndCopyInto(Unknown Source)
	at java.util.stream.FindOps$FindOp.evaluateSequential(Unknown Source)
	at java.util.stream.AbstractPipeline.evaluate(Unknown Source)
	at java.util.stream.ReferencePipeline.findFirst(Unknown Source)
	at org.openqa.selenium.remote.ProtocolHandshake.createSession(ProtocolHandshake.java:368)
	at org.openqa.selenium.remote.ProtocolHandshake.createSession(ProtocolHandshake.java:159)
	at org.openqa.selenium.remote.HttpCommandExecutor.execute(HttpCommandExecutor.java:142)
	at org.openqa.selenium.remote.service.DriverCommandExecutor.execute(DriverCommandExecutor.java:82)
	at org.openqa.selenium.remote.RemoteWebDriver.execute(RemoteWebDriver.java:637)
	at org.openqa.selenium.remote.RemoteWebDriver.startSession(RemoteWebDriver.java:250)
	at org.openqa.selenium.remote.RemoteWebDriver.startSession(RemoteWebDriver.java:236)
	at org.openqa.selenium.remote.RemoteWebDriver.<init>(RemoteWebDriver.java:137)
	at org.openqa.selenium.chrome.ChromeDriver.<init>(ChromeDriver.java:184)
	at org.openqa.selenium.chrome.ChromeDriver.<init>(ChromeDriver.java:171)
	at org.openqa.selenium.chrome.ChromeDriver.<init>(ChromeDriver.java:124)
	at resources.base.initializeDriver(base.java:41)
	at lasvegasmarket_UAT.GlobalSearch_ProductActions.initialize(GlobalSearch_ProductActions.java:51)
	at sun.reflect.NativeMethodAccessorImpl.invoke0(Native Method)
	at sun.reflect.NativeMethodAccessorImpl.invoke(Unknown Source)
	at sun.reflect.DelegatingMethodAccessorImpl.invoke(Unknown Source)
	at java.lang.reflect.Method.invoke(Unknown Source)
	at org.testng.internal.MethodInvocationHelper.invokeMethod(MethodInvocationHelper.java:80)
	at org.testng.internal.Invoker.invokeConfigurationMethod(Invoker.java:564)
	at org.testng.internal.Invoker.invokeConfigurations(Invoker.java:213)
	at org.testng.internal.Invoker.invokeConfigurations(Invoker.java:138)
	at org.testng.internal.TestMethodWorker.invokeBeforeClassMethods(TestMethodWorker.java:175)
	at org.testng.internal.TestMethodWorker.run(TestMethodWorker.java:107)
	at org.testng.TestRunner.privateRun(TestRunner.java:767)
	at org.testng.TestRunner.run(TestRunner.java:617)
	at org.testng.SuiteRunner.runTest(SuiteRunner.java:334)
	at org.testng.SuiteRunner.runSequentially(SuiteRunner.java:329)
	at org.testng.SuiteRunner.privateRun(SuiteRunner.java:291)
	at org.testng.SuiteRunner.run(SuiteRunner.java:240)
	at org.testng.SuiteRunnerWorker.runSuite(SuiteRunnerWorker.java:52)
	at org.testng.SuiteRunnerWorker.run(SuiteRunnerWorker.java:86)
	at org.testng.TestNG.runSuitesSequentially(TestNG.java:1198)
	at org.testng.TestNG.runSuitesLocally(TestNG.java:1123)
	at org.testng.TestNG.run(TestNG.java:1031)
	at org.testng.remote.AbstractRemoteTestNG.run(AbstractRemoteTestNG.java:114)
	at org.testng.remote.RemoteTestNG.initAndRun(RemoteTestNG.java:251)
	at org.testng.remote.RemoteTestNG.main(RemoteTestNG.java:77)
]]>
    </failure>
  </testcase> <!-- TS008_VerifyAddToFavoriteOnSearchResultsGridTest -->
  <testcase name="TS003_VerifyProductAddToExistingListOnProductDetailsPageTest" time="0.001" classname="lasvegasmarket_UAT.GlobalSearch_ProductActions">
    <failure type="org.openqa.selenium.SessionNotCreatedException" message="session not created: This version of ChromeDriver only supports Chrome version 103
Current browser version is 102.0.5005.63 with binary path C:\Program Files\Google\Chrome\Application\chrome.exe
Build info: version: &#039;3.4.0&#039;, revision: &#039;unknown&#039;, time: &#039;unknown&#039;
System info: host: &#039;SHRADHAMA-WIN10&#039;, ip: &#039;172.27.182.74&#039;, os.name: &#039;Windows 10&#039;, os.arch: &#039;amd64&#039;, os.version: &#039;10.0&#039;, java.version: &#039;1.8.0_333&#039;
Driver info: driver.version: ChromeDriver
remote stacktrace: Backtrace:
	Ordinal0 [0x008B6463+2188387]
	Ordinal0 [0x0084E461+1762401]
	Ordinal0 [0x00763D78+802168]
	Ordinal0 [0x00784E59+937561]
	Ordinal0 [0x00780A6C+920172]
	Ordinal0 [0x0077E331+910129]
	Ordinal0 [0x007B1430+1119280]
	Ordinal0 [0x007B108A+1118346]
	Ordinal0 [0x007AC5F6+1099254]
	Ordinal0 [0x00786BE0+945120]
	Ordinal0 [0x00787AD6+948950]
	GetHandleVerifier [0x00B571F2+2712546]
	GetHandleVerifier [0x00B4886D+2652765]
	GetHandleVerifier [0x0094002A+520730]
	GetHandleVerifier [0x0093EE06+516086]
	Ordinal0 [0x0085468B+1787531]
	Ordinal0 [0x00858E88+1805960]
	Ordinal0 [0x00858F75+1806197]
	Ordinal0 [0x00861DF1+1842673]
	BaseThreadInitThunk [0x75FCFA29+25]
	RtlGetAppContainerNamedObjectPath [0x77467A7E+286]
	RtlGetAppContainerNamedObjectPath [0x77467A4E+238]
">
      <![CDATA[org.openqa.selenium.SessionNotCreatedException: session not created: This version of ChromeDriver only supports Chrome version 103
Current browser version is 102.0.5005.63 with binary path C:\Program Files\Google\Chrome\Application\chrome.exe
Build info: version: '3.4.0', revision: 'unknown', time: 'unknown'
System info: host: 'SHRADHAMA-WIN10', ip: '172.27.182.74', os.name: 'Windows 10', os.arch: 'amd64', os.version: '10.0', java.version: '1.8.0_333'
Driver info: driver.version: ChromeDriver
remote stacktrace: Backtrace:
	Ordinal0 [0x008B6463+2188387]
	Ordinal0 [0x0084E461+1762401]
	Ordinal0 [0x00763D78+802168]
	Ordinal0 [0x00784E59+937561]
	Ordinal0 [0x00780A6C+920172]
	Ordinal0 [0x0077E331+910129]
	Ordinal0 [0x007B1430+1119280]
	Ordinal0 [0x007B108A+1118346]
	Ordinal0 [0x007AC5F6+1099254]
	Ordinal0 [0x00786BE0+945120]
	Ordinal0 [0x00787AD6+948950]
	GetHandleVerifier [0x00B571F2+2712546]
	GetHandleVerifier [0x00B4886D+2652765]
	GetHandleVerifier [0x0094002A+520730]
	GetHandleVerifier [0x0093EE06+516086]
	Ordinal0 [0x0085468B+1787531]
	Ordinal0 [0x00858E88+1805960]
	Ordinal0 [0x00858F75+1806197]
	Ordinal0 [0x00861DF1+1842673]
	BaseThreadInitThunk [0x75FCFA29+25]
	RtlGetAppContainerNamedObjectPath [0x77467A7E+286]
	RtlGetAppContainerNamedObjectPath [0x77467A4E+238]

	at sun.reflect.NativeConstructorAccessorImpl.newInstance0(Native Method)
	at sun.reflect.NativeConstructorAccessorImpl.newInstance(Unknown Source)
	at sun.reflect.DelegatingConstructorAccessorImpl.newInstance(Unknown Source)
	at java.lang.reflect.Constructor.newInstance(Unknown Source)
	at org.openqa.selenium.remote.W3CHandshakeResponse.lambda$new$0(W3CHandshakeResponse.java:57)
	at org.openqa.selenium.remote.W3CHandshakeResponse.lambda$getResponseFunction$2(W3CHandshakeResponse.java:104)
	at org.openqa.selenium.remote.ProtocolHandshake.lambda$createSession$22(ProtocolHandshake.java:365)
	at java.util.stream.ReferencePipeline$3$1.accept(Unknown Source)
	at java.util.Spliterators$ArraySpliterator.tryAdvance(Unknown Source)
	at java.util.stream.ReferencePipeline.forEachWithCancel(Unknown Source)
	at java.util.stream.AbstractPipeline.copyIntoWithCancel(Unknown Source)
	at java.util.stream.AbstractPipeline.copyInto(Unknown Source)
	at java.util.stream.AbstractPipeline.wrapAndCopyInto(Unknown Source)
	at java.util.stream.FindOps$FindOp.evaluateSequential(Unknown Source)
	at java.util.stream.AbstractPipeline.evaluate(Unknown Source)
	at java.util.stream.ReferencePipeline.findFirst(Unknown Source)
	at org.openqa.selenium.remote.ProtocolHandshake.createSession(ProtocolHandshake.java:368)
	at org.openqa.selenium.remote.ProtocolHandshake.createSession(ProtocolHandshake.java:159)
	at org.openqa.selenium.remote.HttpCommandExecutor.execute(HttpCommandExecutor.java:142)
	at org.openqa.selenium.remote.service.DriverCommandExecutor.execute(DriverCommandExecutor.java:82)
	at org.openqa.selenium.remote.RemoteWebDriver.execute(RemoteWebDriver.java:637)
	at org.openqa.selenium.remote.RemoteWebDriver.startSession(RemoteWebDriver.java:250)
	at org.openqa.selenium.remote.RemoteWebDriver.startSession(RemoteWebDriver.java:236)
	at org.openqa.selenium.remote.RemoteWebDriver.<init>(RemoteWebDriver.java:137)
	at org.openqa.selenium.chrome.ChromeDriver.<init>(ChromeDriver.java:184)
	at org.openqa.selenium.chrome.ChromeDriver.<init>(ChromeDriver.java:171)
	at org.openqa.selenium.chrome.ChromeDriver.<init>(ChromeDriver.java:124)
	at resources.base.initializeDriver(base.java:41)
	at lasvegasmarket_UAT.GlobalSearch_ProductActions.initialize(GlobalSearch_ProductActions.java:51)
	at sun.reflect.NativeMethodAccessorImpl.invoke0(Native Method)
	at sun.reflect.NativeMethodAccessorImpl.invoke(Unknown Source)
	at sun.reflect.DelegatingMethodAccessorImpl.invoke(Unknown Source)
	at java.lang.reflect.Method.invoke(Unknown Source)
	at org.testng.internal.MethodInvocationHelper.invokeMethod(MethodInvocationHelper.java:80)
	at org.testng.internal.Invoker.invokeConfigurationMethod(Invoker.java:564)
	at org.testng.internal.Invoker.invokeConfigurations(Invoker.java:213)
	at org.testng.internal.Invoker.invokeConfigurations(Invoker.java:138)
	at org.testng.internal.TestMethodWorker.invokeBeforeClassMethods(TestMethodWorker.java:175)
	at org.testng.internal.TestMethodWorker.run(TestMethodWorker.java:107)
	at org.testng.TestRunner.privateRun(TestRunner.java:767)
	at org.testng.TestRunner.run(TestRunner.java:617)
	at org.testng.SuiteRunner.runTest(SuiteRunner.java:334)
	at org.testng.SuiteRunner.runSequentially(SuiteRunner.java:329)
	at org.testng.SuiteRunner.privateRun(SuiteRunner.java:291)
	at org.testng.SuiteRunner.run(SuiteRunner.java:240)
	at org.testng.SuiteRunnerWorker.runSuite(SuiteRunnerWorker.java:52)
	at org.testng.SuiteRunnerWorker.run(SuiteRunnerWorker.java:86)
	at org.testng.TestNG.runSuitesSequentially(TestNG.java:1198)
	at org.testng.TestNG.runSuitesLocally(TestNG.java:1123)
	at org.testng.TestNG.run(TestNG.java:1031)
	at org.testng.remote.AbstractRemoteTestNG.run(AbstractRemoteTestNG.java:114)
	at org.testng.remote.RemoteTestNG.initAndRun(RemoteTestNG.java:251)
	at org.testng.remote.RemoteTestNG.main(RemoteTestNG.java:77)
]]>
    </failure>
  </testcase> <!-- TS003_VerifyProductAddToExistingListOnProductDetailsPageTest -->
  <testcase name="TS005_VerifyAddNoteOnProductDetailsPageTest" time="0.001" classname="lasvegasmarket_UAT.GlobalSearch_ProductActions">
    <failure type="org.openqa.selenium.SessionNotCreatedException" message="session not created: This version of ChromeDriver only supports Chrome version 103
Current browser version is 102.0.5005.63 with binary path C:\Program Files\Google\Chrome\Application\chrome.exe
Build info: version: &#039;3.4.0&#039;, revision: &#039;unknown&#039;, time: &#039;unknown&#039;
System info: host: &#039;SHRADHAMA-WIN10&#039;, ip: &#039;172.27.182.74&#039;, os.name: &#039;Windows 10&#039;, os.arch: &#039;amd64&#039;, os.version: &#039;10.0&#039;, java.version: &#039;1.8.0_333&#039;
Driver info: driver.version: ChromeDriver
remote stacktrace: Backtrace:
	Ordinal0 [0x008B6463+2188387]
	Ordinal0 [0x0084E461+1762401]
	Ordinal0 [0x00763D78+802168]
	Ordinal0 [0x00784E59+937561]
	Ordinal0 [0x00780A6C+920172]
	Ordinal0 [0x0077E331+910129]
	Ordinal0 [0x007B1430+1119280]
	Ordinal0 [0x007B108A+1118346]
	Ordinal0 [0x007AC5F6+1099254]
	Ordinal0 [0x00786BE0+945120]
	Ordinal0 [0x00787AD6+948950]
	GetHandleVerifier [0x00B571F2+2712546]
	GetHandleVerifier [0x00B4886D+2652765]
	GetHandleVerifier [0x0094002A+520730]
	GetHandleVerifier [0x0093EE06+516086]
	Ordinal0 [0x0085468B+1787531]
	Ordinal0 [0x00858E88+1805960]
	Ordinal0 [0x00858F75+1806197]
	Ordinal0 [0x00861DF1+1842673]
	BaseThreadInitThunk [0x75FCFA29+25]
	RtlGetAppContainerNamedObjectPath [0x77467A7E+286]
	RtlGetAppContainerNamedObjectPath [0x77467A4E+238]
">
      <![CDATA[org.openqa.selenium.SessionNotCreatedException: session not created: This version of ChromeDriver only supports Chrome version 103
Current browser version is 102.0.5005.63 with binary path C:\Program Files\Google\Chrome\Application\chrome.exe
Build info: version: '3.4.0', revision: 'unknown', time: 'unknown'
System info: host: 'SHRADHAMA-WIN10', ip: '172.27.182.74', os.name: 'Windows 10', os.arch: 'amd64', os.version: '10.0', java.version: '1.8.0_333'
Driver info: driver.version: ChromeDriver
remote stacktrace: Backtrace:
	Ordinal0 [0x008B6463+2188387]
	Ordinal0 [0x0084E461+1762401]
	Ordinal0 [0x00763D78+802168]
	Ordinal0 [0x00784E59+937561]
	Ordinal0 [0x00780A6C+920172]
	Ordinal0 [0x0077E331+910129]
	Ordinal0 [0x007B1430+1119280]
	Ordinal0 [0x007B108A+1118346]
	Ordinal0 [0x007AC5F6+1099254]
	Ordinal0 [0x00786BE0+945120]
	Ordinal0 [0x00787AD6+948950]
	GetHandleVerifier [0x00B571F2+2712546]
	GetHandleVerifier [0x00B4886D+2652765]
	GetHandleVerifier [0x0094002A+520730]
	GetHandleVerifier [0x0093EE06+516086]
	Ordinal0 [0x0085468B+1787531]
	Ordinal0 [0x00858E88+1805960]
	Ordinal0 [0x00858F75+1806197]
	Ordinal0 [0x00861DF1+1842673]
	BaseThreadInitThunk [0x75FCFA29+25]
	RtlGetAppContainerNamedObjectPath [0x77467A7E+286]
	RtlGetAppContainerNamedObjectPath [0x77467A4E+238]

	at sun.reflect.NativeConstructorAccessorImpl.newInstance0(Native Method)
	at sun.reflect.NativeConstructorAccessorImpl.newInstance(Unknown Source)
	at sun.reflect.DelegatingConstructorAccessorImpl.newInstance(Unknown Source)
	at java.lang.reflect.Constructor.newInstance(Unknown Source)
	at org.openqa.selenium.remote.W3CHandshakeResponse.lambda$new$0(W3CHandshakeResponse.java:57)
	at org.openqa.selenium.remote.W3CHandshakeResponse.lambda$getResponseFunction$2(W3CHandshakeResponse.java:104)
	at org.openqa.selenium.remote.ProtocolHandshake.lambda$createSession$22(ProtocolHandshake.java:365)
	at java.util.stream.ReferencePipeline$3$1.accept(Unknown Source)
	at java.util.Spliterators$ArraySpliterator.tryAdvance(Unknown Source)
	at java.util.stream.ReferencePipeline.forEachWithCancel(Unknown Source)
	at java.util.stream.AbstractPipeline.copyIntoWithCancel(Unknown Source)
	at java.util.stream.AbstractPipeline.copyInto(Unknown Source)
	at java.util.stream.AbstractPipeline.wrapAndCopyInto(Unknown Source)
	at java.util.stream.FindOps$FindOp.evaluateSequential(Unknown Source)
	at java.util.stream.AbstractPipeline.evaluate(Unknown Source)
	at java.util.stream.ReferencePipeline.findFirst(Unknown Source)
	at org.openqa.selenium.remote.ProtocolHandshake.createSession(ProtocolHandshake.java:368)
	at org.openqa.selenium.remote.ProtocolHandshake.createSession(ProtocolHandshake.java:159)
	at org.openqa.selenium.remote.HttpCommandExecutor.execute(HttpCommandExecutor.java:142)
	at org.openqa.selenium.remote.service.DriverCommandExecutor.execute(DriverCommandExecutor.java:82)
	at org.openqa.selenium.remote.RemoteWebDriver.execute(RemoteWebDriver.java:637)
	at org.openqa.selenium.remote.RemoteWebDriver.startSession(RemoteWebDriver.java:250)
	at org.openqa.selenium.remote.RemoteWebDriver.startSession(RemoteWebDriver.java:236)
	at org.openqa.selenium.remote.RemoteWebDriver.<init>(RemoteWebDriver.java:137)
	at org.openqa.selenium.chrome.ChromeDriver.<init>(ChromeDriver.java:184)
	at org.openqa.selenium.chrome.ChromeDriver.<init>(ChromeDriver.java:171)
	at org.openqa.selenium.chrome.ChromeDriver.<init>(ChromeDriver.java:124)
	at resources.base.initializeDriver(base.java:41)
	at lasvegasmarket_UAT.GlobalSearch_ProductActions.initialize(GlobalSearch_ProductActions.java:51)
	at sun.reflect.NativeMethodAccessorImpl.invoke0(Native Method)
	at sun.reflect.NativeMethodAccessorImpl.invoke(Unknown Source)
	at sun.reflect.DelegatingMethodAccessorImpl.invoke(Unknown Source)
	at java.lang.reflect.Method.invoke(Unknown Source)
	at org.testng.internal.MethodInvocationHelper.invokeMethod(MethodInvocationHelper.java:80)
	at org.testng.internal.Invoker.invokeConfigurationMethod(Invoker.java:564)
	at org.testng.internal.Invoker.invokeConfigurations(Invoker.java:213)
	at org.testng.internal.Invoker.invokeConfigurations(Invoker.java:138)
	at org.testng.internal.TestMethodWorker.invokeBeforeClassMethods(TestMethodWorker.java:175)
	at org.testng.internal.TestMethodWorker.run(TestMethodWorker.java:107)
	at org.testng.TestRunner.privateRun(TestRunner.java:767)
	at org.testng.TestRunner.run(TestRunner.java:617)
	at org.testng.SuiteRunner.runTest(SuiteRunner.java:334)
	at org.testng.SuiteRunner.runSequentially(SuiteRunner.java:329)
	at org.testng.SuiteRunner.privateRun(SuiteRunner.java:291)
	at org.testng.SuiteRunner.run(SuiteRunner.java:240)
	at org.testng.SuiteRunnerWorker.runSuite(SuiteRunnerWorker.java:52)
	at org.testng.SuiteRunnerWorker.run(SuiteRunnerWorker.java:86)
	at org.testng.TestNG.runSuitesSequentially(TestNG.java:1198)
	at org.testng.TestNG.runSuitesLocally(TestNG.java:1123)
	at org.testng.TestNG.run(TestNG.java:1031)
	at org.testng.remote.AbstractRemoteTestNG.run(AbstractRemoteTestNG.java:114)
	at org.testng.remote.RemoteTestNG.initAndRun(RemoteTestNG.java:251)
	at org.testng.remote.RemoteTestNG.main(RemoteTestNG.java:77)
]]>
    </failure>
  </testcase> <!-- TS005_VerifyAddNoteOnProductDetailsPageTest -->
  <testcase name="TS001_VerifyClickOnProductSeeDetailsBtnOnSearchResultsGridTest" time="0.050" classname="lasvegasmarket_UAT.GlobalSearch_ProductActions">
    <failure type="org.openqa.selenium.SessionNotCreatedException" message="session not created: This version of ChromeDriver only supports Chrome version 103
Current browser version is 102.0.5005.63 with binary path C:\Program Files\Google\Chrome\Application\chrome.exe
Build info: version: &#039;3.4.0&#039;, revision: &#039;unknown&#039;, time: &#039;unknown&#039;
System info: host: &#039;SHRADHAMA-WIN10&#039;, ip: &#039;172.27.182.74&#039;, os.name: &#039;Windows 10&#039;, os.arch: &#039;amd64&#039;, os.version: &#039;10.0&#039;, java.version: &#039;1.8.0_333&#039;
Driver info: driver.version: ChromeDriver
remote stacktrace: Backtrace:
	Ordinal0 [0x008B6463+2188387]
	Ordinal0 [0x0084E461+1762401]
	Ordinal0 [0x00763D78+802168]
	Ordinal0 [0x00784E59+937561]
	Ordinal0 [0x00780A6C+920172]
	Ordinal0 [0x0077E331+910129]
	Ordinal0 [0x007B1430+1119280]
	Ordinal0 [0x007B108A+1118346]
	Ordinal0 [0x007AC5F6+1099254]
	Ordinal0 [0x00786BE0+945120]
	Ordinal0 [0x00787AD6+948950]
	GetHandleVerifier [0x00B571F2+2712546]
	GetHandleVerifier [0x00B4886D+2652765]
	GetHandleVerifier [0x0094002A+520730]
	GetHandleVerifier [0x0093EE06+516086]
	Ordinal0 [0x0085468B+1787531]
	Ordinal0 [0x00858E88+1805960]
	Ordinal0 [0x00858F75+1806197]
	Ordinal0 [0x00861DF1+1842673]
	BaseThreadInitThunk [0x75FCFA29+25]
	RtlGetAppContainerNamedObjectPath [0x77467A7E+286]
	RtlGetAppContainerNamedObjectPath [0x77467A4E+238]
">
      <![CDATA[org.openqa.selenium.SessionNotCreatedException: session not created: This version of ChromeDriver only supports Chrome version 103
Current browser version is 102.0.5005.63 with binary path C:\Program Files\Google\Chrome\Application\chrome.exe
Build info: version: '3.4.0', revision: 'unknown', time: 'unknown'
System info: host: 'SHRADHAMA-WIN10', ip: '172.27.182.74', os.name: 'Windows 10', os.arch: 'amd64', os.version: '10.0', java.version: '1.8.0_333'
Driver info: driver.version: ChromeDriver
remote stacktrace: Backtrace:
	Ordinal0 [0x008B6463+2188387]
	Ordinal0 [0x0084E461+1762401]
	Ordinal0 [0x00763D78+802168]
	Ordinal0 [0x00784E59+937561]
	Ordinal0 [0x00780A6C+920172]
	Ordinal0 [0x0077E331+910129]
	Ordinal0 [0x007B1430+1119280]
	Ordinal0 [0x007B108A+1118346]
	Ordinal0 [0x007AC5F6+1099254]
	Ordinal0 [0x00786BE0+945120]
	Ordinal0 [0x00787AD6+948950]
	GetHandleVerifier [0x00B571F2+2712546]
	GetHandleVerifier [0x00B4886D+2652765]
	GetHandleVerifier [0x0094002A+520730]
	GetHandleVerifier [0x0093EE06+516086]
	Ordinal0 [0x0085468B+1787531]
	Ordinal0 [0x00858E88+1805960]
	Ordinal0 [0x00858F75+1806197]
	Ordinal0 [0x00861DF1+1842673]
	BaseThreadInitThunk [0x75FCFA29+25]
	RtlGetAppContainerNamedObjectPath [0x77467A7E+286]
	RtlGetAppContainerNamedObjectPath [0x77467A4E+238]

	at sun.reflect.NativeConstructorAccessorImpl.newInstance0(Native Method)
	at sun.reflect.NativeConstructorAccessorImpl.newInstance(Unknown Source)
	at sun.reflect.DelegatingConstructorAccessorImpl.newInstance(Unknown Source)
	at java.lang.reflect.Constructor.newInstance(Unknown Source)
	at org.openqa.selenium.remote.W3CHandshakeResponse.lambda$new$0(W3CHandshakeResponse.java:57)
	at org.openqa.selenium.remote.W3CHandshakeResponse.lambda$getResponseFunction$2(W3CHandshakeResponse.java:104)
	at org.openqa.selenium.remote.ProtocolHandshake.lambda$createSession$22(ProtocolHandshake.java:365)
	at java.util.stream.ReferencePipeline$3$1.accept(Unknown Source)
	at java.util.Spliterators$ArraySpliterator.tryAdvance(Unknown Source)
	at java.util.stream.ReferencePipeline.forEachWithCancel(Unknown Source)
	at java.util.stream.AbstractPipeline.copyIntoWithCancel(Unknown Source)
	at java.util.stream.AbstractPipeline.copyInto(Unknown Source)
	at java.util.stream.AbstractPipeline.wrapAndCopyInto(Unknown Source)
	at java.util.stream.FindOps$FindOp.evaluateSequential(Unknown Source)
	at java.util.stream.AbstractPipeline.evaluate(Unknown Source)
	at java.util.stream.ReferencePipeline.findFirst(Unknown Source)
	at org.openqa.selenium.remote.ProtocolHandshake.createSession(ProtocolHandshake.java:368)
	at org.openqa.selenium.remote.ProtocolHandshake.createSession(ProtocolHandshake.java:159)
	at org.openqa.selenium.remote.HttpCommandExecutor.execute(HttpCommandExecutor.java:142)
	at org.openqa.selenium.remote.service.DriverCommandExecutor.execute(DriverCommandExecutor.java:82)
	at org.openqa.selenium.remote.RemoteWebDriver.execute(RemoteWebDriver.java:637)
	at org.openqa.selenium.remote.RemoteWebDriver.startSession(RemoteWebDriver.java:250)
	at org.openqa.selenium.remote.RemoteWebDriver.startSession(RemoteWebDriver.java:236)
	at org.openqa.selenium.remote.RemoteWebDriver.<init>(RemoteWebDriver.java:137)
	at org.openqa.selenium.chrome.ChromeDriver.<init>(ChromeDriver.java:184)
	at org.openqa.selenium.chrome.ChromeDriver.<init>(ChromeDriver.java:171)
	at org.openqa.selenium.chrome.ChromeDriver.<init>(ChromeDriver.java:124)
	at resources.base.initializeDriver(base.java:41)
	at lasvegasmarket_UAT.GlobalSearch_ProductActions.initialize(GlobalSearch_ProductActions.java:51)
	at sun.reflect.NativeMethodAccessorImpl.invoke0(Native Method)
	at sun.reflect.NativeMethodAccessorImpl.invoke(Unknown Source)
	at sun.reflect.DelegatingMethodAccessorImpl.invoke(Unknown Source)
	at java.lang.reflect.Method.invoke(Unknown Source)
	at org.testng.internal.MethodInvocationHelper.invokeMethod(MethodInvocationHelper.java:80)
	at org.testng.internal.Invoker.invokeConfigurationMethod(Invoker.java:564)
	at org.testng.internal.Invoker.invokeConfigurations(Invoker.java:213)
	at org.testng.internal.Invoker.invokeConfigurations(Invoker.java:138)
	at org.testng.internal.TestMethodWorker.invokeBeforeClassMethods(TestMethodWorker.java:175)
	at org.testng.internal.TestMethodWorker.run(TestMethodWorker.java:107)
	at org.testng.TestRunner.privateRun(TestRunner.java:767)
	at org.testng.TestRunner.run(TestRunner.java:617)
	at org.testng.SuiteRunner.runTest(SuiteRunner.java:334)
	at org.testng.SuiteRunner.runSequentially(SuiteRunner.java:329)
	at org.testng.SuiteRunner.privateRun(SuiteRunner.java:291)
	at org.testng.SuiteRunner.run(SuiteRunner.java:240)
	at org.testng.SuiteRunnerWorker.runSuite(SuiteRunnerWorker.java:52)
	at org.testng.SuiteRunnerWorker.run(SuiteRunnerWorker.java:86)
	at org.testng.TestNG.runSuitesSequentially(TestNG.java:1198)
	at org.testng.TestNG.runSuitesLocally(TestNG.java:1123)
	at org.testng.TestNG.run(TestNG.java:1031)
	at org.testng.remote.AbstractRemoteTestNG.run(AbstractRemoteTestNG.java:114)
	at org.testng.remote.RemoteTestNG.initAndRun(RemoteTestNG.java:251)
	at org.testng.remote.RemoteTestNG.main(RemoteTestNG.java:77)
]]>
    </failure>
  </testcase> <!-- TS001_VerifyClickOnProductSeeDetailsBtnOnSearchResultsGridTest -->
  <testcase name="TS009_VerifyProductActionsIconToAddToNewlyCreatedListTest" time="0.001" classname="lasvegasmarket_UAT.GlobalSearch_ProductActions">
    <failure type="org.openqa.selenium.SessionNotCreatedException" message="session not created: This version of ChromeDriver only supports Chrome version 103
Current browser version is 102.0.5005.63 with binary path C:\Program Files\Google\Chrome\Application\chrome.exe
Build info: version: &#039;3.4.0&#039;, revision: &#039;unknown&#039;, time: &#039;unknown&#039;
System info: host: &#039;SHRADHAMA-WIN10&#039;, ip: &#039;172.27.182.74&#039;, os.name: &#039;Windows 10&#039;, os.arch: &#039;amd64&#039;, os.version: &#039;10.0&#039;, java.version: &#039;1.8.0_333&#039;
Driver info: driver.version: ChromeDriver
remote stacktrace: Backtrace:
	Ordinal0 [0x008B6463+2188387]
	Ordinal0 [0x0084E461+1762401]
	Ordinal0 [0x00763D78+802168]
	Ordinal0 [0x00784E59+937561]
	Ordinal0 [0x00780A6C+920172]
	Ordinal0 [0x0077E331+910129]
	Ordinal0 [0x007B1430+1119280]
	Ordinal0 [0x007B108A+1118346]
	Ordinal0 [0x007AC5F6+1099254]
	Ordinal0 [0x00786BE0+945120]
	Ordinal0 [0x00787AD6+948950]
	GetHandleVerifier [0x00B571F2+2712546]
	GetHandleVerifier [0x00B4886D+2652765]
	GetHandleVerifier [0x0094002A+520730]
	GetHandleVerifier [0x0093EE06+516086]
	Ordinal0 [0x0085468B+1787531]
	Ordinal0 [0x00858E88+1805960]
	Ordinal0 [0x00858F75+1806197]
	Ordinal0 [0x00861DF1+1842673]
	BaseThreadInitThunk [0x75FCFA29+25]
	RtlGetAppContainerNamedObjectPath [0x77467A7E+286]
	RtlGetAppContainerNamedObjectPath [0x77467A4E+238]
">
      <![CDATA[org.openqa.selenium.SessionNotCreatedException: session not created: This version of ChromeDriver only supports Chrome version 103
Current browser version is 102.0.5005.63 with binary path C:\Program Files\Google\Chrome\Application\chrome.exe
Build info: version: '3.4.0', revision: 'unknown', time: 'unknown'
System info: host: 'SHRADHAMA-WIN10', ip: '172.27.182.74', os.name: 'Windows 10', os.arch: 'amd64', os.version: '10.0', java.version: '1.8.0_333'
Driver info: driver.version: ChromeDriver
remote stacktrace: Backtrace:
	Ordinal0 [0x008B6463+2188387]
	Ordinal0 [0x0084E461+1762401]
	Ordinal0 [0x00763D78+802168]
	Ordinal0 [0x00784E59+937561]
	Ordinal0 [0x00780A6C+920172]
	Ordinal0 [0x0077E331+910129]
	Ordinal0 [0x007B1430+1119280]
	Ordinal0 [0x007B108A+1118346]
	Ordinal0 [0x007AC5F6+1099254]
	Ordinal0 [0x00786BE0+945120]
	Ordinal0 [0x00787AD6+948950]
	GetHandleVerifier [0x00B571F2+2712546]
	GetHandleVerifier [0x00B4886D+2652765]
	GetHandleVerifier [0x0094002A+520730]
	GetHandleVerifier [0x0093EE06+516086]
	Ordinal0 [0x0085468B+1787531]
	Ordinal0 [0x00858E88+1805960]
	Ordinal0 [0x00858F75+1806197]
	Ordinal0 [0x00861DF1+1842673]
	BaseThreadInitThunk [0x75FCFA29+25]
	RtlGetAppContainerNamedObjectPath [0x77467A7E+286]
	RtlGetAppContainerNamedObjectPath [0x77467A4E+238]

	at sun.reflect.NativeConstructorAccessorImpl.newInstance0(Native Method)
	at sun.reflect.NativeConstructorAccessorImpl.newInstance(Unknown Source)
	at sun.reflect.DelegatingConstructorAccessorImpl.newInstance(Unknown Source)
	at java.lang.reflect.Constructor.newInstance(Unknown Source)
	at org.openqa.selenium.remote.W3CHandshakeResponse.lambda$new$0(W3CHandshakeResponse.java:57)
	at org.openqa.selenium.remote.W3CHandshakeResponse.lambda$getResponseFunction$2(W3CHandshakeResponse.java:104)
	at org.openqa.selenium.remote.ProtocolHandshake.lambda$createSession$22(ProtocolHandshake.java:365)
	at java.util.stream.ReferencePipeline$3$1.accept(Unknown Source)
	at java.util.Spliterators$ArraySpliterator.tryAdvance(Unknown Source)
	at java.util.stream.ReferencePipeline.forEachWithCancel(Unknown Source)
	at java.util.stream.AbstractPipeline.copyIntoWithCancel(Unknown Source)
	at java.util.stream.AbstractPipeline.copyInto(Unknown Source)
	at java.util.stream.AbstractPipeline.wrapAndCopyInto(Unknown Source)
	at java.util.stream.FindOps$FindOp.evaluateSequential(Unknown Source)
	at java.util.stream.AbstractPipeline.evaluate(Unknown Source)
	at java.util.stream.ReferencePipeline.findFirst(Unknown Source)
	at org.openqa.selenium.remote.ProtocolHandshake.createSession(ProtocolHandshake.java:368)
	at org.openqa.selenium.remote.ProtocolHandshake.createSession(ProtocolHandshake.java:159)
	at org.openqa.selenium.remote.HttpCommandExecutor.execute(HttpCommandExecutor.java:142)
	at org.openqa.selenium.remote.service.DriverCommandExecutor.execute(DriverCommandExecutor.java:82)
	at org.openqa.selenium.remote.RemoteWebDriver.execute(RemoteWebDriver.java:637)
	at org.openqa.selenium.remote.RemoteWebDriver.startSession(RemoteWebDriver.java:250)
	at org.openqa.selenium.remote.RemoteWebDriver.startSession(RemoteWebDriver.java:236)
	at org.openqa.selenium.remote.RemoteWebDriver.<init>(RemoteWebDriver.java:137)
	at org.openqa.selenium.chrome.ChromeDriver.<init>(ChromeDriver.java:184)
	at org.openqa.selenium.chrome.ChromeDriver.<init>(ChromeDriver.java:171)
	at org.openqa.selenium.chrome.ChromeDriver.<init>(ChromeDriver.java:124)
	at resources.base.initializeDriver(base.java:41)
	at lasvegasmarket_UAT.GlobalSearch_ProductActions.initialize(GlobalSearch_ProductActions.java:51)
	at sun.reflect.NativeMethodAccessorImpl.invoke0(Native Method)
	at sun.reflect.NativeMethodAccessorImpl.invoke(Unknown Source)
	at sun.reflect.DelegatingMethodAccessorImpl.invoke(Unknown Source)
	at java.lang.reflect.Method.invoke(Unknown Source)
	at org.testng.internal.MethodInvocationHelper.invokeMethod(MethodInvocationHelper.java:80)
	at org.testng.internal.Invoker.invokeConfigurationMethod(Invoker.java:564)
	at org.testng.internal.Invoker.invokeConfigurations(Invoker.java:213)
	at org.testng.internal.Invoker.invokeConfigurations(Invoker.java:138)
	at org.testng.internal.TestMethodWorker.invokeBeforeClassMethods(TestMethodWorker.java:175)
	at org.testng.internal.TestMethodWorker.run(TestMethodWorker.java:107)
	at org.testng.TestRunner.privateRun(TestRunner.java:767)
	at org.testng.TestRunner.run(TestRunner.java:617)
	at org.testng.SuiteRunner.runTest(SuiteRunner.java:334)
	at org.testng.SuiteRunner.runSequentially(SuiteRunner.java:329)
	at org.testng.SuiteRunner.privateRun(SuiteRunner.java:291)
	at org.testng.SuiteRunner.run(SuiteRunner.java:240)
	at org.testng.SuiteRunnerWorker.runSuite(SuiteRunnerWorker.java:52)
	at org.testng.SuiteRunnerWorker.run(SuiteRunnerWorker.java:86)
	at org.testng.TestNG.runSuitesSequentially(TestNG.java:1198)
	at org.testng.TestNG.runSuitesLocally(TestNG.java:1123)
	at org.testng.TestNG.run(TestNG.java:1031)
	at org.testng.remote.AbstractRemoteTestNG.run(AbstractRemoteTestNG.java:114)
	at org.testng.remote.RemoteTestNG.initAndRun(RemoteTestNG.java:251)
	at org.testng.remote.RemoteTestNG.main(RemoteTestNG.java:77)
]]>
    </failure>
  </testcase> <!-- TS009_VerifyProductActionsIconToAddToNewlyCreatedListTest -->
  <testcase name="TS002_VerifyProductAddToNewListOnProductDetailsPageTest" time="0.003" classname="lasvegasmarket_UAT.GlobalSearch_ProductActions">
    <failure type="org.openqa.selenium.SessionNotCreatedException" message="session not created: This version of ChromeDriver only supports Chrome version 103
Current browser version is 102.0.5005.63 with binary path C:\Program Files\Google\Chrome\Application\chrome.exe
Build info: version: &#039;3.4.0&#039;, revision: &#039;unknown&#039;, time: &#039;unknown&#039;
System info: host: &#039;SHRADHAMA-WIN10&#039;, ip: &#039;172.27.182.74&#039;, os.name: &#039;Windows 10&#039;, os.arch: &#039;amd64&#039;, os.version: &#039;10.0&#039;, java.version: &#039;1.8.0_333&#039;
Driver info: driver.version: ChromeDriver
remote stacktrace: Backtrace:
	Ordinal0 [0x008B6463+2188387]
	Ordinal0 [0x0084E461+1762401]
	Ordinal0 [0x00763D78+802168]
	Ordinal0 [0x00784E59+937561]
	Ordinal0 [0x00780A6C+920172]
	Ordinal0 [0x0077E331+910129]
	Ordinal0 [0x007B1430+1119280]
	Ordinal0 [0x007B108A+1118346]
	Ordinal0 [0x007AC5F6+1099254]
	Ordinal0 [0x00786BE0+945120]
	Ordinal0 [0x00787AD6+948950]
	GetHandleVerifier [0x00B571F2+2712546]
	GetHandleVerifier [0x00B4886D+2652765]
	GetHandleVerifier [0x0094002A+520730]
	GetHandleVerifier [0x0093EE06+516086]
	Ordinal0 [0x0085468B+1787531]
	Ordinal0 [0x00858E88+1805960]
	Ordinal0 [0x00858F75+1806197]
	Ordinal0 [0x00861DF1+1842673]
	BaseThreadInitThunk [0x75FCFA29+25]
	RtlGetAppContainerNamedObjectPath [0x77467A7E+286]
	RtlGetAppContainerNamedObjectPath [0x77467A4E+238]
">
      <![CDATA[org.openqa.selenium.SessionNotCreatedException: session not created: This version of ChromeDriver only supports Chrome version 103
Current browser version is 102.0.5005.63 with binary path C:\Program Files\Google\Chrome\Application\chrome.exe
Build info: version: '3.4.0', revision: 'unknown', time: 'unknown'
System info: host: 'SHRADHAMA-WIN10', ip: '172.27.182.74', os.name: 'Windows 10', os.arch: 'amd64', os.version: '10.0', java.version: '1.8.0_333'
Driver info: driver.version: ChromeDriver
remote stacktrace: Backtrace:
	Ordinal0 [0x008B6463+2188387]
	Ordinal0 [0x0084E461+1762401]
	Ordinal0 [0x00763D78+802168]
	Ordinal0 [0x00784E59+937561]
	Ordinal0 [0x00780A6C+920172]
	Ordinal0 [0x0077E331+910129]
	Ordinal0 [0x007B1430+1119280]
	Ordinal0 [0x007B108A+1118346]
	Ordinal0 [0x007AC5F6+1099254]
	Ordinal0 [0x00786BE0+945120]
	Ordinal0 [0x00787AD6+948950]
	GetHandleVerifier [0x00B571F2+2712546]
	GetHandleVerifier [0x00B4886D+2652765]
	GetHandleVerifier [0x0094002A+520730]
	GetHandleVerifier [0x0093EE06+516086]
	Ordinal0 [0x0085468B+1787531]
	Ordinal0 [0x00858E88+1805960]
	Ordinal0 [0x00858F75+1806197]
	Ordinal0 [0x00861DF1+1842673]
	BaseThreadInitThunk [0x75FCFA29+25]
	RtlGetAppContainerNamedObjectPath [0x77467A7E+286]
	RtlGetAppContainerNamedObjectPath [0x77467A4E+238]

	at sun.reflect.NativeConstructorAccessorImpl.newInstance0(Native Method)
	at sun.reflect.NativeConstructorAccessorImpl.newInstance(Unknown Source)
	at sun.reflect.DelegatingConstructorAccessorImpl.newInstance(Unknown Source)
	at java.lang.reflect.Constructor.newInstance(Unknown Source)
	at org.openqa.selenium.remote.W3CHandshakeResponse.lambda$new$0(W3CHandshakeResponse.java:57)
	at org.openqa.selenium.remote.W3CHandshakeResponse.lambda$getResponseFunction$2(W3CHandshakeResponse.java:104)
	at org.openqa.selenium.remote.ProtocolHandshake.lambda$createSession$22(ProtocolHandshake.java:365)
	at java.util.stream.ReferencePipeline$3$1.accept(Unknown Source)
	at java.util.Spliterators$ArraySpliterator.tryAdvance(Unknown Source)
	at java.util.stream.ReferencePipeline.forEachWithCancel(Unknown Source)
	at java.util.stream.AbstractPipeline.copyIntoWithCancel(Unknown Source)
	at java.util.stream.AbstractPipeline.copyInto(Unknown Source)
	at java.util.stream.AbstractPipeline.wrapAndCopyInto(Unknown Source)
	at java.util.stream.FindOps$FindOp.evaluateSequential(Unknown Source)
	at java.util.stream.AbstractPipeline.evaluate(Unknown Source)
	at java.util.stream.ReferencePipeline.findFirst(Unknown Source)
	at org.openqa.selenium.remote.ProtocolHandshake.createSession(ProtocolHandshake.java:368)
	at org.openqa.selenium.remote.ProtocolHandshake.createSession(ProtocolHandshake.java:159)
	at org.openqa.selenium.remote.HttpCommandExecutor.execute(HttpCommandExecutor.java:142)
	at org.openqa.selenium.remote.service.DriverCommandExecutor.execute(DriverCommandExecutor.java:82)
	at org.openqa.selenium.remote.RemoteWebDriver.execute(RemoteWebDriver.java:637)
	at org.openqa.selenium.remote.RemoteWebDriver.startSession(RemoteWebDriver.java:250)
	at org.openqa.selenium.remote.RemoteWebDriver.startSession(RemoteWebDriver.java:236)
	at org.openqa.selenium.remote.RemoteWebDriver.<init>(RemoteWebDriver.java:137)
	at org.openqa.selenium.chrome.ChromeDriver.<init>(ChromeDriver.java:184)
	at org.openqa.selenium.chrome.ChromeDriver.<init>(ChromeDriver.java:171)
	at org.openqa.selenium.chrome.ChromeDriver.<init>(ChromeDriver.java:124)
	at resources.base.initializeDriver(base.java:41)
	at lasvegasmarket_UAT.GlobalSearch_ProductActions.initialize(GlobalSearch_ProductActions.java:51)
	at sun.reflect.NativeMethodAccessorImpl.invoke0(Native Method)
	at sun.reflect.NativeMethodAccessorImpl.invoke(Unknown Source)
	at sun.reflect.DelegatingMethodAccessorImpl.invoke(Unknown Source)
	at java.lang.reflect.Method.invoke(Unknown Source)
	at org.testng.internal.MethodInvocationHelper.invokeMethod(MethodInvocationHelper.java:80)
	at org.testng.internal.Invoker.invokeConfigurationMethod(Invoker.java:564)
	at org.testng.internal.Invoker.invokeConfigurations(Invoker.java:213)
	at org.testng.internal.Invoker.invokeConfigurations(Invoker.java:138)
	at org.testng.internal.TestMethodWorker.invokeBeforeClassMethods(TestMethodWorker.java:175)
	at org.testng.internal.TestMethodWorker.run(TestMethodWorker.java:107)
	at org.testng.TestRunner.privateRun(TestRunner.java:767)
	at org.testng.TestRunner.run(TestRunner.java:617)
	at org.testng.SuiteRunner.runTest(SuiteRunner.java:334)
	at org.testng.SuiteRunner.runSequentially(SuiteRunner.java:329)
	at org.testng.SuiteRunner.privateRun(SuiteRunner.java:291)
	at org.testng.SuiteRunner.run(SuiteRunner.java:240)
	at org.testng.SuiteRunnerWorker.runSuite(SuiteRunnerWorker.java:52)
	at org.testng.SuiteRunnerWorker.run(SuiteRunnerWorker.java:86)
	at org.testng.TestNG.runSuitesSequentially(TestNG.java:1198)
	at org.testng.TestNG.runSuitesLocally(TestNG.java:1123)
	at org.testng.TestNG.run(TestNG.java:1031)
	at org.testng.remote.AbstractRemoteTestNG.run(AbstractRemoteTestNG.java:114)
	at org.testng.remote.RemoteTestNG.initAndRun(RemoteTestNG.java:251)
	at org.testng.remote.RemoteTestNG.main(RemoteTestNG.java:77)
]]>
    </failure>
  </testcase> <!-- TS002_VerifyProductAddToNewListOnProductDetailsPageTest -->
</testsuite> <!-- lasvegasmarket_UAT.GlobalSearch_ProductActions -->
