<?xml version="1.0" encoding="UTF-8"?>
<!-- Generated by org.testng.reporters.JUnitReportReporter -->
<testsuite hostname="eon-swapnili" name="lasvegasmarket_UAT.EvenntsAndWebinar" tests="1" failures="0" timestamp="29 Mar 2023 06:12:58 GMT" time="17.211" errors="0">
  <testcase name="TS003_VerifyIMCEventsCalendarViewTest" time="17.211" classname="lasvegasmarket_UAT.EvenntsAndWebinar"/>
</testsuite> <!-- lasvegasmarket_UAT.EvenntsAndWebinar -->
