<?xml version="1.0" encoding="UTF-8"?>
<!-- Generated by org.testng.reporters.JUnitReportReporter -->
<testsuite hostname="Anuppa-VD3" name="atlantamarket_PROD.GlobalSearch_SearchFor" tests="1" failures="0" timestamp="14 Mar 2023 04:26:04 GMT" time="41.949" errors="0">
  <testcase name="TS002_VerifyInformationSearchFunctionalityInGlobalSearchTest" time="41.949" classname="atlantamarket_PROD.GlobalSearch_SearchFor"/>
</testsuite> <!-- atlantamarket_PROD.GlobalSearch_SearchFor -->
