<?xml version="1.0" encoding="UTF-8"?>
<!-- Generated by org.testng.reporters.JUnitReportReporter -->
<testsuite hostname="eon-swapnili" name="atlantamarket_UAT.GlobalSearch_ProductActions" tests="2" failures="0" timestamp="7 Feb 2024 05:28:13 GMT" time="102.634" errors="0">
  <testcase name="TS007_VerifyFullScreenViewerOnProductDetailsPageTest" time="44.430" classname="atlantamarket_UAT.GlobalSearch_ProductActions"/>
  <testcase name="TS001_VerifyClickOnProductSeeDetailsBtnOnSearchResultsGridTest" time="58.204" classname="atlantamarket_UAT.GlobalSearch_ProductActions"/>
</testsuite> <!-- atlantamarket_UAT.GlobalSearch_ProductActions -->
