<?xml version="1.0" encoding="UTF-8"?>
<!-- Generated by org.testng.reporters.JUnitReportReporter -->
<testsuite hostname="Anuppa-VD3" name="lasvegasmarket_PROD.GlobalSearch_SearchFor" tests="1" failures="0" timestamp="3 Nov 2023 07:19:13 GMT" time="34.376" errors="0">
  <testcase name="TS010_VerifyShowSpecialsOverviewInGlobalSearchTest" time="34.376" classname="lasvegasmarket_PROD.GlobalSearch_SearchFor"/>
</testsuite> <!-- lasvegasmarket_PROD.GlobalSearch_SearchFor -->
