<?xml version="1.0" encoding="UTF-8"?>
<!-- Generated by org.testng.reporters.JUnitReportReporter -->
<testsuite hostname="Anuppa-VD3" name="lasvegasmarket_PROD.FloorPlans" tests="1" failures="0" timestamp="18 Apr 2023 14:00:18 GMT" time="10.396" errors="0">
  <testcase name="TS008_VerifyClickOnReturnToBuildingListBtnTest" time="10.396" classname="lasvegasmarket_PROD.FloorPlans"/>
</testsuite> <!-- lasvegasmarket_PROD.FloorPlans -->
