<?xml version="1.0" encoding="UTF-8"?>
<!-- Generated by org.testng.reporters.JUnitReportReporter -->
<testsuite hostname="NILAMMA-W10" name="atlantamarket_PROD.GlobalSearch_ProductActions" tests="1" failures="0" timestamp="27 Jan 2023 07:01:51 GMT" time="237.196" errors="0">
  <testcase name="TS006_VerifyProductAddToExistingListOnSearchResultsGridTest" time="237.196" classname="atlantamarket_PROD.GlobalSearch_ProductActions"/>
</testsuite> <!-- atlantamarket_PROD.GlobalSearch_ProductActions -->
