<?xml version="1.0" encoding="UTF-8"?>
<!-- Generated by org.testng.reporters.JUnitReportReporter -->
<testsuite skipped="0" hostname="Anuppa-VD3" name="lasvegasmarket_PROD.LineDigitalShowroom" tests="6" failures="0" timestamp="09 Jul 2024 08:15:29 GMT" time="151.697" errors="0">
  <testcase name="TS001_VerifyLineDigitalShowroomHeroComponentShownByExhibitorNamaeTest" time="12.212" classname="lasvegasmarket_PROD.LineDigitalShowroom"/>
  <testcase name="TS002_VerifyLineDigitalShowroomHeroComponentLocationLinksTest" time="17.957" classname="lasvegasmarket_PROD.LineDigitalShowroom"/>
  <testcase name="TS007_VerifyLineDigitalShowroomHeroComponentProductsComponentCountTest" time="25.053" classname="lasvegasmarket_PROD.LineDigitalShowroom"/>
  <testcase name="TS008_VerifyLineDigitalShowroomProductscomponentTest" time="27.419" classname="lasvegasmarket_PROD.LineDigitalShowroom"/>
  <testcase name="TS010_VerifyLineDigitalShowroomProductscomponentSeeAllProductsTest" time="20.260" classname="lasvegasmarket_PROD.LineDigitalShowroom"/>
  <testcase name="TS011_VerifyLineDigitalShowroomProductscomponentSelectProductTest" time="48.796" classname="lasvegasmarket_PROD.LineDigitalShowroom"/>
</testsuite> <!-- lasvegasmarket_PROD.LineDigitalShowroom -->
