<?xml version="1.0" encoding="UTF-8"?>
<!-- Generated by org.testng.reporters.JUnitReportReporter -->

<testsuite hostname="swapnili" name="atlantamarket.FloorPlans" tests="1" failures="0" timestamp="22 Jun 2022 11:51:07 GMT" time="13.114" errors="0">
  <testcase name="TS005_VerifyFloorPlansIconsTest" time="13.114" classname="atlantamarket.FloorPlans"/>

<testsuite hostname="NILAMMA-W10" name="atlantamarket.FloorPlans" tests="1" failures="0" timestamp="22 Jun 2022 08:45:54 GMT" time="11.926" errors="0">
  <testcase name="TS001_VerifyFloorPlansNavigationToDifferentFloorBuildingsTest" time="11.926" classname="atlantamarket.FloorPlans"/>

</testsuite> <!-- atlantamarket.FloorPlans -->
