<?xml version="1.0" encoding="UTF-8"?>
<!-- Generated by org.testng.reporters.JUnitReportReporter -->
<testsuite hostname="Anuppa-VD3" name="atlantamarket_PROD.FloorPlans" tests="1" failures="0" timestamp="23 Jan 2024 13:50:32 GMT" time="64.181" errors="0">
  <testcase name="TS009_VerifySearchFunctionalityForExhListOnFloorPlansPageTest" time="64.181" classname="atlantamarket_PROD.FloorPlans"/>
</testsuite> <!-- atlantamarket_PROD.FloorPlans -->
