<?xml version="1.0" encoding="UTF-8"?>
<!-- Generated by org.testng.reporters.JUnitReportReporter -->
<testsuite hostname="eon-swapnili" name="atlantamarket_UAT.ShowSpecials" tests="2" failures="0" timestamp="6 Feb 2024 10:31:03 GMT" time="38.842" errors="0">
  <testcase name="TS002_VerifyLocationLinksForShowSpecialsTest" time="20.843" classname="atlantamarket_UAT.ShowSpecials"/>
  <testcase name="TS001_VerifyViewBrandDetailsLinkForShowSpecialsTest" time="17.999" classname="atlantamarket_UAT.ShowSpecials"/>
</testsuite> <!-- atlantamarket_UAT.ShowSpecials -->
