<?xml version="1.0" encoding="UTF-8"?>
<!-- Generated by org.testng.reporters.JUnitReportReporter -->
<testsuite hostname="shradhama-win10" name="atlantamarket_UAT.MarketPlanner" tests="2" failures="0" timestamp="16 Aug 2022 08:49:04 GMT" time="57.259" errors="0">
  <testcase name="TS015_VerifyMPListsCardOverviewTest" time="30.025" classname="atlantamarket_UAT.MarketPlanner"/>
  <testcase name="TS001_VerifyMarketPlannerLoginTest" time="27.234" classname="atlantamarket_UAT.MarketPlanner"/>
</testsuite> <!-- atlantamarket_UAT.MarketPlanner -->
