<?xml version="1.0" encoding="UTF-8"?>
<!-- Generated by org.testng.reporters.JUnitReportReporter -->
<testsuite hostname="NILAMMA-W10" name="atlantamarket_PROD.MarketPlanner" tests="1" failures="0" timestamp="15 Feb 2023 12:26:40 GMT" time="44.422" errors="0">
  <testcase name="TS045_VerifyMarketPlannerListsAllSavedproductsTest" time="44.422" classname="atlantamarket_PROD.MarketPlanner"/>
</testsuite> <!-- atlantamarket_PROD.MarketPlanner -->
