<?xml version="1.0" encoding="UTF-8"?>
<!-- Generated by org.testng.reporters.JUnitReportReporter -->
<testsuite hostname="Anuppa-VD3" name="atlantamarket_PROD.LineDigitalShowroom" tests="6" failures="0" timestamp="24 Nov 2023 04:34:48 GMT" time="159.596" errors="0">
  <testcase name="TS001_VerifyLineDigitalShowroomHeroComponentShownByExhibitorNamaeTest" time="11.359" classname="atlantamarket_PROD.LineDigitalShowroom"/>
  <testcase name="TS003_VerifyLineDigitalShowroomHeroComponentProductsComponentCountTest" time="20.325" classname="atlantamarket_PROD.LineDigitalShowroom"/>
  <testcase name="TS004_VerifyLineDigitalShowroomProductscomponentTest" time="24.564" classname="atlantamarket_PROD.LineDigitalShowroom"/>
  <testcase name="TS002_VerifyLineDigitalShowroomHeroComponentLocationLinksTest" time="24.012" classname="atlantamarket_PROD.LineDigitalShowroom"/>
  <testcase name="TS005_VerifyLineDigitalShowroomProductscomponentSeeAllProductsTest" time="15.158" classname="atlantamarket_PROD.LineDigitalShowroom"/>
  <testcase name="TS006_VerifyLineDigitalShowroomProductscomponentSelectProductTest" time="64.178" classname="atlantamarket_PROD.LineDigitalShowroom"/>
</testsuite> <!-- atlantamarket_PROD.LineDigitalShowroom -->
