<?xml version="1.0" encoding="UTF-8"?>
<!-- Generated by org.testng.reporters.JUnitReportReporter -->
<testsuite hostname="swapnili" name="atlantamarket_UAT.MarketPlanner" tests="1" failures="0" timestamp="4 Aug 2022 11:14:50 GMT" time="54.977" errors="0">
  <testcase name="TS003_VerifyMarketPlannerInvalidLoginCredentialsTest" time="54.977" classname="atlantamarket_UAT.MarketPlanner"/>
</testsuite> <!-- atlantamarket_UAT.MarketPlanner -->
