<?xml version="1.0" encoding="UTF-8"?>
<!-- Generated by org.testng.reporters.JUnitReportReporter -->
<testsuite hostname="eon-swapnili" name="lasvegasmarket_UAT.GlobalSearch_SearchFor" tests="1" failures="0" timestamp="11 Jan 2024 11:08:45 GMT" time="15.931" errors="0">
  <testcase name="TS001_VerifyInformationTabInGlobalSearchTest" time="15.931" classname="lasvegasmarket_UAT.GlobalSearch_SearchFor"/>
</testsuite> <!-- lasvegasmarket_UAT.GlobalSearch_SearchFor -->
