<?xml version="1.0" encoding="UTF-8"?>
<!-- Generated by org.testng.reporters.JUnitReportReporter -->
<testsuite hostname="eon-swapnili" name="lasvegasmarket_PROD.ExhibitorDigitalShowroom" tests="15" failures="0" timestamp="4 Jul 2024 16:12:52 GMT" time="593.827" errors="0">
  <testcase name="TS005_VerifyClickOnLineSearchForExhibitorTest" time="37.591" classname="lasvegasmarket_PROD.ExhibitorDigitalShowroom"/>
  <testcase name="TS010_VerifyExhibitorDigitalShowroomHeroComponentVisitExhibitorsiteTest" time="34.431" classname="lasvegasmarket_PROD.ExhibitorDigitalShowroom"/>
  <testcase name="TS003_VerifyClickOnProductShownLinkForExhibitorTest" time="54.356" classname="lasvegasmarket_PROD.ExhibitorDigitalShowroom"/>
  <testcase name="TS001_VerifyClickOnLocationLinksForExhibitorDigitalShowroomTest" time="36.254" classname="lasvegasmarket_PROD.ExhibitorDigitalShowroom"/>
  <testcase name="TS014_VerifyExhibitorDigitalShowroomShowSpecialsTest" time="44.094" classname="lasvegasmarket_PROD.ExhibitorDigitalShowroom"/>
  <testcase name="TS012_VerifyExhibitorDigitalEventsComponentTest" time="39.031" classname="lasvegasmarket_PROD.ExhibitorDigitalShowroom"/>
  <testcase name="TS007_VerifyExhibitorDigitalShowroomProductsComponentSeeAllProductsTest" time="33.260" classname="lasvegasmarket_PROD.ExhibitorDigitalShowroom"/>
  <testcase name="TS008_VerifySeeInOtherMarketsForExhibitorTest" time="46.703" classname="lasvegasmarket_PROD.ExhibitorDigitalShowroom"/>
  <testcase name="TS013_VerifyCatalogsSectionForExhibitorTest" time="38.888" classname="lasvegasmarket_PROD.ExhibitorDigitalShowroom"/>
  <testcase name="TS002_VerifyClickOnTotalLinesSeeAllLinesForExhibitorTest" time="72.782" classname="lasvegasmarket_PROD.ExhibitorDigitalShowroom"/>
  <testcase name="TS015_VerifyExhibitorDigitalShowroomHeroComponentContactExhibitorTest" time="21.155" classname="lasvegasmarket_PROD.ExhibitorDigitalShowroom"/>
  <testcase name="TS004_VerifyClickOnLineFiltersForExhibitorTest" time="33.956" classname="lasvegasmarket_PROD.ExhibitorDigitalShowroom"/>
  <testcase name="TS006_VerifyExhibitorDigitalShowroomLinesComponentSeeAllLinesTest" time="30.912" classname="lasvegasmarket_PROD.ExhibitorDigitalShowroom"/>
  <testcase name="TS009_VerifyExhibitorDigitalShowroomCatalogsComponentSeeAllCatalogsTest" time="35.343" classname="lasvegasmarket_PROD.ExhibitorDigitalShowroom"/>
  <testcase name="TS011_VerifyExhibitorDigitalShowroomHeroComponentView3DShowroomTest" time="35.071" classname="lasvegasmarket_PROD.ExhibitorDigitalShowroom"/>
</testsuite> <!-- lasvegasmarket_PROD.ExhibitorDigitalShowroom -->
