<?xml version="1.0" encoding="UTF-8"?>
<!-- Generated by org.testng.reporters.JUnitReportReporter -->
<testsuite hostname="Anuppa-VD3" name="lasvegasmarket_UAT.GlobalSearch_LeftPaneFilters" tests="11" failures="0" timestamp="17 Feb 2023 06:00:23 GMT" time="417.773" errors="0">
  <testcase name="TS001_VerifySelectionOfApparelVintageProdCatgFromLeftPaneFiltersTest" time="25.077" classname="lasvegasmarket_UAT.GlobalSearch_LeftPaneFilters"/>
  <testcase name="TS002_VerifySelectionOfAntiqueVintageProdCatgFromLeftPaneFiltersTest" time="28.824" classname="lasvegasmarket_UAT.GlobalSearch_LeftPaneFilters"/>
  <testcase name="TS003_VerifyCombinationWithinProdCatgFromLeftPaneFiltersTest" time="34.890" classname="lasvegasmarket_UAT.GlobalSearch_LeftPaneFilters"/>
  <testcase name="TS009_VerifySelectionOfFashionAccProdCatgFromLeftPaneFiltersTest" time="42.918" classname="lasvegasmarket_UAT.GlobalSearch_LeftPaneFilters"/>
  <testcase name="TS005_VerifySelectionOfAccentFurnitureProdCatgFromLeftPaneFiltersTest" time="30.897" classname="lasvegasmarket_UAT.GlobalSearch_LeftPaneFilters"/>
  <testcase name="TS010_VerifySelectionOfFloralBotanicalsProdCatgFromLeftPaneFiltersTest" time="31.926" classname="lasvegasmarket_UAT.GlobalSearch_LeftPaneFilters"/>
  <testcase name="TS011_VerifySelectionOfHomeTextilesProdCatgFromLeftPaneFiltersTest" time="32.909" classname="lasvegasmarket_UAT.GlobalSearch_LeftPaneFilters"/>
  <testcase name="TS006_VerifySelectionOfHolidayProdCatgFromLeftPaneFiltersTest" time="43.179" classname="lasvegasmarket_UAT.GlobalSearch_LeftPaneFilters"/>
  <testcase name="TS007_VerifySelectionOfDecorativeAccessProdCatgFromLeftPaneFiltersTest" time="28.881" classname="lasvegasmarket_UAT.GlobalSearch_LeftPaneFilters"/>
  <testcase name="TS004_VerifyCombinationOfProdCatgWithStylesFromLeftPaneFiltersTest" time="90.650" classname="lasvegasmarket_UAT.GlobalSearch_LeftPaneFilters"/>
  <testcase name="TS008_VerifySelectionOfGeneralGiftProdCatgFromLeftPaneFiltersTest" time="27.622" classname="lasvegasmarket_UAT.GlobalSearch_LeftPaneFilters"/>
</testsuite> <!-- lasvegasmarket_UAT.GlobalSearch_LeftPaneFilters -->
