<?xml version="1.0" encoding="UTF-8"?>
<!-- Generated by org.testng.reporters.JUnitReportReporter -->
<testsuite skipped="7" hostname="Anuppa-VD3" name="atlantamarket_PROD.ExhibitorDigitalShowroom" tests="8" failures="0" timestamp="12 Jul 2024 10:20:21 GMT" time="50.587" errors="0">
  <testcase name="TS015_VerifyExhibitorDigitalShowroomHeroComponentContactExhibitorTest" time="50.587" classname="atlantamarket_PROD.ExhibitorDigitalShowroom"/>
  <testcase name="verifyMPLoginFunctionality" classname="atlantamarket_PROD.ExhibitorDigitalShowroom">
    <skipped/>
  </testcase> <!-- verifyMPLoginFunctionality -->
  <testcase name="TS018_VerifyAddNoteListWithPlusIconTest" classname="atlantamarket_PROD.ExhibitorDigitalShowroom">
    <skipped/>
  </testcase> <!-- TS018_VerifyAddNoteListWithPlusIconTest -->
  <testcase name="TS020_VerifyExhibitorDigitalShowroomCatalogsComponentOrderOnJuniperMarketTest" classname="atlantamarket_PROD.ExhibitorDigitalShowroom">
    <skipped/>
  </testcase> <!-- TS020_VerifyExhibitorDigitalShowroomCatalogsComponentOrderOnJuniperMarketTest -->
  <testcase name="TS021_VerifyExhibitorDigitalShowroomHeroComponentOrderOnJuniperMarketTest" classname="atlantamarket_PROD.ExhibitorDigitalShowroom">
    <skipped/>
  </testcase> <!-- TS021_VerifyExhibitorDigitalShowroomHeroComponentOrderOnJuniperMarketTest -->
  <testcase name="TS019_VerifyExhibitorDigitalShowroomProductsComponentOrderOnJuniperMarketTest" classname="atlantamarket_PROD.ExhibitorDigitalShowroom">
    <skipped/>
  </testcase> <!-- TS019_VerifyExhibitorDigitalShowroomProductsComponentOrderOnJuniperMarketTest -->
  <testcase name="TS016_VerifyAddToFavoritesTest" classname="atlantamarket_PROD.ExhibitorDigitalShowroom">
    <skipped/>
  </testcase> <!-- TS016_VerifyAddToFavoritesTest -->
  <testcase name="TS017_VerifyAddToExistingListWithPlusIconTest" classname="atlantamarket_PROD.ExhibitorDigitalShowroom">
    <skipped/>
  </testcase> <!-- TS017_VerifyAddToExistingListWithPlusIconTest -->
</testsuite> <!-- atlantamarket_PROD.ExhibitorDigitalShowroom -->
