<?xml version="1.0" encoding="UTF-8"?>
<!-- Generated by org.testng.reporters.JUnitReportReporter -->
<testsuite hostname="Anuppa-VD3" name="atlantamarket_PROD.GlobalSearch_ExhibitorActions" tests="1" failures="0" timestamp="14 Dec 2022 08:08:51 GMT" time="74.069" errors="0">
  <testcase name="TS003_VerifyAddToExistingListForExhibitorTest" time="74.069" classname="atlantamarket_PROD.GlobalSearch_ExhibitorActions"/>
</testsuite> <!-- atlantamarket_PROD.GlobalSearch_ExhibitorActions -->
