<?xml version="1.0" encoding="UTF-8"?>
<!-- Generated by org.testng.reporters.JUnitReportReporter -->
<testsuite hostname="Anuppa-VD3" name="atlantamarket_PROD.GlobalSearch_ProductActions" tests="1" failures="0" timestamp="22 Mar 2023 09:48:38 GMT" time="54.711" errors="0">
  <testcase name="TS009_VerifyProductAddToNewlyCreatedListOnSearchResultsGridTest" time="54.711" classname="atlantamarket_PROD.GlobalSearch_ProductActions"/>
</testsuite> <!-- atlantamarket_PROD.GlobalSearch_ProductActions -->
