<?xml version="1.0" encoding="UTF-8"?>
<!-- Generated by org.testng.reporters.JUnitReportReporter -->
<testsuite skipped="7" hostname="Anuppa-VD3" name="atlantamarket_PROD.EvenntsAndWebinar" tests="8" failures="0" timestamp="04 Jul 2024 06:50:40 GMT" time="30.499" errors="1">
  <testcase name="TS009_VerifyExhibitorEventsDetailstTest" time="30.499" classname="atlantamarket_PROD.EvenntsAndWebinar">
    <error type="java.lang.NullPointerException">
      <![CDATA[java.lang.NullPointerException
at java.lang.String.contains(Unknown Source)
at atlantamarket_PROD.EvenntsAndWebinar.TS009_VerifyExhibitorEventsDetailstTest(EvenntsAndWebinar.java:833)
at sun.reflect.NativeMethodAccessorImpl.invoke0(Native Method)
at sun.reflect.NativeMethodAccessorImpl.invoke(Unknown Source)
at sun.reflect.DelegatingMethodAccessorImpl.invoke(Unknown Source)
at java.lang.reflect.Method.invoke(Unknown Source)
at org.testng.internal.MethodInvocationHelper.invokeMethod(MethodInvocationHelper.java:124)
at org.testng.internal.Invoker.invokeMethod(Invoker.java:583)
at org.testng.internal.Invoker.invokeTestMethod(Invoker.java:719)
at org.testng.internal.Invoker.invokeTestMethods(Invoker.java:989)
at org.testng.internal.TestMethodWorker.invokeTestMethods(TestMethodWorker.java:125)
at org.testng.internal.TestMethodWorker.run(TestMethodWorker.java:109)
at org.testng.TestRunner.privateRun(TestRunner.java:648)
at org.testng.TestRunner.run(TestRunner.java:505)
at org.testng.SuiteRunner.runTest(SuiteRunner.java:455)
at org.testng.SuiteRunner.runSequentially(SuiteRunner.java:450)
at org.testng.SuiteRunner.privateRun(SuiteRunner.java:415)
at org.testng.SuiteRunner.run(SuiteRunner.java:364)
at org.testng.SuiteRunnerWorker.runSuite(SuiteRunnerWorker.java:52)
at org.testng.SuiteRunnerWorker.run(SuiteRunnerWorker.java:84)
at org.testng.TestNG.runSuitesSequentially(TestNG.java:1208)
at org.testng.TestNG.runSuitesLocally(TestNG.java:1137)
at org.testng.TestNG.runSuites(TestNG.java:1049)
at org.testng.TestNG.run(TestNG.java:1017)
at org.testng.remote.AbstractRemoteTestNG.run(AbstractRemoteTestNG.java:114)
at org.testng.remote.RemoteTestNG.initAndRun(RemoteTestNG.java:251)
at org.testng.remote.RemoteTestNG.main(RemoteTestNG.java:77)
]]>
    </error>
  </testcase> <!-- TS009_VerifyExhibitorEventsDetailstTest -->
  <testcase name="verifyMPLoginFunctionality" classname="atlantamarket_PROD.EvenntsAndWebinar">
    <skipped/>
  </testcase> <!-- verifyMPLoginFunctionality -->
  <testcase name="TS013_VerifyExhibitorEventsAddToListTest" classname="atlantamarket_PROD.EvenntsAndWebinar">
    <skipped/>
  </testcase> <!-- TS013_VerifyExhibitorEventsAddToListTest -->
  <testcase name="TS014_VerifyExhibitorEventsAddNoteTest" classname="atlantamarket_PROD.EvenntsAndWebinar">
    <skipped/>
  </testcase> <!-- TS014_VerifyExhibitorEventsAddNoteTest -->
  <testcase name="TS015_VerifyIMCEventsAddToListTest" classname="atlantamarket_PROD.EvenntsAndWebinar">
    <skipped/>
  </testcase> <!-- TS015_VerifyIMCEventsAddToListTest -->
  <testcase name="TS012_VerifyExhibitorEventsAddToFavoriteTest" classname="atlantamarket_PROD.EvenntsAndWebinar">
    <skipped/>
  </testcase> <!-- TS012_VerifyExhibitorEventsAddToFavoriteTest -->
  <testcase name="TS010_VerifyIMCEventsAddToFavoriteTest" classname="atlantamarket_PROD.EvenntsAndWebinar">
    <skipped/>
  </testcase> <!-- TS010_VerifyIMCEventsAddToFavoriteTest -->
  <testcase name="TS011_VerifyIMCEventsAddNoteTest" classname="atlantamarket_PROD.EvenntsAndWebinar">
    <skipped/>
  </testcase> <!-- TS011_VerifyIMCEventsAddNoteTest -->
</testsuite> <!-- atlantamarket_PROD.EvenntsAndWebinar -->
