<?xml version="1.0" encoding="UTF-8"?>
<!-- Generated by org.testng.reporters.JUnitReportReporter -->
<testsuite hostname="Anuppa-VD3" name="atlantamarket_PROD.FloorPlans" tests="1" failures="0" timestamp="13 Apr 2023 04:43:34 GMT" time="48.501" errors="0">
  <testcase name="TS005_VerifyFunctionalityOfFiltersOFloorPlansPageTest" time="48.501" classname="atlantamarket_PROD.FloorPlans"/>
</testsuite> <!-- atlantamarket_PROD.FloorPlans -->
