<?xml version="1.0" encoding="UTF-8"?>
<!-- Generated by org.testng.reporters.JUnitReportReporter -->
<testsuite hostname="Anuppa-VD3" name="lasvegasmarket_UAT.FloorPlans" tests="1" failures="0" timestamp="17 Feb 2023 12:35:02 GMT" time="63.503" errors="0">
  <testcase name="TS010_VerifyAddToListFunctionalityForExhibitorOnFloorPlansPageTest" time="63.503" classname="lasvegasmarket_UAT.FloorPlans"/>
</testsuite> <!-- lasvegasmarket_UAT.FloorPlans -->
