<?xml version="1.0" encoding="UTF-8"?>
<!-- Generated by org.testng.reporters.JUnitReportReporter -->
<testsuite hostname="CVC2446" failures="0" tests="12" name="lasvegasmarket_PROD.GlobalSearch_MatchingResults" time="346.408" errors="0" timestamp="2025-07-04T16:17:09 IST" skipped="5">
  <testcase classname="lasvegasmarket_PROD.GlobalSearch_MatchingResults" name="TS001_VerifyGlobalSearchContainsAndStartsWithTest" time="9.401"/>
  <system-out/>
  <testcase classname="lasvegasmarket_PROD.GlobalSearch_MatchingResults" name="TS002_VerifyGlobalSearchMatchingResultsSortWithinTest" time="62.468"/>
  <system-out/>
  <testcase classname="lasvegasmarket_PROD.GlobalSearch_MatchingResults" name="TS003_VerifyGlobalSearchMatchingResultsSortSortByAscendingOrderTest" time="58.750"/>
  <system-out/>
  <testcase classname="lasvegasmarket_PROD.GlobalSearch_MatchingResults" name="TS003_VerifyGlobalSearchMatchingResultsSortSortByDscendingOrderTest" time="58.603"/>
  <system-out/>
  <testcase classname="lasvegasmarket_PROD.GlobalSearch_MatchingResults" name="TS003_VerifyGlobalSearchMatchingResultsSortSortByMatchingProductCountDescendingTest" time="43.415"/>
  <system-out/>
  <testcase classname="lasvegasmarket_PROD.GlobalSearch_MatchingResults" name="TS003_VerifyGlobalSearchMatchingResultsSortSortByMatchingProductCountAscendingTest" time="58.993"/>
  <system-out/>
  <testcase classname="lasvegasmarket_PROD.GlobalSearch_MatchingResults" name="TS004_VerifyGlobalSearchMatchingResultsSortFilterByNameTest" time="54.778"/>
  <system-out/>
  <testcase classname="lasvegasmarket_PROD.GlobalSearch_MatchingResults" name="TS005_VerifyGlobalSearchMatchingResultsSelectAddToFavoritesTest">
    <skipped/>
  </testcase> <!-- TS005_VerifyGlobalSearchMatchingResultsSelectAddToFavoritesTest -->
  <system-out/>
  <testcase classname="lasvegasmarket_PROD.GlobalSearch_MatchingResults" name="TS007_VerifyGlobalSearchMatchingResultsSelectAddToNewlyCreatedListTest">
    <skipped/>
  </testcase> <!-- TS007_VerifyGlobalSearchMatchingResultsSelectAddToNewlyCreatedListTest -->
  <system-out/>
  <testcase classname="lasvegasmarket_PROD.GlobalSearch_MatchingResults" name="TS006_VerifyGlobalSearchMatchingResultsSelectAddToExistingListTest">
    <skipped/>
  </testcase> <!-- TS006_VerifyGlobalSearchMatchingResultsSelectAddToExistingListTest -->
  <system-out/>
  <testcase classname="lasvegasmarket_PROD.GlobalSearch_MatchingResults" name="TS009_VerifyGlobalSearchMatchingResultsSavedSearchesTest">
    <skipped/>
  </testcase> <!-- TS009_VerifyGlobalSearchMatchingResultsSavedSearchesTest -->
  <system-out/>
  <testcase classname="lasvegasmarket_PROD.GlobalSearch_MatchingResults" name="TS008_VerifyGlobalSearchMatchingResultsUsePreviousSavedSearchTest">
    <skipped/>
  </testcase> <!-- TS008_VerifyGlobalSearchMatchingResultsUsePreviousSavedSearchTest -->
  <system-out/>
</testsuite> <!-- lasvegasmarket_PROD.GlobalSearch_MatchingResults -->
