<?xml version="1.0" encoding="UTF-8"?>
<!-- Generated by org.testng.reporters.JUnitReportReporter -->
<testsuite hostname="NILAMMA-W10" name="atlantamarket_PROD.FloorPlans" tests="1" failures="0" timestamp="27 Jan 2023 06:53:18 GMT" time="31.671" errors="0">
  <testcase name="TS004_VerifyIconsOnFloorPlansPageTest" time="31.671" classname="atlantamarket_PROD.FloorPlans"/>
</testsuite> <!-- atlantamarket_PROD.FloorPlans -->
