<?xml version="1.0" encoding="UTF-8"?>
<!-- Generated by org.testng.reporters.JUnitReportReporter -->
<testsuite hostname="swapnili" name="atlantamarket_UAT.MarketPlanner" tests="2" failures="0" timestamp="8 Aug 2022 13:06:58 GMT" time="56.255" errors="0">
  <testcase name="TS008_VerifyMarketPlannerListNewListBtnTest" time="4.451" classname="atlantamarket_UAT.MarketPlanner"/>
  <testcase name="TS007_VerifyMarketPlannerListNewGroupBtnTest" time="51.804" classname="atlantamarket_UAT.MarketPlanner"/>
</testsuite> <!-- atlantamarket_UAT.MarketPlanner -->
