<?xml version="1.0" encoding="UTF-8"?>
<!-- Generated by org.testng.reporters.JUnitReportReporter -->
<testsuite hostname="eon-swapnili" name="atlantamarket_PROD.GlobalSearch_SearchFor" tests="1" failures="0" timestamp="13 Dec 2022 13:05:50 GMT" time="32.281" errors="0">
  <testcase name="TS004_VerifyCatalogsOverviewInGlobalSearchTest" time="32.281" classname="atlantamarket_PROD.GlobalSearch_SearchFor"/>
</testsuite> <!-- atlantamarket_PROD.GlobalSearch_SearchFor -->
