<?xml version="1.0" encoding="UTF-8"?>
<!-- Generated by org.testng.reporters.JUnitReportReporter -->
<testsuite hostname="CVC2446" failures="1" tests="12" name="lasvegasmarket_PROD.GlobalSearch_MatchingResults" time="332.344" errors="0" timestamp="2025-04-14T19:16:34 IST" skipped="5">
  <testcase classname="lasvegasmarket_PROD.GlobalSearch_MatchingResults" name="TS001_VerifyGlobalSearchContainsAndStartsWithTest" time="8.056"/>
  <system-out/>
  <testcase classname="lasvegasmarket_PROD.GlobalSearch_MatchingResults" name="TS002_VerifyGlobalSearchMatchingResultsSortWithinTest" time="60.905"/>
  <system-out/>
  <testcase classname="lasvegasmarket_PROD.GlobalSearch_MatchingResults" name="TS003_VerifyGlobalSearchMatchingResultsSortSortByAscendingOrderTest" time="55.917">
    <failure message="Exhibitors are NOT sorted in ascending order." type="java.lang.AssertionError">
      <![CDATA[java.lang.AssertionError: Exhibitors are NOT sorted in ascending order.
at org.testng.Assert.fail(Assert.java:99)
at lasvegasmarket_PROD.GlobalSearch_MatchingResults.TS003_VerifyGlobalSearchMatchingResultsSortSortByAscendingOrderTest(GlobalSearch_MatchingResults.java:279)
at java.base/jdk.internal.reflect.DirectMethodHandleAccessor.invoke(DirectMethodHandleAccessor.java:103)
at java.base/java.lang.reflect.Method.invoke(Method.java:580)
at org.testng.internal.MethodInvocationHelper.invokeMethod(MethodInvocationHelper.java:133)
at org.testng.internal.TestInvoker.invokeMethod(TestInvoker.java:598)
at org.testng.internal.TestInvoker.invokeTestMethod(TestInvoker.java:173)
at org.testng.internal.MethodRunner.runInSequence(MethodRunner.java:46)
at org.testng.internal.TestInvoker$MethodInvocationAgent.invoke(TestInvoker.java:824)
at org.testng.internal.TestInvoker.invokeTestMethods(TestInvoker.java:146)
at org.testng.internal.TestMethodWorker.invokeTestMethods(TestMethodWorker.java:146)
at org.testng.internal.TestMethodWorker.run(TestMethodWorker.java:128)
at java.base/java.util.ArrayList.forEach(ArrayList.java:1596)
at org.testng.TestRunner.privateRun(TestRunner.java:794)
at org.testng.TestRunner.run(TestRunner.java:596)
at org.testng.SuiteRunner.runTest(SuiteRunner.java:377)
at org.testng.SuiteRunner.runSequentially(SuiteRunner.java:371)
at org.testng.SuiteRunner.privateRun(SuiteRunner.java:332)
at org.testng.SuiteRunner.run(SuiteRunner.java:276)
at org.testng.SuiteRunnerWorker.runSuite(SuiteRunnerWorker.java:53)
at org.testng.SuiteRunnerWorker.run(SuiteRunnerWorker.java:96)
at org.testng.TestNG.runSuitesSequentially(TestNG.java:1212)
at org.testng.TestNG.runSuitesLocally(TestNG.java:1134)
at org.testng.TestNG.runSuites(TestNG.java:1063)
at org.testng.TestNG.run(TestNG.java:1031)
at org.testng.remote.AbstractRemoteTestNG.run(AbstractRemoteTestNG.java:115)
at org.testng.remote.RemoteTestNG.initAndRun(RemoteTestNG.java:293)
at org.testng.remote.RemoteTestNG.main(RemoteTestNG.java:91)
]]>
    </failure>
  </testcase> <!-- TS003_VerifyGlobalSearchMatchingResultsSortSortByAscendingOrderTest -->
  <system-out/>
  <testcase classname="lasvegasmarket_PROD.GlobalSearch_MatchingResults" name="TS003_VerifyGlobalSearchMatchingResultsSortSortByMatchingProductCountDescendingTest" time="41.023"/>
  <system-out/>
  <testcase classname="lasvegasmarket_PROD.GlobalSearch_MatchingResults" name="TS003_VerifyGlobalSearchMatchingResultsSortSortByDscendingOrderTest" time="56.707"/>
  <system-out/>
  <testcase classname="lasvegasmarket_PROD.GlobalSearch_MatchingResults" name="TS003_VerifyGlobalSearchMatchingResultsSortSortByMatchingProductCountAscendingTest" time="56.986"/>
  <system-out/>
  <testcase classname="lasvegasmarket_PROD.GlobalSearch_MatchingResults" name="TS004_VerifyGlobalSearchMatchingResultsSortFilterByNameTest" time="52.750"/>
  <system-out/>
  <testcase classname="lasvegasmarket_PROD.GlobalSearch_MatchingResults" name="TS005_VerifyGlobalSearchMatchingResultsSelectAddToFavoritesTest">
    <skipped/>
  </testcase> <!-- TS005_VerifyGlobalSearchMatchingResultsSelectAddToFavoritesTest -->
  <system-out/>
  <testcase classname="lasvegasmarket_PROD.GlobalSearch_MatchingResults" name="TS007_VerifyGlobalSearchMatchingResultsSelectAddToNewlyCreatedListTest">
    <skipped/>
  </testcase> <!-- TS007_VerifyGlobalSearchMatchingResultsSelectAddToNewlyCreatedListTest -->
  <system-out/>
  <testcase classname="lasvegasmarket_PROD.GlobalSearch_MatchingResults" name="TS006_VerifyGlobalSearchMatchingResultsSelectAddToExistingListTest">
    <skipped/>
  </testcase> <!-- TS006_VerifyGlobalSearchMatchingResultsSelectAddToExistingListTest -->
  <system-out/>
  <testcase classname="lasvegasmarket_PROD.GlobalSearch_MatchingResults" name="TS009_VerifyGlobalSearchMatchingResultsSavedSearchesTest">
    <skipped/>
  </testcase> <!-- TS009_VerifyGlobalSearchMatchingResultsSavedSearchesTest -->
  <system-out/>
  <testcase classname="lasvegasmarket_PROD.GlobalSearch_MatchingResults" name="TS008_VerifyGlobalSearchMatchingResultsUsePreviousSavedSearchTest">
    <skipped/>
  </testcase> <!-- TS008_VerifyGlobalSearchMatchingResultsUsePreviousSavedSearchTest -->
  <system-out/>
</testsuite> <!-- lasvegasmarket_PROD.GlobalSearch_MatchingResults -->
