<?xml version="1.0" encoding="UTF-8"?>
<!-- Generated by org.testng.reporters.JUnitReportReporter -->
<testsuite hostname="Anuppa-VD3" name="lasvegasmarket_PROD.GlobalSearch_SearchFor" tests="1" failures="0" timestamp="3 May 2023 08:38:36 GMT" time="62.397" errors="0">
  <testcase name="TS005_VerifyArticlesOverviewInGlobalSearchTest" time="62.397" classname="lasvegasmarket_PROD.GlobalSearch_SearchFor"/>
</testsuite> <!-- lasvegasmarket_PROD.GlobalSearch_SearchFor -->
