<?xml version="1.0" encoding="UTF-8"?>
 Generated by org.testng.reporters.JUnitReportReporter -->

<testsuite hostname="swapnili" name="atlantamarket_PROD.ExhibitorDigitalShowroom" tests="1" failures="0" timestamp="22 Nov 2022 11:18:54 GMT" time="29.511" errors="0">
  <testcase name="TS012_VerifyExhibitorDigitalShowroomProductsComponentSeeAllProductsTest" time="29.511" classname="atlantamarket_PROD.ExhibitorDigitalShowroom"/>

<testsuite hostname="NILAMMA-W10" name="atlantamarket_PROD.ExhibitorDigitalShowroom" tests="1" failures="0" timestamp="22 Nov 2022 09:21:10 GMT" time="61.049" errors="0">
  <testcase name="TS009_VerifyClickOnLineSearchForExhibitorTest" time="61.049" classname="atlantamarket_PROD.ExhibitorDigitalShowroom"/>
 8f070e7986cd027a4be87b7178c2f73fcb4c2d95
</testsuite>  atlantamarket_PROD.ExhibitorDigitalShowroom -->
