<?xml version="1.0" encoding="UTF-8"?>
<!-- Generated by org.testng.reporters.JUnitReportReporter -->
<testsuite hostname="EON-prasannsheelb" failures="0" tests="1" name="atlantamarket_PROD.GlobalSearch_MatchingResults" time="41.620" errors="0" timestamp="29 Dec 2023 03:18:14 GMT">
  <testcase classname="atlantamarket_PROD.GlobalSearch_MatchingResults" name="TS002_VerifyGlobalSearchMatchingResultsSortWithinTest" time="41.620"/>
</testsuite> <!-- atlantamarket_PROD.GlobalSearch_MatchingResults -->
