<?xml version="1.0" encoding="UTF-8"?>
<!-- Generated by org.testng.reporters.JUnitReportReporter -->
<testsuite hostname="eon-swapnili" name="atlantamarket_PROD.LineDigitalShowroom" tests="6" failures="0" timestamp="13 Mar 2024 08:19:17 GMT" time="157.089" errors="0">
  <testcase name="TS004_VerifyLineDigitalShowroomProductscomponentTest" time="23.477" classname="atlantamarket_PROD.LineDigitalShowroom"/>
  <testcase name="TS006_VerifyLineDigitalShowroomProductscomponentSelectProductTest" time="63.347" classname="atlantamarket_PROD.LineDigitalShowroom"/>
  <testcase name="TS005_VerifyLineDigitalShowroomProductscomponentSeeAllProductsTest" time="14.526" classname="atlantamarket_PROD.LineDigitalShowroom"/>
  <testcase name="TS002_VerifyLineDigitalShowroomHeroComponentLocationLinksTest" time="23.319" classname="atlantamarket_PROD.LineDigitalShowroom"/>
  <testcase name="TS001_VerifyLineDigitalShowroomHeroComponentShownByExhibitorNamaeTest" time="12.831" classname="atlantamarket_PROD.LineDigitalShowroom"/>
  <testcase name="TS003_VerifyLineDigitalShowroomHeroComponentProductsComponentCountTest" time="19.589" classname="atlantamarket_PROD.LineDigitalShowroom"/>
</testsuite> <!-- atlantamarket_PROD.LineDigitalShowroom -->
