<?xml version="1.0" encoding="UTF-8"?>
<!-- Generated by org.testng.reporters.JUnitReportReporter -->
<testsuite hostname="Anuppa-VD3" name="atlantamarket_PROD.GlobalSearch_LeftPaneFilters" tests="1" failures="0" timestamp="14 Mar 2023 06:30:10 GMT" time="30.426" errors="0">
  <testcase name="TS008_VerifySelectionOfGeneralGiftProdCatgFromLeftPaneFiltersTest" time="30.426" classname="atlantamarket_PROD.GlobalSearch_LeftPaneFilters"/>
</testsuite> <!-- atlantamarket_PROD.GlobalSearch_LeftPaneFilters -->
