<?xml version="1.0" encoding="UTF-8"?>
<!-- Generated by org.testng.reporters.JUnitReportReporter -->
<testsuite hostname="Anuppa-VD3" name="atlantamarket_PROD.GlobalSearch_LeftPaneFilters" tests="1" failures="0" timestamp="24 Nov 2023 09:52:34 GMT" time="42.253" errors="0">
  <testcase name="TS009_VerifySelectionOfFashionAccProdCatgFromLeftPaneFiltersTest" time="42.253" classname="atlantamarket_PROD.GlobalSearch_LeftPaneFilters"/>
</testsuite> <!-- atlantamarket_PROD.GlobalSearch_LeftPaneFilters -->
