<?xml version="1.0" encoding="UTF-8"?>
<!-- Generated by org.testng.reporters.JUnitReportReporter -->
<testsuite hostname="eon-swapnili" name="lasvegasmarket_UAT.FloorPlans" tests="8" failures="0" timestamp="5 Aug 2024 09:10:15 GMT" time="173.815" errors="0">
  <testcase name="TS006_VerifySelectionOfExhibitorOnFloorPlansPageTest" time="37.079" classname="lasvegasmarket_UAT.FloorPlans"/>
  <testcase name="TS002_VerifyNoExhibitorsOnThisFloorMessageTest" time="11.796" classname="lasvegasmarket_UAT.FloorPlans"/>
  <testcase name="TS008_VerifySearchFunctionalityForExhListOnFloorPlansPageTest" time="48.460" classname="lasvegasmarket_UAT.FloorPlans"/>
  <testcase name="TS001_VerifyNavigationToDifferentFloorBuildingsTest" time="21.261" classname="lasvegasmarket_UAT.FloorPlans"/>
  <testcase name="TS005_VerifyPaginationOnFloorPlansPageTest" time="17.900" classname="lasvegasmarket_UAT.FloorPlans"/>
  <testcase name="TS003_VerifyZoomInOutLevelOnFloorPlansPageTest" time="12.649" classname="lasvegasmarket_UAT.FloorPlans"/>
  <testcase name="TS007_VerifyClickOnReturnToBuildingListBtnTest" time="14.066" classname="lasvegasmarket_UAT.FloorPlans"/>
  <testcase name="TS004_VerifyIconsOnFloorPlansPageTest" time="10.604" classname="lasvegasmarket_UAT.FloorPlans"/>
</testsuite> <!-- lasvegasmarket_UAT.FloorPlans -->
