<?xml version="1.0" encoding="UTF-8"?>
<!-- Generated by org.testng.reporters.JUnitReportReporter -->
<testsuite hostname="Anuppa-VD3" name="lasvegasmarket_UAT.GlobalSearch_ProductActions" tests="2" failures="0" timestamp="6 Nov 2023 09:34:10 GMT" time="91.513" errors="0">
  <testcase name="TS001_VerifyClickOnProductSeeDetailsBtnOnSearchResultsGridTest" time="43.538" classname="lasvegasmarket_UAT.GlobalSearch_ProductActions"/>
  <testcase name="TS002_VerifyFullScreenViewerOnProductDetailsPageTest" time="47.975" classname="lasvegasmarket_UAT.GlobalSearch_ProductActions"/>
</testsuite> <!-- lasvegasmarket_UAT.GlobalSearch_ProductActions -->
