<?xml version="1.0" encoding="UTF-8"?>
<!-- Generated by org.testng.reporters.JUnitReportReporter -->
<testsuite hostname="eon-swapnili" name="lasvegasmarket_UAT.GlobalSearch_ProductActions" tests="1" failures="0" timestamp="7 Mar 2023 09:25:15 GMT" time="54.376" errors="0">
  <testcase name="TS005_VerifyAddNoteOnProductDetailsPageTest" time="54.376" classname="lasvegasmarket_UAT.GlobalSearch_ProductActions"/>
</testsuite> <!-- lasvegasmarket_UAT.GlobalSearch_ProductActions -->
