<?xml version="1.0" encoding="UTF-8"?>
<!-- Generated by org.testng.reporters.JUnitReportReporter -->
<testsuite hostname="Anuppa-VD3" name="lasvegasmarket_PROD.GlobalSearch_LineActions" tests="1" failures="0" timestamp="29 Nov 2023 12:01:46 GMT" time="25.824" errors="0">
  <testcase name="TS001_VerifyClickOnShownByExhibitorNameLinkForLineTest" time="25.824" classname="lasvegasmarket_PROD.GlobalSearch_LineActions"/>
</testsuite> <!-- lasvegasmarket_PROD.GlobalSearch_LineActions -->
