<?xml version="1.0" encoding="UTF-8"?>
<!-- Generated by org.testng.reporters.JUnitReportReporter -->
<testsuite hostname="Anuppa-VD3" name="atlantamarket_PROD.GlobalSearch_LineActions" tests="4" failures="0" timestamp="16 Nov 2023 12:38:18 GMT" time="155.708" errors="0">
  <testcase name="TS004_VerifyClickOnTotalProductsSeeAllLinkForLineTest" time="45.150" classname="atlantamarket_PROD.GlobalSearch_LineActions"/>
  <testcase name="TS003_VerifyClickOnMatchingProductsSeeAllLinkForLineTest" time="60.357" classname="atlantamarket_PROD.GlobalSearch_LineActions"/>
  <testcase name="TS002_VerifyClickOnLocationLinkForLineTest" time="24.498" classname="atlantamarket_PROD.GlobalSearch_LineActions"/>
  <testcase name="TS001_VerifyClickOnShownByExhibitorNameLinkForLineTest" time="25.703" classname="atlantamarket_PROD.GlobalSearch_LineActions"/>
</testsuite> <!-- atlantamarket_PROD.GlobalSearch_LineActions -->
