<?xml version="1.0" encoding="UTF-8"?>
<!-- Generated by org.testng.reporters.JUnitReportReporter -->
<testsuite hostname="Anuppa-VD3" name="lasvegasmarket_UAT.LineDigitalShowroom" tests="1" failures="0" timestamp="20 Mar 2023 07:10:03 GMT" time="40.560" errors="0">
  <testcase name="TS003_VerifyLineDigitalShowroomHeroComponentAddToFavoriteTest" time="40.560" classname="lasvegasmarket_UAT.LineDigitalShowroom"/>
</testsuite> <!-- lasvegasmarket_UAT.LineDigitalShowroom -->
