<?xml version="1.0" encoding="UTF-8"?>
<!-- Generated by org.testng.reporters.JUnitReportReporter -->
<testsuite hostname="eon-swapnili" name="lasvegasmarket_PROD.GlobalSearch_SuggestionList" tests="3" failures="0" timestamp="5 Oct 2023 03:59:27 GMT" time="51.826" errors="0">
  <testcase name="TS001_VerifySelectionOfExhibitorFromAutoSuggestionListTest" time="18.550" classname="lasvegasmarket_PROD.GlobalSearch_SuggestionList"/>
  <testcase name="TS002_VerifySelectionOfLineFromAutoSuggestionListTest" time="14.127" classname="lasvegasmarket_PROD.GlobalSearch_SuggestionList"/>
  <testcase name="TS003_VerifySelectionOfProductFromAutoSuggestionListTest" time="19.149" classname="lasvegasmarket_PROD.GlobalSearch_SuggestionList"/>
</testsuite> <!-- lasvegasmarket_PROD.GlobalSearch_SuggestionList -->
