<?xml version="1.0" encoding="UTF-8"?>
<!-- Generated by org.testng.reporters.JUnitReportReporter -->
<testsuite hostname="swapnili" name="atlantamarket_UAT.MarketPlanner" tests="1" failures="0" timestamp="10 Aug 2022 13:21:40 GMT" time="78.606" errors="0">
  <testcase name="TS0016_VerifyMarketPlannerListManageListEditOptTest" time="78.606" classname="atlantamarket_UAT.MarketPlanner"/>
</testsuite> <!-- atlantamarket_UAT.MarketPlanner -->
