<?xml version="1.0" encoding="UTF-8"?>
<!-- Generated by org.testng.reporters.JUnitReportReporter -->
<testsuite hostname="NILAMMA-W10" name="atlantamarket_PROD.GlobalSearch_SuggestionList" tests="3" failures="0" timestamp="14 Jul 2022 13:50:46 GMT" time="54.422" errors="0">
  <testcase name="TS001_VerifySelectionOfExhibitorFromAutoSuggestionListTest" time="21.564" classname="atlantamarket_PROD.GlobalSearch_SuggestionList"/>
  <testcase name="TS003_VerifySelectionOfProductFromAutoSuggestionListTest" time="19.425" classname="atlantamarket_PROD.GlobalSearch_SuggestionList"/>
  <testcase name="TS002_VerifySelectionOfLineFromAutoSuggestionListTest" time="13.433" classname="atlantamarket_PROD.GlobalSearch_SuggestionList"/>
</testsuite> <!-- atlantamarket_PROD.GlobalSearch_SuggestionList -->
