<?xml version="1.0" encoding="UTF-8"?>
<!-- Generated by org.testng.reporters.JUnitReportReporter -->
<testsuite hostname="Anuppa-VD3" name="atlantamarket_UAT.FloorPlans" tests="9" failures="0" timestamp="12 Feb 2024 09:28:30 GMT" time="325.536" errors="0">
  <testcase name="TS002_VerifyNoExhibitorsOnThisFloorMessageTest" time="11.496" classname="atlantamarket_UAT.FloorPlans"/>
  <testcase name="TS007_VerifySelectionOfExhibitorOnFloorPlansPageTest" time="52.433" classname="atlantamarket_UAT.FloorPlans"/>
  <testcase name="TS004_VerifyIconsOnFloorPlansPageTest" time="46.943" classname="atlantamarket_UAT.FloorPlans"/>
  <testcase name="TS001_VerifyNavigationToDifferentFloorBuildingsTest" time="36.748" classname="atlantamarket_UAT.FloorPlans"/>
  <testcase name="TS005_VerifyFunctionalityOfFiltersOnFloorPlansPageTest" time="37.643" classname="atlantamarket_UAT.FloorPlans"/>
  <testcase name="TS006_VerifyPaginationOnFloorPlansPageTest" time="32.690" classname="atlantamarket_UAT.FloorPlans"/>
  <testcase name="TS003_VerifyZoomInOutLevelOnFloorPlansPageTest" time="28.049" classname="atlantamarket_UAT.FloorPlans"/>
  <testcase name="TS008_VerifyClickOnReturnToBuildingListBtnTest" time="13.571" classname="atlantamarket_UAT.FloorPlans"/>
  <testcase name="TS009_VerifySearchFunctionalityForExhListOnFloorPlansPageTest" time="65.963" classname="atlantamarket_UAT.FloorPlans"/>
</testsuite> <!-- atlantamarket_UAT.FloorPlans -->
