<?xml version="1.0" encoding="UTF-8"?>
<!-- Generated by org.testng.reporters.JUnitReportReporter -->
<testsuite hostname="CVC2446" failures="0" tests="2" name="lasvegasmarket_PROD.ShowSpecials" time="43.234" errors="0" timestamp="2025-04-25T16:09:12 IST" skipped="0">
  <testcase classname="lasvegasmarket_PROD.ShowSpecials" name="TS001_VerifyViewBrandDetailsLinkForShowSpecialsTest" time="23.751"/>
  <system-out/>
  <testcase classname="lasvegasmarket_PROD.ShowSpecials" name="TS002_VerifyShowroomLinkForShowSpecialsTest" time="19.483"/>
  <system-out/>
</testsuite> <!-- lasvegasmarket_PROD.ShowSpecials -->
