<?xml version="1.0" encoding="UTF-8"?>
<!-- Generated by org.testng.reporters.JUnitReportReporter -->
<testsuite hostname="Anuppa-VD3" name="atlantamarket_PROD.LineDigitalShowroom" tests="11" failures="1" timestamp="20 Dec 2022 05:31:08 GMT" time="389.789" errors="0">
  <testcase name="TS008_VerifyLineDigitalShowroomProductscomponentTest" time="23.590" classname="atlantamarket_PROD.LineDigitalShowroom"/>
  <testcase name="TS010_VerifyLineDigitalShowroomProductscomponentSeeAllProductsTest" time="15.993" classname="atlantamarket_PROD.LineDigitalShowroom"/>
  <testcase name="TS002_VerifyLineDigitalShowroomHeroComponentLocationLinksTest" time="20.418" classname="atlantamarket_PROD.LineDigitalShowroom"/>
  <testcase name="TS009_VerifyLineDigitalShowroomProductscomponentOrderOnJuniperMarketTest" time="19.681" classname="atlantamarket_PROD.LineDigitalShowroom"/>
  <testcase name="TS011_VerifyLineDigitalShowroomProductscomponentSelectProductTest" time="33.862" classname="atlantamarket_PROD.LineDigitalShowroom"/>
  <testcase name="TS005_VerifyLineDigitalShowroomHeroComponentAddNoteTest" time="48.896" classname="atlantamarket_PROD.LineDigitalShowroom"/>
  <testcase name="TS001_VerifyLineDigitalShowroomHeroComponentShownByExhibitorNamaeTest" time="11.522" classname="atlantamarket_PROD.LineDigitalShowroom"/>
  <testcase name="TS006_VerifyLineDigitalShowroomHeroComponentOrderOnJuniperMarketTest" time="8.014" classname="atlantamarket_PROD.LineDigitalShowroom"/>
  <testcase name="TS007_VerifyLineDigitalShowroomHeroComponentProductsComponentCountTest" time="5.615" classname="atlantamarket_PROD.LineDigitalShowroom"/>
  <testcase name="TS003_VerifyLineDigitalShowroomHeroComponentAddToFavoriteTest" time="115.876" classname="atlantamarket_PROD.LineDigitalShowroom">
    <failure type="org.openqa.selenium.TimeoutException" message="Expected condition failed: waiting for visibility of element located by By.xpath: //a[@class=&#039;imc-link--alt-darkred&#039;] (tried for 35 second(s) with 500 MILLISECONDS interval)">
      <![CDATA[org.openqa.selenium.TimeoutException: Expected condition failed: waiting for visibility of element located by By.xpath: //a[@class='imc-link--alt-darkred'] (tried for 35 second(s) with 500 MILLISECONDS interval)
	at org.openqa.selenium.support.ui.WebDriverWait.timeoutException(WebDriverWait.java:80)
	at org.openqa.selenium.support.ui.FluentWait.until(FluentWait.java:232)
	at pageObjects.AtlantaMarket.ATLMarketPlannerPage.getlistOfAllExh(ATLMarketPlannerPage.java:967)
	at atlantamarket_PROD.LineDigitalShowroom.TS003_VerifyLineDigitalShowroomHeroComponentAddToFavoriteTest(LineDigitalShowroom.java:196)
	at sun.reflect.NativeMethodAccessorImpl.invoke0(Native Method)
	at sun.reflect.NativeMethodAccessorImpl.invoke(Unknown Source)
	at sun.reflect.DelegatingMethodAccessorImpl.invoke(Unknown Source)
	at java.lang.reflect.Method.invoke(Unknown Source)
	at org.testng.internal.MethodInvocationHelper.invokeMethod(MethodInvocationHelper.java:80)
	at org.testng.internal.Invoker.invokeMethod(Invoker.java:714)
	at org.testng.internal.Invoker.invokeTestMethod(Invoker.java:901)
	at org.testng.internal.Invoker.invokeTestMethods(Invoker.java:1231)
	at org.testng.internal.TestMethodWorker.invokeTestMethods(TestMethodWorker.java:127)
	at org.testng.internal.TestMethodWorker.run(TestMethodWorker.java:111)
	at org.testng.TestRunner.privateRun(TestRunner.java:767)
	at org.testng.TestRunner.run(TestRunner.java:617)
	at org.testng.SuiteRunner.runTest(SuiteRunner.java:334)
	at org.testng.SuiteRunner.runSequentially(SuiteRunner.java:329)
	at org.testng.SuiteRunner.privateRun(SuiteRunner.java:291)
	at org.testng.SuiteRunner.run(SuiteRunner.java:240)
	at org.testng.SuiteRunnerWorker.runSuite(SuiteRunnerWorker.java:52)
	at org.testng.SuiteRunnerWorker.run(SuiteRunnerWorker.java:86)
	at org.testng.TestNG.runSuitesSequentially(TestNG.java:1198)
	at org.testng.TestNG.runSuitesLocally(TestNG.java:1123)
	at org.testng.TestNG.run(TestNG.java:1031)
	at org.testng.remote.AbstractRemoteTestNG.run(AbstractRemoteTestNG.java:132)
	at org.testng.remote.RemoteTestNG.initAndRun(RemoteTestNG.java:236)
	at org.testng.remote.RemoteTestNG.main(RemoteTestNG.java:81)
Caused by: org.openqa.selenium.NoSuchElementException: Cannot locate an element using By.xpath: //a[@class='imc-link--alt-darkred']
For documentation on this error, please visit: http://seleniumhq.org/exceptions/no_such_element.html
Build info: version: '3.4.0', revision: 'unknown', time: 'unknown'
System info: host: 'ANUPPA-VD3', ip: '172.27.182.66', os.name: 'Windows 10', os.arch: 'amd64', os.version: '10.0', java.version: '1.8.0_351'
Driver info: driver.version: unknown
	at org.openqa.selenium.support.ui.ExpectedConditions.lambda$findElement$0(ExpectedConditions.java:883)
	at java.util.Optional.orElseThrow(Unknown Source)
	at org.openqa.selenium.support.ui.ExpectedConditions.findElement(ExpectedConditions.java:882)
	at org.openqa.selenium.support.ui.ExpectedConditions.access$000(ExpectedConditions.java:44)
	at org.openqa.selenium.support.ui.ExpectedConditions$7.apply(ExpectedConditions.java:206)
	at org.openqa.selenium.support.ui.ExpectedConditions$7.apply(ExpectedConditions.java:202)
	at org.openqa.selenium.support.ui.FluentWait.until(FluentWait.java:209)
	... 26 more
]]>
    </failure>
  </testcase> <!-- TS003_VerifyLineDigitalShowroomHeroComponentAddToFavoriteTest -->
  <testcase name="TS004_VerifyLineDigitalShowroomHeroComponentAddTolistTest" time="86.322" classname="atlantamarket_PROD.LineDigitalShowroom"/>
</testsuite> <!-- atlantamarket_PROD.LineDigitalShowroom -->
