<?xml version="1.0" encoding="UTF-8"?>
<!-- Generated by org.testng.reporters.JUnitReportReporter -->
<testsuite hostname="CVC2446" failures="0" tests="3" name="lasvegasmarket_PROD.GlobalSearch_SuggestionList" time="83.195" errors="0" timestamp="2025-04-10T11:51:08 IST" skipped="0">
  <testcase classname="lasvegasmarket_PROD.GlobalSearch_SuggestionList" name="TS001_VerifySelectionOfExhibitorFromAutoSuggestionListTest" time="29.987"/>
  <system-out/>
  <testcase classname="lasvegasmarket_PROD.GlobalSearch_SuggestionList" name="TS002_VerifySelectionOfLineFromAutoSuggestionListTest" time="26.356"/>
  <system-out/>
  <testcase classname="lasvegasmarket_PROD.GlobalSearch_SuggestionList" name="TS003_VerifySelectionOfProductFromAutoSuggestionListTest" time="26.852"/>
  <system-out/>
</testsuite> <!-- lasvegasmarket_PROD.GlobalSearch_SuggestionList -->
