<?xml version="1.0" encoding="UTF-8"?>
<!-- Generated by org.testng.reporters.JUnitReportReporter -->
<testsuite hostname="swapnili" name="atlantamarket_UAT.MarketPlanner" tests="1" failures="0" timestamp="7 Oct 2022 11:09:00 GMT" time="31.983" errors="0">
  <testcase name="TS020_VerifyAddToFavoriteFunctionalityForExhibitorTest" time="31.983" classname="atlantamarket_UAT.MarketPlanner"/>
</testsuite> <!-- atlantamarket_UAT.MarketPlanner -->
