<?xml version="1.0" encoding="UTF-8"?>
<!-- Generated by org.testng.reporters.JUnitReportReporter -->
<testsuite hostname="Anuppa-VD3" name="lasvegasmarket_PROD.EvenntsAndWebinar" tests="1" failures="0" timestamp="3 May 2023 10:30:05 GMT" time="64.055" errors="0">
  <testcase name="TS007_VerifyIMCEventsAddToListTest" time="64.055" classname="lasvegasmarket_PROD.EvenntsAndWebinar"/>
</testsuite> <!-- lasvegasmarket_PROD.EvenntsAndWebinar -->
