<?xml version="1.0" encoding="UTF-8"?>
<!-- Generated by org.testng.reporters.JUnitReportReporter -->
<testsuite hostname="NILAMMA-W10" name="atlantamarket_PROD.GlobalSearch_SuggestionList" tests="3" failures="0" timestamp="12 Aug 2022 08:24:29 GMT" time="74.015" errors="0">
  <testcase name="TS001_VerifySelectionOfExhibitorFromAutoSuggestionListTest" time="21.010" classname="atlantamarket_PROD.GlobalSearch_SuggestionList"/>
  <testcase name="TS002_VerifySelectionOfLineFromAutoSuggestionListTest" time="25.022" classname="atlantamarket_PROD.GlobalSearch_SuggestionList"/>
  <testcase name="TS003_VerifySelectionOfProductFromAutoSuggestionListTest" time="27.983" classname="atlantamarket_PROD.GlobalSearch_SuggestionList"/>
</testsuite> <!-- atlantamarket_PROD.GlobalSearch_SuggestionList -->
