<?xml version="1.0" encoding="UTF-8"?>
<!-- Generated by org.testng.reporters.JUnitReportReporter -->
<testsuite hostname="Anuppa-VD3" name="atlantamarket_PROD.GlobalSearch_ExhibitorActions" tests="1" failures="0" timestamp="26 Dec 2023 06:56:55 GMT" time="27.043" errors="0">
  <testcase name="TS001_VerifyClickOnLocationLinksForExhibitorTest" time="27.043" classname="atlantamarket_PROD.GlobalSearch_ExhibitorActions"/>
</testsuite> <!-- atlantamarket_PROD.GlobalSearch_ExhibitorActions -->
