<?xml version="1.0" encoding="UTF-8"?>
<!-- Generated by org.testng.reporters.JUnitReportReporter -->
<testsuite hostname="swapnili" name="atlantamarket.FloorPlans" tests="1" failures="0" timestamp="21 Jun 2022 13:02:34 GMT" time="8.534" errors="0">
  <testcase name="TS002_VerifyFloorPlansNavigationToDifferentFloorBuildingsTest" time="8.534" classname="atlantamarket.FloorPlans"/>
</testsuite> <!-- atlantamarket.FloorPlans -->
