<?xml version="1.0" encoding="UTF-8"?>
<!-- Generated by org.testng.reporters.JUnitReportReporter -->
<testsuite hostname="NILAMMA-W10" name="atlantamarket.AtlantaMarketRegressTest_UAT" tests="1" failures="0" timestamp="9 Jun 2022 09:21:56 GMT" time="10.878" errors="0">
  <testcase name="TS022_VerifyClickOnLocationLinkForLineTest" time="10.878" classname="atlantamarket.AtlantaMarketRegressTest_UAT"/>
</testsuite> <!-- atlantamarket.AtlantaMarketRegressTest_UAT -->
