<?xml version="1.0" encoding="UTF-8"?>
<!-- Generated by org.testng.reporters.JUnitReportReporter -->
<testsuite skipped="4" hostname="Anuppa-VD3" name="atlantamarket_PROD.GlobalSearch_ProductActions" tests="6" failures="0" timestamp="04 Jul 2024 08:00:50 GMT" time="60.003" errors="0">
  <testcase name="TS001_VerifyClickOnProductSeeDetailsBtnOnSearchResultsGridTest" time="21.186" classname="atlantamarket_PROD.GlobalSearch_ProductActions"/>
  <testcase name="TS002_VerifyFullScreenViewerOnProductDetailsPageTest" time="38.817" classname="atlantamarket_PROD.GlobalSearch_ProductActions"/>
  <testcase name="TS009_VerifyProductAddToNewlyCreatedListOnSearchResultsGridTest" classname="atlantamarket_PROD.GlobalSearch_ProductActions">
    <skipped/>
  </testcase> <!-- TS009_VerifyProductAddToNewlyCreatedListOnSearchResultsGridTest -->
  <testcase name="TS008_VerifyAddToFavoriteOnSearchResultsGridTest" classname="atlantamarket_PROD.GlobalSearch_ProductActions">
    <skipped/>
  </testcase> <!-- TS008_VerifyAddToFavoriteOnSearchResultsGridTest -->
  <testcase name="verifyMPLoginFunctionality" classname="atlantamarket_PROD.GlobalSearch_ProductActions">
    <skipped/>
  </testcase> <!-- verifyMPLoginFunctionality -->
  <testcase name="TS007_VerifyProductAddToExistingListOnSearchResultsGridTest" classname="atlantamarket_PROD.GlobalSearch_ProductActions">
    <skipped/>
  </testcase> <!-- TS007_VerifyProductAddToExistingListOnSearchResultsGridTest -->
</testsuite> <!-- atlantamarket_PROD.GlobalSearch_ProductActions -->
