<?xml version="1.0" encoding="UTF-8"?>
<!-- Generated by org.testng.reporters.JUnitReportReporter -->
<testsuite hostname="eon-swapnili" name="atlantamarket_PROD.GlobalSearch_SearchFor" tests="1" failures="0" timestamp="12 Dec 2022 12:57:44 GMT" time="27.301" errors="0">
  <testcase name="TS004_VerifyCatalogsOverviewInGlobalSearchTest" time="27.301" classname="atlantamarket_PROD.GlobalSearch_SearchFor"/>
</testsuite> <!-- atlantamarket_PROD.GlobalSearch_SearchFor -->
