<?xml version="1.0" encoding="UTF-8"?>
<!-- Generated by org.testng.reporters.JUnitReportReporter -->
<testsuite hostname="eon-swapnili" name="atlantamarket_PROD.GlobalSearch_ProductActions" tests="1" failures="0" timestamp="14 Dec 2022 05:49:06 GMT" time="30.288" errors="0">
  <testcase name="TS001_VerifyClickOnProductSeeDetailsBtnOnSearchResultsGridTest" time="30.288" classname="atlantamarket_PROD.GlobalSearch_ProductActions"/>
</testsuite> <!-- atlantamarket_PROD.GlobalSearch_ProductActions -->
