<?xml version="1.0" encoding="UTF-8"?>
<!-- Generated by org.testng.reporters.JUnitReportReporter -->
<testsuite hostname="swapnili" name="atlantamarket.AtlantaMarketRegressTest_UAT" tests="2" failures="0" timestamp="7 Jun 2022 13:36:22 GMT" time="71.669" errors="0">
  <testcase name="TS001_VerifyMarketPlannerLoginTest" time="35.210" classname="atlantamarket.AtlantaMarketRegressTest_UAT"/>
  <testcase name="TS025_VerifyProductsActionsProductDetailsIcoToAddToNewlyCreatedListTest" time="36.459" classname="atlantamarket.AtlantaMarketRegressTest_UAT"/>
</testsuite> <!-- atlantamarket.AtlantaMarketRegressTest_UAT -->
