<?xml version="1.0" encoding="UTF-8"?>
<!-- Generated by org.testng.reporters.JUnitReportReporter -->
<testsuite hostname="Anuppa-VD3" name="atlantamarket_PROD.ExhibitorDigitalShowroom" tests="1" failures="0" timestamp="17 Mar 2023 05:08:53 GMT" time="29.786" errors="0">
  <testcase name="TS001_VerifyAddToFavoritesTest" time="29.786" classname="atlantamarket_PROD.ExhibitorDigitalShowroom"/>
</testsuite> <!-- atlantamarket_PROD.ExhibitorDigitalShowroom -->
