<?xml version="1.0" encoding="UTF-8"?>
<!-- Generated by org.testng.reporters.JUnitReportReporter -->
<testsuite hostname="eon-swapnili" name="lasvegasmarket_PROD.EvenntsAndWebinar" tests="1" failures="0" timestamp="29 Mar 2023 10:39:55 GMT" time="107.289" errors="0">
  <testcase name="TS010_VerifyExhibitorEventsCalendarViewTest" time="107.289" classname="lasvegasmarket_PROD.EvenntsAndWebinar"/>
</testsuite> <!-- lasvegasmarket_PROD.EvenntsAndWebinar -->
