<?xml version="1.0" encoding="UTF-8"?>
<!-- Generated by org.testng.reporters.JUnitReportReporter -->
<testsuite hostname="NILAMMA-W10" name="atlantamarket_PROD.GlobalSearch_LeftPaneFilters" tests="1" failures="0" timestamp="1 Sep 2022 10:01:51 GMT" time="48.769" errors="0">
  <testcase name="TS009_VerifySelectionOfFashionAccProdCatgFromLeftPaneFiltersTest" time="48.769" classname="atlantamarket_PROD.GlobalSearch_LeftPaneFilters"/>
</testsuite> <!-- atlantamarket_PROD.GlobalSearch_LeftPaneFilters -->
