<?xml version="1.0" encoding="UTF-8"?>
<!-- Generated by org.testng.reporters.JUnitReportReporter -->
<testsuite hostname="Anuppa-VD3" name="lasvegasmarket_UAT.GlobalSearch_SuggestionList" tests="3" failures="0" timestamp="31 Jan 2023 11:00:20 GMT" time="56.771" errors="0">
  <testcase name="TS002_VerifySelectionOfLineFromAutoSuggestionListTest" time="15.665" classname="lasvegasmarket_UAT.GlobalSearch_SuggestionList"/>
  <testcase name="TS001_VerifySelectionOfExhibitorFromAutoSuggestionListTest" time="20.368" classname="lasvegasmarket_UAT.GlobalSearch_SuggestionList"/>
  <testcase name="TS003_VerifySelectionOfProductFromAutoSuggestionListTest" time="20.738" classname="lasvegasmarket_UAT.GlobalSearch_SuggestionList"/>
</testsuite> <!-- lasvegasmarket_UAT.GlobalSearch_SuggestionList -->
