<?xml version="1.0" encoding="UTF-8"?>
<!-- Generated by org.testng.reporters.JUnitReportReporter -->
<testsuite hostname="eon-swapnili" name="lasvegasmarket_PROD.ShowSpecials" tests="2" failures="0" timestamp="5 Oct 2023 03:59:27 GMT" time="43.160" errors="0">
  <testcase name="TS002_VerifyShowroomLinkForShowSpecialsTest" time="20.706" classname="lasvegasmarket_PROD.ShowSpecials"/>
  <testcase name="TS001_VerifyViewBrandDetailsLinkForShowSpecialsTest" time="22.454" classname="lasvegasmarket_PROD.ShowSpecials"/>
</testsuite> <!-- lasvegasmarket_PROD.ShowSpecials -->
