<?xml version="1.0" encoding="UTF-8"?>
<!-- Generated by org.testng.reporters.JUnitReportReporter -->
<testsuite hostname="swapnili" name="atlantamarket.FloorPlans" tests="6" failures="0" timestamp="23 Jun 2022 11:53:10 GMT" time="140.123" errors="0">
  <testcase name="TS003_VerifyFloorPlansNoExhibitorsLoadingMessageTest" time="5.220" classname="atlantamarket.FloorPlans"/>
  <testcase name="TS001_VerifyNavigationToDifferentFloorBuildingsTest" time="10.580" classname="atlantamarket.FloorPlans"/>
  <testcase name="TS006_VerifyFlooPlansFiltersTest" time="61.460" classname="atlantamarket.FloorPlans"/>
  <testcase name="TS004_VerifyFloorPlansZoomInOutLevelTest" time="19.200" classname="atlantamarket.FloorPlans"/>
  <testcase name="TS005_VerifyFloorPlansIconsTest" time="11.217" classname="atlantamarket.FloorPlans"/>
  <testcase name="TS007_VerifyFloorPlansPaginationTest" time="32.446" classname="atlantamarket.FloorPlans"/>
</testsuite> <!-- atlantamarket.FloorPlans -->
