<?xml version="1.0" encoding="UTF-8"?>
<!-- Generated by org.testng.reporters.JUnitReportReporter -->
<testsuite hostname="eon-swapnili" name="lasvegasmarket_UAT.ExhibitorDigitalShowroom" tests="1" failures="0" timestamp="6 Mar 2023 05:34:20 GMT" time="31.596" errors="0">
  <testcase name="TS010_VerifyExhibitorDigitalShowroomProductsComponentOrderOnJuniperMarketTest" time="31.596" classname="lasvegasmarket_UAT.ExhibitorDigitalShowroom"/>
</testsuite> <!-- lasvegasmarket_UAT.ExhibitorDigitalShowroom -->
