<?xml version="1.0" encoding="UTF-8"?>
<!-- Generated by org.testng.reporters.JUnitReportReporter -->
<testsuite hostname="eon-swapnili" name="atlantamarket_UAT.GlobalSearch_SuggestionList" tests="3" failures="0" timestamp="7 Feb 2024 08:33:08 GMT" time="48.242" errors="0">
  <testcase name="TS003_VerifySelectionOfProductFromAutoSuggestionListTest" time="16.637" classname="atlantamarket_UAT.GlobalSearch_SuggestionList"/>
  <testcase name="TS002_VerifySelectionOfLineFromAutoSuggestionListTest" time="17.392" classname="atlantamarket_UAT.GlobalSearch_SuggestionList"/>
  <testcase name="TS001_VerifySelectionOfExhibitorFromAutoSuggestionListTest" time="14.213" classname="atlantamarket_UAT.GlobalSearch_SuggestionList"/>
</testsuite> <!-- atlantamarket_UAT.GlobalSearch_SuggestionList -->
