<?xml version="1.0" encoding="UTF-8"?>
<!-- Generated by org.testng.reporters.JUnitReportReporter -->
<testsuite hostname="Anuppa-VD3" name="atlantamarket_PROD.GlobalSearch_MatchingResults" tests="4" failures="0" timestamp="24 Nov 2023 09:14:53 GMT" time="109.864" errors="0">
  <testcase name="TS002_VerifyGlobalSearchMatchingResultsSortWithinTest" time="44.957" classname="atlantamarket_PROD.GlobalSearch_MatchingResults"/>
  <testcase name="TS004_VerifyGlobalSearchMatchingResultsSortFilterByNameTest" time="16.474" classname="atlantamarket_PROD.GlobalSearch_MatchingResults"/>
  <testcase name="TS001_VerifyGlobalSearchContainsAndStartsWithTest" time="6.647" classname="atlantamarket_PROD.GlobalSearch_MatchingResults"/>
  <testcase name="TS003_VerifyGlobalSearchMatchingResultsSortSortByTest" time="41.786" classname="atlantamarket_PROD.GlobalSearch_MatchingResults"/>
</testsuite> <!-- atlantamarket_PROD.GlobalSearch_MatchingResults -->
