<?xml version="1.0" encoding="UTF-8"?>
<!-- Generated by org.testng.reporters.JUnitReportReporter -->
<testsuite hostname="CVC2446" failures="0" tests="12" name="lasvegasmarket_PROD.FloorPlans" time="301.965" errors="0" timestamp="2025-07-04T16:17:09 IST" skipped="3">
  <testcase classname="lasvegasmarket_PROD.FloorPlans" name="TS001_VerifyNavigationToDifferentFloorBuildingsTest" time="27.056"/>
  <system-out/>
  <testcase classname="lasvegasmarket_PROD.FloorPlans" name="TS002_VerifyNoExhibitorsOnThisFloorMessageTest" time="22.474"/>
  <system-out/>
  <testcase classname="lasvegasmarket_PROD.FloorPlans" name="TS003_VerifyZoomInOutLevelOnFloorPlansPageTest" time="17.947"/>
  <system-out/>
  <testcase classname="lasvegasmarket_PROD.FloorPlans" name="TS004_VerifyIconsOnFloorPlansPageTest" time="20.349"/>
  <system-out/>
  <testcase classname="lasvegasmarket_PROD.FloorPlans" name="TS005_VerifyFunctionalityOfFiltersOFloorPlansPageTest" time="72.517"/>
  <system-out/>
  <testcase classname="lasvegasmarket_PROD.FloorPlans" name="TS006_VerifyPaginationOnFloorPlansPageTest" time="27.381"/>
  <system-out/>
  <testcase classname="lasvegasmarket_PROD.FloorPlans" name="TS007_VerifySelectionOfExhibitorOnFloorPlansPageTest" time="40.466"/>
  <system-out/>
  <testcase classname="lasvegasmarket_PROD.FloorPlans" name="TS008_VerifyClickOnReturnToBuildingListBtnTest" time="19.890"/>
  <system-out/>
  <testcase classname="lasvegasmarket_PROD.FloorPlans" name="TS009_VerifySearchFunctionalityForExhListOnFloorPlansPageTest" time="53.885"/>
  <system-out/>
  <testcase classname="lasvegasmarket_PROD.FloorPlans" name="TS012_VerifyAddToFavoriteFunctionalityForExhibitorOnFloorPlansPageTest">
    <skipped/>
  </testcase> <!-- TS012_VerifyAddToFavoriteFunctionalityForExhibitorOnFloorPlansPageTest -->
  <system-out/>
  <testcase classname="lasvegasmarket_PROD.FloorPlans" name="TS011_VerifyAddNoteFunctionalityForExhibitorOnFloorPlansPageTest">
    <skipped/>
  </testcase> <!-- TS011_VerifyAddNoteFunctionalityForExhibitorOnFloorPlansPageTest -->
  <system-out/>
  <testcase classname="lasvegasmarket_PROD.FloorPlans" name="TS010_VerifyAddToListFunctionalityForExhibitorOnFloorPlansPageTest">
    <skipped/>
  </testcase> <!-- TS010_VerifyAddToListFunctionalityForExhibitorOnFloorPlansPageTest -->
  <system-out/>
</testsuite> <!-- lasvegasmarket_PROD.FloorPlans -->
