<?xml version="1.0" encoding="UTF-8"?>
<!-- Generated by org.testng.reporters.JUnitReportReporter -->
<testsuite hostname="swapnili" name="atlantamarket_PROD.GlobalSearch_SearchFor" tests="4" failures="0" timestamp="27 Jul 2022 12:42:10 GMT" time="86.860" errors="0">
  <testcase name="TS002_VerifyGlobalSearchSearchForCatalogsTest" time="29.853" classname="atlantamarket_PROD.GlobalSearch_SearchFor"/>
  <testcase name="TS001_VerifyGlobalSearchSearchForInformationTest" time="21.050" classname="atlantamarket_PROD.GlobalSearch_SearchFor"/>
  <testcase name="TS004_VerifyGlobalSearchSearchForBlogTest" time="20.687" classname="atlantamarket_PROD.GlobalSearch_SearchFor"/>
  <testcase name="TS003_VerifyGlobalSearchSearchForArticlesTest" time="15.270" classname="atlantamarket_PROD.GlobalSearch_SearchFor"/>
</testsuite> <!-- atlantamarket_PROD.GlobalSearch_SearchFor -->
