<?xml version="1.0" encoding="UTF-8"?>
<!-- Generated by org.testng.reporters.JUnitReportReporter -->
<testsuite hostname="CVC2446" failures="0" tests="5" name="lasvegasmarket_UAT.FloorPlans" time="24.735" errors="0" timestamp="2025-02-05T16:35:48 IST" skipped="4">
  <testcase classname="lasvegasmarket_UAT.FloorPlans" name="TS001_VerifyNavigationToDifferentFloorBuildingsTest" time="24.735"/>
  <system-out/>
  <testcase classname="lasvegasmarket_UAT.FloorPlans" name="TS009_VerifyAddToListFunctionalityForExhibitorOnFloorPlansPageTest">
    <skipped/>
  </testcase> <!-- TS009_VerifyAddToListFunctionalityForExhibitorOnFloorPlansPageTest -->
  <system-out/>
  <testcase classname="lasvegasmarket_UAT.FloorPlans" name="TS011_VerifyAddToFavoriteFunctionalityForExhibitorOnFloorPlansPageTest">
    <skipped/>
  </testcase> <!-- TS011_VerifyAddToFavoriteFunctionalityForExhibitorOnFloorPlansPageTest -->
  <system-out/>
  <testcase classname="lasvegasmarket_UAT.FloorPlans" name="TS010_VerifyAddNoteFunctionalityForExhibitorOnFloorPlansPageTest">
    <skipped/>
  </testcase> <!-- TS010_VerifyAddNoteFunctionalityForExhibitorOnFloorPlansPageTest -->
  <system-out/>
  <testcase classname="lasvegasmarket_UAT.FloorPlans" name="TS012_VerifyFunctionalityOfFiltersOFloorPlansPageTest">
    <skipped/>
  </testcase> <!-- TS012_VerifyFunctionalityOfFiltersOFloorPlansPageTest -->
  <system-out/>
</testsuite> <!-- lasvegasmarket_UAT.FloorPlans -->
