<?xml version="1.0" encoding="UTF-8"?>
<!-- Generated by org.testng.reporters.JUnitReportReporter -->
<testsuite hostname="Anuppa-VD3" name="lasvegasmarket_PROD.GlobalSearch_MatchingResults" tests="1" failures="0" timestamp="24 Jan 2024 09:15:22 GMT" time="55.341" errors="0">
  <testcase name="TS003_VerifyGlobalSearchMatchingResultsSortSortByTest" time="55.341" classname="lasvegasmarket_PROD.GlobalSearch_MatchingResults"/>
</testsuite> <!-- lasvegasmarket_PROD.GlobalSearch_MatchingResults -->
