<?xml version="1.0" encoding="UTF-8"?>
<!-- Generated by org.testng.reporters.JUnitReportReporter -->
<testsuite hostname="NILAMMA-W10" name="lasvegasmarket_UAT.GlobalSearch_LeftPaneFilters" tests="1" failures="0" timestamp="20 Mar 2023 06:43:08 GMT" time="119.395" errors="0">
  <testcase name="TS004_VerifyCombinationOfProdCatgWithStylesFromLeftPaneFiltersTest" time="119.395" classname="lasvegasmarket_UAT.GlobalSearch_LeftPaneFilters"/>
</testsuite> <!-- lasvegasmarket_UAT.GlobalSearch_LeftPaneFilters -->
