<?xml version="1.0" encoding="UTF-8"?>
<!-- Generated by org.testng.reporters.JUnitReportReporter -->
<testsuite hostname="Anuppa-VD3" name="atlantamarket_PROD.ShowSpecials" tests="1" failures="0" timestamp="23 Jan 2024 14:01:06 GMT" time="28.046" errors="0">
  <testcase name="TS001_VerifyViewBrandDetailsLinkForShowSpecialsTest" time="28.046" classname="atlantamarket_PROD.ShowSpecials"/>
</testsuite> <!-- atlantamarket_PROD.ShowSpecials -->
