<?xml version="1.0" encoding="UTF-8"?>
<!-- Generated by org.testng.reporters.JUnitReportReporter -->
<testsuite hostname="swapnili" name="lasvegasmarket_PROD.FloorPlans" tests="2" failures="0" timestamp="21 Jul 2022 13:28:59 GMT" time="132.213" errors="0">
  <testcase name="TS005_VerifyFunctionalityOfFiltersOFloorPlansPageTest" time="78.772" classname="lasvegasmarket_PROD.FloorPlans"/>
  <testcase name="TS012_VerifyAddToFavoriteFunctionalityForExhibitorOnFloorPlansPageTest" time="53.441" classname="lasvegasmarket_PROD.FloorPlans"/>
</testsuite> <!-- lasvegasmarket_PROD.FloorPlans -->
