<?xml version="1.0" encoding="UTF-8"?>
<!-- Generated by org.testng.reporters.JUnitReportReporter -->
<testsuite hostname="CVC2446" failures="0" tests="1" name="lasvegasmarket_PROD.ShowSpecials" time="37.831" errors="0" timestamp="2025-02-07T16:06:30 IST" skipped="0">
  <testcase classname="lasvegasmarket_PROD.ShowSpecials" name="TS002_VerifyShowroomLinkForShowSpecialsTest" time="37.831"/>
  <system-out/>
</testsuite> <!-- lasvegasmarket_PROD.ShowSpecials -->
