<?xml version="1.0" encoding="UTF-8"?>
<!-- Generated by org.testng.reporters.JUnitReportReporter -->
<testsuite hostname="EON-prasannsheelb" failures="0" tests="15" name="atlantamarket_UAT.ExhibitorDigitalShowroom" time="501.092" errors="0" timestamp="1 Feb 2024 07:41:50 GMT">
  <testcase classname="atlantamarket_UAT.ExhibitorDigitalShowroom" name="TS015_VerifyExhibitorDigitalShowroomHeroComponentContactExhibitorTest" time="20.645"/>
  <testcase classname="atlantamarket_UAT.ExhibitorDigitalShowroom" name="TS006_VerifyExhibitorDigitalShowroomLinesComponentSeeAllLinesTest" time="34.938"/>
  <testcase classname="atlantamarket_UAT.ExhibitorDigitalShowroom" name="TS012_VerifyExhibitorDigitalEventsComponentTest" time="33.571"/>
  <testcase classname="atlantamarket_UAT.ExhibitorDigitalShowroom" name="TS013_VerifyCatalogsSectionForExhibitorTest" time="33.889"/>
  <testcase classname="atlantamarket_UAT.ExhibitorDigitalShowroom" name="TS010_VerifyExhibitorDigitalShowroomHeroComponentVisitExhibitorsiteTest" time="32.402"/>
  <testcase classname="atlantamarket_UAT.ExhibitorDigitalShowroom" name="TS014_VerifyExhibitorDigitalShowroomShowSpecialsTest" time="36.265"/>
  <testcase classname="atlantamarket_UAT.ExhibitorDigitalShowroom" name="TS005_VerifyClickOnLineSearchForExhibitorTest" time="33.931"/>
  <testcase classname="atlantamarket_UAT.ExhibitorDigitalShowroom" name="TS011_VerifyExhibitorDigitalShowroomHeroComponentView3DShowroomTest" time="25.901"/>
  <testcase classname="atlantamarket_UAT.ExhibitorDigitalShowroom" name="TS007_VerifyExhibitorDigitalShowroomProductsComponentSeeAllProductsTest" time="28.036"/>
  <testcase classname="atlantamarket_UAT.ExhibitorDigitalShowroom" name="TS001_VerifyClickOnLocationLinksForExhibitorDigitalShowroomTest" time="38.480"/>
  <testcase classname="atlantamarket_UAT.ExhibitorDigitalShowroom" name="TS009_VerifyExhibitorDigitalShowroomCatalogsComponentSeeAllCatalogsTest" time="40.158"/>
  <testcase classname="atlantamarket_UAT.ExhibitorDigitalShowroom" name="TS008_VerifySeeInOtherMarketsForExhibitorTest" time="39.472"/>
  <testcase classname="atlantamarket_UAT.ExhibitorDigitalShowroom" name="TS003_VerifyClickOnProductShownLinkForExhibitorTest" time="37.221"/>
  <testcase classname="atlantamarket_UAT.ExhibitorDigitalShowroom" name="TS002_VerifyClickOnTotalLinesSeeAllLinkForExhibitorTest" time="41.129"/>
  <testcase classname="atlantamarket_UAT.ExhibitorDigitalShowroom" name="TS004_VerifyClickOnLineFiltersForExhibitorTest" time="25.054"/>
</testsuite> <!-- atlantamarket_UAT.ExhibitorDigitalShowroom -->
