<?xml version="1.0" encoding="UTF-8"?>
<!-- Generated by org.testng.reporters.JUnitReportReporter -->
<testsuite hostname="eon-swapnili" name="sitecore_PROD.DigitalAdminPanel" tests="1" failures="0" timestamp="27 Feb 2024 16:12:42 GMT" time="31.807" errors="0">
  <testcase name="TS003_VerifyDigitalAdminPanelSortByOptionsFunctinalityTest" time="31.807" classname="sitecore_PROD.DigitalAdminPanel"/>
</testsuite> <!-- sitecore_PROD.DigitalAdminPanel -->
