<?xml version="1.0" encoding="UTF-8"?>
<!-- Generated by org.testng.reporters.JUnitReportReporter -->
<testsuite hostname="Anuppa-VD3" name="atlantamarket_PROD.ExhibitorDigitalShowroom" tests="14" failures="0" timestamp="30 Oct 2023 11:13:04 GMT" time="495.862" errors="0">
  <testcase name="TS006_VerifyClickOnProductShownLinkForExhibitorTest" time="44.281" classname="atlantamarket_PROD.ExhibitorDigitalShowroom"/>
  <testcase name="TS009_VerifyExhibitorDigitalShowroomLinesComponentSeeAllLinesTest" time="30.358" classname="atlantamarket_PROD.ExhibitorDigitalShowroom"/>
  <testcase name="TS004_VerifyClickOnLocationLinksForExhibitorDigitalShowroomTest" time="40.476" classname="atlantamarket_PROD.ExhibitorDigitalShowroom"/>
  <testcase name="TS007_VerifyClickOnLineFiltersForExhibitorTest" time="27.218" classname="atlantamarket_PROD.ExhibitorDigitalShowroom"/>
  <testcase name="TS013_VerifyExhibitorDigitalShowroomCatalogsComponentSeeAllCatalogsTest" time="34.943" classname="atlantamarket_PROD.ExhibitorDigitalShowroom"/>
  <testcase name="TS019_VerifyExhibitorDigitalShowroomShowSpecialsTest" time="36.244" classname="atlantamarket_PROD.ExhibitorDigitalShowroom"/>
  <testcase name="TS012_VerifySeeInOtherMarketsForExhibitorTest" time="42.344" classname="atlantamarket_PROD.ExhibitorDigitalShowroom"/>
  <testcase name="TS005_VerifyClickOnTotalLinesSeeAllLinkForExhibitorTest" time="43.314" classname="atlantamarket_PROD.ExhibitorDigitalShowroom"/>
  <testcase name="TS018_VerifyCatalogsSectionForExhibitorTest" time="37.446" classname="atlantamarket_PROD.ExhibitorDigitalShowroom"/>
  <testcase name="TS011_VerifyExhibitorDigitalShowroomProductsComponentSeeAllProductsTest" time="28.540" classname="atlantamarket_PROD.ExhibitorDigitalShowroom"/>
  <testcase name="TS008_VerifyClickOnLineSearchForExhibitorTest" time="28.408" classname="atlantamarket_PROD.ExhibitorDigitalShowroom"/>
  <testcase name="TS015_VerifyExhibitorDigitalShowroomHeroComponentVisitExhibitorsiteTest" time="42.477" classname="atlantamarket_PROD.ExhibitorDigitalShowroom"/>
  <testcase name="TS016_VerifyExhibitorDigitalShowroomHeroComponentView3DShowroomTest" time="28.033" classname="atlantamarket_PROD.ExhibitorDigitalShowroom"/>
  <testcase name="TS017_VerifyExhibitorDigitalEventsComponentTest" time="31.780" classname="atlantamarket_PROD.ExhibitorDigitalShowroom"/>
</testsuite> <!-- atlantamarket_PROD.ExhibitorDigitalShowroom -->
