<?xml version="1.0" encoding="UTF-8"?>
<!-- Generated by org.testng.reporters.JUnitReportReporter -->
<testsuite hostname="Anuppa-VD3" name="lasvegasmarket_PROD.GlobalSearch_LineActions" tests="1" failures="0" timestamp="28 Mar 2023 09:13:34 GMT" time="61.088" errors="0">
  <testcase name="TS003_VerifyClickOnOrderOnJuniperMarketBtnForLineTest" time="61.088" classname="lasvegasmarket_PROD.GlobalSearch_LineActions"/>
</testsuite> <!-- lasvegasmarket_PROD.GlobalSearch_LineActions -->
