<?xml version="1.0" encoding="UTF-8"?>
<!-- Generated by org.testng.reporters.JUnitReportReporter -->
<testsuite hostname="eon-swapnili" name="lasvegasmarket_PROD.GlobalSearch_ProductActions" tests="2" failures="0" timestamp="5 Oct 2023 03:59:27 GMT" time="90.833" errors="0">
  <testcase name="TS001_VerifyClickOnProductSeeDetailsBtnOnSearchResultsGridTest" time="50.173" classname="lasvegasmarket_PROD.GlobalSearch_ProductActions"/>
  <testcase name="TS007_VerifyFullScreenViewerOnProductDetailsPageTest" time="40.660" classname="lasvegasmarket_PROD.GlobalSearch_ProductActions"/>
</testsuite> <!-- lasvegasmarket_PROD.GlobalSearch_ProductActions -->
