<?xml version="1.0" encoding="UTF-8"?>
<!-- Generated by org.testng.reporters.JUnitReportReporter -->
<testsuite hostname="CVC2446" failures="0" tests="21" name="lasvegasmarket_PROD.ExhibitorDigitalShowroom" time="849.548" errors="0" timestamp="2025-07-04T16:17:09 IST" skipped="6">
  <testcase classname="lasvegasmarket_PROD.ExhibitorDigitalShowroom" name="TS001_VerifyClickOnLocationLinksForExhibitorDigitalShowroomTest" time="32.372"/>
  <system-out/>
  <testcase classname="lasvegasmarket_PROD.ExhibitorDigitalShowroom" name="TS002_VerifyClickOnTotalLinesSeeAllLinesForExhibitorTest" time="75.461"/>
  <system-out/>
  <testcase classname="lasvegasmarket_PROD.ExhibitorDigitalShowroom" name="TS003_VerifyClickOnProductShownLinkForExhibitorTest" time="56.766"/>
  <system-out/>
  <testcase classname="lasvegasmarket_PROD.ExhibitorDigitalShowroom" name="TS004_VerifyClickOnLineFiltersForExhibitorTest" time="42.089"/>
  <system-out/>
  <testcase classname="lasvegasmarket_PROD.ExhibitorDigitalShowroom" name="TS005_VerifyClickOnLineSearchForExhibitorTest" time="42.422"/>
  <system-out/>
  <testcase classname="lasvegasmarket_PROD.ExhibitorDigitalShowroom" name="TS008_VerifySeeInOtherMarketsForExhibitorTest" time="41.119"/>
  <system-out/>
  <testcase classname="lasvegasmarket_PROD.ExhibitorDigitalShowroom" name="TS007_VerifyExhibitorDigitalShowroomProductsComponentSeeAllProductsTest" time="32.230"/>
  <system-out/>
  <testcase classname="lasvegasmarket_PROD.ExhibitorDigitalShowroom" name="TS006_VerifyExhibitorDigitalShowroomLinesComponentSeeAllLinesTest" time="28.412"/>
  <system-out/>
  <testcase classname="lasvegasmarket_PROD.ExhibitorDigitalShowroom" name="TS009_VerifyExhibitorDigitalShowroomCatalogsComponentSeeAllCatalogsTest" time="78.081"/>
  <system-out/>
  <testcase classname="lasvegasmarket_PROD.ExhibitorDigitalShowroom" name="TS012_VerifyExhibitorDigitalEventsComponentTest" time="123.601"/>
  <system-out/>
  <testcase classname="lasvegasmarket_PROD.ExhibitorDigitalShowroom" name="TS011_VerifyExhibitorDigitalShowroomHeroComponentView3DShowroomTest" time="33.690"/>
  <system-out/>
  <testcase classname="lasvegasmarket_PROD.ExhibitorDigitalShowroom" name="TS010_VerifyExhibitorDigitalShowroomHeroComponentVisitExhibitorsiteTest" time="51.379"/>
  <system-out/>
  <testcase classname="lasvegasmarket_PROD.ExhibitorDigitalShowroom" name="TS014_VerifyExhibitorDigitalShowroomShowSpecialsTest" time="107.414"/>
  <system-out/>
  <testcase classname="lasvegasmarket_PROD.ExhibitorDigitalShowroom" name="TS013_VerifyCatalogsSectionForExhibitorTest" time="73.328"/>
  <system-out/>
  <testcase classname="lasvegasmarket_PROD.ExhibitorDigitalShowroom" name="TS015_VerifyExhibitorDigitalShowroomHeroComponentContactExhibitorTest" time="31.184"/>
  <system-out/>
  <testcase classname="lasvegasmarket_PROD.ExhibitorDigitalShowroom" name="TS019_VerifyAddNoteListWithPlusIconTest">
    <skipped/>
  </testcase> <!-- TS019_VerifyAddNoteListWithPlusIconTest -->
  <system-out/>
  <testcase classname="lasvegasmarket_PROD.ExhibitorDigitalShowroom" name="TS017_VerifyAddToFavoritesTest">
    <skipped/>
  </testcase> <!-- TS017_VerifyAddToFavoritesTest -->
  <system-out/>
  <testcase classname="lasvegasmarket_PROD.ExhibitorDigitalShowroom" name="TS021_VerifyExhibitorDigitalShowroomCatalogsComponentOrderOnJuniperMarketTest">
    <skipped/>
  </testcase> <!-- TS021_VerifyExhibitorDigitalShowroomCatalogsComponentOrderOnJuniperMarketTest -->
  <system-out/>
  <testcase classname="lasvegasmarket_PROD.ExhibitorDigitalShowroom" name="TS018_VerifyAddToExistingListWithPlusIconTest">
    <skipped/>
  </testcase> <!-- TS018_VerifyAddToExistingListWithPlusIconTest -->
  <system-out/>
  <testcase classname="lasvegasmarket_PROD.ExhibitorDigitalShowroom" name="TS020_VerifyExhibitorDigitalShowroomProductsComponentOrderOnJuniperMarketTest">
    <skipped/>
  </testcase> <!-- TS020_VerifyExhibitorDigitalShowroomProductsComponentOrderOnJuniperMarketTest -->
  <system-out/>
  <testcase classname="lasvegasmarket_PROD.ExhibitorDigitalShowroom" name="TS016_VerifyExhibitorDigitalShowroomHeroComponentOrderOnJuniperMarketTest">
    <skipped/>
  </testcase> <!-- TS016_VerifyExhibitorDigitalShowroomHeroComponentOrderOnJuniperMarketTest -->
  <system-out/>
</testsuite> <!-- lasvegasmarket_PROD.ExhibitorDigitalShowroom -->
