<?xml version="1.0" encoding="UTF-8"?>
<!-- Generated by org.testng.reporters.JUnitReportReporter -->
<testsuite hostname="Anuppa-VD3" name="atlantamarket_PROD.GlobalSearch_MatchingResults" tests="1" failures="0" timestamp="22 Mar 2023 07:40:34 GMT" time="40.241" errors="0">
  <testcase name="TS003_VerifyGlobalSearchMatchingResultsSortSortByTest" time="40.241" classname="atlantamarket_PROD.GlobalSearch_MatchingResults"/>
</testsuite> <!-- atlantamarket_PROD.GlobalSearch_MatchingResults -->
