<?xml version="1.0" encoding="UTF-8"?>
<!-- Generated by org.testng.reporters.JUnitReportReporter -->
<testsuite hostname="Anuppa-VD3" name="atlantamarket_UAT.FloorPlans" tests="9" failures="0" timestamp="3 Jan 2024 12:20:53 GMT" time="282.095" errors="0">
  <testcase name="TS006_VerifyPaginationOnFloorPlansPageTest" time="31.724" classname="atlantamarket_UAT.FloorPlans"/>
  <testcase name="TS003_VerifyZoomInOutLevelOnFloorPlansPageTest" time="25.736" classname="atlantamarket_UAT.FloorPlans"/>
  <testcase name="TS001_VerifyNavigationToDifferentFloorBuildingsTest" time="25.940" classname="atlantamarket_UAT.FloorPlans"/>
  <testcase name="TS008_VerifyClickOnReturnToBuildingListBtnTest" time="12.408" classname="atlantamarket_UAT.FloorPlans"/>
  <testcase name="TS004_VerifyIconsOnFloorPlansPageTest" time="39.930" classname="atlantamarket_UAT.FloorPlans"/>
  <testcase name="TS002_VerifyNoExhibitorsOnThisFloorMessageTest" time="10.291" classname="atlantamarket_UAT.FloorPlans"/>
  <testcase name="TS005_VerifyFunctionalityOfFiltersOnFloorPlansPageTest" time="38.239" classname="atlantamarket_UAT.FloorPlans"/>
  <testcase name="TS009_VerifySearchFunctionalityForExhListOnFloorPlansPageTest" time="45.795" classname="atlantamarket_UAT.FloorPlans"/>
  <testcase name="TS007_VerifySelectionOfExhibitorOnFloorPlansPageTest" time="52.032" classname="atlantamarket_UAT.FloorPlans"/>
</testsuite> <!-- atlantamarket_UAT.FloorPlans -->
