<?xml version="1.0" encoding="UTF-8"?>
<!-- Generated by org.testng.reporters.JUnitReportReporter -->
<testsuite hostname="Anuppa-VD3" name="atlantamarket_PROD.EvenntsAndWebinar" tests="1" failures="0" timestamp="22 Mar 2023 09:40:32 GMT" time="17.861" errors="0">
  <testcase name="TS012_VerifyExhibitorEventsDetailstTest" time="17.861" classname="atlantamarket_PROD.EvenntsAndWebinar"/>
</testsuite> <!-- atlantamarket_PROD.EvenntsAndWebinar -->
