<?xml version="1.0" encoding="UTF-8"?>
<!-- Generated by org.testng.reporters.JUnitReportReporter -->
<testsuite hostname="NILAMMA-W10" name="atlantamarket_UAT.EvenntsAndWebinar" tests="1" failures="0" timestamp="24 Apr 2023 13:08:45 GMT" time="6.673" errors="0">
  <testcase name="TS001_VerifyEventsAndWebinarsOverviewTest" time="6.673" classname="atlantamarket_UAT.EvenntsAndWebinar"/>
</testsuite> <!-- atlantamarket_UAT.EvenntsAndWebinar -->
