<?xml version="1.0" encoding="UTF-8"?>
<!-- Generated by org.testng.reporters.JUnitReportReporter -->
<testsuite hostname="Anuppa-VD3" name="atlantamarket_PROD.GlobalSearch_SearchFor" tests="1" failures="0" timestamp="17 Mar 2023 05:01:31 GMT" time="75.478" errors="0">
  <testcase name="TS008_VerifyEventsSearchFunctionalityInGlobalSearchTest" time="75.478" classname="atlantamarket_PROD.GlobalSearch_SearchFor"/>
</testsuite> <!-- atlantamarket_PROD.GlobalSearch_SearchFor -->
