<?xml version="1.0" encoding="UTF-8"?>
<!-- Generated by org.testng.reporters.JUnitReportReporter -->
<testsuite hostname="eon-swapnili" name="lasvegasmarket_UAT.EvenntsAndWebinar" tests="9" failures="0" timestamp="5 Aug 2024 09:10:15 GMT" time="386.470" errors="0">
  <testcase name="TS005_VerifyIMCEventsEventDetailstTest" time="96.577" classname="lasvegasmarket_UAT.EvenntsAndWebinar"/>
  <testcase name="TS003_VerifyIMCEventsCalendarViewTest" time="27.539" classname="lasvegasmarket_UAT.EvenntsAndWebinar"/>
  <testcase name="TS011_VerifyExhibitorEventsListTest" time="116.147" classname="lasvegasmarket_UAT.EvenntsAndWebinar"/>
  <testcase name="TS012_VerifyExhibitorEventsDetailstTest" time="24.858" classname="lasvegasmarket_UAT.EvenntsAndWebinar"/>
  <testcase name="TS002_VerifyIMCEventsSearchbarTest" time="23.419" classname="lasvegasmarket_UAT.EvenntsAndWebinar"/>
  <testcase name="TS009_VerifyExhibitorEventsSearchbarTest" time="24.649" classname="lasvegasmarket_UAT.EvenntsAndWebinar"/>
  <testcase name="TS001_VerifyEventsAndWebinarsOverviewTest" time="16.907" classname="lasvegasmarket_UAT.EvenntsAndWebinar"/>
  <testcase name="TS010_VerifyExhibitorEventsCalendarViewTest" time="22.815" classname="lasvegasmarket_UAT.EvenntsAndWebinar"/>
  <testcase name="TS004_VerifyIMCEventsEventsListTest" time="33.559" classname="lasvegasmarket_UAT.EvenntsAndWebinar"/>
</testsuite> <!-- lasvegasmarket_UAT.EvenntsAndWebinar -->
