<?xml version="1.0" encoding="UTF-8"?>
<!-- Generated by org.testng.reporters.JUnitReportReporter -->
<testsuite hostname="Anuppa-VD3" name="lasvegasmarket_PROD.EvenntsAndWebinar" tests="1" failures="0" timestamp="8 Nov 2023 07:17:03 GMT" time="88.429" errors="0">
  <testcase name="TS008_VerifyExhibitorEventsListTest" time="88.429" classname="lasvegasmarket_PROD.EvenntsAndWebinar"/>
</testsuite> <!-- lasvegasmarket_PROD.EvenntsAndWebinar -->
