<?xml version="1.0" encoding="UTF-8"?>
<!-- Generated by org.testng.reporters.JUnitReportReporter -->
<testsuite skipped="1" hostname="Anuppa-VD3" name="atlantamarket_PROD.GlobalSearch_SearchFor" tests="2" failures="0" timestamp="23 Jul 2024 04:25:14 GMT" time="67.707" errors="0">
  <testcase name="TS005_VerifyArticlesOverviewInGlobalSearchTest" time="67.707" classname="atlantamarket_PROD.GlobalSearch_SearchFor"/>
  <testcase name="verifyMPLoginFunctionality" classname="atlantamarket_PROD.GlobalSearch_SearchFor">
    <skipped/>
  </testcase> <!-- verifyMPLoginFunctionality -->
</testsuite> <!-- atlantamarket_PROD.GlobalSearch_SearchFor -->
