<?xml version="1.0" encoding="UTF-8"?>
<!-- Generated by org.testng.reporters.JUnitReportReporter -->
<<<<<<< HEAD
<testsuite hostname="NILAMMA-W10" name="atlantamarket_PROD.GlobalSearch_LeftPaneFilters" tests="1" failures="0" timestamp="22 Dec 2022 09:42:44 GMT" time="111.785" errors="0">
  <testcase name="TS004_VerifyCombinationOfProdCatgWithStylesFromLeftPaneFiltersTest" time="111.785" classname="atlantamarket_PROD.GlobalSearch_LeftPaneFilters"/>
=======
<testsuite hostname="NILAMMA-W10" name="atlantamarket_PROD.GlobalSearch_LeftPaneFilters" tests="1" failures="0" timestamp="29 Sep 2022 08:54:27 GMT" time="58.956" errors="0">
  <testcase name="TS006_VerifySelectionOfHolidayProdCatgFromLeftPaneFiltersTest" time="58.956" classname="atlantamarket_PROD.GlobalSearch_LeftPaneFilters"/>
>>>>>>> 4c42dc75e1a5c15bc76a373a6dd80ac945b53d04
</testsuite> <!-- atlantamarket_PROD.GlobalSearch_LeftPaneFilters -->
