<?xml version="1.0" encoding="UTF-8"?>
<!-- Generated by org.testng.reporters.JUnitReportReporter -->
<testsuite skipped="0" hostname="Anuppa-VD3" name="lasvegasmarket_PROD.GlobalSearch_SuggestionList" tests="1" failures="0" timestamp="10 Jul 2024 04:11:17 GMT" time="18.805" errors="0">
  <testcase name="TS003_VerifySelectionOfProductFromAutoSuggestionListTest" time="18.805" classname="lasvegasmarket_PROD.GlobalSearch_SuggestionList"/>
</testsuite> <!-- lasvegasmarket_PROD.GlobalSearch_SuggestionList -->
