<?xml version="1.0" encoding="UTF-8"?>
<!-- Generated by org.testng.reporters.JUnitReportReporter -->
<testsuite hostname="eon-swapnili" name="atlantamarket_UAT.EvenntsAndWebinar" tests="9" failures="0" timestamp="19 Jan 2024 10:31:41 GMT" time="592.774" errors="0">
  <testcase name="TS006_VerifyExhibitorEventsSearchbarTest" time="31.082" classname="atlantamarket_UAT.EvenntsAndWebinar"/>
  <testcase name="TS007_VerifyExhibitorEventsCalendarViewTest" time="72.204" classname="atlantamarket_UAT.EvenntsAndWebinar"/>
  <testcase name="TS008_VerifyExhibitorEventsListTest" time="102.007" classname="atlantamarket_UAT.EvenntsAndWebinar"/>
  <testcase name="TS004_VerifyIMCEventsEventsListTest" time="73.300" classname="atlantamarket_UAT.EvenntsAndWebinar"/>
  <testcase name="TS005_VerifyIMCEventsEventDetailstTest" time="190.209" classname="atlantamarket_UAT.EvenntsAndWebinar"/>
  <testcase name="TS001_VerifyEventsAndWebinarsOverviewTest" time="16.983" classname="atlantamarket_UAT.EvenntsAndWebinar"/>
  <testcase name="TS003_VerifyIMCEventsCalendarViewTest" time="31.659" classname="atlantamarket_UAT.EvenntsAndWebinar"/>
  <testcase name="TS002_VerifyIMCEventsSearchbarTest" time="27.458" classname="atlantamarket_UAT.EvenntsAndWebinar"/>
  <testcase name="TS009_VerifyExhibitorEventsDetailstTest" time="47.872" classname="atlantamarket_UAT.EvenntsAndWebinar"/>
</testsuite> <!-- atlantamarket_UAT.EvenntsAndWebinar -->
