<?xml version="1.0" encoding="UTF-8"?>
<!-- Generated by org.testng.reporters.JUnitReportReporter -->
<testsuite hostname="Anuppa-VD3" name="lasvegasmarket_PROD.GlobalSearch_LeftPaneFilters" tests="1" failures="0" timestamp="3 Nov 2023 06:09:45 GMT" time="41.758" errors="0">
  <testcase name="TS003_VerifyCombinationWithinProdCatgFromLeftPaneFiltersTest" time="41.758" classname="lasvegasmarket_PROD.GlobalSearch_LeftPaneFilters"/>
</testsuite> <!-- lasvegasmarket_PROD.GlobalSearch_LeftPaneFilters -->
