<?xml version="1.0" encoding="UTF-8"?>
<!-- Generated by org.testng.reporters.JUnitReportReporter -->
<testsuite hostname="Anuppa-VD3" name="atlantamarket_UAT.GlobalSearch_MatchingResults" tests="1" failures="0" timestamp="13 Feb 2024 10:39:06 GMT" time="21.280" errors="0">
  <testcase name="TS004_VerifyGlobalSearchMatchingResultsSortFilterByNameTest" time="21.280" classname="atlantamarket_UAT.GlobalSearch_MatchingResults"/>
</testsuite> <!-- atlantamarket_UAT.GlobalSearch_MatchingResults -->
