<?xml version="1.0" encoding="UTF-8"?>
<!-- Generated by org.testng.reporters.JUnitReportReporter -->
<testsuite hostname="shradhama-win10" name="atlantamarket_UAT.MarketPlanner" tests="1" failures="0" timestamp="7 Sep 2022 12:33:56 GMT" time="10.049" errors="0">
  <testcase name="TS047_VerifyTabsUnderListsSectionTest" time="10.049" classname="atlantamarket_UAT.MarketPlanner"/>
</testsuite> <!-- atlantamarket_UAT.MarketPlanner -->
