<?xml version="1.0" encoding="UTF-8"?>
<!-- Generated by org.testng.reporters.JUnitReportReporter -->
<testsuite hostname="Anuppa-VD3" name="lasvegasmarket_PROD.FloorPlans" tests="1" failures="0" timestamp="23 Jan 2024 08:23:39 GMT" time="53.396" errors="0">
  <testcase name="TS005_VerifyFunctionalityOfFiltersOFloorPlansPageTest" time="53.396" classname="lasvegasmarket_PROD.FloorPlans"/>
</testsuite> <!-- lasvegasmarket_PROD.FloorPlans -->
