<?xml version="1.0" encoding="UTF-8"?>
<!-- Generated by org.testng.reporters.JUnitReportReporter -->
<testsuite hostname="eon-swapnili" name="lasvegasmarket_PROD.GlobalSearch_LineActions" tests="4" failures="1" timestamp="13 Mar 2024 12:45:08 GMT" time="150.137" errors="0">
  <testcase name="TS001_VerifyClickOnShownByExhibitorNameLinkForLineTest" time="26.730" classname="lasvegasmarket_PROD.GlobalSearch_LineActions"/>
  <testcase name="TS002_VerifyClickOnLocationLinkForLineTest" time="23.798" classname="lasvegasmarket_PROD.GlobalSearch_LineActions"/>
  <testcase name="TS004_VerifyClickOnTotalProductsSeeAllLinkForLineTest" time="54.623" classname="lasvegasmarket_PROD.GlobalSearch_LineActions"/>
  <testcase name="TS003_VerifyClickOnMatchingProductsSeeAllLinkForLineTest" time="44.986" classname="lasvegasmarket_PROD.GlobalSearch_LineActions">
    <failure type="java.lang.AssertionError" message="expected [189] but found [75272]">
      <![CDATA[java.lang.AssertionError: expected [189] but found [75272]
	at org.testng.Assert.fail(Assert.java:94)
	at org.testng.Assert.failNotEquals(Assert.java:513)
	at org.testng.Assert.assertEqualsImpl(Assert.java:135)
	at org.testng.Assert.assertEquals(Assert.java:116)
	at org.testng.Assert.assertEquals(Assert.java:190)
	at org.testng.Assert.assertEquals(Assert.java:200)
	at lasvegasmarket_PROD.GlobalSearch_LineActions.TS003_VerifyClickOnMatchingProductsSeeAllLinkForLineTest(GlobalSearch_LineActions.java:172)
	at sun.reflect.NativeMethodAccessorImpl.invoke0(Native Method)
	at sun.reflect.NativeMethodAccessorImpl.invoke(Unknown Source)
	at sun.reflect.DelegatingMethodAccessorImpl.invoke(Unknown Source)
	at java.lang.reflect.Method.invoke(Unknown Source)
	at org.testng.internal.MethodInvocationHelper.invokeMethod(MethodInvocationHelper.java:86)
	at org.testng.internal.Invoker.invokeMethod(Invoker.java:645)
	at org.testng.internal.Invoker.invokeTestMethod(Invoker.java:822)
	at org.testng.internal.Invoker.invokeTestMethods(Invoker.java:1130)
	at org.testng.internal.TestMethodWorker.invokeTestMethods(TestMethodWorker.java:129)
	at org.testng.internal.TestMethodWorker.run(TestMethodWorker.java:112)
	at org.testng.TestRunner.privateRun(TestRunner.java:782)
	at org.testng.TestRunner.run(TestRunner.java:632)
	at org.testng.SuiteRunner.runTest(SuiteRunner.java:366)
	at org.testng.SuiteRunner.runSequentially(SuiteRunner.java:361)
	at org.testng.SuiteRunner.privateRun(SuiteRunner.java:319)
	at org.testng.SuiteRunner.run(SuiteRunner.java:268)
	at org.testng.SuiteRunnerWorker.runSuite(SuiteRunnerWorker.java:52)
	at org.testng.SuiteRunnerWorker.run(SuiteRunnerWorker.java:86)
	at org.testng.TestNG.runSuitesSequentially(TestNG.java:1244)
	at org.testng.TestNG.runSuitesLocally(TestNG.java:1169)
	at org.testng.TestNG.run(TestNG.java:1064)
	at org.testng.remote.RemoteTestNG.run(RemoteTestNG.java:113)
	at org.testng.remote.RemoteTestNG.initAndRun(RemoteTestNG.java:206)
	at org.testng.remote.RemoteTestNG.main(RemoteTestNG.java:177)
]]>
    </failure>
  </testcase> <!-- TS003_VerifyClickOnMatchingProductsSeeAllLinkForLineTest -->
</testsuite> <!-- lasvegasmarket_PROD.GlobalSearch_LineActions -->
