<?xml version="1.0" encoding="UTF-8"?>
<!-- Generated by org.testng.reporters.JUnitReportReporter -->
<testsuite hostname="NILAMMA-W10" name="atlantamarket.AtlantaMarketRegressTest_UAT" tests="3" failures="0" timestamp="1 Jun 2022 06:58:02 GMT" time="275.050" errors="0">
  <testcase name="TS006_VerifyAddToNewListForExhibitorTest" time="88.665" classname="atlantamarket.AtlantaMarketRegressTest_UAT"/>
  <testcase name="TS007_VerifyAddToExistingListForExhibitorTest" time="95.187" classname="atlantamarket.AtlantaMarketRegressTest_UAT"/>
  <testcase name="TS001_VerifyMarketPlannerLoginTest" time="91.198" classname="atlantamarket.AtlantaMarketRegressTest_UAT"/>
</testsuite> <!-- atlantamarket.AtlantaMarketRegressTest_UAT -->
