<?xml version="1.0" encoding="UTF-8"?>
<!-- Generated by org.testng.reporters.JUnitReportReporter -->
<testsuite hostname="Anuppa-VD3" name="atlantamarket_UAT.GlobalSearch_SuggestionList" tests="3" failures="0" timestamp="8 Dec 2023 05:44:59 GMT" time="49.317" errors="0">
  <testcase name="TS003_VerifySelectionOfProductFromAutoSuggestionListTest" time="16.502" classname="atlantamarket_UAT.GlobalSearch_SuggestionList"/>
  <testcase name="TS001_VerifySelectionOfExhibitorFromAutoSuggestionListTest" time="15.096" classname="atlantamarket_UAT.GlobalSearch_SuggestionList"/>
  <testcase name="TS002_VerifySelectionOfLineFromAutoSuggestionListTest" time="17.719" classname="atlantamarket_UAT.GlobalSearch_SuggestionList"/>
</testsuite> <!-- atlantamarket_UAT.GlobalSearch_SuggestionList -->
