<?xml version="1.0" encoding="UTF-8"?>
<!-- Generated by org.testng.reporters.JUnitReportReporter -->
<testsuite hostname="eon-swapnili" name="sitecore_PROD.DigitalAdminPanel" tests="1" failures="0" timestamp="20 Feb 2024 12:40:01 GMT" time="7.541" errors="0">
  <testcase name="TS001_VerifyDigitalAdminPanelTest" time="7.541" classname="sitecore_PROD.DigitalAdminPanel"/>
</testsuite> <!-- sitecore_PROD.DigitalAdminPanel -->
