<?xml version="1.0" encoding="UTF-8"?>
<!-- Generated by org.testng.reporters.JUnitReportReporter -->
<testsuite hostname="NILAMMA-W10" name="atlantamarket.AtlantaMarketRegressTest_UAT" tests="1" failures="0" timestamp="25 May 2022 11:17:30 GMT" time="49.090" errors="0">
  <testcase name="TS012_VerifyClickOnMatchingProductsSeeAllLinkForExhibitorTest" time="49.090" classname="atlantamarket.AtlantaMarketRegressTest_UAT"/>
</testsuite> <!-- atlantamarket.AtlantaMarketRegressTest_UAT -->
