<?xml version="1.0" encoding="UTF-8"?>
<!-- Generated by org.testng.reporters.JUnitReportReporter -->
<testsuite hostname="CVC2446" failures="0" tests="3" name="lasvegasmarket_PROD.GlobalSearch_SuggestionList" time="82.713" errors="0" timestamp="2025-04-14T19:16:34 IST" skipped="0">
  <testcase classname="lasvegasmarket_PROD.GlobalSearch_SuggestionList" name="TS001_VerifySelectionOfExhibitorFromAutoSuggestionListTest" time="27.584"/>
  <system-out/>
  <testcase classname="lasvegasmarket_PROD.GlobalSearch_SuggestionList" name="TS002_VerifySelectionOfLineFromAutoSuggestionListTest" time="27.632"/>
  <system-out/>
  <testcase classname="lasvegasmarket_PROD.GlobalSearch_SuggestionList" name="TS003_VerifySelectionOfProductFromAutoSuggestionListTest" time="27.497"/>
  <system-out/>
</testsuite> <!-- lasvegasmarket_PROD.GlobalSearch_SuggestionList -->
