<?xml version="1.0" encoding="UTF-8"?>
<!-- Generated by org.testng.reporters.JUnitReportReporter -->
<testsuite hostname="Anuppa-VD3" name="atlantamarket_PROD.GlobalSearch_LineActions" tests="1" failures="0" timestamp="22 Mar 2023 08:03:06 GMT" time="55.398" errors="0">
  <testcase name="TS007_VerifyClickOnMatchingProductsSeeAllLinkForLineTest" time="55.398" classname="atlantamarket_PROD.GlobalSearch_LineActions"/>
</testsuite> <!-- atlantamarket_PROD.GlobalSearch_LineActions -->
