<?xml version="1.0" encoding="UTF-8"?>
<!-- Generated by org.testng.reporters.JUnitReportReporter -->
<testsuite hostname="Anuppa-VD3" name="lasvegasmarket_PROD.GlobalSearch_LineActions" tests="1" failures="0" timestamp="18 Apr 2023 11:50:22 GMT" time="45.156" errors="0">
  <testcase name="TS002_VerifyAddToFavoriteForLineTest" time="45.156" classname="lasvegasmarket_PROD.GlobalSearch_LineActions"/>
</testsuite> <!-- lasvegasmarket_PROD.GlobalSearch_LineActions -->
