<?xml version="1.0" encoding="UTF-8"?>
<!-- Generated by org.testng.reporters.JUnitReportReporter -->
<testsuite hostname="Anuppa-VD3" name="lasvegasmarket_UAT.GlobalSearch_ExhibitorActions" tests="1" failures="0" timestamp="13 Feb 2024 12:32:58 GMT" time="65.216" errors="0">
  <testcase name="TS010_VerifySelectionOfExhibitorFromSearchResultsTest" time="65.216" classname="lasvegasmarket_UAT.GlobalSearch_ExhibitorActions"/>
</testsuite> <!-- lasvegasmarket_UAT.GlobalSearch_ExhibitorActions -->
