<?xml version="1.0" encoding="UTF-8"?>
<!-- Generated by org.testng.reporters.JUnitReportReporter -->
<testsuite hostname="CVC2446" failures="0" tests="2" name="lasvegasmarket_PROD.GlobalSearch_ProductActions" time="112.457" errors="0" timestamp="2025-06-24T14:38:16 IST" skipped="0">
  <testcase classname="lasvegasmarket_PROD.GlobalSearch_ProductActions" name="TS001_VerifyClickOnProductSeeDetailsBtnOnSearchResultsGridTest" time="51.991"/>
  <system-out/>
  <testcase classname="lasvegasmarket_PROD.GlobalSearch_ProductActions" name="TS002_VerifyFullScreenViewerOnProductDetailsPageTest" time="60.466"/>
  <system-out/>
</testsuite> <!-- lasvegasmarket_PROD.GlobalSearch_ProductActions -->
