<?xml version="1.0" encoding="UTF-8"?>
<!-- Generated by org.testng.reporters.JUnitReportReporter -->
<testsuite hostname="Anuppa-VD3" name="lasvegasmarket_UAT.ShowSpecials" tests="2" failures="0" timestamp="20 Mar 2023 07:36:35 GMT" time="31.305" errors="0">
  <testcase name="TS001_VerifyViewBrandDetailsLinkForShowSpecialsTest" time="16.115" classname="lasvegasmarket_UAT.ShowSpecials"/>
  <testcase name="TS002_VerifyShowroomLinkForShowSpecialsTest" time="15.190" classname="lasvegasmarket_UAT.ShowSpecials"/>
</testsuite> <!-- lasvegasmarket_UAT.ShowSpecials -->
