<?xml version="1.0" encoding="UTF-8"?>
<!-- Generated by org.testng.reporters.JUnitReportReporter -->
<testsuite hostname="NILAMMA-W10" name="atlantamarket.AtlantaMarketRegressTest_UAT" tests="2" failures="0" timestamp="20 May 2022 10:15:37 GMT" time="86.716" errors="0">
  <testcase name="TS005_VerifyAddToFavoriteForExhibitorTest" time="28.992" classname="atlantamarket.AtlantaMarketRegressTest_UAT"/>
  <testcase name="TS001_VerifyMarketPlannerLoginTest" time="57.724" classname="atlantamarket.AtlantaMarketRegressTest_UAT"/>
</testsuite> <!-- atlantamarket.AtlantaMarketRegressTest_UAT -->
