<?xml version="1.0" encoding="UTF-8"?>
<!-- Generated by org.testng.reporters.JUnitReportReporter -->
<testsuite hostname="eon-swapnili" name="atlantamarket_UAT.GlobalSearch_LineActions" tests="4" failures="0" timestamp="6 Feb 2024 10:39:10 GMT" time="153.784" errors="0">
  <testcase name="TS004_VerifyClickOnTotalProductsSeeAllLinkForLineTest" time="48.810" classname="atlantamarket_UAT.GlobalSearch_LineActions"/>
  <testcase name="TS003_VerifyClickOnMatchingProductsSeeAllLinkForLineTest" time="54.244" classname="atlantamarket_UAT.GlobalSearch_LineActions"/>
  <testcase name="TS001_VerifyClickOnShownByExhibitorNameLinkForLineTest" time="25.997" classname="atlantamarket_UAT.GlobalSearch_LineActions"/>
  <testcase name="TS002_VerifyClickOnLocationLinkForLineTest" time="24.733" classname="atlantamarket_UAT.GlobalSearch_LineActions"/>
</testsuite> <!-- atlantamarket_UAT.GlobalSearch_LineActions -->
