<?xml version="1.0" encoding="UTF-8"?>
<!-- Generated by org.testng.reporters.JUnitReportReporter -->
<testsuite hostname="eon-swapnili" name="lasvegasmarket_PROD.TestEventModule" tests="9" failures="0" timestamp="15 Jul 2024 08:09:23 GMT" time="4578.123" errors="0">
  <testcase name="TS006_VerifyExhibitorEventsSearchbarTest" time="24.039" classname="lasvegasmarket_PROD.TestEventModule"/>
  <testcase name="TS001_VerifyEventsAndWebinarsOverviewTest" time="16.897" classname="lasvegasmarket_PROD.TestEventModule"/>
  <testcase name="TS002_VerifyIMCEventsSearchbarTest" time="23.266" classname="lasvegasmarket_PROD.TestEventModule"/>
  <testcase name="TS003_VerifyIMCEventsCalendarViewTest" time="63.601" classname="lasvegasmarket_PROD.TestEventModule"/>
  <testcase name="TS004_VerifyIMCEventsEventsListTest" time="948.663" classname="lasvegasmarket_PROD.TestEventModule"/>
  <testcase name="TS005_VerifyIMCEventsEventDetailstTest" time="2492.091" classname="lasvegasmarket_PROD.TestEventModule"/>
  <testcase name="TS008_VerifyExhibitorEventsListTest" time="936.053" classname="lasvegasmarket_PROD.TestEventModule"/>
  <testcase name="TS009_VerifyExhibitorEventsDetailstTest" time="24.671" classname="lasvegasmarket_PROD.TestEventModule"/>
  <testcase name="TS007_VerifyExhibitorEventsCalendarViewTest" time="48.842" classname="lasvegasmarket_PROD.TestEventModule"/>
</testsuite> <!-- lasvegasmarket_PROD.TestEventModule -->
