<?xml version="1.0" encoding="UTF-8"?>
<!-- Generated by org.testng.reporters.JUnitReportReporter -->
<testsuite hostname="eon-swapnili" name="atlantamarket_UAT.EvenntsAndWebinar" tests="1" failures="0" timestamp="7 Feb 2024 08:26:13 GMT" time="72.233" errors="0">
  <testcase name="TS007_VerifyExhibitorEventsCalendarViewTest" time="72.233" classname="atlantamarket_UAT.EvenntsAndWebinar"/>
</testsuite> <!-- atlantamarket_UAT.EvenntsAndWebinar -->
