<?xml version="1.0" encoding="UTF-8"?>
<!-- Generated by org.testng.reporters.JUnitReportReporter -->
<testsuite hostname="eon-swapnili" name="lasvegasmarket_PROD.LineDigitalShowroom" tests="6" failures="0" timestamp="5 Oct 2023 03:59:27 GMT" time="142.825" errors="0">
  <testcase name="TS011_VerifyLineDigitalShowroomProductscomponentSelectProductTest" time="46.935" classname="lasvegasmarket_PROD.LineDigitalShowroom"/>
  <testcase name="TS007_VerifyLineDigitalShowroomHeroComponentProductsComponentCountTest" time="23.336" classname="lasvegasmarket_PROD.LineDigitalShowroom"/>
  <testcase name="TS008_VerifyLineDigitalShowroomProductscomponentTest" time="25.843" classname="lasvegasmarket_PROD.LineDigitalShowroom"/>
  <testcase name="TS002_VerifyLineDigitalShowroomHeroComponentLocationLinksTest" time="16.919" classname="lasvegasmarket_PROD.LineDigitalShowroom"/>
  <testcase name="TS001_VerifyLineDigitalShowroomHeroComponentShownByExhibitorNamaeTest" time="11.169" classname="lasvegasmarket_PROD.LineDigitalShowroom"/>
  <testcase name="TS010_VerifyLineDigitalShowroomProductscomponentSeeAllProductsTest" time="18.623" classname="lasvegasmarket_PROD.LineDigitalShowroom"/>
</testsuite> <!-- lasvegasmarket_PROD.LineDigitalShowroom -->
