<?xml version="1.0" encoding="UTF-8"?>
<!-- Generated by org.testng.reporters.JUnitReportReporter -->
<testsuite hostname="eon-swapnili" name="sitecore_PROD.DigitalAdminPanel" tests="1" failures="0" timestamp="21 Mar 2024 12:43:39 GMT" time="22.709" errors="0">
  <testcase name="TS021_VerifyDigitalAdminPanelOpenUserProfileAssociatedCTA2" time="22.709" classname="sitecore_PROD.DigitalAdminPanel"/>
</testsuite> <!-- sitecore_PROD.DigitalAdminPanel -->
