<?xml version="1.0" encoding="UTF-8"?>
<!-- Generated by org.testng.reporters.JUnitReportReporter -->
<testsuite hostname="EON-prasannsheelb" failures="0" tests="1" name="atlantamarket_PROD.GlobalSearch_SuggestionList" time="8.443" errors="0" timestamp="28 Dec 2023 11:22:34 GMT">
  <testcase classname="atlantamarket_PROD.GlobalSearch_SuggestionList" name="TS002_VerifySelectionOfLineFromAutoSuggestionListTest" time="8.443"/>
</testsuite> <!-- atlantamarket_PROD.GlobalSearch_SuggestionList -->
