<?xml version="1.0" encoding="UTF-8"?>
<!-- Generated by org.testng.reporters.JUnitReportReporter -->
<testsuite hostname="swapnili" name="atlantamarket_PROD.GlobalSearch_SearchFor" tests="1" failures="0" timestamp="1 Aug 2022 18:26:43 GMT" time="38.324" errors="0">
  <testcase name="TS003_VerifyGlobalSearchSearchInformationAndFiltersTest" time="38.324" classname="atlantamarket_PROD.GlobalSearch_SearchFor"/>
</testsuite> <!-- atlantamarket_PROD.GlobalSearch_SearchFor -->
