<?xml version="1.0" encoding="UTF-8"?>
<!-- Generated by org.testng.reporters.JUnitReportReporter -->
<testsuite hostname="eon-swapnili" name="lasvegasmarket_UAT.GlobalSearch_LineActions" tests="4" failures="0" timestamp="5 Aug 2024 09:10:15 GMT" time="140.059" errors="0">
  <testcase name="TS002_VerifyClickOnLocationLinkForLineTest" time="23.258" classname="lasvegasmarket_UAT.GlobalSearch_LineActions"/>
  <testcase name="TS001_VerifyClickOnShownByExhibitorNameLinkForLineTest" time="26.130" classname="lasvegasmarket_UAT.GlobalSearch_LineActions"/>
  <testcase name="TS003_VerifyClickOnMatchingProductsSeeAllLinkForLineTest" time="43.891" classname="lasvegasmarket_UAT.GlobalSearch_LineActions"/>
  <testcase name="TS004_VerifyClickOnTotalProductsSeeAllLinkForLineTest" time="46.780" classname="lasvegasmarket_UAT.GlobalSearch_LineActions"/>
</testsuite> <!-- lasvegasmarket_UAT.GlobalSearch_LineActions -->
