<?xml version="1.0" encoding="UTF-8"?>
<!-- Generated by org.testng.reporters.JUnitReportReporter -->
<testsuite hostname="Anuppa-VD3" name="lasvegasmarket_PROD.GlobalSearch_LineActions" tests="1" failures="0" timestamp="5 Dec 2023 07:48:38 GMT" time="27.650" errors="0">
  <testcase name="TS001_VerifyClickOnShownByExhibitorNameLinkForLineTest" time="27.650" classname="lasvegasmarket_PROD.GlobalSearch_LineActions"/>
</testsuite> <!-- lasvegasmarket_PROD.GlobalSearch_LineActions -->
