<?xml version="1.0" encoding="UTF-8"?>
<!-- Generated by org.testng.reporters.JUnitReportReporter -->
<testsuite hostname="CVC2446" failures="0" tests="1" name="lasvegasmarket_PROD.LineDigitalShowroom" time="21.880" errors="0" timestamp="2025-03-13T11:13:23 IST" skipped="0">
  <testcase classname="lasvegasmarket_PROD.LineDigitalShowroom" name="TS001_VerifyLineDigitalShowroomHeroComponentShownByExhibitorNamaeTest" time="21.880"/>
  <system-out/>
</testsuite> <!-- lasvegasmarket_PROD.LineDigitalShowroom -->
