<?xml version="1.0" encoding="UTF-8"?>
<!-- Generated by org.testng.reporters.JUnitReportReporter -->
<testsuite hostname="Anuppa-VD3" name="lasvegasmarket_PROD.GlobalSearch_LineActions" tests="1" failures="0" timestamp="3 May 2023 09:06:03 GMT" time="28.183" errors="0">
  <testcase name="TS006_VerifyClickOnShownByExhibitorNameLinkForLineTest" time="28.183" classname="lasvegasmarket_PROD.GlobalSearch_LineActions"/>
</testsuite> <!-- lasvegasmarket_PROD.GlobalSearch_LineActions -->
