<?xml version="1.0" encoding="UTF-8"?>
<!-- Generated by org.testng.reporters.JUnitReportReporter -->
<testsuite hostname="NILAMMA-W10" name="atlantamarket.GlobalSearch_SuggestionList" tests="3" failures="0" timestamp="13 Jun 2022 09:16:30 GMT" time="132.475" errors="0">
  <testcase name="TS002_VerifySelectionOfLineFromAutoSuggestionListTest" time="37.926" classname="atlantamarket.GlobalSearch_SuggestionList"/>
  <testcase name="TS003_VerifySelectionOfProductFromAutoSuggestionListTest" time="80.415" classname="atlantamarket.GlobalSearch_SuggestionList"/>
  <testcase name="TS001_VerifySelectionOfExhibitorFromAutoSuggestionListTest" time="14.134" classname="atlantamarket.GlobalSearch_SuggestionList"/>
</testsuite> <!-- atlantamarket.GlobalSearch_SuggestionList -->
