<?xml version="1.0" encoding="UTF-8"?>
<!-- Generated by org.testng.reporters.JUnitReportReporter -->
<testsuite skipped="6" hostname="Anuppa-VD3" name="lasvegasmarket_PROD.ExhibitorDigitalShowroom" tests="7" failures="0" timestamp="09 Aug 2024 06:43:22 GMT" time="55.559" errors="0">
  <testcase name="TS014_VerifyExhibitorDigitalShowroomShowSpecialsTest" time="55.559" classname="lasvegasmarket_PROD.ExhibitorDigitalShowroom"/>
  <testcase name="TS017_VerifyAddToFavoritesTest" classname="lasvegasmarket_PROD.ExhibitorDigitalShowroom">
    <skipped/>
  </testcase> <!-- TS017_VerifyAddToFavoritesTest -->
  <testcase name="TS019_VerifyAddNoteListWithPlusIconTest" classname="lasvegasmarket_PROD.ExhibitorDigitalShowroom">
    <skipped/>
  </testcase> <!-- TS019_VerifyAddNoteListWithPlusIconTest -->
  <testcase name="TS021_VerifyExhibitorDigitalShowroomCatalogsComponentOrderOnJuniperMarketTest" classname="lasvegasmarket_PROD.ExhibitorDigitalShowroom">
    <skipped/>
  </testcase> <!-- TS021_VerifyExhibitorDigitalShowroomCatalogsComponentOrderOnJuniperMarketTest -->
  <testcase name="TS018_VerifyAddToExistingListWithPlusIconTest" classname="lasvegasmarket_PROD.ExhibitorDigitalShowroom">
    <skipped/>
  </testcase> <!-- TS018_VerifyAddToExistingListWithPlusIconTest -->
  <testcase name="TS020_VerifyExhibitorDigitalShowroomProductsComponentOrderOnJuniperMarketTest" classname="lasvegasmarket_PROD.ExhibitorDigitalShowroom">
    <skipped/>
  </testcase> <!-- TS020_VerifyExhibitorDigitalShowroomProductsComponentOrderOnJuniperMarketTest -->
  <testcase name="TS016_VerifyExhibitorDigitalShowroomHeroComponentOrderOnJuniperMarketTest" classname="lasvegasmarket_PROD.ExhibitorDigitalShowroom">
    <skipped/>
  </testcase> <!-- TS016_VerifyExhibitorDigitalShowroomHeroComponentOrderOnJuniperMarketTest -->
</testsuite> <!-- lasvegasmarket_PROD.ExhibitorDigitalShowroom -->
