<?xml version="1.0" encoding="UTF-8"?>
<!-- Generated by org.testng.reporters.JUnitReportReporter -->
<testsuite hostname="eon-swapnili" name="atlantamarket_PROD.LineDigitalShowroom" tests="11" failures="2" timestamp="17 Jan 2023 16:24:26 GMT" time="446.432" errors="0">
  <testcase name="TS001_VerifyLineDigitalShowroomHeroComponentShownByExhibitorNamaeTest" time="10.725" classname="atlantamarket_PROD.LineDigitalShowroom"/>
  <testcase name="TS008_VerifyLineDigitalShowroomProductscomponentTest" time="22.512" classname="atlantamarket_PROD.LineDigitalShowroom"/>
  <testcase name="TS004_VerifyLineDigitalShowroomHeroComponentAddTolistTest" time="86.257" classname="atlantamarket_PROD.LineDigitalShowroom"/>
  <testcase name="TS007_VerifyLineDigitalShowroomHeroComponentProductsComponentCountTest" time="5.432" classname="atlantamarket_PROD.LineDigitalShowroom"/>
  <testcase name="TS003_VerifyLineDigitalShowroomHeroComponentAddToFavoriteTest" time="128.750" classname="atlantamarket_PROD.LineDigitalShowroom">
    <failure type="org.openqa.selenium.TimeoutException" message="Expected condition failed: waiting for visibility of element located by By.xpath: //a[@class=&#039;imc-link--alt-darkred&#039;] (tried for 35 second(s) with 500 milliseconds interval)">
      <![CDATA[org.openqa.selenium.TimeoutException: Expected condition failed: waiting for visibility of element located by By.xpath: //a[@class='imc-link--alt-darkred'] (tried for 35 second(s) with 500 milliseconds interval)
	at org.openqa.selenium.support.ui.WebDriverWait.timeoutException(WebDriverWait.java:95)
	at org.openqa.selenium.support.ui.FluentWait.until(FluentWait.java:272)
	at pageObjects.AtlantaMarket.ATLMarketPlannerPage.getlistOfAllExh(ATLMarketPlannerPage.java:1068)
	at atlantamarket_PROD.LineDigitalShowroom.TS003_VerifyLineDigitalShowroomHeroComponentAddToFavoriteTest(LineDigitalShowroom.java:196)
	at sun.reflect.NativeMethodAccessorImpl.invoke0(Native Method)
	at sun.reflect.NativeMethodAccessorImpl.invoke(Unknown Source)
	at sun.reflect.DelegatingMethodAccessorImpl.invoke(Unknown Source)
	at java.lang.reflect.Method.invoke(Unknown Source)
	at org.testng.internal.MethodInvocationHelper.invokeMethod(MethodInvocationHelper.java:80)
	at org.testng.internal.Invoker.invokeMethod(Invoker.java:714)
	at org.testng.internal.Invoker.invokeTestMethod(Invoker.java:901)
	at org.testng.internal.Invoker.invokeTestMethods(Invoker.java:1231)
	at org.testng.internal.TestMethodWorker.invokeTestMethods(TestMethodWorker.java:127)
	at org.testng.internal.TestMethodWorker.run(TestMethodWorker.java:111)
	at org.testng.TestRunner.privateRun(TestRunner.java:767)
	at org.testng.TestRunner.run(TestRunner.java:617)
	at org.testng.SuiteRunner.runTest(SuiteRunner.java:334)
	at org.testng.SuiteRunner.runSequentially(SuiteRunner.java:329)
	at org.testng.SuiteRunner.privateRun(SuiteRunner.java:291)
	at org.testng.SuiteRunner.run(SuiteRunner.java:240)
	at org.testng.SuiteRunnerWorker.runSuite(SuiteRunnerWorker.java:52)
	at org.testng.SuiteRunnerWorker.run(SuiteRunnerWorker.java:86)
	at org.testng.TestNG.runSuitesSequentially(TestNG.java:1198)
	at org.testng.TestNG.runSuitesLocally(TestNG.java:1123)
	at org.testng.TestNG.run(TestNG.java:1031)
	at org.testng.remote.AbstractRemoteTestNG.run(AbstractRemoteTestNG.java:126)
	at org.testng.remote.RemoteTestNG.initAndRun(RemoteTestNG.java:137)
	at org.testng.remote.RemoteTestNG.main(RemoteTestNG.java:58)
Caused by: org.openqa.selenium.NoSuchElementException: no such element: Unable to locate element: {"method":"xpath","selector":"//a[@class='imc-link--alt-darkred']"}
  (Session info: chrome=108.0.5359.125)
For documentation on this error, please visit: https://www.seleniumhq.org/exceptions/no_such_element.html
Build info: version: '3.141.59', revision: 'e82be7d358', time: '2018-11-14T08:25:48'
System info: host: 'EON-SWAPNILI', ip: '172.22.22.78', os.name: 'Windows 10', os.arch: 'amd64', os.version: '10.0', java.version: '1.8.0_311'
Driver info: org.openqa.selenium.chrome.ChromeDriver
Capabilities {acceptInsecureCerts: false, browserName: chrome, browserVersion: 108.0.5359.125, chrome: {chromedriverVersion: 108.0.5359.71 (1e0e3868ee06..., userDataDir: C:\Users\swapnili\AppData\L...}, goog:chromeOptions: {debuggerAddress: localhost:53829}, javascriptEnabled: true, networkConnectionEnabled: false, pageLoadStrategy: normal, platform: WINDOWS, platformName: WINDOWS, proxy: Proxy(), setWindowRect: true, strictFileInteractability: false, timeouts: {implicit: 0, pageLoad: 300000, script: 30000}, unhandledPromptBehavior: dismiss and notify, webauthn:extension:credBlob: true, webauthn:extension:largeBlob: true, webauthn:virtualAuthenticators: true}
Session ID: e7a6305960f0d956b00255df961d3c0f
*** Element info: {Using=xpath, value=//a[@class='imc-link--alt-darkred']}
	at sun.reflect.GeneratedConstructorAccessor16.newInstance(Unknown Source)
	at sun.reflect.DelegatingConstructorAccessorImpl.newInstance(Unknown Source)
	at java.lang.reflect.Constructor.newInstance(Unknown Source)
	at org.openqa.selenium.remote.http.W3CHttpResponseCodec.createException(W3CHttpResponseCodec.java:187)
	at org.openqa.selenium.remote.http.W3CHttpResponseCodec.decode(W3CHttpResponseCodec.java:122)
	at org.openqa.selenium.remote.http.W3CHttpResponseCodec.decode(W3CHttpResponseCodec.java:49)
	at org.openqa.selenium.remote.HttpCommandExecutor.execute(HttpCommandExecutor.java:158)
	at org.openqa.selenium.remote.service.DriverCommandExecutor.execute(DriverCommandExecutor.java:83)
	at org.openqa.selenium.remote.RemoteWebDriver.execute(RemoteWebDriver.java:552)
	at org.openqa.selenium.remote.RemoteWebDriver.findElement(RemoteWebDriver.java:323)
	at org.openqa.selenium.remote.RemoteWebDriver.findElementByXPath(RemoteWebDriver.java:428)
	at org.openqa.selenium.By$ByXPath.findElement(By.java:353)
	at org.openqa.selenium.remote.RemoteWebDriver.findElement(RemoteWebDriver.java:315)
	at org.openqa.selenium.support.ui.ExpectedConditions$7.apply(ExpectedConditions.java:205)
	at org.openqa.selenium.support.ui.ExpectedConditions$7.apply(ExpectedConditions.java:201)
	at org.openqa.selenium.support.ui.FluentWait.until(FluentWait.java:249)
	... 26 more
]]>
    </failure>
  </testcase> <!-- TS003_VerifyLineDigitalShowroomHeroComponentAddToFavoriteTest -->
  <testcase name="TS009_VerifyLineDigitalShowroomProductscomponentOrderOnJuniperMarketTest" time="19.096" classname="atlantamarket_PROD.LineDigitalShowroom"/>
  <testcase name="TS010_VerifyLineDigitalShowroomProductscomponentSeeAllProductsTest" time="14.817" classname="atlantamarket_PROD.LineDigitalShowroom"/>
  <testcase name="TS006_VerifyLineDigitalShowroomHeroComponentOrderOnJuniperMarketTest" time="7.623" classname="atlantamarket_PROD.LineDigitalShowroom"/>
  <testcase name="TS002_VerifyLineDigitalShowroomHeroComponentLocationLinksTest" time="18.087" classname="atlantamarket_PROD.LineDigitalShowroom"/>
  <testcase name="TS005_VerifyLineDigitalShowroomHeroComponentAddNoteTest" time="47.051" classname="atlantamarket_PROD.LineDigitalShowroom"/>
  <testcase name="TS011_VerifyLineDigitalShowroomProductscomponentSelectProductTest" time="86.082" classname="atlantamarket_PROD.LineDigitalShowroom">
    <failure type="org.openqa.selenium.TimeoutException" message="Expected condition failed: waiting for visibility of element located by By.xpath: //div[@class=&#039;imc-products-overview--gallery&#039;]/div[1]/div[1]/a[1]/div[1]/div[1]/span[1]/span[1]/span[1] (tried for 20 second(s) with 500 milliseconds interval)">
      <![CDATA[org.openqa.selenium.TimeoutException: Expected condition failed: waiting for visibility of element located by By.xpath: //div[@class='imc-products-overview--gallery']/div[1]/div[1]/a[1]/div[1]/div[1]/span[1]/span[1]/span[1] (tried for 20 second(s) with 500 milliseconds interval)
	at org.openqa.selenium.support.ui.WebDriverWait.timeoutException(WebDriverWait.java:95)
	at org.openqa.selenium.support.ui.FluentWait.until(FluentWait.java:272)
	at pageObjects.AtlantaMarket.ATLLineDigitalShowroomPage.getproductName(ATLLineDigitalShowroomPage.java:56)
	at atlantamarket_PROD.LineDigitalShowroom.TS011_VerifyLineDigitalShowroomProductscomponentSelectProductTest(LineDigitalShowroom.java:648)
	at sun.reflect.NativeMethodAccessorImpl.invoke0(Native Method)
	at sun.reflect.NativeMethodAccessorImpl.invoke(Unknown Source)
	at sun.reflect.DelegatingMethodAccessorImpl.invoke(Unknown Source)
	at java.lang.reflect.Method.invoke(Unknown Source)
	at org.testng.internal.MethodInvocationHelper.invokeMethod(MethodInvocationHelper.java:80)
	at org.testng.internal.Invoker.invokeMethod(Invoker.java:714)
	at org.testng.internal.Invoker.invokeTestMethod(Invoker.java:901)
	at org.testng.internal.Invoker.invokeTestMethods(Invoker.java:1231)
	at org.testng.internal.TestMethodWorker.invokeTestMethods(TestMethodWorker.java:127)
	at org.testng.internal.TestMethodWorker.run(TestMethodWorker.java:111)
	at org.testng.TestRunner.privateRun(TestRunner.java:767)
	at org.testng.TestRunner.run(TestRunner.java:617)
	at org.testng.SuiteRunner.runTest(SuiteRunner.java:334)
	at org.testng.SuiteRunner.runSequentially(SuiteRunner.java:329)
	at org.testng.SuiteRunner.privateRun(SuiteRunner.java:291)
	at org.testng.SuiteRunner.run(SuiteRunner.java:240)
	at org.testng.SuiteRunnerWorker.runSuite(SuiteRunnerWorker.java:52)
	at org.testng.SuiteRunnerWorker.run(SuiteRunnerWorker.java:86)
	at org.testng.TestNG.runSuitesSequentially(TestNG.java:1198)
	at org.testng.TestNG.runSuitesLocally(TestNG.java:1123)
	at org.testng.TestNG.run(TestNG.java:1031)
	at org.testng.remote.AbstractRemoteTestNG.run(AbstractRemoteTestNG.java:126)
	at org.testng.remote.RemoteTestNG.initAndRun(RemoteTestNG.java:137)
	at org.testng.remote.RemoteTestNG.main(RemoteTestNG.java:58)
Caused by: org.openqa.selenium.NoSuchElementException: no such element: Unable to locate element: {"method":"xpath","selector":"//div[@class='imc-products-overview--gallery']/div[1]/div[1]/a[1]/div[1]/div[1]/span[1]/span[1]/span[1]"}
  (Session info: chrome=108.0.5359.125)
For documentation on this error, please visit: https://www.seleniumhq.org/exceptions/no_such_element.html
Build info: version: '3.141.59', revision: 'e82be7d358', time: '2018-11-14T08:25:48'
System info: host: 'EON-SWAPNILI', ip: '172.22.22.78', os.name: 'Windows 10', os.arch: 'amd64', os.version: '10.0', java.version: '1.8.0_311'
Driver info: org.openqa.selenium.chrome.ChromeDriver
Capabilities {acceptInsecureCerts: false, browserName: chrome, browserVersion: 108.0.5359.125, chrome: {chromedriverVersion: 108.0.5359.71 (1e0e3868ee06..., userDataDir: C:\Users\swapnili\AppData\L...}, goog:chromeOptions: {debuggerAddress: localhost:53829}, javascriptEnabled: true, networkConnectionEnabled: false, pageLoadStrategy: normal, platform: WINDOWS, platformName: WINDOWS, proxy: Proxy(), setWindowRect: true, strictFileInteractability: false, timeouts: {implicit: 0, pageLoad: 300000, script: 30000}, unhandledPromptBehavior: dismiss and notify, webauthn:extension:credBlob: true, webauthn:extension:largeBlob: true, webauthn:virtualAuthenticators: true}
Session ID: e7a6305960f0d956b00255df961d3c0f
*** Element info: {Using=xpath, value=//div[@class='imc-products-overview--gallery']/div[1]/div[1]/a[1]/div[1]/div[1]/span[1]/span[1]/span[1]}
	at sun.reflect.GeneratedConstructorAccessor16.newInstance(Unknown Source)
	at sun.reflect.DelegatingConstructorAccessorImpl.newInstance(Unknown Source)
	at java.lang.reflect.Constructor.newInstance(Unknown Source)
	at org.openqa.selenium.remote.http.W3CHttpResponseCodec.createException(W3CHttpResponseCodec.java:187)
	at org.openqa.selenium.remote.http.W3CHttpResponseCodec.decode(W3CHttpResponseCodec.java:122)
	at org.openqa.selenium.remote.http.W3CHttpResponseCodec.decode(W3CHttpResponseCodec.java:49)
	at org.openqa.selenium.remote.HttpCommandExecutor.execute(HttpCommandExecutor.java:158)
	at org.openqa.selenium.remote.service.DriverCommandExecutor.execute(DriverCommandExecutor.java:83)
	at org.openqa.selenium.remote.RemoteWebDriver.execute(RemoteWebDriver.java:552)
	at org.openqa.selenium.remote.RemoteWebDriver.findElement(RemoteWebDriver.java:323)
	at org.openqa.selenium.remote.RemoteWebDriver.findElementByXPath(RemoteWebDriver.java:428)
	at org.openqa.selenium.By$ByXPath.findElement(By.java:353)
	at org.openqa.selenium.remote.RemoteWebDriver.findElement(RemoteWebDriver.java:315)
	at org.openqa.selenium.support.ui.ExpectedConditions$7.apply(ExpectedConditions.java:205)
	at org.openqa.selenium.support.ui.ExpectedConditions$7.apply(ExpectedConditions.java:201)
	at org.openqa.selenium.support.ui.FluentWait.until(FluentWait.java:249)
	... 26 more
]]>
    </failure>
  </testcase> <!-- TS011_VerifyLineDigitalShowroomProductscomponentSelectProductTest -->
</testsuite> <!-- atlantamarket_PROD.LineDigitalShowroom -->
