<?xml version="1.0" encoding="UTF-8"?>
<!-- Generated by org.testng.reporters.JUnitReportReporter -->
<testsuite hostname="Anuppa-VD3" name="lasvegasmarket_PROD.EvenntsAndWebinar" tests="1" failures="0" timestamp="23 Jan 2024 07:30:16 GMT" time="893.178" errors="0">
  <testcase name="TS008_VerifyExhibitorEventsListTest" time="893.178" classname="lasvegasmarket_PROD.EvenntsAndWebinar"/>
</testsuite> <!-- lasvegasmarket_PROD.EvenntsAndWebinar -->
