<?xml version="1.0" encoding="UTF-8"?>
<!-- Generated by org.testng.reporters.JUnitReportReporter -->
<testsuite hostname="Anuppa-VD3" name="lasvegasmarket_PROD.GlobalSearch_ProductActions" tests="9" failures="0" timestamp="27 Mar 2023 11:07:18 GMT" time="662.793" errors="0">
  <testcase name="TS007_VerifyFullScreenViewerOnProductDetailsPageTest" time="44.543" classname="lasvegasmarket_PROD.GlobalSearch_ProductActions"/>
  <testcase name="TS006_VerifyProductAddToExistingListOnSearchResultsGridTest" time="106.213" classname="lasvegasmarket_PROD.GlobalSearch_ProductActions"/>
  <testcase name="TS001_VerifyClickOnProductSeeDetailsBtnOnSearchResultsGridTest" time="44.694" classname="lasvegasmarket_PROD.GlobalSearch_ProductActions"/>
  <testcase name="TS003_VerifyProductAddToExistingListOnProductDetailsPageTest" time="105.072" classname="lasvegasmarket_PROD.GlobalSearch_ProductActions"/>
  <testcase name="TS004_VerifyAddToFavoriteOnProductDetailsPageTest" time="92.773" classname="lasvegasmarket_PROD.GlobalSearch_ProductActions"/>
  <testcase name="TS005_VerifyAddNoteOnProductDetailsPageTest" time="52.597" classname="lasvegasmarket_PROD.GlobalSearch_ProductActions"/>
  <testcase name="TS009_VerifyProductAddToNewlyCreatedListOnSearchResultsGridTest" time="56.207" classname="lasvegasmarket_PROD.GlobalSearch_ProductActions"/>
  <testcase name="TS002_VerifyProductAddToNewListOnProductDetailsPageTest" time="62.746" classname="lasvegasmarket_PROD.GlobalSearch_ProductActions"/>
  <testcase name="TS008_VerifyAddToFavoriteOnSearchResultsGridTest" time="97.948" classname="lasvegasmarket_PROD.GlobalSearch_ProductActions"/>
</testsuite> <!-- lasvegasmarket_PROD.GlobalSearch_ProductActions -->
