<?xml version="1.0" encoding="UTF-8"?>
<!-- Generated by org.testng.reporters.JUnitReportReporter -->
<testsuite hostname="NILAMMA-W10" name="atlantamarket_PROD.FloorPlans" tests="1" failures="0" timestamp="3 Apr 2023 11:09:47 GMT" time="46.333" errors="0">
  <testcase name="TS004_VerifyIconsOnFloorPlansPageTest" time="46.333" classname="atlantamarket_PROD.FloorPlans"/>
</testsuite> <!-- atlantamarket_PROD.FloorPlans -->
