<?xml version="1.0" encoding="UTF-8"?>
<!-- Generated by org.testng.reporters.JUnitReportReporter -->
<testsuite hostname="swapnili" name="atlantamarket_PROD.LineDigitalShowroom" tests="11" failures="1" timestamp="7 Nov 2022 14:05:20 GMT" time="375.075" errors="0">
  <testcase name="TS002_VerifyLineDigitalShowroomHeroComponentLocationLinksTest" time="20.210" classname="atlantamarket_PROD.LineDigitalShowroom"/>
  <testcase name="TS008_VerifyLineDigitalShowroomProductscomponentTest" time="38.422" classname="atlantamarket_PROD.LineDigitalShowroom"/>
  <testcase name="TS004_VerifyLineDigitalShowroomHeroComponentAddTolistTest" time="86.764" classname="atlantamarket_PROD.LineDigitalShowroom"/>
  <testcase name="TS003_VerifyLineDigitalShowroomHeroComponentAddToFavoriteTest" time="56.574" classname="atlantamarket_PROD.LineDigitalShowroom"/>
  <testcase name="TS001_VerifyLineDigitalShowroomHeroComponentShownByExhibitorNamaeTest" time="11.648" classname="atlantamarket_PROD.LineDigitalShowroom"/>
  <testcase name="TS011_VerifyLineDigitalShowroomProductscomponentSelectProductTest" time="65.082" classname="atlantamarket_PROD.LineDigitalShowroom">
    <failure type="org.openqa.selenium.TimeoutException" message="Expected condition failed: waiting for visibility of element located by By.xpath: //div[@ID=&#039;react-autowhatever-input-1&#039;] (tried for 20 second(s) with 500 MILLISECONDS interval)
Build info: version: &#039;3.4.0&#039;, revision: &#039;unknown&#039;, time: &#039;unknown&#039;
System info: host: &#039;SWAPNILI&#039;, ip: &#039;172.27.182.57&#039;, os.name: &#039;Windows 8.1&#039;, os.arch: &#039;amd64&#039;, os.version: &#039;6.3&#039;, java.version: &#039;1.8.0_161&#039;
Driver info: org.openqa.selenium.chrome.ChromeDriver
Capabilities [{networkConnectionEnabled=false, chrome={chromedriverVersion=107.0.5304.62 (1eec40d3a5764881c92085aaee66d25075c159aa-refs/branch-heads/5304@{#942}), userDataDir=C:\Users\swapnili\AppData\Local\Temp\scoped_dir11228_1661401247}, timeouts={implicit=0.0, pageLoad=300000.0, script=30000.0}, pageLoadStrategy=normal, unhandledPromptBehavior=dismiss and notify, strictFileInteractability=false, platform=ANY, proxy=Proxy(), goog:chromeOptions={debuggerAddress=localhost:58196}, webauthn:extension:credBlob=true, acceptInsecureCerts=false, browserVersion=107.0.5304.88, browserName=chrome, javascriptEnabled=true, platformName=windows, setWindowRect=true, webauthn:extension:largeBlob=true, webauthn:virtualAuthenticators=true}]
Session ID: 3127d51a001467dae03d591005e2a152">
      <![CDATA[org.openqa.selenium.TimeoutException: Expected condition failed: waiting for visibility of element located by By.xpath: //div[@ID='react-autowhatever-input-1'] (tried for 20 second(s) with 500 MILLISECONDS interval)
Build info: version: '3.4.0', revision: 'unknown', time: 'unknown'
System info: host: 'SWAPNILI', ip: '172.27.182.57', os.name: 'Windows 8.1', os.arch: 'amd64', os.version: '6.3', java.version: '1.8.0_161'
Driver info: org.openqa.selenium.chrome.ChromeDriver
Capabilities [{networkConnectionEnabled=false, chrome={chromedriverVersion=107.0.5304.62 (1eec40d3a5764881c92085aaee66d25075c159aa-refs/branch-heads/5304@{#942}), userDataDir=C:\Users\swapnili\AppData\Local\Temp\scoped_dir11228_1661401247}, timeouts={implicit=0.0, pageLoad=300000.0, script=30000.0}, pageLoadStrategy=normal, unhandledPromptBehavior=dismiss and notify, strictFileInteractability=false, platform=ANY, proxy=Proxy(), goog:chromeOptions={debuggerAddress=localhost:58196}, webauthn:extension:credBlob=true, acceptInsecureCerts=false, browserVersion=107.0.5304.88, browserName=chrome, javascriptEnabled=true, platformName=windows, setWindowRect=true, webauthn:extension:largeBlob=true, webauthn:virtualAuthenticators=true}]
Session ID: 3127d51a001467dae03d591005e2a152
	at org.openqa.selenium.support.ui.WebDriverWait.timeoutException(WebDriverWait.java:80)
	at org.openqa.selenium.support.ui.FluentWait.until(FluentWait.java:232)
	at pageObjects.AtlantaMarket.ATLLineDigitalShowroomPage.getsuggetionList(ATLLineDigitalShowroomPage.java:132)
	at atlantamarket_PROD.LineDigitalShowroom.TS011_VerifyLineDigitalShowroomProductscomponentSelectProductTest(LineDigitalShowroom.java:614)
	at sun.reflect.NativeMethodAccessorImpl.invoke0(Native Method)
	at sun.reflect.NativeMethodAccessorImpl.invoke(NativeMethodAccessorImpl.java:62)
	at sun.reflect.DelegatingMethodAccessorImpl.invoke(DelegatingMethodAccessorImpl.java:43)
	at java.lang.reflect.Method.invoke(Method.java:498)
	at org.testng.internal.MethodInvocationHelper.invokeMethod(MethodInvocationHelper.java:80)
	at org.testng.internal.Invoker.invokeMethod(Invoker.java:714)
	at org.testng.internal.Invoker.invokeTestMethod(Invoker.java:901)
	at org.testng.internal.Invoker.invokeTestMethods(Invoker.java:1231)
	at org.testng.internal.TestMethodWorker.invokeTestMethods(TestMethodWorker.java:127)
	at org.testng.internal.TestMethodWorker.run(TestMethodWorker.java:111)
	at org.testng.TestRunner.privateRun(TestRunner.java:767)
	at org.testng.TestRunner.run(TestRunner.java:617)
	at org.testng.SuiteRunner.runTest(SuiteRunner.java:334)
	at org.testng.SuiteRunner.runSequentially(SuiteRunner.java:329)
	at org.testng.SuiteRunner.privateRun(SuiteRunner.java:291)
	at org.testng.SuiteRunner.run(SuiteRunner.java:240)
	at org.testng.SuiteRunnerWorker.runSuite(SuiteRunnerWorker.java:52)
	at org.testng.SuiteRunnerWorker.run(SuiteRunnerWorker.java:86)
	at org.testng.TestNG.runSuitesSequentially(TestNG.java:1198)
	at org.testng.TestNG.runSuitesLocally(TestNG.java:1123)
	at org.testng.TestNG.run(TestNG.java:1031)
	at org.testng.remote.AbstractRemoteTestNG.run(AbstractRemoteTestNG.java:114)
	at org.testng.remote.RemoteTestNG.initAndRun(RemoteTestNG.java:251)
	at org.testng.remote.RemoteTestNG.main(RemoteTestNG.java:77)
]]>
    </failure>
  </testcase> <!-- TS011_VerifyLineDigitalShowroomProductscomponentSelectProductTest -->
  <testcase name="TS010_VerifyLineDigitalShowroomProductscomponentSeeAllProductsTest" time="16.229" classname="atlantamarket_PROD.LineDigitalShowroom"/>
  <testcase name="TS007_VerifyLineDigitalShowroomHeroComponentProductsComponentCountTest" time="5.889" classname="atlantamarket_PROD.LineDigitalShowroom"/>
  <testcase name="TS009_VerifyLineDigitalShowroomProductscomponentOrderOnJuniperMarketTest" time="12.165" classname="atlantamarket_PROD.LineDigitalShowroom"/>
  <testcase name="TS006_VerifyLineDigitalShowroomHeroComponentOrderOnJuniperMarketTest" time="12.701" classname="atlantamarket_PROD.LineDigitalShowroom"/>
  <testcase name="TS005_VerifyLineDigitalShowroomHeroComponentAddNoteTest" time="49.391" classname="atlantamarket_PROD.LineDigitalShowroom"/>
</testsuite> <!-- atlantamarket_PROD.LineDigitalShowroom -->
