<?xml version="1.0" encoding="UTF-8"?>
<!-- Generated by org.testng.reporters.JUnitReportReporter -->
<testsuite hostname="Anuppa-VD3" name="lasvegasmarket_PROD.EvenntsAndWebinar" tests="1" failures="0" timestamp="22 Nov 2023 09:41:47 GMT" time="43.684" errors="0">
  <testcase name="TS004_VerifyIMCEventsEventsListTest" time="43.684" classname="lasvegasmarket_PROD.EvenntsAndWebinar"/>
</testsuite> <!-- lasvegasmarket_PROD.EvenntsAndWebinar -->
