<?xml version="1.0" encoding="UTF-8"?>
<!-- Generated by org.testng.reporters.JUnitReportReporter -->
<testsuite hostname="Anuppa-VD3" name="atlantamarket_PROD.EvenntsAndWebinar" tests="1" failures="0" timestamp="11 Jan 2024 09:48:56 GMT" time="890.549" errors="0">
  <testcase name="TS005_VerifyIMCEventsEventDetailstTest" time="890.549" classname="atlantamarket_PROD.EvenntsAndWebinar"/>
</testsuite> <!-- atlantamarket_PROD.EvenntsAndWebinar -->
