<?xml version="1.0" encoding="UTF-8"?>
<!-- Generated by org.testng.reporters.JUnitReportReporter -->
<testsuite hostname="swapnili" name="atlantamarket_UAT.MarketPlanner" tests="1" failures="0" timestamp="16 Aug 2022 09:52:59 GMT" time="66.973" errors="0">
  <testcase name="TS020_VerifyAddToFavoriteForExhibitorTest1" time="66.973" classname="atlantamarket_UAT.MarketPlanner"/>
</testsuite> <!-- atlantamarket_UAT.MarketPlanner -->
