<?xml version="1.0" encoding="UTF-8"?>
<!-- Generated by org.testng.reporters.JUnitReportReporter -->
<testsuite hostname="NILAMMA-W10" name="atlantamarket_PROD.ShowSpecials" tests="1" failures="0" timestamp="27 Jan 2023 07:24:35 GMT" time="25.906" errors="0">
  <testcase name="TS001_VerifyShowSpecialsLinksExhibitorNameTest" time="25.906" classname="atlantamarket_PROD.ShowSpecials"/>
</testsuite> <!-- atlantamarket_PROD.ShowSpecials -->
