<?xml version="1.0" encoding="UTF-8"?>
<!-- Generated by org.testng.reporters.JUnitReportReporter -->
<testsuite hostname="swapnili" name="atlantamarket.GlobalSearch_ProductActions" tests="2" failures="0" timestamp="21 Jun 2022 08:50:12 GMT" time="79.276" errors="0">
  <testcase name="TS001_VerifyMarketPlannerLoginTest" time="28.168" classname="atlantamarket.GlobalSearch_ProductActions"/>
  <testcase name="TS010_VerifyProductActionsIconToAddToNewlyCreatedListTest" time="51.108" classname="atlantamarket.GlobalSearch_ProductActions"/>
</testsuite> <!-- atlantamarket.GlobalSearch_ProductActions -->
