<?xml version="1.0" encoding="UTF-8"?>
<!-- Generated by org.testng.reporters.JUnitReportReporter -->
<testsuite hostname="Anuppa-VD3" name="lasvegasmarket_PROD.GlobalSearch_ProductActions" tests="1" failures="0" timestamp="3 May 2023 08:42:52 GMT" time="61.898" errors="0">
  <testcase name="TS005_VerifyAddNoteOnProductDetailsPageTest" time="61.898" classname="lasvegasmarket_PROD.GlobalSearch_ProductActions"/>
</testsuite> <!-- lasvegasmarket_PROD.GlobalSearch_ProductActions -->
