<?xml version="1.0" encoding="UTF-8"?>
<!-- Generated by org.testng.reporters.JUnitReportReporter -->
<testsuite hostname="Anuppa-VD3" name="lasvegasmarket_UAT.GlobalSearch_LeftPaneFilters" tests="1" failures="0" timestamp="10 Jan 2023 06:53:05 GMT" time="21.664" errors="0">
  <testcase name="TS002_VerifySelectionOfMoreThanOneFilterOfProdCatgFromLeftPaneFiltersTest" time="21.664" classname="lasvegasmarket_UAT.GlobalSearch_LeftPaneFilters"/>
</testsuite> <!-- lasvegasmarket_UAT.GlobalSearch_LeftPaneFilters -->
