<?xml version="1.0" encoding="UTF-8"?>
<!-- Generated by org.testng.reporters.JUnitReportReporter -->
<testsuite hostname="shradhama-win10" name="atlantamarket_UAT.MarketPlanner" tests="1" failures="0" timestamp="6 Sep 2022 04:45:42 GMT" time="26.695" errors="0">
  <testcase name="TS044_VerifyMarketPlanneMyInfoEditProfile" time="26.695" classname="atlantamarket_UAT.MarketPlanner"/>
</testsuite> <!-- atlantamarket_UAT.MarketPlanner -->
