<?xml version="1.0" encoding="UTF-8"?>
<!-- Generated by org.testng.reporters.JUnitReportReporter -->
<testsuite hostname="swapnili" name="atlantamarket_UAT.GlobalSearch_MatchingResults" tests="1" failures="0" timestamp="17 Oct 2022 11:32:40 GMT" time="40.911" errors="0">
  <testcase name="TS009_VerifyGlobalSearchMatchingResultsSavedSearchesTest" time="40.911" classname="atlantamarket_UAT.GlobalSearch_MatchingResults"/>
</testsuite> <!-- atlantamarket_UAT.GlobalSearch_MatchingResults -->
