<?xml version="1.0" encoding="UTF-8"?>
<!-- Generated by org.testng.reporters.JUnitReportReporter -->
<testsuite hostname="eon-swapnili" name="atlantamarket_PROD.EvenntsAndWebinar" tests="1" failures="0" timestamp="5 Jan 2024 05:17:36 GMT" time="17.179" errors="0">
  <testcase name="TS001_VerifyEventsAndWebinarsOverviewTest" time="17.179" classname="atlantamarket_PROD.EvenntsAndWebinar"/>
</testsuite> <!-- atlantamarket_PROD.EvenntsAndWebinar -->
