<?xml version="1.0" encoding="UTF-8"?>
<!-- Generated by org.testng.reporters.JUnitReportReporter -->
<testsuite hostname="Anuppa-VD3" name="atlantamarket_PROD.LineDigitalShowroom" tests="10" failures="9" timestamp="19 Dec 2022 09:56:30 GMT" time="315.608" errors="0">
  <testcase name="TS010_VerifyLineDigitalShowroomProductscomponentSeeAllProductsTest" time="20.463" classname="atlantamarket_PROD.LineDigitalShowroom">
    <failure type="org.openqa.selenium.TimeoutException" message="Expected condition failed: waiting for element to be clickable: By.xpath: //input[@id=&#039;input-1&#039;] (tried for 20 second(s) with 500 MILLISECONDS interval)">
      <![CDATA[org.openqa.selenium.TimeoutException: Expected condition failed: waiting for element to be clickable: By.xpath: //input[@id='input-1'] (tried for 20 second(s) with 500 MILLISECONDS interval)
	at org.openqa.selenium.support.ui.WebDriverWait.timeoutException(WebDriverWait.java:80)
	at org.openqa.selenium.support.ui.FluentWait.until(FluentWait.java:232)
	at pageObjects.AtlantaMarket.ATLGlobalSearchPage.getATLGlobalSearchTextBox(ATLGlobalSearchPage.java:365)
	at atlantamarket_PROD.LineDigitalShowroom.TS010_VerifyLineDigitalShowroomProductscomponentSeeAllProductsTest(LineDigitalShowroom.java:572)
	at sun.reflect.NativeMethodAccessorImpl.invoke0(Native Method)
	at sun.reflect.NativeMethodAccessorImpl.invoke(Unknown Source)
	at sun.reflect.DelegatingMethodAccessorImpl.invoke(Unknown Source)
	at java.lang.reflect.Method.invoke(Unknown Source)
	at org.testng.internal.MethodInvocationHelper.invokeMethod(MethodInvocationHelper.java:80)
	at org.testng.internal.Invoker.invokeMethod(Invoker.java:714)
	at org.testng.internal.Invoker.invokeTestMethod(Invoker.java:901)
	at org.testng.internal.Invoker.invokeTestMethods(Invoker.java:1231)
	at org.testng.internal.TestMethodWorker.invokeTestMethods(TestMethodWorker.java:127)
	at org.testng.internal.TestMethodWorker.run(TestMethodWorker.java:111)
	at org.testng.TestRunner.privateRun(TestRunner.java:767)
	at org.testng.TestRunner.run(TestRunner.java:617)
	at org.testng.SuiteRunner.runTest(SuiteRunner.java:334)
	at org.testng.SuiteRunner.runSequentially(SuiteRunner.java:329)
	at org.testng.SuiteRunner.privateRun(SuiteRunner.java:291)
	at org.testng.SuiteRunner.run(SuiteRunner.java:240)
	at org.testng.SuiteRunnerWorker.runSuite(SuiteRunnerWorker.java:52)
	at org.testng.SuiteRunnerWorker.run(SuiteRunnerWorker.java:86)
	at org.testng.TestNG.runSuitesSequentially(TestNG.java:1198)
	at org.testng.TestNG.runSuitesLocally(TestNG.java:1123)
	at org.testng.TestNG.run(TestNG.java:1031)
	at org.testng.remote.AbstractRemoteTestNG.run(AbstractRemoteTestNG.java:132)
	at org.testng.remote.RemoteTestNG.initAndRun(RemoteTestNG.java:236)
	at org.testng.remote.RemoteTestNG.main(RemoteTestNG.java:81)
Caused by: org.openqa.selenium.NoSuchWindowException: no such window: target window already closed
from unknown error: web view not found
  (Session info: chrome=108.0.5359.125)
Build info: version: '3.4.0', revision: 'unknown', time: 'unknown'
System info: host: 'ANUPPA-VD3', ip: '172.27.182.66', os.name: 'Windows 10', os.arch: 'amd64', os.version: '10.0', java.version: '1.8.0_351'
Driver info: org.openqa.selenium.chrome.ChromeDriver
Capabilities [{networkConnectionEnabled=false, chrome={chromedriverVersion=108.0.5359.71 (1e0e3868ee06e91ad636a874420e3ca3ae3756ac-refs/branch-heads/5359@{#1016}), userDataDir=C:\Users\anuppa\AppData\Local\Temp\scoped_dir22296_622701147}, timeouts={implicit=0.0, pageLoad=300000.0, script=30000.0}, pageLoadStrategy=normal, unhandledPromptBehavior=dismiss and notify, strictFileInteractability=false, platform=ANY, proxy=Proxy(), goog:chromeOptions={debuggerAddress=localhost:58628}, webauthn:extension:credBlob=true, acceptInsecureCerts=false, browserVersion=108.0.5359.125, browserName=chrome, javascriptEnabled=true, platformName=windows, setWindowRect=true, webauthn:extension:largeBlob=true, webauthn:virtualAuthenticators=true}]
Session ID: 1cbb5a1aecb7971f7fe7a4859b8ba32a
*** Element info: {Using=xpath, value=//input[@id='input-1']}
	at sun.reflect.GeneratedConstructorAccessor15.newInstance(Unknown Source)
	at sun.reflect.DelegatingConstructorAccessorImpl.newInstance(Unknown Source)
	at java.lang.reflect.Constructor.newInstance(Unknown Source)
	at org.openqa.selenium.remote.http.W3CHttpResponseCodec.createException(W3CHttpResponseCodec.java:150)
	at org.openqa.selenium.remote.http.W3CHttpResponseCodec.decode(W3CHttpResponseCodec.java:115)
	at org.openqa.selenium.remote.http.W3CHttpResponseCodec.decode(W3CHttpResponseCodec.java:45)
	at org.openqa.selenium.remote.HttpCommandExecutor.execute(HttpCommandExecutor.java:164)
	at org.openqa.selenium.remote.service.DriverCommandExecutor.execute(DriverCommandExecutor.java:82)
	at org.openqa.selenium.remote.RemoteWebDriver.execute(RemoteWebDriver.java:637)
	at org.openqa.selenium.remote.RemoteWebDriver.findElements(RemoteWebDriver.java:437)
	at org.openqa.selenium.remote.RemoteWebDriver.findElementsByXPath(RemoteWebDriver.java:513)
	at org.openqa.selenium.By$ByXPath.findElements(By.java:356)
	at org.openqa.selenium.remote.RemoteWebDriver.findElements(RemoteWebDriver.java:398)
	at org.openqa.selenium.support.ui.ExpectedConditions.findElement(ExpectedConditions.java:882)
	at org.openqa.selenium.support.ui.ExpectedConditions.access$000(ExpectedConditions.java:44)
	at org.openqa.selenium.support.ui.ExpectedConditions$7.apply(ExpectedConditions.java:206)
	at org.openqa.selenium.support.ui.ExpectedConditions$7.apply(ExpectedConditions.java:202)
	at org.openqa.selenium.support.ui.ExpectedConditions$22.apply(ExpectedConditions.java:644)
	at org.openqa.selenium.support.ui.ExpectedConditions$22.apply(ExpectedConditions.java:641)
	at org.openqa.selenium.support.ui.FluentWait.until(FluentWait.java:209)
	... 26 more
]]>
    </failure>
  </testcase> <!-- TS010_VerifyLineDigitalShowroomProductscomponentSeeAllProductsTest -->
  <testcase name="TS001_VerifyLineDigitalShowroomHeroComponentShownByExhibitorNamaeTest" time="11.392" classname="atlantamarket_PROD.LineDigitalShowroom"/>
  <testcase name="TS004_VerifyLineDigitalShowroomHeroComponentAddTolistTest" time="39.633" classname="atlantamarket_PROD.LineDigitalShowroom">
    <failure type="org.openqa.selenium.TimeoutException" message="Expected condition failed: waiting for element to be clickable: By.xpath: //div[@class=&#039;imc-vr--xlarge&#039;]/div[2]/label[1] (tried for 20 second(s) with 500 MILLISECONDS interval)">
      <![CDATA[org.openqa.selenium.TimeoutException: Expected condition failed: waiting for element to be clickable: By.xpath: //div[@class='imc-vr--xlarge']/div[2]/label[1] (tried for 20 second(s) with 500 MILLISECONDS interval)
	at org.openqa.selenium.support.ui.WebDriverWait.timeoutException(WebDriverWait.java:80)
	at org.openqa.selenium.support.ui.FluentWait.until(FluentWait.java:232)
	at pageObjects.AtlantaMarket.ATLGlobalSearchPage.getatlExistingList(ATLGlobalSearchPage.java:238)
	at atlantamarket_PROD.LineDigitalShowroom.TS004_VerifyLineDigitalShowroomHeroComponentAddTolistTest(LineDigitalShowroom.java:243)
	at sun.reflect.NativeMethodAccessorImpl.invoke0(Native Method)
	at sun.reflect.NativeMethodAccessorImpl.invoke(Unknown Source)
	at sun.reflect.DelegatingMethodAccessorImpl.invoke(Unknown Source)
	at java.lang.reflect.Method.invoke(Unknown Source)
	at org.testng.internal.MethodInvocationHelper.invokeMethod(MethodInvocationHelper.java:80)
	at org.testng.internal.Invoker.invokeMethod(Invoker.java:714)
	at org.testng.internal.Invoker.invokeTestMethod(Invoker.java:901)
	at org.testng.internal.Invoker.invokeTestMethods(Invoker.java:1231)
	at org.testng.internal.TestMethodWorker.invokeTestMethods(TestMethodWorker.java:127)
	at org.testng.internal.TestMethodWorker.run(TestMethodWorker.java:111)
	at org.testng.TestRunner.privateRun(TestRunner.java:767)
	at org.testng.TestRunner.run(TestRunner.java:617)
	at org.testng.SuiteRunner.runTest(SuiteRunner.java:334)
	at org.testng.SuiteRunner.runSequentially(SuiteRunner.java:329)
	at org.testng.SuiteRunner.privateRun(SuiteRunner.java:291)
	at org.testng.SuiteRunner.run(SuiteRunner.java:240)
	at org.testng.SuiteRunnerWorker.runSuite(SuiteRunnerWorker.java:52)
	at org.testng.SuiteRunnerWorker.run(SuiteRunnerWorker.java:86)
	at org.testng.TestNG.runSuitesSequentially(TestNG.java:1198)
	at org.testng.TestNG.runSuitesLocally(TestNG.java:1123)
	at org.testng.TestNG.run(TestNG.java:1031)
	at org.testng.remote.AbstractRemoteTestNG.run(AbstractRemoteTestNG.java:132)
	at org.testng.remote.RemoteTestNG.initAndRun(RemoteTestNG.java:236)
	at org.testng.remote.RemoteTestNG.main(RemoteTestNG.java:81)
Caused by: org.openqa.selenium.NoSuchWindowException: no such window: target window already closed
from unknown error: web view not found
  (Session info: chrome=108.0.5359.125)
Build info: version: '3.4.0', revision: 'unknown', time: 'unknown'
System info: host: 'ANUPPA-VD3', ip: '172.27.182.66', os.name: 'Windows 10', os.arch: 'amd64', os.version: '10.0', java.version: '1.8.0_351'
Driver info: org.openqa.selenium.chrome.ChromeDriver
Capabilities [{networkConnectionEnabled=false, chrome={chromedriverVersion=108.0.5359.71 (1e0e3868ee06e91ad636a874420e3ca3ae3756ac-refs/branch-heads/5359@{#1016}), userDataDir=C:\Users\anuppa\AppData\Local\Temp\scoped_dir22296_622701147}, timeouts={implicit=0.0, pageLoad=300000.0, script=30000.0}, pageLoadStrategy=normal, unhandledPromptBehavior=dismiss and notify, strictFileInteractability=false, platform=ANY, proxy=Proxy(), goog:chromeOptions={debuggerAddress=localhost:58628}, webauthn:extension:credBlob=true, acceptInsecureCerts=false, browserVersion=108.0.5359.125, browserName=chrome, javascriptEnabled=true, platformName=windows, setWindowRect=true, webauthn:extension:largeBlob=true, webauthn:virtualAuthenticators=true}]
Session ID: 1cbb5a1aecb7971f7fe7a4859b8ba32a
*** Element info: {Using=xpath, value=//div[@class='imc-vr--xlarge']/div[2]/label[1]}
	at sun.reflect.GeneratedConstructorAccessor15.newInstance(Unknown Source)
	at sun.reflect.DelegatingConstructorAccessorImpl.newInstance(Unknown Source)
	at java.lang.reflect.Constructor.newInstance(Unknown Source)
	at org.openqa.selenium.remote.http.W3CHttpResponseCodec.createException(W3CHttpResponseCodec.java:150)
	at org.openqa.selenium.remote.http.W3CHttpResponseCodec.decode(W3CHttpResponseCodec.java:115)
	at org.openqa.selenium.remote.http.W3CHttpResponseCodec.decode(W3CHttpResponseCodec.java:45)
	at org.openqa.selenium.remote.HttpCommandExecutor.execute(HttpCommandExecutor.java:164)
	at org.openqa.selenium.remote.service.DriverCommandExecutor.execute(DriverCommandExecutor.java:82)
	at org.openqa.selenium.remote.RemoteWebDriver.execute(RemoteWebDriver.java:637)
	at org.openqa.selenium.remote.RemoteWebDriver.findElements(RemoteWebDriver.java:437)
	at org.openqa.selenium.remote.RemoteWebDriver.findElementsByXPath(RemoteWebDriver.java:513)
	at org.openqa.selenium.By$ByXPath.findElements(By.java:356)
	at org.openqa.selenium.remote.RemoteWebDriver.findElements(RemoteWebDriver.java:398)
	at org.openqa.selenium.support.ui.ExpectedConditions.findElement(ExpectedConditions.java:882)
	at org.openqa.selenium.support.ui.ExpectedConditions.access$000(ExpectedConditions.java:44)
	at org.openqa.selenium.support.ui.ExpectedConditions$7.apply(ExpectedConditions.java:206)
	at org.openqa.selenium.support.ui.ExpectedConditions$7.apply(ExpectedConditions.java:202)
	at org.openqa.selenium.support.ui.ExpectedConditions$22.apply(ExpectedConditions.java:644)
	at org.openqa.selenium.support.ui.ExpectedConditions$22.apply(ExpectedConditions.java:641)
	at org.openqa.selenium.support.ui.FluentWait.until(FluentWait.java:209)
	... 26 more
]]>
    </failure>
  </testcase> <!-- TS004_VerifyLineDigitalShowroomHeroComponentAddTolistTest -->
  <testcase name="TS008_VerifyLineDigitalShowroomProductscomponentTest" time="20.439" classname="atlantamarket_PROD.LineDigitalShowroom">
    <failure type="org.openqa.selenium.TimeoutException" message="Expected condition failed: waiting for element to be clickable: By.xpath: //input[@id=&#039;input-1&#039;] (tried for 20 second(s) with 500 MILLISECONDS interval)">
      <![CDATA[org.openqa.selenium.TimeoutException: Expected condition failed: waiting for element to be clickable: By.xpath: //input[@id='input-1'] (tried for 20 second(s) with 500 MILLISECONDS interval)
	at org.openqa.selenium.support.ui.WebDriverWait.timeoutException(WebDriverWait.java:80)
	at org.openqa.selenium.support.ui.FluentWait.until(FluentWait.java:232)
	at pageObjects.AtlantaMarket.ATLGlobalSearchPage.getATLGlobalSearchTextBox(ATLGlobalSearchPage.java:365)
	at atlantamarket_PROD.LineDigitalShowroom.TS008_VerifyLineDigitalShowroomProductscomponentTest(LineDigitalShowroom.java:466)
	at sun.reflect.NativeMethodAccessorImpl.invoke0(Native Method)
	at sun.reflect.NativeMethodAccessorImpl.invoke(Unknown Source)
	at sun.reflect.DelegatingMethodAccessorImpl.invoke(Unknown Source)
	at java.lang.reflect.Method.invoke(Unknown Source)
	at org.testng.internal.MethodInvocationHelper.invokeMethod(MethodInvocationHelper.java:80)
	at org.testng.internal.Invoker.invokeMethod(Invoker.java:714)
	at org.testng.internal.Invoker.invokeTestMethod(Invoker.java:901)
	at org.testng.internal.Invoker.invokeTestMethods(Invoker.java:1231)
	at org.testng.internal.TestMethodWorker.invokeTestMethods(TestMethodWorker.java:127)
	at org.testng.internal.TestMethodWorker.run(TestMethodWorker.java:111)
	at org.testng.TestRunner.privateRun(TestRunner.java:767)
	at org.testng.TestRunner.run(TestRunner.java:617)
	at org.testng.SuiteRunner.runTest(SuiteRunner.java:334)
	at org.testng.SuiteRunner.runSequentially(SuiteRunner.java:329)
	at org.testng.SuiteRunner.privateRun(SuiteRunner.java:291)
	at org.testng.SuiteRunner.run(SuiteRunner.java:240)
	at org.testng.SuiteRunnerWorker.runSuite(SuiteRunnerWorker.java:52)
	at org.testng.SuiteRunnerWorker.run(SuiteRunnerWorker.java:86)
	at org.testng.TestNG.runSuitesSequentially(TestNG.java:1198)
	at org.testng.TestNG.runSuitesLocally(TestNG.java:1123)
	at org.testng.TestNG.run(TestNG.java:1031)
	at org.testng.remote.AbstractRemoteTestNG.run(AbstractRemoteTestNG.java:132)
	at org.testng.remote.RemoteTestNG.initAndRun(RemoteTestNG.java:236)
	at org.testng.remote.RemoteTestNG.main(RemoteTestNG.java:81)
Caused by: org.openqa.selenium.NoSuchWindowException: no such window: target window already closed
from unknown error: web view not found
  (Session info: chrome=108.0.5359.125)
Build info: version: '3.4.0', revision: 'unknown', time: 'unknown'
System info: host: 'ANUPPA-VD3', ip: '172.27.182.66', os.name: 'Windows 10', os.arch: 'amd64', os.version: '10.0', java.version: '1.8.0_351'
Driver info: org.openqa.selenium.chrome.ChromeDriver
Capabilities [{networkConnectionEnabled=false, chrome={chromedriverVersion=108.0.5359.71 (1e0e3868ee06e91ad636a874420e3ca3ae3756ac-refs/branch-heads/5359@{#1016}), userDataDir=C:\Users\anuppa\AppData\Local\Temp\scoped_dir22296_622701147}, timeouts={implicit=0.0, pageLoad=300000.0, script=30000.0}, pageLoadStrategy=normal, unhandledPromptBehavior=dismiss and notify, strictFileInteractability=false, platform=ANY, proxy=Proxy(), goog:chromeOptions={debuggerAddress=localhost:58628}, webauthn:extension:credBlob=true, acceptInsecureCerts=false, browserVersion=108.0.5359.125, browserName=chrome, javascriptEnabled=true, platformName=windows, setWindowRect=true, webauthn:extension:largeBlob=true, webauthn:virtualAuthenticators=true}]
Session ID: 1cbb5a1aecb7971f7fe7a4859b8ba32a
*** Element info: {Using=xpath, value=//input[@id='input-1']}
	at sun.reflect.GeneratedConstructorAccessor15.newInstance(Unknown Source)
	at sun.reflect.DelegatingConstructorAccessorImpl.newInstance(Unknown Source)
	at java.lang.reflect.Constructor.newInstance(Unknown Source)
	at org.openqa.selenium.remote.http.W3CHttpResponseCodec.createException(W3CHttpResponseCodec.java:150)
	at org.openqa.selenium.remote.http.W3CHttpResponseCodec.decode(W3CHttpResponseCodec.java:115)
	at org.openqa.selenium.remote.http.W3CHttpResponseCodec.decode(W3CHttpResponseCodec.java:45)
	at org.openqa.selenium.remote.HttpCommandExecutor.execute(HttpCommandExecutor.java:164)
	at org.openqa.selenium.remote.service.DriverCommandExecutor.execute(DriverCommandExecutor.java:82)
	at org.openqa.selenium.remote.RemoteWebDriver.execute(RemoteWebDriver.java:637)
	at org.openqa.selenium.remote.RemoteWebDriver.findElements(RemoteWebDriver.java:437)
	at org.openqa.selenium.remote.RemoteWebDriver.findElementsByXPath(RemoteWebDriver.java:513)
	at org.openqa.selenium.By$ByXPath.findElements(By.java:356)
	at org.openqa.selenium.remote.RemoteWebDriver.findElements(RemoteWebDriver.java:398)
	at org.openqa.selenium.support.ui.ExpectedConditions.findElement(ExpectedConditions.java:882)
	at org.openqa.selenium.support.ui.ExpectedConditions.access$000(ExpectedConditions.java:44)
	at org.openqa.selenium.support.ui.ExpectedConditions$7.apply(ExpectedConditions.java:206)
	at org.openqa.selenium.support.ui.ExpectedConditions$7.apply(ExpectedConditions.java:202)
	at org.openqa.selenium.support.ui.ExpectedConditions$22.apply(ExpectedConditions.java:644)
	at org.openqa.selenium.support.ui.ExpectedConditions$22.apply(ExpectedConditions.java:641)
	at org.openqa.selenium.support.ui.FluentWait.until(FluentWait.java:209)
	... 26 more
]]>
    </failure>
  </testcase> <!-- TS008_VerifyLineDigitalShowroomProductscomponentTest -->
  <testcase name="TS002_VerifyLineDigitalShowroomHeroComponentLocationLinksTest" time="26.200" classname="atlantamarket_PROD.LineDigitalShowroom">
    <failure type="org.openqa.selenium.TimeoutException" message="Expected condition failed: waiting for visibility of element located by By.xpath: //div[@ID=&#039;react-autowhatever-input-1&#039;] (tried for 20 second(s) with 500 MILLISECONDS interval)
Build info: version: &#039;3.4.0&#039;, revision: &#039;unknown&#039;, time: &#039;unknown&#039;
System info: host: &#039;ANUPPA-VD3&#039;, ip: &#039;172.27.182.66&#039;, os.name: &#039;Windows 10&#039;, os.arch: &#039;amd64&#039;, os.version: &#039;10.0&#039;, java.version: &#039;1.8.0_351&#039;
Driver info: org.openqa.selenium.chrome.ChromeDriver
Capabilities [{networkConnectionEnabled=false, chrome={chromedriverVersion=108.0.5359.71 (1e0e3868ee06e91ad636a874420e3ca3ae3756ac-refs/branch-heads/5359@{#1016}), userDataDir=C:\Users\anuppa\AppData\Local\Temp\scoped_dir22296_622701147}, timeouts={implicit=0.0, pageLoad=300000.0, script=30000.0}, pageLoadStrategy=normal, unhandledPromptBehavior=dismiss and notify, strictFileInteractability=false, platform=ANY, proxy=Proxy(), goog:chromeOptions={debuggerAddress=localhost:58628}, webauthn:extension:credBlob=true, acceptInsecureCerts=false, browserVersion=108.0.5359.125, browserName=chrome, javascriptEnabled=true, platformName=windows, setWindowRect=true, webauthn:extension:largeBlob=true, webauthn:virtualAuthenticators=true}]
Session ID: 1cbb5a1aecb7971f7fe7a4859b8ba32a">
      <![CDATA[org.openqa.selenium.TimeoutException: Expected condition failed: waiting for visibility of element located by By.xpath: //div[@ID='react-autowhatever-input-1'] (tried for 20 second(s) with 500 MILLISECONDS interval)
Build info: version: '3.4.0', revision: 'unknown', time: 'unknown'
System info: host: 'ANUPPA-VD3', ip: '172.27.182.66', os.name: 'Windows 10', os.arch: 'amd64', os.version: '10.0', java.version: '1.8.0_351'
Driver info: org.openqa.selenium.chrome.ChromeDriver
Capabilities [{networkConnectionEnabled=false, chrome={chromedriverVersion=108.0.5359.71 (1e0e3868ee06e91ad636a874420e3ca3ae3756ac-refs/branch-heads/5359@{#1016}), userDataDir=C:\Users\anuppa\AppData\Local\Temp\scoped_dir22296_622701147}, timeouts={implicit=0.0, pageLoad=300000.0, script=30000.0}, pageLoadStrategy=normal, unhandledPromptBehavior=dismiss and notify, strictFileInteractability=false, platform=ANY, proxy=Proxy(), goog:chromeOptions={debuggerAddress=localhost:58628}, webauthn:extension:credBlob=true, acceptInsecureCerts=false, browserVersion=108.0.5359.125, browserName=chrome, javascriptEnabled=true, platformName=windows, setWindowRect=true, webauthn:extension:largeBlob=true, webauthn:virtualAuthenticators=true}]
Session ID: 1cbb5a1aecb7971f7fe7a4859b8ba32a
	at org.openqa.selenium.support.ui.WebDriverWait.timeoutException(WebDriverWait.java:80)
	at org.openqa.selenium.support.ui.FluentWait.until(FluentWait.java:232)
	at pageObjects.AtlantaMarket.ATLLineDigitalShowroomPage.getsuggetionList(ATLLineDigitalShowroomPage.java:132)
	at atlantamarket_PROD.LineDigitalShowroom.TS002_VerifyLineDigitalShowroomHeroComponentLocationLinksTest(LineDigitalShowroom.java:121)
	at sun.reflect.NativeMethodAccessorImpl.invoke0(Native Method)
	at sun.reflect.NativeMethodAccessorImpl.invoke(Unknown Source)
	at sun.reflect.DelegatingMethodAccessorImpl.invoke(Unknown Source)
	at java.lang.reflect.Method.invoke(Unknown Source)
	at org.testng.internal.MethodInvocationHelper.invokeMethod(MethodInvocationHelper.java:80)
	at org.testng.internal.Invoker.invokeMethod(Invoker.java:714)
	at org.testng.internal.Invoker.invokeTestMethod(Invoker.java:901)
	at org.testng.internal.Invoker.invokeTestMethods(Invoker.java:1231)
	at org.testng.internal.TestMethodWorker.invokeTestMethods(TestMethodWorker.java:127)
	at org.testng.internal.TestMethodWorker.run(TestMethodWorker.java:111)
	at org.testng.TestRunner.privateRun(TestRunner.java:767)
	at org.testng.TestRunner.run(TestRunner.java:617)
	at org.testng.SuiteRunner.runTest(SuiteRunner.java:334)
	at org.testng.SuiteRunner.runSequentially(SuiteRunner.java:329)
	at org.testng.SuiteRunner.privateRun(SuiteRunner.java:291)
	at org.testng.SuiteRunner.run(SuiteRunner.java:240)
	at org.testng.SuiteRunnerWorker.runSuite(SuiteRunnerWorker.java:52)
	at org.testng.SuiteRunnerWorker.run(SuiteRunnerWorker.java:86)
	at org.testng.TestNG.runSuitesSequentially(TestNG.java:1198)
	at org.testng.TestNG.runSuitesLocally(TestNG.java:1123)
	at org.testng.TestNG.run(TestNG.java:1031)
	at org.testng.remote.AbstractRemoteTestNG.run(AbstractRemoteTestNG.java:132)
	at org.testng.remote.RemoteTestNG.initAndRun(RemoteTestNG.java:236)
	at org.testng.remote.RemoteTestNG.main(RemoteTestNG.java:81)
]]>
    </failure>
  </testcase> <!-- TS002_VerifyLineDigitalShowroomHeroComponentLocationLinksTest -->
  <testcase name="TS005_VerifyLineDigitalShowroomHeroComponentAddNoteTest" time="20.445" classname="atlantamarket_PROD.LineDigitalShowroom">
    <failure type="org.openqa.selenium.TimeoutException" message="Expected condition failed: waiting for element to be clickable: By.xpath: //input[@id=&#039;input-1&#039;] (tried for 20 second(s) with 500 MILLISECONDS interval)">
      <![CDATA[org.openqa.selenium.TimeoutException: Expected condition failed: waiting for element to be clickable: By.xpath: //input[@id='input-1'] (tried for 20 second(s) with 500 MILLISECONDS interval)
	at org.openqa.selenium.support.ui.WebDriverWait.timeoutException(WebDriverWait.java:80)
	at org.openqa.selenium.support.ui.FluentWait.until(FluentWait.java:232)
	at pageObjects.AtlantaMarket.ATLGlobalSearchPage.getATLGlobalSearchTextBox(ATLGlobalSearchPage.java:365)
	at atlantamarket_PROD.LineDigitalShowroom.TS005_VerifyLineDigitalShowroomHeroComponentAddNoteTest(LineDigitalShowroom.java:283)
	at sun.reflect.NativeMethodAccessorImpl.invoke0(Native Method)
	at sun.reflect.NativeMethodAccessorImpl.invoke(Unknown Source)
	at sun.reflect.DelegatingMethodAccessorImpl.invoke(Unknown Source)
	at java.lang.reflect.Method.invoke(Unknown Source)
	at org.testng.internal.MethodInvocationHelper.invokeMethod(MethodInvocationHelper.java:80)
	at org.testng.internal.Invoker.invokeMethod(Invoker.java:714)
	at org.testng.internal.Invoker.invokeTestMethod(Invoker.java:901)
	at org.testng.internal.Invoker.invokeTestMethods(Invoker.java:1231)
	at org.testng.internal.TestMethodWorker.invokeTestMethods(TestMethodWorker.java:127)
	at org.testng.internal.TestMethodWorker.run(TestMethodWorker.java:111)
	at org.testng.TestRunner.privateRun(TestRunner.java:767)
	at org.testng.TestRunner.run(TestRunner.java:617)
	at org.testng.SuiteRunner.runTest(SuiteRunner.java:334)
	at org.testng.SuiteRunner.runSequentially(SuiteRunner.java:329)
	at org.testng.SuiteRunner.privateRun(SuiteRunner.java:291)
	at org.testng.SuiteRunner.run(SuiteRunner.java:240)
	at org.testng.SuiteRunnerWorker.runSuite(SuiteRunnerWorker.java:52)
	at org.testng.SuiteRunnerWorker.run(SuiteRunnerWorker.java:86)
	at org.testng.TestNG.runSuitesSequentially(TestNG.java:1198)
	at org.testng.TestNG.runSuitesLocally(TestNG.java:1123)
	at org.testng.TestNG.run(TestNG.java:1031)
	at org.testng.remote.AbstractRemoteTestNG.run(AbstractRemoteTestNG.java:132)
	at org.testng.remote.RemoteTestNG.initAndRun(RemoteTestNG.java:236)
	at org.testng.remote.RemoteTestNG.main(RemoteTestNG.java:81)
Caused by: org.openqa.selenium.NoSuchWindowException: no such window: target window already closed
from unknown error: web view not found
  (Session info: chrome=108.0.5359.125)
Build info: version: '3.4.0', revision: 'unknown', time: 'unknown'
System info: host: 'ANUPPA-VD3', ip: '172.27.182.66', os.name: 'Windows 10', os.arch: 'amd64', os.version: '10.0', java.version: '1.8.0_351'
Driver info: org.openqa.selenium.chrome.ChromeDriver
Capabilities [{networkConnectionEnabled=false, chrome={chromedriverVersion=108.0.5359.71 (1e0e3868ee06e91ad636a874420e3ca3ae3756ac-refs/branch-heads/5359@{#1016}), userDataDir=C:\Users\anuppa\AppData\Local\Temp\scoped_dir22296_622701147}, timeouts={implicit=0.0, pageLoad=300000.0, script=30000.0}, pageLoadStrategy=normal, unhandledPromptBehavior=dismiss and notify, strictFileInteractability=false, platform=ANY, proxy=Proxy(), goog:chromeOptions={debuggerAddress=localhost:58628}, webauthn:extension:credBlob=true, acceptInsecureCerts=false, browserVersion=108.0.5359.125, browserName=chrome, javascriptEnabled=true, platformName=windows, setWindowRect=true, webauthn:extension:largeBlob=true, webauthn:virtualAuthenticators=true}]
Session ID: 1cbb5a1aecb7971f7fe7a4859b8ba32a
*** Element info: {Using=xpath, value=//input[@id='input-1']}
	at sun.reflect.GeneratedConstructorAccessor15.newInstance(Unknown Source)
	at sun.reflect.DelegatingConstructorAccessorImpl.newInstance(Unknown Source)
	at java.lang.reflect.Constructor.newInstance(Unknown Source)
	at org.openqa.selenium.remote.http.W3CHttpResponseCodec.createException(W3CHttpResponseCodec.java:150)
	at org.openqa.selenium.remote.http.W3CHttpResponseCodec.decode(W3CHttpResponseCodec.java:115)
	at org.openqa.selenium.remote.http.W3CHttpResponseCodec.decode(W3CHttpResponseCodec.java:45)
	at org.openqa.selenium.remote.HttpCommandExecutor.execute(HttpCommandExecutor.java:164)
	at org.openqa.selenium.remote.service.DriverCommandExecutor.execute(DriverCommandExecutor.java:82)
	at org.openqa.selenium.remote.RemoteWebDriver.execute(RemoteWebDriver.java:637)
	at org.openqa.selenium.remote.RemoteWebDriver.findElements(RemoteWebDriver.java:437)
	at org.openqa.selenium.remote.RemoteWebDriver.findElementsByXPath(RemoteWebDriver.java:513)
	at org.openqa.selenium.By$ByXPath.findElements(By.java:356)
	at org.openqa.selenium.remote.RemoteWebDriver.findElements(RemoteWebDriver.java:398)
	at org.openqa.selenium.support.ui.ExpectedConditions.findElement(ExpectedConditions.java:882)
	at org.openqa.selenium.support.ui.ExpectedConditions.access$000(ExpectedConditions.java:44)
	at org.openqa.selenium.support.ui.ExpectedConditions$7.apply(ExpectedConditions.java:206)
	at org.openqa.selenium.support.ui.ExpectedConditions$7.apply(ExpectedConditions.java:202)
	at org.openqa.selenium.support.ui.ExpectedConditions$22.apply(ExpectedConditions.java:644)
	at org.openqa.selenium.support.ui.ExpectedConditions$22.apply(ExpectedConditions.java:641)
	at org.openqa.selenium.support.ui.FluentWait.until(FluentWait.java:209)
	... 26 more
]]>
    </failure>
  </testcase> <!-- TS005_VerifyLineDigitalShowroomHeroComponentAddNoteTest -->
  <testcase name="TS006_VerifyLineDigitalShowroomHeroComponentOrderOnJuniperMarketTest" time="20.473" classname="atlantamarket_PROD.LineDigitalShowroom">
    <failure type="org.openqa.selenium.TimeoutException" message="Expected condition failed: waiting for visibility of element located by By.xpath: //div[@class=&#039;imc-gallery imc-gallery--65-35 breadcrumbs__round&#039;]/div[1]/ul[1]/li[4]/a[1] (tried for 20 second(s) with 500 MILLISECONDS interval)">
      <![CDATA[org.openqa.selenium.TimeoutException: Expected condition failed: waiting for visibility of element located by By.xpath: //div[@class='imc-gallery imc-gallery--65-35 breadcrumbs__round']/div[1]/ul[1]/li[4]/a[1] (tried for 20 second(s) with 500 MILLISECONDS interval)
	at org.openqa.selenium.support.ui.WebDriverWait.timeoutException(WebDriverWait.java:80)
	at org.openqa.selenium.support.ui.FluentWait.until(FluentWait.java:232)
	at pageObjects.AtlantaMarket.ATLLineDigitalShowroomPage.getAtlLineDigiShowroomPageTitle(ATLLineDigitalShowroomPage.java:142)
	at atlantamarket_PROD.LineDigitalShowroom.TS006_VerifyLineDigitalShowroomHeroComponentOrderOnJuniperMarketTest(LineDigitalShowroom.java:380)
	at sun.reflect.NativeMethodAccessorImpl.invoke0(Native Method)
	at sun.reflect.NativeMethodAccessorImpl.invoke(Unknown Source)
	at sun.reflect.DelegatingMethodAccessorImpl.invoke(Unknown Source)
	at java.lang.reflect.Method.invoke(Unknown Source)
	at org.testng.internal.MethodInvocationHelper.invokeMethod(MethodInvocationHelper.java:80)
	at org.testng.internal.Invoker.invokeMethod(Invoker.java:714)
	at org.testng.internal.Invoker.invokeTestMethod(Invoker.java:901)
	at org.testng.internal.Invoker.invokeTestMethods(Invoker.java:1231)
	at org.testng.internal.TestMethodWorker.invokeTestMethods(TestMethodWorker.java:127)
	at org.testng.internal.TestMethodWorker.run(TestMethodWorker.java:111)
	at org.testng.TestRunner.privateRun(TestRunner.java:767)
	at org.testng.TestRunner.run(TestRunner.java:617)
	at org.testng.SuiteRunner.runTest(SuiteRunner.java:334)
	at org.testng.SuiteRunner.runSequentially(SuiteRunner.java:329)
	at org.testng.SuiteRunner.privateRun(SuiteRunner.java:291)
	at org.testng.SuiteRunner.run(SuiteRunner.java:240)
	at org.testng.SuiteRunnerWorker.runSuite(SuiteRunnerWorker.java:52)
	at org.testng.SuiteRunnerWorker.run(SuiteRunnerWorker.java:86)
	at org.testng.TestNG.runSuitesSequentially(TestNG.java:1198)
	at org.testng.TestNG.runSuitesLocally(TestNG.java:1123)
	at org.testng.TestNG.run(TestNG.java:1031)
	at org.testng.remote.AbstractRemoteTestNG.run(AbstractRemoteTestNG.java:132)
	at org.testng.remote.RemoteTestNG.initAndRun(RemoteTestNG.java:236)
	at org.testng.remote.RemoteTestNG.main(RemoteTestNG.java:81)
Caused by: org.openqa.selenium.NoSuchWindowException: no such window: target window already closed
from unknown error: web view not found
  (Session info: chrome=108.0.5359.125)
Build info: version: '3.4.0', revision: 'unknown', time: 'unknown'
System info: host: 'ANUPPA-VD3', ip: '172.27.182.66', os.name: 'Windows 10', os.arch: 'amd64', os.version: '10.0', java.version: '1.8.0_351'
Driver info: org.openqa.selenium.chrome.ChromeDriver
Capabilities [{networkConnectionEnabled=false, chrome={chromedriverVersion=108.0.5359.71 (1e0e3868ee06e91ad636a874420e3ca3ae3756ac-refs/branch-heads/5359@{#1016}), userDataDir=C:\Users\anuppa\AppData\Local\Temp\scoped_dir22296_622701147}, timeouts={implicit=0.0, pageLoad=300000.0, script=30000.0}, pageLoadStrategy=normal, unhandledPromptBehavior=dismiss and notify, strictFileInteractability=false, platform=ANY, proxy=Proxy(), goog:chromeOptions={debuggerAddress=localhost:58628}, webauthn:extension:credBlob=true, acceptInsecureCerts=false, browserVersion=108.0.5359.125, browserName=chrome, javascriptEnabled=true, platformName=windows, setWindowRect=true, webauthn:extension:largeBlob=true, webauthn:virtualAuthenticators=true}]
Session ID: 1cbb5a1aecb7971f7fe7a4859b8ba32a
*** Element info: {Using=xpath, value=//div[@class='imc-gallery imc-gallery--65-35 breadcrumbs__round']/div[1]/ul[1]/li[4]/a[1]}
	at sun.reflect.GeneratedConstructorAccessor15.newInstance(Unknown Source)
	at sun.reflect.DelegatingConstructorAccessorImpl.newInstance(Unknown Source)
	at java.lang.reflect.Constructor.newInstance(Unknown Source)
	at org.openqa.selenium.remote.http.W3CHttpResponseCodec.createException(W3CHttpResponseCodec.java:150)
	at org.openqa.selenium.remote.http.W3CHttpResponseCodec.decode(W3CHttpResponseCodec.java:115)
	at org.openqa.selenium.remote.http.W3CHttpResponseCodec.decode(W3CHttpResponseCodec.java:45)
	at org.openqa.selenium.remote.HttpCommandExecutor.execute(HttpCommandExecutor.java:164)
	at org.openqa.selenium.remote.service.DriverCommandExecutor.execute(DriverCommandExecutor.java:82)
	at org.openqa.selenium.remote.RemoteWebDriver.execute(RemoteWebDriver.java:637)
	at org.openqa.selenium.remote.RemoteWebDriver.findElements(RemoteWebDriver.java:437)
	at org.openqa.selenium.remote.RemoteWebDriver.findElementsByXPath(RemoteWebDriver.java:513)
	at org.openqa.selenium.By$ByXPath.findElements(By.java:356)
	at org.openqa.selenium.remote.RemoteWebDriver.findElements(RemoteWebDriver.java:398)
	at org.openqa.selenium.support.ui.ExpectedConditions.findElement(ExpectedConditions.java:882)
	at org.openqa.selenium.support.ui.ExpectedConditions.access$000(ExpectedConditions.java:44)
	at org.openqa.selenium.support.ui.ExpectedConditions$7.apply(ExpectedConditions.java:206)
	at org.openqa.selenium.support.ui.ExpectedConditions$7.apply(ExpectedConditions.java:202)
	at org.openqa.selenium.support.ui.FluentWait.until(FluentWait.java:209)
	... 26 more
]]>
    </failure>
  </testcase> <!-- TS006_VerifyLineDigitalShowroomHeroComponentOrderOnJuniperMarketTest -->
  <testcase name="TS003_VerifyLineDigitalShowroomHeroComponentAddToFavoriteTest" time="115.614" classname="atlantamarket_PROD.LineDigitalShowroom">
    <failure type="org.openqa.selenium.TimeoutException" message="Expected condition failed: waiting for visibility of element located by By.xpath: //a[@class=&#039;imc-link--alt-darkred&#039;] (tried for 35 second(s) with 500 MILLISECONDS interval)">
      <![CDATA[org.openqa.selenium.TimeoutException: Expected condition failed: waiting for visibility of element located by By.xpath: //a[@class='imc-link--alt-darkred'] (tried for 35 second(s) with 500 MILLISECONDS interval)
	at org.openqa.selenium.support.ui.WebDriverWait.timeoutException(WebDriverWait.java:80)
	at org.openqa.selenium.support.ui.FluentWait.until(FluentWait.java:232)
	at pageObjects.AtlantaMarket.ATLMarketPlannerPage.getlistOfAllExh(ATLMarketPlannerPage.java:967)
	at atlantamarket_PROD.LineDigitalShowroom.TS003_VerifyLineDigitalShowroomHeroComponentAddToFavoriteTest(LineDigitalShowroom.java:196)
	at sun.reflect.NativeMethodAccessorImpl.invoke0(Native Method)
	at sun.reflect.NativeMethodAccessorImpl.invoke(Unknown Source)
	at sun.reflect.DelegatingMethodAccessorImpl.invoke(Unknown Source)
	at java.lang.reflect.Method.invoke(Unknown Source)
	at org.testng.internal.MethodInvocationHelper.invokeMethod(MethodInvocationHelper.java:80)
	at org.testng.internal.Invoker.invokeMethod(Invoker.java:714)
	at org.testng.internal.Invoker.invokeTestMethod(Invoker.java:901)
	at org.testng.internal.Invoker.invokeTestMethods(Invoker.java:1231)
	at org.testng.internal.TestMethodWorker.invokeTestMethods(TestMethodWorker.java:127)
	at org.testng.internal.TestMethodWorker.run(TestMethodWorker.java:111)
	at org.testng.TestRunner.privateRun(TestRunner.java:767)
	at org.testng.TestRunner.run(TestRunner.java:617)
	at org.testng.SuiteRunner.runTest(SuiteRunner.java:334)
	at org.testng.SuiteRunner.runSequentially(SuiteRunner.java:329)
	at org.testng.SuiteRunner.privateRun(SuiteRunner.java:291)
	at org.testng.SuiteRunner.run(SuiteRunner.java:240)
	at org.testng.SuiteRunnerWorker.runSuite(SuiteRunnerWorker.java:52)
	at org.testng.SuiteRunnerWorker.run(SuiteRunnerWorker.java:86)
	at org.testng.TestNG.runSuitesSequentially(TestNG.java:1198)
	at org.testng.TestNG.runSuitesLocally(TestNG.java:1123)
	at org.testng.TestNG.run(TestNG.java:1031)
	at org.testng.remote.AbstractRemoteTestNG.run(AbstractRemoteTestNG.java:132)
	at org.testng.remote.RemoteTestNG.initAndRun(RemoteTestNG.java:236)
	at org.testng.remote.RemoteTestNG.main(RemoteTestNG.java:81)
Caused by: org.openqa.selenium.NoSuchElementException: Cannot locate an element using By.xpath: //a[@class='imc-link--alt-darkred']
For documentation on this error, please visit: http://seleniumhq.org/exceptions/no_such_element.html
Build info: version: '3.4.0', revision: 'unknown', time: 'unknown'
System info: host: 'ANUPPA-VD3', ip: '172.27.182.66', os.name: 'Windows 10', os.arch: 'amd64', os.version: '10.0', java.version: '1.8.0_351'
Driver info: driver.version: unknown
	at org.openqa.selenium.support.ui.ExpectedConditions.lambda$findElement$0(ExpectedConditions.java:883)
	at java.util.Optional.orElseThrow(Unknown Source)
	at org.openqa.selenium.support.ui.ExpectedConditions.findElement(ExpectedConditions.java:882)
	at org.openqa.selenium.support.ui.ExpectedConditions.access$000(ExpectedConditions.java:44)
	at org.openqa.selenium.support.ui.ExpectedConditions$7.apply(ExpectedConditions.java:206)
	at org.openqa.selenium.support.ui.ExpectedConditions$7.apply(ExpectedConditions.java:202)
	at org.openqa.selenium.support.ui.FluentWait.until(FluentWait.java:209)
	... 26 more
]]>
    </failure>
  </testcase> <!-- TS003_VerifyLineDigitalShowroomHeroComponentAddToFavoriteTest -->
  <testcase name="TS007_VerifyLineDigitalShowroomHeroComponentProductsComponentCountTest" time="20.474" classname="atlantamarket_PROD.LineDigitalShowroom">
    <failure type="org.openqa.selenium.TimeoutException" message="Expected condition failed: waiting for visibility of element located by By.xpath: //div[@class=&#039;imc-gallery imc-gallery--65-35 breadcrumbs__round&#039;]/div[1]/ul[1]/li[4]/a[1] (tried for 20 second(s) with 500 MILLISECONDS interval)">
      <![CDATA[org.openqa.selenium.TimeoutException: Expected condition failed: waiting for visibility of element located by By.xpath: //div[@class='imc-gallery imc-gallery--65-35 breadcrumbs__round']/div[1]/ul[1]/li[4]/a[1] (tried for 20 second(s) with 500 MILLISECONDS interval)
	at org.openqa.selenium.support.ui.WebDriverWait.timeoutException(WebDriverWait.java:80)
	at org.openqa.selenium.support.ui.FluentWait.until(FluentWait.java:232)
	at pageObjects.AtlantaMarket.ATLLineDigitalShowroomPage.getAtlLineDigiShowroomPageTitle(ATLLineDigitalShowroomPage.java:142)
	at atlantamarket_PROD.LineDigitalShowroom.TS007_VerifyLineDigitalShowroomHeroComponentProductsComponentCountTest(LineDigitalShowroom.java:432)
	at sun.reflect.NativeMethodAccessorImpl.invoke0(Native Method)
	at sun.reflect.NativeMethodAccessorImpl.invoke(Unknown Source)
	at sun.reflect.DelegatingMethodAccessorImpl.invoke(Unknown Source)
	at java.lang.reflect.Method.invoke(Unknown Source)
	at org.testng.internal.MethodInvocationHelper.invokeMethod(MethodInvocationHelper.java:80)
	at org.testng.internal.Invoker.invokeMethod(Invoker.java:714)
	at org.testng.internal.Invoker.invokeTestMethod(Invoker.java:901)
	at org.testng.internal.Invoker.invokeTestMethods(Invoker.java:1231)
	at org.testng.internal.TestMethodWorker.invokeTestMethods(TestMethodWorker.java:127)
	at org.testng.internal.TestMethodWorker.run(TestMethodWorker.java:111)
	at org.testng.TestRunner.privateRun(TestRunner.java:767)
	at org.testng.TestRunner.run(TestRunner.java:617)
	at org.testng.SuiteRunner.runTest(SuiteRunner.java:334)
	at org.testng.SuiteRunner.runSequentially(SuiteRunner.java:329)
	at org.testng.SuiteRunner.privateRun(SuiteRunner.java:291)
	at org.testng.SuiteRunner.run(SuiteRunner.java:240)
	at org.testng.SuiteRunnerWorker.runSuite(SuiteRunnerWorker.java:52)
	at org.testng.SuiteRunnerWorker.run(SuiteRunnerWorker.java:86)
	at org.testng.TestNG.runSuitesSequentially(TestNG.java:1198)
	at org.testng.TestNG.runSuitesLocally(TestNG.java:1123)
	at org.testng.TestNG.run(TestNG.java:1031)
	at org.testng.remote.AbstractRemoteTestNG.run(AbstractRemoteTestNG.java:132)
	at org.testng.remote.RemoteTestNG.initAndRun(RemoteTestNG.java:236)
	at org.testng.remote.RemoteTestNG.main(RemoteTestNG.java:81)
Caused by: org.openqa.selenium.NoSuchWindowException: no such window: target window already closed
from unknown error: web view not found
  (Session info: chrome=108.0.5359.125)
Build info: version: '3.4.0', revision: 'unknown', time: 'unknown'
System info: host: 'ANUPPA-VD3', ip: '172.27.182.66', os.name: 'Windows 10', os.arch: 'amd64', os.version: '10.0', java.version: '1.8.0_351'
Driver info: org.openqa.selenium.chrome.ChromeDriver
Capabilities [{networkConnectionEnabled=false, chrome={chromedriverVersion=108.0.5359.71 (1e0e3868ee06e91ad636a874420e3ca3ae3756ac-refs/branch-heads/5359@{#1016}), userDataDir=C:\Users\anuppa\AppData\Local\Temp\scoped_dir22296_622701147}, timeouts={implicit=0.0, pageLoad=300000.0, script=30000.0}, pageLoadStrategy=normal, unhandledPromptBehavior=dismiss and notify, strictFileInteractability=false, platform=ANY, proxy=Proxy(), goog:chromeOptions={debuggerAddress=localhost:58628}, webauthn:extension:credBlob=true, acceptInsecureCerts=false, browserVersion=108.0.5359.125, browserName=chrome, javascriptEnabled=true, platformName=windows, setWindowRect=true, webauthn:extension:largeBlob=true, webauthn:virtualAuthenticators=true}]
Session ID: 1cbb5a1aecb7971f7fe7a4859b8ba32a
*** Element info: {Using=xpath, value=//div[@class='imc-gallery imc-gallery--65-35 breadcrumbs__round']/div[1]/ul[1]/li[4]/a[1]}
	at sun.reflect.GeneratedConstructorAccessor15.newInstance(Unknown Source)
	at sun.reflect.DelegatingConstructorAccessorImpl.newInstance(Unknown Source)
	at java.lang.reflect.Constructor.newInstance(Unknown Source)
	at org.openqa.selenium.remote.http.W3CHttpResponseCodec.createException(W3CHttpResponseCodec.java:150)
	at org.openqa.selenium.remote.http.W3CHttpResponseCodec.decode(W3CHttpResponseCodec.java:115)
	at org.openqa.selenium.remote.http.W3CHttpResponseCodec.decode(W3CHttpResponseCodec.java:45)
	at org.openqa.selenium.remote.HttpCommandExecutor.execute(HttpCommandExecutor.java:164)
	at org.openqa.selenium.remote.service.DriverCommandExecutor.execute(DriverCommandExecutor.java:82)
	at org.openqa.selenium.remote.RemoteWebDriver.execute(RemoteWebDriver.java:637)
	at org.openqa.selenium.remote.RemoteWebDriver.findElements(RemoteWebDriver.java:437)
	at org.openqa.selenium.remote.RemoteWebDriver.findElementsByXPath(RemoteWebDriver.java:513)
	at org.openqa.selenium.By$ByXPath.findElements(By.java:356)
	at org.openqa.selenium.remote.RemoteWebDriver.findElements(RemoteWebDriver.java:398)
	at org.openqa.selenium.support.ui.ExpectedConditions.findElement(ExpectedConditions.java:882)
	at org.openqa.selenium.support.ui.ExpectedConditions.access$000(ExpectedConditions.java:44)
	at org.openqa.selenium.support.ui.ExpectedConditions$7.apply(ExpectedConditions.java:206)
	at org.openqa.selenium.support.ui.ExpectedConditions$7.apply(ExpectedConditions.java:202)
	at org.openqa.selenium.support.ui.FluentWait.until(FluentWait.java:209)
	... 26 more
]]>
    </failure>
  </testcase> <!-- TS007_VerifyLineDigitalShowroomHeroComponentProductsComponentCountTest -->
  <testcase name="TS011_VerifyLineDigitalShowroomProductscomponentSelectProductTest" time="20.475" classname="atlantamarket_PROD.LineDigitalShowroom">
    <failure type="org.openqa.selenium.TimeoutException" message="Expected condition failed: waiting for element to be clickable: By.xpath: //input[@id=&#039;input-1&#039;] (tried for 20 second(s) with 500 MILLISECONDS interval)">
      <![CDATA[org.openqa.selenium.TimeoutException: Expected condition failed: waiting for element to be clickable: By.xpath: //input[@id='input-1'] (tried for 20 second(s) with 500 MILLISECONDS interval)
	at org.openqa.selenium.support.ui.WebDriverWait.timeoutException(WebDriverWait.java:80)
	at org.openqa.selenium.support.ui.FluentWait.until(FluentWait.java:232)
	at pageObjects.AtlantaMarket.ATLGlobalSearchPage.getATLGlobalSearchTextBox(ATLGlobalSearchPage.java:365)
	at atlantamarket_PROD.LineDigitalShowroom.TS011_VerifyLineDigitalShowroomProductscomponentSelectProductTest(LineDigitalShowroom.java:606)
	at sun.reflect.NativeMethodAccessorImpl.invoke0(Native Method)
	at sun.reflect.NativeMethodAccessorImpl.invoke(Unknown Source)
	at sun.reflect.DelegatingMethodAccessorImpl.invoke(Unknown Source)
	at java.lang.reflect.Method.invoke(Unknown Source)
	at org.testng.internal.MethodInvocationHelper.invokeMethod(MethodInvocationHelper.java:80)
	at org.testng.internal.Invoker.invokeMethod(Invoker.java:714)
	at org.testng.internal.Invoker.invokeTestMethod(Invoker.java:901)
	at org.testng.internal.Invoker.invokeTestMethods(Invoker.java:1231)
	at org.testng.internal.TestMethodWorker.invokeTestMethods(TestMethodWorker.java:127)
	at org.testng.internal.TestMethodWorker.run(TestMethodWorker.java:111)
	at org.testng.TestRunner.privateRun(TestRunner.java:767)
	at org.testng.TestRunner.run(TestRunner.java:617)
	at org.testng.SuiteRunner.runTest(SuiteRunner.java:334)
	at org.testng.SuiteRunner.runSequentially(SuiteRunner.java:329)
	at org.testng.SuiteRunner.privateRun(SuiteRunner.java:291)
	at org.testng.SuiteRunner.run(SuiteRunner.java:240)
	at org.testng.SuiteRunnerWorker.runSuite(SuiteRunnerWorker.java:52)
	at org.testng.SuiteRunnerWorker.run(SuiteRunnerWorker.java:86)
	at org.testng.TestNG.runSuitesSequentially(TestNG.java:1198)
	at org.testng.TestNG.runSuitesLocally(TestNG.java:1123)
	at org.testng.TestNG.run(TestNG.java:1031)
	at org.testng.remote.AbstractRemoteTestNG.run(AbstractRemoteTestNG.java:132)
	at org.testng.remote.RemoteTestNG.initAndRun(RemoteTestNG.java:236)
	at org.testng.remote.RemoteTestNG.main(RemoteTestNG.java:81)
Caused by: org.openqa.selenium.NoSuchWindowException: no such window: target window already closed
from unknown error: web view not found
  (Session info: chrome=108.0.5359.125)
Build info: version: '3.4.0', revision: 'unknown', time: 'unknown'
System info: host: 'ANUPPA-VD3', ip: '172.27.182.66', os.name: 'Windows 10', os.arch: 'amd64', os.version: '10.0', java.version: '1.8.0_351'
Driver info: org.openqa.selenium.chrome.ChromeDriver
Capabilities [{networkConnectionEnabled=false, chrome={chromedriverVersion=108.0.5359.71 (1e0e3868ee06e91ad636a874420e3ca3ae3756ac-refs/branch-heads/5359@{#1016}), userDataDir=C:\Users\anuppa\AppData\Local\Temp\scoped_dir22296_622701147}, timeouts={implicit=0.0, pageLoad=300000.0, script=30000.0}, pageLoadStrategy=normal, unhandledPromptBehavior=dismiss and notify, strictFileInteractability=false, platform=ANY, proxy=Proxy(), goog:chromeOptions={debuggerAddress=localhost:58628}, webauthn:extension:credBlob=true, acceptInsecureCerts=false, browserVersion=108.0.5359.125, browserName=chrome, javascriptEnabled=true, platformName=windows, setWindowRect=true, webauthn:extension:largeBlob=true, webauthn:virtualAuthenticators=true}]
Session ID: 1cbb5a1aecb7971f7fe7a4859b8ba32a
*** Element info: {Using=xpath, value=//input[@id='input-1']}
	at sun.reflect.GeneratedConstructorAccessor15.newInstance(Unknown Source)
	at sun.reflect.DelegatingConstructorAccessorImpl.newInstance(Unknown Source)
	at java.lang.reflect.Constructor.newInstance(Unknown Source)
	at org.openqa.selenium.remote.http.W3CHttpResponseCodec.createException(W3CHttpResponseCodec.java:150)
	at org.openqa.selenium.remote.http.W3CHttpResponseCodec.decode(W3CHttpResponseCodec.java:115)
	at org.openqa.selenium.remote.http.W3CHttpResponseCodec.decode(W3CHttpResponseCodec.java:45)
	at org.openqa.selenium.remote.HttpCommandExecutor.execute(HttpCommandExecutor.java:164)
	at org.openqa.selenium.remote.service.DriverCommandExecutor.execute(DriverCommandExecutor.java:82)
	at org.openqa.selenium.remote.RemoteWebDriver.execute(RemoteWebDriver.java:637)
	at org.openqa.selenium.remote.RemoteWebDriver.findElements(RemoteWebDriver.java:437)
	at org.openqa.selenium.remote.RemoteWebDriver.findElementsByXPath(RemoteWebDriver.java:513)
	at org.openqa.selenium.By$ByXPath.findElements(By.java:356)
	at org.openqa.selenium.remote.RemoteWebDriver.findElements(RemoteWebDriver.java:398)
	at org.openqa.selenium.support.ui.ExpectedConditions.findElement(ExpectedConditions.java:882)
	at org.openqa.selenium.support.ui.ExpectedConditions.access$000(ExpectedConditions.java:44)
	at org.openqa.selenium.support.ui.ExpectedConditions$7.apply(ExpectedConditions.java:206)
	at org.openqa.selenium.support.ui.ExpectedConditions$7.apply(ExpectedConditions.java:202)
	at org.openqa.selenium.support.ui.ExpectedConditions$22.apply(ExpectedConditions.java:644)
	at org.openqa.selenium.support.ui.ExpectedConditions$22.apply(ExpectedConditions.java:641)
	at org.openqa.selenium.support.ui.FluentWait.until(FluentWait.java:209)
	... 26 more
]]>
    </failure>
  </testcase> <!-- TS011_VerifyLineDigitalShowroomProductscomponentSelectProductTest -->
</testsuite> <!-- atlantamarket_PROD.LineDigitalShowroom -->
