<?xml version="1.0" encoding="UTF-8"?>
<!-- Generated by org.testng.reporters.JUnitReportReporter -->
<testsuite hostname="swapnili" name="atlantamarket_PROD.LineDigitalShowroom" tests="1" failures="0" timestamp="3 Nov 2022 12:36:31 GMT" time="70.061" errors="0">
  <testcase name="TS005_VerifyLineDigitalShowroomHeroComponentAddNoteTest" time="70.061" classname="atlantamarket_PROD.LineDigitalShowroom"/>
</testsuite> <!-- atlantamarket_PROD.LineDigitalShowroom -->
