<?xml version="1.0" encoding="UTF-8"?>
<!-- Generated by org.testng.reporters.JUnitReportReporter -->
<testsuite hostname="Anuppa-VD3" name="atlantamarket_UAT.GlobalSearch_SearchFor" tests="1" failures="0" timestamp="13 Feb 2024 11:08:39 GMT" time="30.714" errors="0">
  <testcase name="TS010_VerifyShowSpecialsOverviewInGlobalSearchTest" time="30.714" classname="atlantamarket_UAT.GlobalSearch_SearchFor"/>
</testsuite> <!-- atlantamarket_UAT.GlobalSearch_SearchFor -->
