<?xml version="1.0" encoding="UTF-8"?>
<!-- Generated by org.testng.reporters.JUnitReportReporter -->
<testsuite hostname="Anuppa-VD3" name="lasvegasmarket_PROD.GlobalSearch_ExhibitorActions" tests="1" failures="0" timestamp="29 Nov 2023 11:58:28 GMT" time="65.031" errors="0">
  <testcase name="TS006_VerifySelectionOfExhibitorFromSearchResultsTest" time="65.031" classname="lasvegasmarket_PROD.GlobalSearch_ExhibitorActions"/>
</testsuite> <!-- lasvegasmarket_PROD.GlobalSearch_ExhibitorActions -->
