<?xml version="1.0" encoding="UTF-8"?>
<!-- Generated by org.testng.reporters.JUnitReportReporter -->
<testsuite hostname="CVC2446" failures="0" tests="2" name="lasvegasmarket_PROD.GlobalSearch_ProductActions" time="111.448" errors="0" timestamp="2025-07-04T16:17:09 IST" skipped="0">
  <testcase classname="lasvegasmarket_PROD.GlobalSearch_ProductActions" name="TS001_VerifyClickOnProductSeeDetailsBtnOnSearchResultsGridTest" time="48.521"/>
  <system-out/>
  <testcase classname="lasvegasmarket_PROD.GlobalSearch_ProductActions" name="TS002_VerifyFullScreenViewerOnProductDetailsPageTest" time="62.927"/>
  <system-out/>
</testsuite> <!-- lasvegasmarket_PROD.GlobalSearch_ProductActions -->
