<?xml version="1.0" encoding="UTF-8"?>
<!-- Generated by org.testng.reporters.JUnitReportReporter -->
<testsuite hostname="eon-swapnili" name="lasvegasmarket_UAT.GlobalSearch_ProductActions" tests="1" failures="0" timestamp="20 Mar 2023 12:27:54 GMT" time="57.322" errors="0">
  <testcase name="TS005_VerifyAddNoteOnProductDetailsPageTest" time="57.322" classname="lasvegasmarket_UAT.GlobalSearch_ProductActions"/>
</testsuite> <!-- lasvegasmarket_UAT.GlobalSearch_ProductActions -->
