<?xml version="1.0" encoding="UTF-8"?>
<!-- Generated by org.testng.reporters.JUnitReportReporter -->
<testsuite hostname="EON-prasannsheelb" failures="0" tests="1" name="atlantamarket_PROD.GlobalSearch_ShowSpecials" time="13.380" errors="0" timestamp="4 Jan 2024 11:44:17 GMT">
  <testcase classname="atlantamarket_PROD.GlobalSearch_ShowSpecials" name="TS001_VerifyViewBrandDetailsLinkForShowSpecialsTest" time="13.380"/>
</testsuite> <!-- atlantamarket_PROD.GlobalSearch_ShowSpecials -->
