<?xml version="1.0" encoding="UTF-8"?>
<!-- Generated by org.testng.reporters.JUnitReportReporter -->
<testsuite hostname="swapnili" name="atlantamarket_UAT.MarketPlanner" tests="1" failures="0" timestamp="25 Aug 2022 09:00:25 GMT" time="252.129" errors="0">
  <testcase name="TS025_VerifyMarketPlannerListsManagementFilterOptionsFunctionalityTest" time="252.129" classname="atlantamarket_UAT.MarketPlanner"/>
</testsuite> <!-- atlantamarket_UAT.MarketPlanner -->
