<?xml version="1.0" encoding="UTF-8"?>
<!-- Generated by org.testng.reporters.JUnitReportReporter -->
<testsuite hostname="eon-swapnili" name="lasvegasmarket_PROD.GlobalSearch_SuggestionList" tests="3" failures="0" timestamp="4 Jul 2024 13:15:51 GMT" time="50.532" errors="0">
  <testcase name="TS003_VerifySelectionOfProductFromAutoSuggestionListTest" time="16.822" classname="lasvegasmarket_PROD.GlobalSearch_SuggestionList"/>
  <testcase name="TS002_VerifySelectionOfLineFromAutoSuggestionListTest" time="15.975" classname="lasvegasmarket_PROD.GlobalSearch_SuggestionList"/>
  <testcase name="TS001_VerifySelectionOfExhibitorFromAutoSuggestionListTest" time="17.735" classname="lasvegasmarket_PROD.GlobalSearch_SuggestionList"/>
</testsuite> <!-- lasvegasmarket_PROD.GlobalSearch_SuggestionList -->
