<?xml version="1.0" encoding="UTF-8"?>
<!-- Generated by org.testng.reporters.JUnitReportReporter -->
<testsuite hostname="NILAMMA-W10" name="atlantamarket_PROD.ExhibitorDigitalShowroom" tests="1" failures="0" timestamp="14 Mar 2023 12:02:08 GMT" time="70.436" errors="0">
  <testcase name="TS006_VerifyClickOnProductShownLinkForExhibitorTest" time="70.436" classname="atlantamarket_PROD.ExhibitorDigitalShowroom"/>
</testsuite> <!-- atlantamarket_PROD.ExhibitorDigitalShowroom -->
