<?xml version="1.0" encoding="UTF-8"?>
<!-- Generated by org.testng.reporters.JUnitReportReporter -->
<testsuite hostname="Anuppa-VD3" name="lasvegasmarket_UAT.LineDigitalShowroom" tests="6" failures="0" timestamp="3 Nov 2023 12:38:05 GMT" time="185.259" errors="0">
  <testcase name="TS008_VerifyLineDigitalShowroomProductscomponentTest" time="33.060" classname="lasvegasmarket_UAT.LineDigitalShowroom"/>
  <testcase name="TS002_VerifyLineDigitalShowroomHeroComponentLocationLinksTest" time="23.212" classname="lasvegasmarket_UAT.LineDigitalShowroom"/>
  <testcase name="TS010_VerifyLineDigitalShowroomProductscomponentSeeAllProductsTest" time="25.475" classname="lasvegasmarket_UAT.LineDigitalShowroom"/>
  <testcase name="TS011_VerifyLineDigitalShowroomProductscomponentSelectProductTest" time="53.214" classname="lasvegasmarket_UAT.LineDigitalShowroom"/>
  <testcase name="TS001_VerifyLineDigitalShowroomHeroComponentShownByExhibitorNamaeTest" time="16.722" classname="lasvegasmarket_UAT.LineDigitalShowroom"/>
  <testcase name="TS007_VerifyLineDigitalShowroomHeroComponentProductsComponentCountTest" time="33.576" classname="lasvegasmarket_UAT.LineDigitalShowroom"/>
</testsuite> <!-- lasvegasmarket_UAT.LineDigitalShowroom -->
