<?xml version="1.0" encoding="UTF-8"?>
<!-- Generated by org.testng.reporters.JUnitReportReporter -->
<<<<<<< HEAD
<testsuite hostname="swapnili" name="atlantamarket.FloorPlans" tests="8" failures="1" timestamp="24 Jun 2022 11:17:11 GMT" time="239.170" errors="1">
  <testcase name="TS001_VerifyNavigationToDifferentFloorBuildingsTest" time="54.190" classname="atlantamarket.FloorPlans">
    <failure type="org.openqa.selenium.TimeoutException" message="Expected condition failed: waiting for element to be clickable: By.xpath: //div[@class=&#039;imc-section&#039;]/div[1]/div[2]/div[2]/div[1]/div[2] (tried for 20 second(s) with 500 MILLISECONDS interval)">
      <![CDATA[org.openqa.selenium.TimeoutException: Expected condition failed: waiting for element to be clickable: By.xpath: //div[@class='imc-section']/div[1]/div[2]/div[2]/div[1]/div[2] (tried for 20 second(s) with 500 MILLISECONDS interval)
	at org.openqa.selenium.support.ui.WebDriverWait.timeoutException(WebDriverWait.java:80)
	at org.openqa.selenium.support.ui.FluentWait.until(FluentWait.java:232)
	at pageObjects.AtlantaMarket.ATLFloorPlansPage.getATLFloorPlansLink(ATLFloorPlansPage.java:51)
	at atlantamarket.FloorPlans.TS001_VerifyNavigationToDifferentFloorBuildingsTest(FloorPlans.java:86)
	at sun.reflect.NativeMethodAccessorImpl.invoke0(Native Method)
	at sun.reflect.NativeMethodAccessorImpl.invoke(NativeMethodAccessorImpl.java:62)
	at sun.reflect.DelegatingMethodAccessorImpl.invoke(DelegatingMethodAccessorImpl.java:43)
	at java.lang.reflect.Method.invoke(Method.java:498)
=======

<testsuite hostname="NILAMMA-W10" name="atlantamarket.FloorPlans" tests="1" failures="1" timestamp="23 Jun 2022 12:54:42 GMT" time="49.078" errors="0">
  <testcase name="TS005_VerifyFloorPlansIconsTest" time="49.078" classname="atlantamarket.FloorPlans">
    <failure type="org.openqa.selenium.TimeoutException" message="Expected condition failed: waiting for visibility of element located by By.xpath: //div[@class=&#039;imc-content--padded-medium-desktop&#039;] (tried for 20 second(s) with 500 MILLISECONDS interval)">
      <![CDATA[org.openqa.selenium.TimeoutException: Expected condition failed: waiting for visibility of element located by By.xpath: //div[@class='imc-content--padded-medium-desktop'] (tried for 20 second(s) with 500 MILLISECONDS interval)
	at org.openqa.selenium.support.ui.WebDriverWait.timeoutException(WebDriverWait.java:80)
	at org.openqa.selenium.support.ui.FluentWait.until(FluentWait.java:232)
	at pageObjects.AtlantaMarket.ATLFloorPlansPage.getExhibitorDetailsModal(ATLFloorPlansPage.java:156)
	at atlantamarket.FloorPlans.TS005_VerifyFloorPlansIconsTest(FloorPlans.java:238)
	at sun.reflect.NativeMethodAccessorImpl.invoke0(Native Method)
	at sun.reflect.NativeMethodAccessorImpl.invoke(Unknown Source)
	at sun.reflect.DelegatingMethodAccessorImpl.invoke(Unknown Source)
	at java.lang.reflect.Method.invoke(Unknown Source)
>>>>>>> 76f00b53303cac04995ada4b0d8fda66ddb23e0b
	at org.testng.internal.MethodInvocationHelper.invokeMethod(MethodInvocationHelper.java:80)
	at org.testng.internal.Invoker.invokeMethod(Invoker.java:714)
	at org.testng.internal.Invoker.invokeTestMethod(Invoker.java:901)
	at org.testng.internal.Invoker.invokeTestMethods(Invoker.java:1231)
	at org.testng.internal.TestMethodWorker.invokeTestMethods(TestMethodWorker.java:127)
	at org.testng.internal.TestMethodWorker.run(TestMethodWorker.java:111)
	at org.testng.TestRunner.privateRun(TestRunner.java:767)
	at org.testng.TestRunner.run(TestRunner.java:617)
	at org.testng.SuiteRunner.runTest(SuiteRunner.java:334)
	at org.testng.SuiteRunner.runSequentially(SuiteRunner.java:329)
	at org.testng.SuiteRunner.privateRun(SuiteRunner.java:291)
	at org.testng.SuiteRunner.run(SuiteRunner.java:240)
	at org.testng.SuiteRunnerWorker.runSuite(SuiteRunnerWorker.java:52)
	at org.testng.SuiteRunnerWorker.run(SuiteRunnerWorker.java:86)
	at org.testng.TestNG.runSuitesSequentially(TestNG.java:1198)
	at org.testng.TestNG.runSuitesLocally(TestNG.java:1123)
	at org.testng.TestNG.run(TestNG.java:1031)
<<<<<<< HEAD
	at org.testng.remote.AbstractRemoteTestNG.run(AbstractRemoteTestNG.java:114)
	at org.testng.remote.RemoteTestNG.initAndRun(RemoteTestNG.java:251)
	at org.testng.remote.RemoteTestNG.main(RemoteTestNG.java:77)
Caused by: org.openqa.selenium.NoSuchElementException: Cannot locate an element using By.xpath: //div[@class='imc-section']/div[1]/div[2]/div[2]/div[1]/div[2]
For documentation on this error, please visit: http://seleniumhq.org/exceptions/no_such_element.html
Build info: version: '3.4.0', revision: 'unknown', time: 'unknown'
System info: host: 'SWAPNILI', ip: '172.27.182.57', os.name: 'Windows 8.1', os.arch: 'amd64', os.version: '6.3', java.version: '1.8.0_161'
Driver info: driver.version: unknown
	at org.openqa.selenium.support.ui.ExpectedConditions.lambda$findElement$0(ExpectedConditions.java:883)
	at java.util.Optional.orElseThrow(Optional.java:290)
=======
	at org.testng.remote.AbstractRemoteTestNG.run(AbstractRemoteTestNG.java:132)
	at org.testng.remote.RemoteTestNG.initAndRun(RemoteTestNG.java:236)
	at org.testng.remote.RemoteTestNG.main(RemoteTestNG.java:81)
Caused by: org.openqa.selenium.NoSuchElementException: Cannot locate an element using By.xpath: //div[@class='imc-content--padded-medium-desktop']
For documentation on this error, please visit: http://seleniumhq.org/exceptions/no_such_element.html
Build info: version: '3.4.0', revision: 'unknown', time: 'unknown'
System info: host: 'NILAMMA-W10', ip: '192.168.68.2', os.name: 'Windows 10', os.arch: 'amd64', os.version: '10.0', java.version: '1.8.0_161'
Driver info: driver.version: unknown
	at org.openqa.selenium.support.ui.ExpectedConditions.lambda$findElement$0(ExpectedConditions.java:883)
	at java.util.Optional.orElseThrow(Unknown Source)
>>>>>>> 76f00b53303cac04995ada4b0d8fda66ddb23e0b
	at org.openqa.selenium.support.ui.ExpectedConditions.findElement(ExpectedConditions.java:882)
	at org.openqa.selenium.support.ui.ExpectedConditions.access$000(ExpectedConditions.java:44)
	at org.openqa.selenium.support.ui.ExpectedConditions$7.apply(ExpectedConditions.java:206)
	at org.openqa.selenium.support.ui.ExpectedConditions$7.apply(ExpectedConditions.java:202)
<<<<<<< HEAD
	at org.openqa.selenium.support.ui.ExpectedConditions$22.apply(ExpectedConditions.java:644)
	at org.openqa.selenium.support.ui.ExpectedConditions$22.apply(ExpectedConditions.java:641)
=======
>>>>>>> 76f00b53303cac04995ada4b0d8fda66ddb23e0b
	at org.openqa.selenium.support.ui.FluentWait.until(FluentWait.java:209)
	... 26 more
]]>
    </failure>
<<<<<<< HEAD
  </testcase> <!-- TS001_VerifyNavigationToDifferentFloorBuildingsTest -->
  <testcase name="TS008_VerifyFloorPlansSelectExhibitorsTest" time="36.568" classname="atlantamarket.FloorPlans">
    <error type="java.lang.AssertionError" message="expected [true] but found [false]">
      <![CDATA[java.lang.AssertionError: expected [true] but found [false]
	at org.testng.Assert.fail(Assert.java:94)
	at org.testng.Assert.failNotEquals(Assert.java:494)
	at org.testng.Assert.assertTrue(Assert.java:42)
	at org.testng.Assert.assertTrue(Assert.java:52)
	at atlantamarket.FloorPlans.TS008_VerifyFloorPlansSelectExhibitorsTest(FloorPlans.java:348)
	at sun.reflect.NativeMethodAccessorImpl.invoke0(Native Method)
	at sun.reflect.NativeMethodAccessorImpl.invoke(NativeMethodAccessorImpl.java:62)
	at sun.reflect.DelegatingMethodAccessorImpl.invoke(DelegatingMethodAccessorImpl.java:43)
	at java.lang.reflect.Method.invoke(Method.java:498)
	at org.testng.internal.MethodInvocationHelper.invokeMethod(MethodInvocationHelper.java:80)
	at org.testng.internal.Invoker.invokeMethod(Invoker.java:714)
	at org.testng.internal.Invoker.invokeTestMethod(Invoker.java:901)
	at org.testng.internal.Invoker.invokeTestMethods(Invoker.java:1231)
	at org.testng.internal.TestMethodWorker.invokeTestMethods(TestMethodWorker.java:127)
	at org.testng.internal.TestMethodWorker.run(TestMethodWorker.java:111)
	at org.testng.TestRunner.privateRun(TestRunner.java:767)
	at org.testng.TestRunner.run(TestRunner.java:617)
	at org.testng.SuiteRunner.runTest(SuiteRunner.java:334)
	at org.testng.SuiteRunner.runSequentially(SuiteRunner.java:329)
	at org.testng.SuiteRunner.privateRun(SuiteRunner.java:291)
	at org.testng.SuiteRunner.run(SuiteRunner.java:240)
	at org.testng.SuiteRunnerWorker.runSuite(SuiteRunnerWorker.java:52)
	at org.testng.SuiteRunnerWorker.run(SuiteRunnerWorker.java:86)
	at org.testng.TestNG.runSuitesSequentially(TestNG.java:1198)
	at org.testng.TestNG.runSuitesLocally(TestNG.java:1123)
	at org.testng.TestNG.run(TestNG.java:1031)
	at org.testng.remote.AbstractRemoteTestNG.run(AbstractRemoteTestNG.java:114)
	at org.testng.remote.RemoteTestNG.initAndRun(RemoteTestNG.java:251)
	at org.testng.remote.RemoteTestNG.main(RemoteTestNG.java:77)
]]>
    </error>
  </testcase> <!-- TS008_VerifyFloorPlansSelectExhibitorsTest -->
  <testcase name="TS003_VerifyFloorPlansNoExhibitorsLoadingMessageTest" time="8.676" classname="atlantamarket.FloorPlans"/>
  <testcase name="TS007_VerifyFloorPlansPaginationTest" time="33.989" classname="atlantamarket.FloorPlans"/>
  <testcase name="TS004_VerifyFloorPlansZoomInOutLevelTest" time="17.399" classname="atlantamarket.FloorPlans"/>
  <testcase name="TS005_VerifyFloorPlansIconsTest" time="14.677" classname="atlantamarket.FloorPlans"/>
  <testcase name="TS006_VerifyFlooPlansFiltersTest" time="59.887" classname="atlantamarket.FloorPlans"/>
  <testcase name="TS009_VerifyFloorPlanReturnToBuildingListTest" time="13.784" classname="atlantamarket.FloorPlans"/>
=======
  </testcase> <!-- TS005_VerifyFloorPlansIconsTest -->
<testsuite hostname="swapnili" name="atlantamarket.FloorPlans" tests="6" failures="0" timestamp="23 Jun 2022 11:53:10 GMT" time="140.123" errors="0">
  <testcase name="TS003_VerifyFloorPlansNoExhibitorsLoadingMessageTest" time="5.220" classname="atlantamarket.FloorPlans"/>
  <testcase name="TS001_VerifyNavigationToDifferentFloorBuildingsTest" time="10.580" classname="atlantamarket.FloorPlans"/>
  <testcase name="TS006_VerifyFlooPlansFiltersTest" time="61.460" classname="atlantamarket.FloorPlans"/>
  <testcase name="TS004_VerifyFloorPlansZoomInOutLevelTest" time="19.200" classname="atlantamarket.FloorPlans"/>
  <testcase name="TS005_VerifyFloorPlansIconsTest" time="11.217" classname="atlantamarket.FloorPlans"/>
  <testcase name="TS007_VerifyFloorPlansPaginationTest" time="32.446" classname="atlantamarket.FloorPlans"/>
>>>>>>> 76f00b53303cac04995ada4b0d8fda66ddb23e0b
</testsuite> <!-- atlantamarket.FloorPlans -->
