<?xml version="1.0" encoding="UTF-8"?>
<!-- Generated by org.testng.reporters.JUnitReportReporter -->
<testsuite hostname="Anuppa-VD3" name="lasvegasmarket_UAT.ShowSpecials" tests="2" failures="0" timestamp="3 Nov 2023 11:11:55 GMT" time="45.351" errors="0">
  <testcase name="TS002_VerifyShowroomLinkForShowSpecialsTest" time="23.387" classname="lasvegasmarket_UAT.ShowSpecials"/>
  <testcase name="TS001_VerifyViewBrandDetailsLinkForShowSpecialsTest" time="21.964" classname="lasvegasmarket_UAT.ShowSpecials"/>
</testsuite> <!-- lasvegasmarket_UAT.ShowSpecials -->
