<?xml version="1.0" encoding="UTF-8"?>
<!-- Generated by org.testng.reporters.JUnitReportReporter -->
<testsuite hostname="Anuppa-VD3" name="lasvegasmarket_UAT.GlobalSearch_ExhibitorActions" tests="1" failures="0" timestamp="17 Mar 2023 13:13:56 GMT" time="30.039" errors="0">
  <testcase name="TS001_VerifyAddToFavoriteForExhibitorTest" time="30.039" classname="lasvegasmarket_UAT.GlobalSearch_ExhibitorActions"/>
</testsuite> <!-- lasvegasmarket_UAT.GlobalSearch_ExhibitorActions -->
