<?xml version="1.0" encoding="UTF-8"?>
<!-- Generated by org.testng.reporters.JUnitReportReporter -->
<testsuite hostname="Anuppa-VD3" name="atlantamarket_PROD.GlobalSearch_ProductActions" tests="1" failures="0" timestamp="4 Dec 2023 11:45:44 GMT" time="41.027" errors="0">
  <testcase name="TS007_VerifyFullScreenViewerOnProductDetailsPageTest" time="41.027" classname="atlantamarket_PROD.GlobalSearch_ProductActions"/>
</testsuite> <!-- atlantamarket_PROD.GlobalSearch_ProductActions -->
