<?xml version="1.0" encoding="UTF-8"?>
<!-- Generated by org.testng.reporters.JUnitReportReporter -->
<testsuite skipped="6" hostname="Anuppa-VD3" name="atlantamarket_PROD.GlobalSearch_MatchingResults" tests="7" failures="0" timestamp="09 Aug 2024 08:06:52 GMT" time="17.783" errors="0">
  <testcase name="TS004_VerifyGlobalSearchMatchingResultsSortFilterByNameTest" time="17.783" classname="atlantamarket_PROD.GlobalSearch_MatchingResults"/>
  <testcase name="TS008_VerifyGlobalSearchMatchingResultsUsePreviousSavedSearchTest" classname="atlantamarket_PROD.GlobalSearch_MatchingResults">
    <skipped/>
  </testcase> <!-- TS008_VerifyGlobalSearchMatchingResultsUsePreviousSavedSearchTest -->
  <testcase name="TS006_VerifyGlobalSearchMatchingResultsSelectAddToExistingListTest" classname="atlantamarket_PROD.GlobalSearch_MatchingResults">
    <skipped/>
  </testcase> <!-- TS006_VerifyGlobalSearchMatchingResultsSelectAddToExistingListTest -->
  <testcase name="verifyMPLoginFunctionality" classname="atlantamarket_PROD.GlobalSearch_MatchingResults">
    <skipped/>
  </testcase> <!-- verifyMPLoginFunctionality -->
  <testcase name="TS009_VerifyGlobalSearchMatchingResultsSavedSearchesTest" classname="atlantamarket_PROD.GlobalSearch_MatchingResults">
    <skipped/>
  </testcase> <!-- TS009_VerifyGlobalSearchMatchingResultsSavedSearchesTest -->
  <testcase name="TS005_VerifyGlobalSearchMatchingResultsSelectAddToFavoritesTest" classname="atlantamarket_PROD.GlobalSearch_MatchingResults">
    <skipped/>
  </testcase> <!-- TS005_VerifyGlobalSearchMatchingResultsSelectAddToFavoritesTest -->
  <testcase name="TS007_VerifyGlobalSearchMatchingResultsSelectAddToNewlyCreatedListTest" classname="atlantamarket_PROD.GlobalSearch_MatchingResults">
    <skipped/>
  </testcase> <!-- TS007_VerifyGlobalSearchMatchingResultsSelectAddToNewlyCreatedListTest -->
</testsuite> <!-- atlantamarket_PROD.GlobalSearch_MatchingResults -->
