<?xml version="1.0" encoding="UTF-8"?>
<!-- Generated by org.testng.reporters.JUnitReportReporter -->
<testsuite hostname="Anuppa-VD3" name="lasvegasmarket_PROD.ExhibitorDigitalShowroom" tests="1" failures="0" timestamp="26 Dec 2023 11:51:23 GMT" time="57.638" errors="0">
  <testcase name="TS008_VerifySeeInOtherMarketsForExhibitorTest" time="57.638" classname="lasvegasmarket_PROD.ExhibitorDigitalShowroom"/>
</testsuite> <!-- lasvegasmarket_PROD.ExhibitorDigitalShowroom -->
