<?xml version="1.0" encoding="UTF-8"?>
<!-- Generated by org.testng.reporters.JUnitReportReporter -->
<testsuite hostname="Anuppa-VD3" name="atlantamarket_PROD.GlobalSearch_ExhibitorActions" tests="1" failures="0" timestamp="14 Mar 2023 05:14:12 GMT" time="53.506" errors="0">
  <testcase name="TS008_VerifyMatchingProductsAddNoteFunctionalityForExhibitorTest" time="53.506" classname="atlantamarket_PROD.GlobalSearch_ExhibitorActions"/>
</testsuite> <!-- atlantamarket_PROD.GlobalSearch_ExhibitorActions -->
