<?xml version="1.0" encoding="UTF-8"?>
<!-- Generated by org.testng.reporters.JUnitReportReporter -->
<testsuite hostname="Anuppa-VD3" name="atlantamarket_PROD.GlobalSearch_SearchFor" tests="1" failures="0" timestamp="2 Feb 2024 08:27:21 GMT" time="136.724" errors="0">
  <testcase name="TS009_VerifyEventsFiltersFunctionalityInGlobalSearchTest" time="136.724" classname="atlantamarket_PROD.GlobalSearch_SearchFor"/>
</testsuite> <!-- atlantamarket_PROD.GlobalSearch_SearchFor -->
