<?xml version="1.0" encoding="UTF-8"?>
<!-- Generated by org.testng.reporters.JUnitReportReporter -->
<testsuite hostname="swapnili" name="atlantamarket_PROD.GlobalSearch_SearchFor" tests="8" failures="0" timestamp="3 Aug 2022 10:01:37 GMT" time="471.305" errors="0">
  <testcase name="TS003_VerifyGlobalSearchSearchInformationAndFiltersTest" time="47.864" classname="atlantamarket_PROD.GlobalSearch_SearchFor"/>
  <testcase name="TS005_VerifyGlobalSearchSearchForArticlesTest" time="44.370" classname="atlantamarket_PROD.GlobalSearch_SearchFor"/>
  <testcase name="TS007_VerifyGlobalSearchSearchForArticlesSearchBoxTest" time="42.452" classname="atlantamarket_PROD.GlobalSearch_SearchFor"/>
  <testcase name="TS006_VerifyGlobalSearchSearchArticlesFiltersTest" time="238.812" classname="atlantamarket_PROD.GlobalSearch_SearchFor"/>
  <testcase name="TS008_VerifyGlobalSearchSearchForBlogTest" time="34.667" classname="atlantamarket_PROD.GlobalSearch_SearchFor"/>
  <testcase name="TS002_VerifyGlobalSearchSearchForInformationSearchBoxTest" time="16.750" classname="atlantamarket_PROD.GlobalSearch_SearchFor"/>
  <testcase name="TS004_VerifyGlobalSearchSearchForCatalogsTest" time="31.843" classname="atlantamarket_PROD.GlobalSearch_SearchFor"/>
  <testcase name="TS001_VerifyGlobalSearchSearchForInformationTest" time="14.547" classname="atlantamarket_PROD.GlobalSearch_SearchFor"/>
</testsuite> <!-- atlantamarket_PROD.GlobalSearch_SearchFor -->
