<?xml version="1.0" encoding="UTF-8"?>
<!-- Generated by org.testng.reporters.JUnitReportReporter -->
<testsuite hostname="Anuppa-VD3" name="atlantamarket_PROD.GlobalSearch_MatchingResults" tests="1" failures="0" timestamp="16 Mar 2023 06:36:41 GMT" time="65.253" errors="0">
  <testcase name="TS008_VerifyGlobalSearchMatchingResultsUsePreviousSavedSearchTest" time="65.253" classname="atlantamarket_PROD.GlobalSearch_MatchingResults"/>
</testsuite> <!-- atlantamarket_PROD.GlobalSearch_MatchingResults -->
