<?xml version="1.0" encoding="UTF-8"?>
<!-- Generated by org.testng.reporters.JUnitReportReporter -->
<testsuite hostname="Anuppa-VD3" name="lasvegasmarket_UAT.GlobalSearch_ExhibitorActions" tests="1" failures="0" timestamp="6 Mar 2023 06:25:31 GMT" time="33.322" errors="0">
  <testcase name="TS004_VerifyClickOnContactExhIconForExhibitorTest" time="33.322" classname="lasvegasmarket_UAT.GlobalSearch_ExhibitorActions"/>
</testsuite> <!-- lasvegasmarket_UAT.GlobalSearch_ExhibitorActions -->
