<?xml version="1.0" encoding="UTF-8"?>
<!-- Generated by org.testng.reporters.JUnitReportReporter -->
<testsuite hostname="eon-swapnili" name="lasvegasmarket_UAT.GlobalSearch_ProductActions" tests="2" failures="0" timestamp="5 Aug 2024 09:10:15 GMT" time="95.154" errors="0">
  <testcase name="TS002_VerifyFullScreenViewerOnProductDetailsPageTest" time="37.364" classname="lasvegasmarket_UAT.GlobalSearch_ProductActions"/>
  <testcase name="TS001_VerifyClickOnProductSeeDetailsBtnOnSearchResultsGridTest" time="57.790" classname="lasvegasmarket_UAT.GlobalSearch_ProductActions"/>
</testsuite> <!-- lasvegasmarket_UAT.GlobalSearch_ProductActions -->
