<?xml version="1.0" encoding="UTF-8"?>
<!-- Generated by org.testng.reporters.JUnitReportReporter -->
<testsuite hostname="Anuppa-VD3" name="atlantamarket_PROD.FloorPlans" tests="1" failures="0" timestamp="4 Jan 2024 06:34:47 GMT" time="28.953" errors="0">
  <testcase name="TS001_VerifyNavigationToDifferentFloorBuildingsTest" time="28.953" classname="atlantamarket_PROD.FloorPlans"/>
</testsuite> <!-- atlantamarket_PROD.FloorPlans -->
