<?xml version="1.0" encoding="UTF-8"?>
<!-- Generated by org.testng.reporters.JUnitReportReporter -->
<testsuite hostname="NILAMMA-W10" name="lasvegasmarket_UAT.FloorPlans" tests="1" failures="0" timestamp="17 Mar 2023 11:47:38 GMT" time="51.050" errors="0">
  <testcase name="TS012_VerifyAddToFavoriteFunctionalityForExhibitorOnFloorPlansPageTest" time="51.050" classname="lasvegasmarket_UAT.FloorPlans"/>
</testsuite> <!-- lasvegasmarket_UAT.FloorPlans -->
