<?xml version="1.0" encoding="UTF-8"?>
<!-- Generated by org.testng.reporters.JUnitReportReporter -->
<testsuite skipped="0" hostname="Anuppa-VD3" name="lasvegasmarket_PROD.ShowSpecials" tests="2" failures="0" timestamp="10 Jul 2024 09:55:55 GMT" time="43.155" errors="0">
  <testcase name="TS001_VerifyViewBrandDetailsLinkForShowSpecialsTest" time="14.181" classname="lasvegasmarket_PROD.ShowSpecials"/>
  <testcase name="TS002_VerifyShowroomLinkForShowSpecialsTest" time="28.974" classname="lasvegasmarket_PROD.ShowSpecials"/>
</testsuite> <!-- lasvegasmarket_PROD.ShowSpecials -->
