<?xml version="1.0" encoding="UTF-8"?>
<!-- Generated by org.testng.reporters.JUnitReportReporter -->
<testsuite hostname="NILAMMA-W10" name="atlantamarket.AtlantaMarketRegressTest_UAT" tests="1" failures="0" timestamp="20 May 2022 12:39:31 GMT" time="15.571" errors="0">
  <testcase name="TS009_VerifyClickOnLocationLinksForExhibitorTest" time="15.571" classname="atlantamarket.AtlantaMarketRegressTest_UAT"/>
</testsuite> <!-- atlantamarket.AtlantaMarketRegressTest_UAT -->
