<?xml version="1.0" encoding="UTF-8"?>
<!-- Generated by org.testng.reporters.JUnitReportReporter -->
<testsuite hostname="eon-swapnili" name="atlantamarket_PROD.EvenntsAndWebinar" tests="1" failures="0" timestamp="29 Mar 2023 06:21:29 GMT" time="17.375" errors="0">
  <testcase name="TS012_VerifyExhibitorEventsDetailstTest" time="17.375" classname="atlantamarket_PROD.EvenntsAndWebinar"/>
</testsuite> <!-- atlantamarket_PROD.EvenntsAndWebinar -->
