<?xml version="1.0" encoding="UTF-8"?>
<!-- Generated by org.testng.reporters.JUnitReportReporter -->
<testsuite skipped="0" hostname="Anuppa-VD3" name="lasvegasmarket_PROD.GlobalSearch_ProductActions" tests="1" failures="0" timestamp="10 Jul 2024 03:10:12 GMT" time="39.212" errors="0">
  <testcase name="TS002_VerifyFullScreenViewerOnProductDetailsPageTest" time="39.212" classname="lasvegasmarket_PROD.GlobalSearch_ProductActions"/>
</testsuite> <!-- lasvegasmarket_PROD.GlobalSearch_ProductActions -->
