<?xml version="1.0" encoding="UTF-8"?>
<!-- Generated by org.testng.reporters.JUnitReportReporter -->
<testsuite hostname="Anuppa-VD3" name="atlantamarket_PROD.LineDigitalShowroom" tests="1" failures="0" timestamp="23 Jan 2024 13:55:09 GMT" time="11.164" errors="0">
  <testcase name="TS001_VerifyLineDigitalShowroomHeroComponentShownByExhibitorNamaeTest" time="11.164" classname="atlantamarket_PROD.LineDigitalShowroom"/>
</testsuite> <!-- atlantamarket_PROD.LineDigitalShowroom -->
