<?xml version="1.0" encoding="UTF-8"?>
<!-- Generated by org.testng.reporters.JUnitReportReporter -->
<testsuite hostname="NILAMMA-W10" name="atlantamarket_PROD.GlobalSearch_ExhibitorActions" tests="1" failures="0" timestamp="23 Dec 2022 06:45:47 GMT" time="183.647" errors="0">
  <testcase name="TS003_VerifyAddToExistingListForExhibitorTest" time="183.647" classname="atlantamarket_PROD.GlobalSearch_ExhibitorActions"/>
</testsuite> <!-- atlantamarket_PROD.GlobalSearch_ExhibitorActions -->
