<?xml version="1.0" encoding="UTF-8"?>
<!-- Generated by org.testng.reporters.JUnitReportReporter -->
<testsuite hostname="CVC2446" failures="0" tests="14" name="lasvegasmarket_PROD.GlobalSearch_LeftPaneFilters" time="1451.364" errors="0" timestamp="2025-07-04T16:17:09 IST" skipped="0">
  <testcase classname="lasvegasmarket_PROD.GlobalSearch_LeftPaneFilters" name="TS001_VerifySelectionOfApparelVintageProdCatgFromLeftPaneFiltersTest" time="54.731"/>
  <system-out/>
  <testcase classname="lasvegasmarket_PROD.GlobalSearch_LeftPaneFilters" name="TS002_VerifySelectionOfAntiqueVintageProdCatgFromLeftPaneFiltersTest" time="282.408"/>
  <system-out/>
  <testcase classname="lasvegasmarket_PROD.GlobalSearch_LeftPaneFilters" name="TS003_VerifyCombinationWithinProdCatgFromLeftPaneFiltersTest" time="64.985"/>
  <system-out/>
  <testcase classname="lasvegasmarket_PROD.GlobalSearch_LeftPaneFilters" name="TS004_VerifyCombinationOfProdCatgWithStylesFromLeftPaneFiltersTest" time="370.326"/>
  <system-out/>
  <testcase classname="lasvegasmarket_PROD.GlobalSearch_LeftPaneFilters" name="TS005_VerifySelectionOfAccentFurnitureProdCatgFromLeftPaneFiltersTest" time="137.542"/>
  <system-out/>
  <testcase classname="lasvegasmarket_PROD.GlobalSearch_LeftPaneFilters" name="TS006_VerifySelectionOfHolidayProdCatgFromLeftPaneFiltersTest" time="71.575"/>
  <system-out/>
  <testcase classname="lasvegasmarket_PROD.GlobalSearch_LeftPaneFilters" name="TS007_VerifySelectionOfDecorativeAccessProdCatgFromLeftPaneFiltersTest" time="74.592"/>
  <system-out/>
  <testcase classname="lasvegasmarket_PROD.GlobalSearch_LeftPaneFilters" name="TS008_VerifySelectionOfGeneralGiftProdCatgFromLeftPaneFiltersTest" time="69.545"/>
  <system-out/>
  <testcase classname="lasvegasmarket_PROD.GlobalSearch_LeftPaneFilters" name="TS009_VerifySelectionOfFashionAccProdCatgFromLeftPaneFiltersTest" time="70.611"/>
  <system-out/>
  <testcase classname="lasvegasmarket_PROD.GlobalSearch_LeftPaneFilters" name="TS010_VerifySelectionOfFloralBotanicalsProdCatgFromLeftPaneFiltersTest" time="71.330"/>
  <system-out/>
  <testcase classname="lasvegasmarket_PROD.GlobalSearch_LeftPaneFilters" name="TS011_VerifySelectionOfHomeTextilesProdCatgFromLeftPaneFiltersTest" time="70.928"/>
  <system-out/>
  <testcase classname="lasvegasmarket_PROD.GlobalSearch_LeftPaneFilters" name="TS012_VerifyNewExhibitorButtonFromLeftPaneFiltersTest" time="41.438"/>
  <system-out/>
  <testcase classname="lasvegasmarket_PROD.GlobalSearch_LeftPaneFilters" name="TS013_VerifyHasShowSpecialsFromLeftPaneFiltersTest" time="39.288"/>
  <system-out/>
  <testcase classname="lasvegasmarket_PROD.GlobalSearch_LeftPaneFilters" name="TS014_VerifyTemporaryButtonFromLeftPaneFiltersTest" time="32.065"/>
  <system-out/>
</testsuite> <!-- lasvegasmarket_PROD.GlobalSearch_LeftPaneFilters -->
