<?xml version="1.0" encoding="UTF-8"?>
<!-- Generated by org.testng.reporters.JUnitReportReporter -->
<testsuite skipped="7" hostname="Anuppa-VD3" name="atlantamarket_PROD.EvenntsAndWebinar" tests="8" failures="0" timestamp="15 Jul 2024 11:30:03 GMT" time="30.415" errors="0">
  <testcase name="TS009_VerifyExhibitorEventsDetailstTest" time="30.415" classname="atlantamarket_PROD.EvenntsAndWebinar"/>
  <testcase name="verifyMPLoginFunctionality" classname="atlantamarket_PROD.EvenntsAndWebinar">
    <skipped/>
  </testcase> <!-- verifyMPLoginFunctionality -->
  <testcase name="TS013_VerifyExhibitorEventsAddToListTest" classname="atlantamarket_PROD.EvenntsAndWebinar">
    <skipped/>
  </testcase> <!-- TS013_VerifyExhibitorEventsAddToListTest -->
  <testcase name="TS014_VerifyExhibitorEventsAddNoteTest" classname="atlantamarket_PROD.EvenntsAndWebinar">
    <skipped/>
  </testcase> <!-- TS014_VerifyExhibitorEventsAddNoteTest -->
  <testcase name="TS015_VerifyIMCEventsAddToListTest" classname="atlantamarket_PROD.EvenntsAndWebinar">
    <skipped/>
  </testcase> <!-- TS015_VerifyIMCEventsAddToListTest -->
  <testcase name="TS012_VerifyExhibitorEventsAddToFavoriteTest" classname="atlantamarket_PROD.EvenntsAndWebinar">
    <skipped/>
  </testcase> <!-- TS012_VerifyExhibitorEventsAddToFavoriteTest -->
  <testcase name="TS010_VerifyIMCEventsAddToFavoriteTest" classname="atlantamarket_PROD.EvenntsAndWebinar">
    <skipped/>
  </testcase> <!-- TS010_VerifyIMCEventsAddToFavoriteTest -->
  <testcase name="TS011_VerifyIMCEventsAddNoteTest" classname="atlantamarket_PROD.EvenntsAndWebinar">
    <skipped/>
  </testcase> <!-- TS011_VerifyIMCEventsAddNoteTest -->
</testsuite> <!-- atlantamarket_PROD.EvenntsAndWebinar -->
