<?xml version="1.0" encoding="UTF-8"?>
<!-- Generated by org.testng.reporters.JUnitReportReporter -->
<testsuite skipped="1" hostname="Anuppa-VD3" name="atlantamarket_PROD.ShowSpecials" tests="3" failures="0" timestamp="16 Jul 2024 06:18:25 GMT" time="76.651" errors="0">
  <testcase name="TS001_VerifyViewBrandDetailsLinkForShowSpecialsTest" time="49.045" classname="atlantamarket_PROD.ShowSpecials"/>
  <testcase name="TS002_VerifyLocationLinksForShowSpecialsTest" time="27.606" classname="atlantamarket_PROD.ShowSpecials"/>
  <testcase name="verifyMPLoginFunctionality" classname="atlantamarket_PROD.ShowSpecials">
    <skipped/>
  </testcase> <!-- verifyMPLoginFunctionality -->
</testsuite> <!-- atlantamarket_PROD.ShowSpecials -->
