<?xml version="1.0" encoding="UTF-8"?>
<!-- Generated by org.testng.reporters.JUnitReportReporter -->
<testsuite hostname="Anuppa-VD3" name="lasvegasmarket_UAT.GlobalSearch_MatchingResults" tests="1" failures="0" timestamp="30 Jan 2024 10:43:01 GMT" time="21.171" errors="0">
  <testcase name="TS004_VerifyGlobalSearchMatchingResultsSortFilterByNameTest" time="21.171" classname="lasvegasmarket_UAT.GlobalSearch_MatchingResults"/>
</testsuite> <!-- lasvegasmarket_UAT.GlobalSearch_MatchingResults -->
