<?xml version="1.0" encoding="UTF-8"?>
<!-- Generated by org.testng.reporters.JUnitReportReporter -->
<testsuite hostname="eon-swapnili" name="lasvegasmarket_PROD.GlobalSearch_ProductActions" tests="2" failures="0" timestamp="12 Jul 2024 09:19:32 GMT" time="108.550" errors="0">
  <testcase name="TS001_VerifyClickOnProductSeeDetailsBtnOnSearchResultsGridTest" time="70.458" classname="lasvegasmarket_PROD.GlobalSearch_ProductActions"/>
  <testcase name="TS002_VerifyFullScreenViewerOnProductDetailsPageTest" time="38.092" classname="lasvegasmarket_PROD.GlobalSearch_ProductActions"/>
</testsuite> <!-- lasvegasmarket_PROD.GlobalSearch_ProductActions -->
