<?xml version="1.0" encoding="UTF-8"?>
<!-- Generated by org.testng.reporters.JUnitReportReporter -->
<testsuite hostname="eon-swapnili" name="lasvegasmarket_PROD.GlobalSearch_SuggestionList" tests="3" failures="0" timestamp="13 Mar 2024 12:45:08 GMT" time="44.914" errors="0">
  <testcase name="TS002_VerifySelectionOfLineFromAutoSuggestionListTest" time="12.969" classname="lasvegasmarket_PROD.GlobalSearch_SuggestionList"/>
  <testcase name="TS001_VerifySelectionOfExhibitorFromAutoSuggestionListTest" time="15.632" classname="lasvegasmarket_PROD.GlobalSearch_SuggestionList"/>
  <testcase name="TS003_VerifySelectionOfProductFromAutoSuggestionListTest" time="16.313" classname="lasvegasmarket_PROD.GlobalSearch_SuggestionList"/>
</testsuite> <!-- lasvegasmarket_PROD.GlobalSearch_SuggestionList -->
