<?xml version="1.0" encoding="UTF-8"?>
<!-- Generated by org.testng.reporters.JUnitReportReporter -->
<testsuite hostname="swapnili" name="atlantamarket_PROD.EvenntsAndWebinar" tests="1" failures="0" timestamp="10 Nov 2022 04:40:20 GMT" time="13.472" errors="0">
  <testcase name="TS003_VerifyIMCEventsCalendarViewTest" time="13.472" classname="atlantamarket_PROD.EvenntsAndWebinar"/>
</testsuite> <!-- atlantamarket_PROD.EvenntsAndWebinar -->
