<?xml version="1.0" encoding="UTF-8"?>
<!-- Generated by org.testng.reporters.JUnitReportReporter -->
<testsuite hostname="EON-prasannsheelb" failures="0" tests="15" name="atlantamarket_UAT.ExhibitorDigitalShowroom" time="482.224" errors="0" timestamp="1 Feb 2024 09:09:59 GMT">
  <testcase classname="atlantamarket_UAT.ExhibitorDigitalShowroom" name="TS012_VerifyExhibitorDigitalEventsComponentTest" time="31.223"/>
  <testcase classname="atlantamarket_UAT.ExhibitorDigitalShowroom" name="TS005_VerifyClickOnLineSearchForExhibitorTest" time="30.354"/>
  <testcase classname="atlantamarket_UAT.ExhibitorDigitalShowroom" name="TS013_VerifyCatalogsSectionForExhibitorTest" time="34.788"/>
  <testcase classname="atlantamarket_UAT.ExhibitorDigitalShowroom" name="TS004_VerifyClickOnLineFiltersForExhibitorTest" time="25.123"/>
  <testcase classname="atlantamarket_UAT.ExhibitorDigitalShowroom" name="TS002_VerifyClickOnTotalLinesSeeAllLinkForExhibitorTest" time="41.065"/>
  <testcase classname="atlantamarket_UAT.ExhibitorDigitalShowroom" name="TS008_VerifySeeInOtherMarketsForExhibitorTest" time="39.500"/>
  <testcase classname="atlantamarket_UAT.ExhibitorDigitalShowroom" name="TS007_VerifyExhibitorDigitalShowroomProductsComponentSeeAllProductsTest" time="26.371"/>
  <testcase classname="atlantamarket_UAT.ExhibitorDigitalShowroom" name="TS010_VerifyExhibitorDigitalShowroomHeroComponentVisitExhibitorsiteTest" time="27.976"/>
  <testcase classname="atlantamarket_UAT.ExhibitorDigitalShowroom" name="TS003_VerifyClickOnProductShownLinkForExhibitorTest" time="37.193"/>
  <testcase classname="atlantamarket_UAT.ExhibitorDigitalShowroom" name="TS001_VerifyClickOnLocationLinksForExhibitorDigitalShowroomTest" time="38.311"/>
  <testcase classname="atlantamarket_UAT.ExhibitorDigitalShowroom" name="TS009_VerifyExhibitorDigitalShowroomCatalogsComponentSeeAllCatalogsTest" time="34.016"/>
  <testcase classname="atlantamarket_UAT.ExhibitorDigitalShowroom" name="TS006_VerifyExhibitorDigitalShowroomLinesComponentSeeAllLinesTest" time="33.598"/>
  <testcase classname="atlantamarket_UAT.ExhibitorDigitalShowroom" name="TS015_VerifyExhibitorDigitalShowroomHeroComponentContactExhibitorTest" time="20.436"/>
  <testcase classname="atlantamarket_UAT.ExhibitorDigitalShowroom" name="TS011_VerifyExhibitorDigitalShowroomHeroComponentView3DShowroomTest" time="26.030"/>
  <testcase classname="atlantamarket_UAT.ExhibitorDigitalShowroom" name="TS014_VerifyExhibitorDigitalShowroomShowSpecialsTest" time="36.240"/>
</testsuite> <!-- atlantamarket_UAT.ExhibitorDigitalShowroom -->
