<?xml version="1.0" encoding="UTF-8"?>
<!-- Generated by org.testng.reporters.JUnitReportReporter -->
<<<<<<< HEAD
<testsuite hostname="Anuppa-VD3" name="atlantamarket_PROD.ExhibitorDigitalShowroom" tests="1" failures="0" timestamp="17 Mar 2023 05:08:53 GMT" time="29.786" errors="0">
  <testcase name="TS001_VerifyAddToFavoritesTest" time="29.786" classname="atlantamarket_PROD.ExhibitorDigitalShowroom"/>
=======
<testsuite hostname="NILAMMA-W10" name="atlantamarket_PROD.ExhibitorDigitalShowroom" tests="1" failures="0" timestamp="14 Mar 2023 12:02:08 GMT" time="70.436" errors="0">
  <testcase name="TS006_VerifyClickOnProductShownLinkForExhibitorTest" time="70.436" classname="atlantamarket_PROD.ExhibitorDigitalShowroom"/>
>>>>>>> 5759aadf1ba011620f6f54268ceebcc45e009b4c
</testsuite> <!-- atlantamarket_PROD.ExhibitorDigitalShowroom -->
