<?xml version="1.0" encoding="UTF-8"?>
<!-- Generated by org.testng.reporters.JUnitReportReporter -->
<testsuite hostname="eon-swapnili" name="lasvegasmarket_UAT.LineDigitalShowroom" tests="6" failures="0" timestamp="7 Feb 2024 12:12:41 GMT" time="143.743" errors="0">
  <testcase name="TS008_VerifyLineDigitalShowroomProductscomponentTest" time="24.589" classname="lasvegasmarket_UAT.LineDigitalShowroom"/>
  <testcase name="TS001_VerifyLineDigitalShowroomHeroComponentShownByExhibitorNamaeTest" time="16.886" classname="lasvegasmarket_UAT.LineDigitalShowroom"/>
  <testcase name="TS002_VerifyLineDigitalShowroomHeroComponentLocationLinksTest" time="15.358" classname="lasvegasmarket_UAT.LineDigitalShowroom"/>
  <testcase name="TS011_VerifyLineDigitalShowroomProductscomponentSelectProductTest" time="47.027" classname="lasvegasmarket_UAT.LineDigitalShowroom"/>
  <testcase name="TS007_VerifyLineDigitalShowroomHeroComponentProductsComponentCountTest" time="21.671" classname="lasvegasmarket_UAT.LineDigitalShowroom"/>
  <testcase name="TS010_VerifyLineDigitalShowroomProductscomponentSeeAllProductsTest" time="18.212" classname="lasvegasmarket_UAT.LineDigitalShowroom"/>
</testsuite> <!-- lasvegasmarket_UAT.LineDigitalShowroom -->
