<?xml version="1.0" encoding="UTF-8"?>
<!-- Generated by org.testng.reporters.JUnitReportReporter -->
<testsuite hostname="swapnili" name="atlantamarket.GlobalSearch_ProductActions" tests="2" failures="0" timestamp="20 Jun 2022 10:51:47 GMT" time="104.616" errors="0">
  <testcase name="TS008_VerifyAddToExistingListForProductActionTest" time="72.951" classname="atlantamarket.GlobalSearch_ProductActions"/>
  <testcase name="TS001_VerifyMarketPlannerLoginTest" time="31.665" classname="atlantamarket.GlobalSearch_ProductActions"/>
</testsuite> <!-- atlantamarket.GlobalSearch_ProductActions -->
