<?xml version="1.0" encoding="UTF-8"?>
<!-- Generated by org.testng.reporters.JUnitReportReporter -->
<testsuite hostname="swapnili" name="atlantamarket_UAT.MarketPlanner" tests="1" failures="0" timestamp="6 Oct 2022 10:38:55 GMT" time="45.348" errors="0">
  <testcase name="TS047_VerifyMarketPlanneMyInfoEditProfile" time="45.348" classname="atlantamarket_UAT.MarketPlanner"/>
</testsuite> <!-- atlantamarket_UAT.MarketPlanner -->
