<?xml version="1.0" encoding="UTF-8"?>
<!-- Generated by org.testng.reporters.JUnitReportReporter -->
<testsuite hostname="eon-swapnili" name="atlantamarket_UAT.LineDigitalShowroom" tests="1" failures="0" timestamp="7 Feb 2024 07:22:15 GMT" time="15.799" errors="0">
  <testcase name="TS001_VerifyLineDigitalShowroomHeroComponentShownByExhibitorNamaeTest" time="15.799" classname="atlantamarket_UAT.LineDigitalShowroom"/>
</testsuite> <!-- atlantamarket_UAT.LineDigitalShowroom -->
