<?xml version="1.0" encoding="UTF-8"?>
<!-- Generated by org.testng.reporters.JUnitReportReporter -->
<testsuite hostname="CVC2446" failures="0" tests="13" name="lasvegasmarket_UAT.FloorPlans" time="48.535" errors="1" timestamp="2025-04-16T12:21:00 IST" skipped="12">
  <testcase classname="lasvegasmarket_UAT.FloorPlans" name="initialize" time="48.535">
    <error message="Expected condition failed: waiting for element to be clickable: By.xpath: //button[@id=&#039;gdpr-btn&#039;] (tried for 30 second(s) with 500 milliseconds interval)
Build info: version: &#039;4.25.0&#039;, revision: &#039;8a8aea2337&#039;
System info: os.name: &#039;Windows 11&#039;, os.arch: &#039;amd64&#039;, os.version: &#039;10.0&#039;, java.version: &#039;21.0.3&#039;
Driver info: org.openqa.selenium.chrome.ChromeDriver
Capabilities {acceptInsecureCerts: false, browserName: chrome, browserVersion: 135.0.7049.95, chrome: {chromedriverVersion: 135.0.7049.84 (6c019e560019..., userDataDir: C:\Users\swapnili\AppData\L...}, fedcm:accounts: true, goog:chromeOptions: {debuggerAddress: localhost:60113}, networkConnectionEnabled: false, pageLoadStrategy: normal, platformName: windows, proxy: Proxy(), se:cdp: ws://localhost:60113/devtoo..., se:cdpVersion: 135.0.7049.95, setWindowRect: true, strictFileInteractability: false, timeouts: {implicit: 0, pageLoad: 300000, script: 30000}, unhandledPromptBehavior: dismiss and notify, webauthn:extension:credBlob: true, webauthn:extension:largeBlob: true, webauthn:extension:minPinLength: true, webauthn:extension:prf: true, webauthn:virtualAuthenticators: true}
Session ID: 60e6b86d7e1358ea75e0b95b0b16b9a2" type="org.openqa.selenium.TimeoutException">
      <![CDATA[org.openqa.selenium.TimeoutException: Expected condition failed: waiting for element to be clickable: By.xpath: //button[@id='gdpr-btn'] (tried for 30 second(s) with 500 milliseconds interval)
Build info: version: '4.25.0', revision: '8a8aea2337'
System info: os.name: 'Windows 11', os.arch: 'amd64', os.version: '10.0', java.version: '21.0.3'
Driver info: org.openqa.selenium.chrome.ChromeDriver
Capabilities {acceptInsecureCerts: false, browserName: chrome, browserVersion: 135.0.7049.95, chrome: {chromedriverVersion: 135.0.7049.84 (6c019e560019..., userDataDir: C:\Users\swapnili\AppData\L...}, fedcm:accounts: true, goog:chromeOptions: {debuggerAddress: localhost:60113}, networkConnectionEnabled: false, pageLoadStrategy: normal, platformName: windows, proxy: Proxy(), se:cdp: ws://localhost:60113/devtoo..., se:cdpVersion: 135.0.7049.95, setWindowRect: true, strictFileInteractability: false, timeouts: {implicit: 0, pageLoad: 300000, script: 30000}, unhandledPromptBehavior: dismiss and notify, webauthn:extension:credBlob: true, webauthn:extension:largeBlob: true, webauthn:extension:minPinLength: true, webauthn:extension:prf: true, webauthn:virtualAuthenticators: true}
Session ID: 60e6b86d7e1358ea75e0b95b0b16b9a2
at org.openqa.selenium.support.ui.WebDriverWait.timeoutException(WebDriverWait.java:84)
at org.openqa.selenium.support.ui.FluentWait.until(FluentWait.java:228)
at pageObjects.AtlantaMarket.ATLLandingPage.getIUnderstandBtn(ATLLandingPage.java:45)
at lasvegasmarket_UAT.FloorPlans.initialize(FloorPlans.java:64)
at java.base/jdk.internal.reflect.DirectMethodHandleAccessor.invoke(DirectMethodHandleAccessor.java:103)
at java.base/java.lang.reflect.Method.invoke(Method.java:580)
at org.testng.internal.MethodInvocationHelper.invokeMethod(MethodInvocationHelper.java:133)
at org.testng.internal.MethodInvocationHelper.invokeMethodConsideringTimeout(MethodInvocationHelper.java:62)
at org.testng.internal.ConfigInvoker.invokeConfigurationMethod(ConfigInvoker.java:385)
at org.testng.internal.ConfigInvoker.invokeConfigurations(ConfigInvoker.java:321)
at org.testng.internal.TestMethodWorker.invokeBeforeClassMethods(TestMethodWorker.java:176)
at org.testng.internal.TestMethodWorker.run(TestMethodWorker.java:122)
at java.base/java.util.ArrayList.forEach(ArrayList.java:1596)
at org.testng.TestRunner.privateRun(TestRunner.java:794)
at org.testng.TestRunner.run(TestRunner.java:596)
at org.testng.SuiteRunner.runTest(SuiteRunner.java:377)
at org.testng.SuiteRunner.runSequentially(SuiteRunner.java:371)
at org.testng.SuiteRunner.privateRun(SuiteRunner.java:332)
at org.testng.SuiteRunner.run(SuiteRunner.java:276)
at org.testng.SuiteRunnerWorker.runSuite(SuiteRunnerWorker.java:53)
at org.testng.SuiteRunnerWorker.run(SuiteRunnerWorker.java:96)
at org.testng.TestNG.runSuitesSequentially(TestNG.java:1212)
at org.testng.TestNG.runSuitesLocally(TestNG.java:1134)
at org.testng.TestNG.runSuites(TestNG.java:1063)
at org.testng.TestNG.run(TestNG.java:1031)
at org.testng.remote.AbstractRemoteTestNG.run(AbstractRemoteTestNG.java:115)
at org.testng.remote.RemoteTestNG.initAndRun(RemoteTestNG.java:293)
at org.testng.remote.RemoteTestNG.main(RemoteTestNG.java:91)
]]>
    </error>
  </testcase> <!-- initialize -->
  <system-out/>
  <testcase classname="lasvegasmarket_UAT.FloorPlans" name="TS001_VerifyNavigationToDifferentFloorBuildingsTest" time="0.000">
    <skipped/>
  </testcase> <!-- TS001_VerifyNavigationToDifferentFloorBuildingsTest -->
  <system-out/>
  <testcase classname="lasvegasmarket_UAT.FloorPlans" name="TS002_VerifyNoExhibitorsOnThisFloorMessageTest" time="0.000">
    <skipped/>
  </testcase> <!-- TS002_VerifyNoExhibitorsOnThisFloorMessageTest -->
  <system-out/>
  <testcase classname="lasvegasmarket_UAT.FloorPlans" name="TS003_VerifyZoomInOutLevelOnFloorPlansPageTest" time="0.000">
    <skipped/>
  </testcase> <!-- TS003_VerifyZoomInOutLevelOnFloorPlansPageTest -->
  <system-out/>
  <testcase classname="lasvegasmarket_UAT.FloorPlans" name="TS004_VerifyIconsOnFloorPlansPageTest" time="0.000">
    <skipped/>
  </testcase> <!-- TS004_VerifyIconsOnFloorPlansPageTest -->
  <system-out/>
  <testcase classname="lasvegasmarket_UAT.FloorPlans" name="TS005_VerifyPaginationOnFloorPlansPageTest" time="0.000">
    <skipped/>
  </testcase> <!-- TS005_VerifyPaginationOnFloorPlansPageTest -->
  <system-out/>
  <testcase classname="lasvegasmarket_UAT.FloorPlans" name="TS006_VerifySelectionOfExhibitorOnFloorPlansPageTest" time="0.000">
    <skipped/>
  </testcase> <!-- TS006_VerifySelectionOfExhibitorOnFloorPlansPageTest -->
  <system-out/>
  <testcase classname="lasvegasmarket_UAT.FloorPlans" name="TS007_VerifyClickOnReturnToBuildingListBtnTest" time="0.000">
    <skipped/>
  </testcase> <!-- TS007_VerifyClickOnReturnToBuildingListBtnTest -->
  <system-out/>
  <testcase classname="lasvegasmarket_UAT.FloorPlans" name="TS008_VerifySearchFunctionalityForExhListOnFloorPlansPageTest" time="0.000">
    <skipped/>
  </testcase> <!-- TS008_VerifySearchFunctionalityForExhListOnFloorPlansPageTest -->
  <system-out/>
  <testcase classname="lasvegasmarket_UAT.FloorPlans" name="TS009_VerifyAddToListFunctionalityForExhibitorOnFloorPlansPageTest">
    <skipped/>
  </testcase> <!-- TS009_VerifyAddToListFunctionalityForExhibitorOnFloorPlansPageTest -->
  <system-out/>
  <testcase classname="lasvegasmarket_UAT.FloorPlans" name="TS011_VerifyAddToFavoriteFunctionalityForExhibitorOnFloorPlansPageTest">
    <skipped/>
  </testcase> <!-- TS011_VerifyAddToFavoriteFunctionalityForExhibitorOnFloorPlansPageTest -->
  <system-out/>
  <testcase classname="lasvegasmarket_UAT.FloorPlans" name="TS010_VerifyAddNoteFunctionalityForExhibitorOnFloorPlansPageTest">
    <skipped/>
  </testcase> <!-- TS010_VerifyAddNoteFunctionalityForExhibitorOnFloorPlansPageTest -->
  <system-out/>
  <testcase classname="lasvegasmarket_UAT.FloorPlans" name="TS012_VerifyFunctionalityOfFiltersOFloorPlansPageTest">
    <skipped/>
  </testcase> <!-- TS012_VerifyFunctionalityOfFiltersOFloorPlansPageTest -->
  <system-out/>
</testsuite> <!-- lasvegasmarket_UAT.FloorPlans -->
