<?xml version="1.0" encoding="UTF-8"?>
<!-- Generated by org.testng.reporters.JUnitReportReporter -->
<testsuite hostname="eon-swapnili" name="atlantamarket_UAT.GlobalSearch_ProductActions" tests="2" failures="0" timestamp="8 Jan 2024 08:17:57 GMT" time="81.956" errors="0">
  <testcase name="TS001_VerifyClickOnProductSeeDetailsBtnOnSearchResultsGridTest" time="41.749" classname="atlantamarket_UAT.GlobalSearch_ProductActions"/>
  <testcase name="TS007_VerifyFullScreenViewerOnProductDetailsPageTest" time="40.207" classname="atlantamarket_UAT.GlobalSearch_ProductActions"/>
</testsuite> <!-- atlantamarket_UAT.GlobalSearch_ProductActions -->
