<?xml version="1.0" encoding="UTF-8"?>
<!-- Generated by org.testng.reporters.JUnitReportReporter -->
<testsuite hostname="Anuppa-VD3" name="lasvegasmarket_PROD.GlobalSearch_MatchingResults" tests="9" failures="1" timestamp="15 Mar 2023 07:31:18 GMT" time="494.495" errors="1">
  <testcase name="TS001_VerifyGlobalSearchContainsAndStartsWithTest" time="12.745" classname="lasvegasmarket_PROD.GlobalSearch_MatchingResults"/>
  <testcase name="TS002_VerifyGlobalSearchMatchingResultsSortWithinTest" time="48.732" classname="lasvegasmarket_PROD.GlobalSearch_MatchingResults"/>
  <testcase name="TS005_VerifyGlobalSearchMatchingResultsSelectAddToFavoritesTest" time="69.560" classname="lasvegasmarket_PROD.GlobalSearch_MatchingResults"/>
  <testcase name="TS003_VerifyGlobalSearchMatchingResultsSortSortByTest" time="53.131" classname="lasvegasmarket_PROD.GlobalSearch_MatchingResults">
    <failure type="org.openqa.selenium.TimeoutException" message="Expected condition failed: waiting for visibility of element located by By.xpath: //div[@class=&#039;imc-exhibitorcard-title-row&#039;]/div[1]/a[1]/h2 (tried for 20 second(s) with 500 MILLISECONDS interval)">
      <![CDATA[org.openqa.selenium.TimeoutException: Expected condition failed: waiting for visibility of element located by By.xpath: //div[@class='imc-exhibitorcard-title-row']/div[1]/a[1]/h2 (tried for 20 second(s) with 500 MILLISECONDS interval)
	at org.openqa.selenium.support.ui.WebDriverWait.timeoutException(WebDriverWait.java:80)
	at org.openqa.selenium.support.ui.FluentWait.until(FluentWait.java:232)
	at pageObjects.LasVegasMarket.LVMGlobalSearchPage.getlvmExhNames(LVMGlobalSearchPage.java:280)
	at lasvegasmarket_PROD.GlobalSearch_MatchingResults.TS003_VerifyGlobalSearchMatchingResultsSortSortByTest(GlobalSearch_MatchingResults.java:251)
	at sun.reflect.NativeMethodAccessorImpl.invoke0(Native Method)
	at sun.reflect.NativeMethodAccessorImpl.invoke(Unknown Source)
	at sun.reflect.DelegatingMethodAccessorImpl.invoke(Unknown Source)
	at java.lang.reflect.Method.invoke(Unknown Source)
	at org.testng.internal.MethodInvocationHelper.invokeMethod(MethodInvocationHelper.java:80)
	at org.testng.internal.Invoker.invokeMethod(Invoker.java:714)
	at org.testng.internal.Invoker.invokeTestMethod(Invoker.java:901)
	at org.testng.internal.Invoker.invokeTestMethods(Invoker.java:1231)
	at org.testng.internal.TestMethodWorker.invokeTestMethods(TestMethodWorker.java:127)
	at org.testng.internal.TestMethodWorker.run(TestMethodWorker.java:111)
	at org.testng.TestRunner.privateRun(TestRunner.java:767)
	at org.testng.TestRunner.run(TestRunner.java:617)
	at org.testng.SuiteRunner.runTest(SuiteRunner.java:334)
	at org.testng.SuiteRunner.runSequentially(SuiteRunner.java:329)
	at org.testng.SuiteRunner.privateRun(SuiteRunner.java:291)
	at org.testng.SuiteRunner.run(SuiteRunner.java:240)
	at org.testng.SuiteRunnerWorker.runSuite(SuiteRunnerWorker.java:52)
	at org.testng.SuiteRunnerWorker.run(SuiteRunnerWorker.java:86)
	at org.testng.TestNG.runSuitesSequentially(TestNG.java:1198)
	at org.testng.TestNG.runSuitesLocally(TestNG.java:1123)
	at org.testng.TestNG.run(TestNG.java:1031)
	at org.testng.remote.AbstractRemoteTestNG.run(AbstractRemoteTestNG.java:132)
	at org.testng.remote.RemoteTestNG.initAndRun(RemoteTestNG.java:230)
	at org.testng.remote.RemoteTestNG.main(RemoteTestNG.java:76)
Caused by: org.openqa.selenium.NoSuchElementException: Cannot locate an element using By.xpath: //div[@class='imc-exhibitorcard-title-row']/div[1]/a[1]/h2
For documentation on this error, please visit: http://seleniumhq.org/exceptions/no_such_element.html
Build info: version: '3.4.0', revision: 'unknown', time: 'unknown'
System info: host: 'ANUPPA-VD3', ip: '172.27.182.66', os.name: 'Windows 10', os.arch: 'amd64', os.version: '10.0', java.version: '1.8.0_361'
Driver info: driver.version: unknown
	at org.openqa.selenium.support.ui.ExpectedConditions.lambda$findElement$0(ExpectedConditions.java:883)
	at java.util.Optional.orElseThrow(Unknown Source)
	at org.openqa.selenium.support.ui.ExpectedConditions.findElement(ExpectedConditions.java:882)
	at org.openqa.selenium.support.ui.ExpectedConditions.access$000(ExpectedConditions.java:44)
	at org.openqa.selenium.support.ui.ExpectedConditions$7.apply(ExpectedConditions.java:206)
	at org.openqa.selenium.support.ui.ExpectedConditions$7.apply(ExpectedConditions.java:202)
	at org.openqa.selenium.support.ui.FluentWait.until(FluentWait.java:209)
	... 26 more
]]>
    </failure>
  </testcase> <!-- TS003_VerifyGlobalSearchMatchingResultsSortSortByTest -->
  <testcase name="TS004_VerifyGlobalSearchMatchingResultsSortFilterByNameTest" time="15.641" classname="lasvegasmarket_PROD.GlobalSearch_MatchingResults">
    <error type="java.lang.AssertionError" message="expected [true] but found [false]">
      <![CDATA[java.lang.AssertionError: expected [true] but found [false]
	at org.testng.Assert.fail(Assert.java:94)
	at org.testng.Assert.failNotEquals(Assert.java:494)
	at org.testng.Assert.assertTrue(Assert.java:42)
	at org.testng.Assert.assertTrue(Assert.java:52)
	at lasvegasmarket_PROD.GlobalSearch_MatchingResults.TS004_VerifyGlobalSearchMatchingResultsSortFilterByNameTest(GlobalSearch_MatchingResults.java:292)
	at sun.reflect.NativeMethodAccessorImpl.invoke0(Native Method)
	at sun.reflect.NativeMethodAccessorImpl.invoke(Unknown Source)
	at sun.reflect.DelegatingMethodAccessorImpl.invoke(Unknown Source)
	at java.lang.reflect.Method.invoke(Unknown Source)
	at org.testng.internal.MethodInvocationHelper.invokeMethod(MethodInvocationHelper.java:80)
	at org.testng.internal.Invoker.invokeMethod(Invoker.java:714)
	at org.testng.internal.Invoker.invokeTestMethod(Invoker.java:901)
	at org.testng.internal.Invoker.invokeTestMethods(Invoker.java:1231)
	at org.testng.internal.TestMethodWorker.invokeTestMethods(TestMethodWorker.java:127)
	at org.testng.internal.TestMethodWorker.run(TestMethodWorker.java:111)
	at org.testng.TestRunner.privateRun(TestRunner.java:767)
	at org.testng.TestRunner.run(TestRunner.java:617)
	at org.testng.SuiteRunner.runTest(SuiteRunner.java:334)
	at org.testng.SuiteRunner.runSequentially(SuiteRunner.java:329)
	at org.testng.SuiteRunner.privateRun(SuiteRunner.java:291)
	at org.testng.SuiteRunner.run(SuiteRunner.java:240)
	at org.testng.SuiteRunnerWorker.runSuite(SuiteRunnerWorker.java:52)
	at org.testng.SuiteRunnerWorker.run(SuiteRunnerWorker.java:86)
	at org.testng.TestNG.runSuitesSequentially(TestNG.java:1198)
	at org.testng.TestNG.runSuitesLocally(TestNG.java:1123)
	at org.testng.TestNG.run(TestNG.java:1031)
	at org.testng.remote.AbstractRemoteTestNG.run(AbstractRemoteTestNG.java:132)
	at org.testng.remote.RemoteTestNG.initAndRun(RemoteTestNG.java:230)
	at org.testng.remote.RemoteTestNG.main(RemoteTestNG.java:76)
]]>
    </error>
  </testcase> <!-- TS004_VerifyGlobalSearchMatchingResultsSortFilterByNameTest -->
  <testcase name="TS007_VerifyGlobalSearchMatchingResultsSelectAddToNewlyCreatedListTest" time="100.427" classname="lasvegasmarket_PROD.GlobalSearch_MatchingResults"/>
  <testcase name="TS008_VerifyGlobalSearchMatchingResultsUsePreviousSavedSearchTest" time="53.386" classname="lasvegasmarket_PROD.GlobalSearch_MatchingResults"/>
  <testcase name="TS009_VerifyGlobalSearchMatchingResultsSavedSearchesTest" time="53.352" classname="lasvegasmarket_PROD.GlobalSearch_MatchingResults"/>
  <testcase name="TS006_VerifyGlobalSearchMatchingResultsSelectAddToExistingListTest" time="87.521" classname="lasvegasmarket_PROD.GlobalSearch_MatchingResults"/>
</testsuite> <!-- lasvegasmarket_PROD.GlobalSearch_MatchingResults -->
