<?xml version="1.0" encoding="UTF-8"?>
<!-- Generated by org.testng.reporters.JUnitReportReporter -->
<testsuite hostname="NILAMMA-W10" name="atlantamarket.GlobalSearch_LeftPaneFilters" tests="1" failures="0" timestamp="6 Jul 2022 12:29:17 GMT" time="6.352" errors="0">
  <testcase name="TS001_VerifySelectionOfOneFilterOfProdCatgFromLeftPaneFiltersTest" time="6.352" classname="atlantamarket.GlobalSearch_LeftPaneFilters"/>
</testsuite> <!-- atlantamarket.GlobalSearch_LeftPaneFilters -->
