<?xml version="1.0" encoding="UTF-8"?>
<!-- Generated by org.testng.reporters.JUnitReportReporter -->
<testsuite hostname="shradhama-win10" name="atlantamarket_UAT.MarketPlanner" tests="1" failures="0" timestamp="6 Sep 2022 11:06:42 GMT" time="15.293" errors="0">
  <testcase name="TS045_VerifyMarketPlanneMyInfoOverview" time="15.293" classname="atlantamarket_UAT.MarketPlanner"/>
</testsuite> <!-- atlantamarket_UAT.MarketPlanner -->
