<?xml version="1.0" encoding="UTF-8"?>
<!-- Generated by org.testng.reporters.JUnitReportReporter -->
<testsuite hostname="Anuppa-VD3" name="lasvegasmarket_PROD.FloorPlans" tests="1" failures="0" timestamp="26 Dec 2023 08:35:02 GMT" time="51.594" errors="0">
  <testcase name="TS005_VerifyFunctionalityOfFiltersOFloorPlansPageTest" time="51.594" classname="lasvegasmarket_PROD.FloorPlans"/>
</testsuite> <!-- lasvegasmarket_PROD.FloorPlans -->
