<?xml version="1.0" encoding="UTF-8"?>
<!-- Generated by org.testng.reporters.JUnitReportReporter -->
<testsuite hostname="NILAMMA-W10" name="atlantamarket.GlobalSearch_SuggestionList" tests="3" failures="0" timestamp="10 Jun 2022 12:25:40 GMT" time="45.344" errors="0">
  <testcase name="TS003_VerifySelectionOfProductFromAutoSuggestionListTest" time="13.047" classname="atlantamarket.GlobalSearch_SuggestionList"/>
  <testcase name="TS001_VerifySelectionOfExhibitorFromAutoSuggestionListTest" time="11.444" classname="atlantamarket.GlobalSearch_SuggestionList"/>
  <testcase name="TS002_VerifySelectionOfLineFromAutoSuggestionListTest" time="20.853" classname="atlantamarket.GlobalSearch_SuggestionList"/>
</testsuite> <!-- atlantamarket.GlobalSearch_SuggestionList -->
