<?xml version="1.0" encoding="UTF-8"?>
<!-- Generated by org.testng.reporters.JUnitReportReporter -->
<testsuite hostname="Anuppa-VD3" name="atlantamarket_PROD.EvenntsAndWebinar" tests="9" failures="0" timestamp="6 Dec 2023 14:40:07 GMT" time="1738.822" errors="0">
  <testcase name="TS001_VerifyEventsAndWebinarsOverviewTest" time="17.289" classname="atlantamarket_PROD.EvenntsAndWebinar"/>
  <testcase name="TS003_VerifyIMCEventsCalendarViewTest" time="35.005" classname="atlantamarket_PROD.EvenntsAndWebinar"/>
  <testcase name="TS006_VerifyExhibitorEventsSearchbarTest" time="29.155" classname="atlantamarket_PROD.EvenntsAndWebinar"/>
  <testcase name="TS005_VerifyIMCEventsEventDetailstTest" time="747.061" classname="atlantamarket_PROD.EvenntsAndWebinar"/>
  <testcase name="TS009_VerifyExhibitorEventsDetailstTest" time="38.028" classname="atlantamarket_PROD.EvenntsAndWebinar"/>
  <testcase name="TS007_VerifyExhibitorEventsCalendarViewTest" time="36.985" classname="atlantamarket_PROD.EvenntsAndWebinar"/>
  <testcase name="TS002_VerifyIMCEventsSearchbarTest" time="27.798" classname="atlantamarket_PROD.EvenntsAndWebinar"/>
  <testcase name="TS008_VerifyExhibitorEventsListTest" time="552.011" classname="atlantamarket_PROD.EvenntsAndWebinar"/>
  <testcase name="TS004_VerifyIMCEventsEventsListTest" time="255.490" classname="atlantamarket_PROD.EvenntsAndWebinar"/>
</testsuite> <!-- atlantamarket_PROD.EvenntsAndWebinar -->
