<?xml version="1.0" encoding="UTF-8"?>
<!-- Generated by org.testng.reporters.JUnitReportReporter -->
<testsuite hostname="NILAMMA-W10" name="atlantamarket_PROD.GlobalSearch_SuggestionList" tests="3" failures="0" timestamp="17 Aug 2022 06:19:39 GMT" time="72.611" errors="0">
  <testcase name="TS001_VerifySelectionOfExhibitorFromAutoSuggestionListTest" time="27.331" classname="atlantamarket_PROD.GlobalSearch_SuggestionList"/>
  <testcase name="TS003_VerifySelectionOfProductFromAutoSuggestionListTest" time="25.155" classname="atlantamarket_PROD.GlobalSearch_SuggestionList"/>
  <testcase name="TS002_VerifySelectionOfLineFromAutoSuggestionListTest" time="20.125" classname="atlantamarket_PROD.GlobalSearch_SuggestionList"/>
</testsuite> <!-- atlantamarket_PROD.GlobalSearch_SuggestionList -->
