<?xml version="1.0" encoding="UTF-8"?>
<!-- Generated by org.testng.reporters.JUnitReportReporter -->
<testsuite hostname="eon-swapnili" name="lasvegasmarket_PROD.ExhibitorDigitalShowroom" tests="15" failures="0" timestamp="12 Jun 2024 09:18:38 GMT" time="600.569" errors="0">
  <testcase name="TS008_VerifySeeInOtherMarketsForExhibitorTest" time="48.155" classname="lasvegasmarket_PROD.ExhibitorDigitalShowroom"/>
  <testcase name="TS013_VerifyCatalogsSectionForExhibitorTest" time="37.376" classname="lasvegasmarket_PROD.ExhibitorDigitalShowroom"/>
  <testcase name="TS014_VerifyExhibitorDigitalShowroomShowSpecialsTest" time="43.408" classname="lasvegasmarket_PROD.ExhibitorDigitalShowroom"/>
  <testcase name="TS015_VerifyExhibitorDigitalShowroomHeroComponentContactExhibitorTest" time="21.009" classname="lasvegasmarket_PROD.ExhibitorDigitalShowroom"/>
  <testcase name="TS012_VerifyExhibitorDigitalEventsComponentTest" time="37.022" classname="lasvegasmarket_PROD.ExhibitorDigitalShowroom"/>
  <testcase name="TS002_VerifyClickOnTotalLinesSeeAllLinesForExhibitorTest" time="74.370" classname="lasvegasmarket_PROD.ExhibitorDigitalShowroom"/>
  <testcase name="TS007_VerifyExhibitorDigitalShowroomProductsComponentSeeAllProductsTest" time="36.073" classname="lasvegasmarket_PROD.ExhibitorDigitalShowroom"/>
  <testcase name="TS001_VerifyClickOnLocationLinksForExhibitorDigitalShowroomTest" time="36.856" classname="lasvegasmarket_PROD.ExhibitorDigitalShowroom"/>
  <testcase name="TS009_VerifyExhibitorDigitalShowroomCatalogsComponentSeeAllCatalogsTest" time="35.917" classname="lasvegasmarket_PROD.ExhibitorDigitalShowroom"/>
  <testcase name="TS004_VerifyClickOnLineFiltersForExhibitorTest" time="34.687" classname="lasvegasmarket_PROD.ExhibitorDigitalShowroom"/>
  <testcase name="TS003_VerifyClickOnProductShownLinkForExhibitorTest" time="57.954" classname="lasvegasmarket_PROD.ExhibitorDigitalShowroom"/>
  <testcase name="TS005_VerifyClickOnLineSearchForExhibitorTest" time="32.642" classname="lasvegasmarket_PROD.ExhibitorDigitalShowroom"/>
  <testcase name="TS010_VerifyExhibitorDigitalShowroomHeroComponentVisitExhibitorsiteTest" time="35.796" classname="lasvegasmarket_PROD.ExhibitorDigitalShowroom"/>
  <testcase name="TS011_VerifyExhibitorDigitalShowroomHeroComponentView3DShowroomTest" time="37.526" classname="lasvegasmarket_PROD.ExhibitorDigitalShowroom"/>
  <testcase name="TS006_VerifyExhibitorDigitalShowroomLinesComponentSeeAllLinesTest" time="31.778" classname="lasvegasmarket_PROD.ExhibitorDigitalShowroom"/>
</testsuite> <!-- lasvegasmarket_PROD.ExhibitorDigitalShowroom -->
