<?xml version="1.0" encoding="UTF-8"?>
<!-- Generated by org.testng.reporters.JUnitReportReporter -->
<testsuite hostname="eon-swapnili" name="lasvegasmarket_UAT.GlobalSearch_SuggestionList" tests="3" failures="0" timestamp="16 Mar 2023 18:08:30 GMT" time="62.078" errors="0">
  <testcase name="TS001_VerifySelectionOfExhibitorFromAutoSuggestionListTest" time="24.703" classname="lasvegasmarket_UAT.GlobalSearch_SuggestionList"/>
  <testcase name="TS002_VerifySelectionOfLineFromAutoSuggestionListTest" time="15.896" classname="lasvegasmarket_UAT.GlobalSearch_SuggestionList"/>
  <testcase name="TS003_VerifySelectionOfProductFromAutoSuggestionListTest" time="21.479" classname="lasvegasmarket_UAT.GlobalSearch_SuggestionList"/>
</testsuite> <!-- lasvegasmarket_UAT.GlobalSearch_SuggestionList -->
