<?xml version="1.0" encoding="UTF-8"?>
<!-- Generated by org.testng.reporters.JUnitReportReporter -->
<testsuite hostname="Anuppa-VD3" name="lasvegasmarket_PROD.GlobalSearch_MatchingResults" tests="4" failures="0" timestamp="3 Nov 2023 06:21:13 GMT" time="135.375" errors="0">
  <testcase name="TS004_VerifyGlobalSearchMatchingResultsSortFilterByNameTest" time="17.671" classname="lasvegasmarket_PROD.GlobalSearch_MatchingResults"/>
  <testcase name="TS002_VerifyGlobalSearchMatchingResultsSortWithinTest" time="52.234" classname="lasvegasmarket_PROD.GlobalSearch_MatchingResults"/>
  <testcase name="TS003_VerifyGlobalSearchMatchingResultsSortSortByTest" time="55.625" classname="lasvegasmarket_PROD.GlobalSearch_MatchingResults"/>
  <testcase name="TS001_VerifyGlobalSearchContainsAndStartsWithTest" time="9.845" classname="lasvegasmarket_PROD.GlobalSearch_MatchingResults"/>
</testsuite> <!-- lasvegasmarket_PROD.GlobalSearch_MatchingResults -->
