<?xml version="1.0" encoding="UTF-8"?>
<!-- Generated by org.testng.reporters.JUnitReportReporter -->
<testsuite hostname="eon-swapnili" name="lasvegasmarket_UAT.EvenntsAndWebinar" tests="9" failures="0" timestamp="20 Feb 2024 09:16:48 GMT" time="274.737" errors="0">
  <testcase name="TS002_VerifyIMCEventsSearchbarTest" time="15.856" classname="lasvegasmarket_UAT.EvenntsAndWebinar"/>
  <testcase name="TS005_VerifyIMCEventsEventDetailstTest" time="27.891" classname="lasvegasmarket_UAT.EvenntsAndWebinar"/>
  <testcase name="TS011_VerifyExhibitorEventsListTest" time="92.953" classname="lasvegasmarket_UAT.EvenntsAndWebinar"/>
  <testcase name="TS010_VerifyExhibitorEventsCalendarViewTest" time="34.800" classname="lasvegasmarket_UAT.EvenntsAndWebinar"/>
  <testcase name="TS012_VerifyExhibitorEventsDetailstTest" time="20.770" classname="lasvegasmarket_UAT.EvenntsAndWebinar"/>
  <testcase name="TS001_VerifyEventsAndWebinarsOverviewTest" time="11.211" classname="lasvegasmarket_UAT.EvenntsAndWebinar"/>
  <testcase name="TS003_VerifyIMCEventsCalendarViewTest" time="25.916" classname="lasvegasmarket_UAT.EvenntsAndWebinar"/>
  <testcase name="TS004_VerifyIMCEventsEventsListTest" time="29.951" classname="lasvegasmarket_UAT.EvenntsAndWebinar"/>
  <testcase name="TS009_VerifyExhibitorEventsSearchbarTest" time="15.389" classname="lasvegasmarket_UAT.EvenntsAndWebinar"/>
</testsuite> <!-- lasvegasmarket_UAT.EvenntsAndWebinar -->
