<?xml version="1.0" encoding="UTF-8"?>
<!-- Generated by org.testng.reporters.JUnitReportReporter -->
<testsuite hostname="Anuppa-VD3" name="atlantamarket_UAT.ATL_LoginPage" tests="1" failures="0" timestamp="12 Dec 2022 11:31:24 GMT" time="37.112" errors="0">
  <testcase name="loginTest" time="37.112" classname="atlantamarket_UAT.ATL_LoginPage"/>
</testsuite> <!-- atlantamarket_UAT.ATL_LoginPage -->
