<?xml version="1.0" encoding="UTF-8"?>
<!-- Generated by org.testng.reporters.JUnitReportReporter -->
<testsuite hostname="NILAMMA-W10" name="atlantamarket_PROD.GlobalSearch_LineActions" tests="1" failures="0" timestamp="1 Sep 2022 10:50:32 GMT" time="53.905" errors="0">
  <testcase name="TS006_VerifyClickOnShownByExhibitorNameLinkForLineTest" time="53.905" classname="atlantamarket_PROD.GlobalSearch_LineActions"/>
</testsuite> <!-- atlantamarket_PROD.GlobalSearch_LineActions -->
