<?xml version="1.0" encoding="UTF-8"?>
<!-- Generated by org.testng.reporters.JUnitReportReporter -->
<testsuite skipped="5" hostname="Anuppa-VD3" name="lasvegasmarket_PROD.GlobalSearch_MatchingResults" tests="9" failures="0" timestamp="09 Jul 2024 07:35:58 GMT" time="142.271" errors="0">
  <testcase name="TS001_VerifyGlobalSearchContainsAndStartsWithTest" time="9.197" classname="lasvegasmarket_PROD.GlobalSearch_MatchingResults"/>
  <testcase name="TS002_VerifyGlobalSearchMatchingResultsSortWithinTest" time="50.320" classname="lasvegasmarket_PROD.GlobalSearch_MatchingResults"/>
  <testcase name="TS003_VerifyGlobalSearchMatchingResultsSortSortByTest" time="64.020" classname="lasvegasmarket_PROD.GlobalSearch_MatchingResults"/>
  <testcase name="TS004_VerifyGlobalSearchMatchingResultsSortFilterByNameTest" time="18.734" classname="lasvegasmarket_PROD.GlobalSearch_MatchingResults"/>
  <testcase name="TS008_VerifyGlobalSearchMatchingResultsUsePreviousSavedSearchTest" classname="lasvegasmarket_PROD.GlobalSearch_MatchingResults">
    <skipped/>
  </testcase> <!-- TS008_VerifyGlobalSearchMatchingResultsUsePreviousSavedSearchTest -->
  <testcase name="TS007_VerifyGlobalSearchMatchingResultsSelectAddToNewlyCreatedListTest" classname="lasvegasmarket_PROD.GlobalSearch_MatchingResults">
    <skipped/>
  </testcase> <!-- TS007_VerifyGlobalSearchMatchingResultsSelectAddToNewlyCreatedListTest -->
  <testcase name="TS005_VerifyGlobalSearchMatchingResultsSelectAddToFavoritesTest" classname="lasvegasmarket_PROD.GlobalSearch_MatchingResults">
    <skipped/>
  </testcase> <!-- TS005_VerifyGlobalSearchMatchingResultsSelectAddToFavoritesTest -->
  <testcase name="TS006_VerifyGlobalSearchMatchingResultsSelectAddToExistingListTest" classname="lasvegasmarket_PROD.GlobalSearch_MatchingResults">
    <skipped/>
  </testcase> <!-- TS006_VerifyGlobalSearchMatchingResultsSelectAddToExistingListTest -->
  <testcase name="TS009_VerifyGlobalSearchMatchingResultsSavedSearchesTest" classname="lasvegasmarket_PROD.GlobalSearch_MatchingResults">
    <skipped/>
  </testcase> <!-- TS009_VerifyGlobalSearchMatchingResultsSavedSearchesTest -->
</testsuite> <!-- lasvegasmarket_PROD.GlobalSearch_MatchingResults -->
