<?xml version="1.0" encoding="UTF-8"?>
<!-- Generated by org.testng.reporters.JUnitReportReporter -->
<testsuite hostname="swapnili" name="atlantamarket_UAT.GlobalSearch_MatchingResults" tests="2" failures="0" timestamp="12 Oct 2022 17:33:00 GMT" time="44.149" errors="0">
  <testcase name="TS002_VerifyGlobalSearchMatchingResultsSortWithinTest" time="34.952" classname="atlantamarket_UAT.GlobalSearch_MatchingResults"/>
  <testcase name="TS001_VerifyGlobalSearchContainsAndStartsWithTest" time="9.197" classname="atlantamarket_UAT.GlobalSearch_MatchingResults"/>
</testsuite> <!-- atlantamarket_UAT.GlobalSearch_MatchingResults -->
