<?xml version="1.0" encoding="UTF-8"?>
<!-- Generated by org.testng.reporters.JUnitReportReporter -->
<testsuite hostname="Anuppa-VD3" name="lasvegasmarket_UAT.FloorPlans" tests="1" failures="0" timestamp="6 Mar 2023 06:22:41 GMT" time="30.834" errors="0">
  <testcase name="TS004_VerifyIconsOnFloorPlansPageTest" time="30.834" classname="lasvegasmarket_UAT.FloorPlans"/>
</testsuite> <!-- lasvegasmarket_UAT.FloorPlans -->
