<?xml version="1.0" encoding="UTF-8"?>
<!-- Generated by org.testng.reporters.JUnitReportReporter -->
<testsuite hostname="NILAMMA-W10" name="atlantamarket.GlobalSearch_ProductActions" tests="1" failures="0" timestamp="17 Jun 2022 12:44:47 GMT" time="42.322" errors="0">
  <testcase name="TS007_VerifyAddToFavoriteOnProductDetailsPageTest" time="42.322" classname="atlantamarket.GlobalSearch_ProductActions"/>
</testsuite> <!-- atlantamarket.GlobalSearch_ProductActions -->
