<?xml version="1.0" encoding="UTF-8"?>
<!-- Generated by org.testng.reporters.JUnitReportReporter -->
<testsuite hostname="EON-prasannsheelb" failures="0" tests="1" name="atlantamarket_PROD.ExhibitorDigitalShowroom" time="29.875" errors="0" timestamp="28 Dec 2023 06:04:59 GMT">
  <testcase classname="atlantamarket_PROD.ExhibitorDigitalShowroom" name="TS005_VerifyClickOnLineSearchForExhibitorTest" time="29.875"/>
</testsuite> <!-- atlantamarket_PROD.ExhibitorDigitalShowroom -->
