<?xml version="1.0" encoding="UTF-8"?>
<!-- Generated by org.testng.reporters.JUnitReportReporter -->
<testsuite hostname="Anuppa-VD3" name="lasvegasmarket_UAT.FloorPlans" tests="1" failures="0" timestamp="7 Mar 2023 09:43:11 GMT" time="46.718" errors="0">
  <testcase name="TS012_VerifyAddToFavoriteFunctionalityForExhibitorOnFloorPlansPageTest" time="46.718" classname="lasvegasmarket_UAT.FloorPlans"/>
</testsuite> <!-- lasvegasmarket_UAT.FloorPlans -->
