<?xml version="1.0" encoding="UTF-8"?>
<!-- Generated by org.testng.reporters.JUnitReportReporter -->
<testsuite hostname="Anuppa-VD3" name="lasvegasmarket_PROD.EvenntsAndWebinar" tests="9" failures="0" timestamp="27 Oct 2023 07:22:50 GMT" time="156.232" errors="0">
  <testcase name="TS011_VerifyExhibitorEventsListTest" time="29.212" classname="lasvegasmarket_PROD.EvenntsAndWebinar"/>
  <testcase name="TS004_VerifyIMCEventsEventsListTest" time="19.019" classname="lasvegasmarket_PROD.EvenntsAndWebinar"/>
  <testcase name="TS010_VerifyExhibitorEventsCalendarViewTest" time="18.473" classname="lasvegasmarket_PROD.EvenntsAndWebinar"/>
  <testcase name="TS005_VerifyIMCEventsEventDetailstTest" time="22.399" classname="lasvegasmarket_PROD.EvenntsAndWebinar"/>
  <testcase name="TS012_VerifyExhibitorEventsDetailstTest" time="11.473" classname="lasvegasmarket_PROD.EvenntsAndWebinar"/>
  <testcase name="TS002_VerifyIMCEventsSearchbarTest" time="14.608" classname="lasvegasmarket_PROD.EvenntsAndWebinar"/>
  <testcase name="TS009_VerifyExhibitorEventsSearchbarTest" time="14.323" classname="lasvegasmarket_PROD.EvenntsAndWebinar"/>
  <testcase name="TS001_VerifyEventsAndWebinarsOverviewTest" time="8.201" classname="lasvegasmarket_PROD.EvenntsAndWebinar"/>
  <testcase name="TS003_VerifyIMCEventsCalendarViewTest" time="18.524" classname="lasvegasmarket_PROD.EvenntsAndWebinar"/>
</testsuite> <!-- lasvegasmarket_PROD.EvenntsAndWebinar -->
