<?xml version="1.0" encoding="UTF-8"?>
<!-- Generated by org.testng.reporters.JUnitReportReporter -->
<testsuite hostname="NILAMMA-W10" name="atlantamarket.AtlantaMarketRegressTest_UAT" tests="1" failures="0" timestamp="27 May 2022 07:32:01 GMT" time="21.626" errors="0">
  <testcase name="TS014_VerifySelectionOfExhibitorFromSearchResultsTest" time="21.626" classname="atlantamarket.AtlantaMarketRegressTest_UAT"/>
</testsuite> <!-- atlantamarket.AtlantaMarketRegressTest_UAT -->
