<?xml version="1.0" encoding="UTF-8"?>
<!-- Generated by org.testng.reporters.JUnitReportReporter -->
<testsuite hostname="Anuppa-VD3" name="lasvegasmarket_PROD.GlobalSearch_ProductActions" tests="1" failures="0" timestamp="26 Apr 2023 12:03:48 GMT" time="54.257" errors="0">
  <testcase name="TS005_VerifyAddNoteOnProductDetailsPageTest" time="54.257" classname="lasvegasmarket_PROD.GlobalSearch_ProductActions"/>
</testsuite> <!-- lasvegasmarket_PROD.GlobalSearch_ProductActions -->
