<?xml version="1.0" encoding="UTF-8"?>
<!-- Generated by org.testng.reporters.JUnitReportReporter -->
<testsuite hostname="Anuppa-VD3" name="lasvegasmarket_PROD.MarketPlanner" tests="1" failures="0" timestamp="25 Apr 2023 04:54:59 GMT" time="37.518" errors="0">
  <testcase name="TS004_VerifyAddToFavoriteFunctionalityUsingQuickAddForExhibitorTest" time="37.518" classname="lasvegasmarket_PROD.MarketPlanner"/>
</testsuite> <!-- lasvegasmarket_PROD.MarketPlanner -->
