<?xml version="1.0" encoding="UTF-8"?>
<!-- Generated by org.testng.reporters.JUnitReportReporter -->
<testsuite hostname="Anuppa-VD3" name="atlantamarket_PROD.GlobalSearch_SearchFor" tests="1" failures="0" timestamp="2 May 2023 11:13:33 GMT" time="39.733" errors="0">
  <testcase name="TS004_VerifyCatalogsOverviewInGlobalSearchTest" time="39.733" classname="atlantamarket_PROD.GlobalSearch_SearchFor"/>
</testsuite> <!-- atlantamarket_PROD.GlobalSearch_SearchFor -->
