<?xml version="1.0" encoding="UTF-8"?>
<!-- Generated by org.testng.reporters.JUnitReportReporter -->
<testsuite hostname="eon-swapnili" name="lasvegasmarket_UAT.GlobalSearch_SearchFor" tests="11" failures="0" timestamp="5 Aug 2024 09:10:15 GMT" time="802.935" errors="2">
  <testcase name="TS009_VerifyEventsFiltersFunctionalityInGlobalSearchTest" time="80.902" classname="lasvegasmarket_UAT.GlobalSearch_SearchFor">
    <error type="org.openqa.selenium.TimeoutException" message="Expected condition failed: waiting for element to be clickable: By.xpath: //a[@aria-label=&#039;Topics&#039;] (tried for 40 second(s) with 500 milliseconds interval)">
      <![CDATA[org.openqa.selenium.TimeoutException: Expected condition failed: waiting for element to be clickable: By.xpath: //a[@aria-label='Topics'] (tried for 40 second(s) with 500 milliseconds interval)
	at org.openqa.selenium.support.ui.WebDriverWait.timeoutException(WebDriverWait.java:95)
	at org.openqa.selenium.support.ui.FluentWait.until(FluentWait.java:272)
	at pageObjects.LasVegasMarket.LVMGlobalSearchPage.getLVMInfoSearchTopicsFilter(LVMGlobalSearchPage.java:527)
	at lasvegasmarket_UAT.GlobalSearch_SearchFor.TS009_VerifyEventsFiltersFunctionalityInGlobalSearchTest(GlobalSearch_SearchFor.java:830)
	at sun.reflect.NativeMethodAccessorImpl.invoke0(Native Method)
	at sun.reflect.NativeMethodAccessorImpl.invoke(Unknown Source)
	at sun.reflect.DelegatingMethodAccessorImpl.invoke(Unknown Source)
	at java.lang.reflect.Method.invoke(Unknown Source)
	at org.testng.internal.MethodInvocationHelper.invokeMethod(MethodInvocationHelper.java:85)
	at org.testng.internal.Invoker.invokeMethod(Invoker.java:663)
	at org.testng.internal.Invoker.invokeTestMethod(Invoker.java:849)
	at org.testng.internal.Invoker.invokeTestMethods(Invoker.java:1157)
	at org.testng.internal.TestMethodWorker.invokeTestMethods(TestMethodWorker.java:124)
	at org.testng.internal.TestMethodWorker.run(TestMethodWorker.java:108)
	at org.testng.TestRunner.privateRun(TestRunner.java:771)
	at org.testng.TestRunner.run(TestRunner.java:621)
	at org.testng.SuiteRunner.runTest(SuiteRunner.java:357)
	at org.testng.SuiteRunner.runSequentially(SuiteRunner.java:352)
	at org.testng.SuiteRunner.privateRun(SuiteRunner.java:310)
	at org.testng.SuiteRunner.run(SuiteRunner.java:259)
	at org.testng.SuiteRunnerWorker.runSuite(SuiteRunnerWorker.java:52)
	at org.testng.SuiteRunnerWorker.run(SuiteRunnerWorker.java:86)
	at org.testng.TestNG.runSuitesSequentially(TestNG.java:1200)
	at org.testng.TestNG.runSuitesLocally(TestNG.java:1125)
	at org.testng.TestNG.run(TestNG.java:1033)
	at org.testng.remote.RemoteTestNG.run(RemoteTestNG.java:111)
	at org.testng.remote.RemoteTestNG.initAndRun(RemoteTestNG.java:204)
	at org.testng.remote.RemoteTestNG.main(RemoteTestNG.java:175)
Caused by: org.openqa.selenium.NoSuchElementException: no such element: Unable to locate element: {"method":"xpath","selector":"//a[@aria-label='Topics']"}
  (Session info: chrome=127.0.6533.89)
For documentation on this error, please visit: https://www.seleniumhq.org/exceptions/no_such_element.html
Build info: version: '3.141.59', revision: 'e82be7d358', time: '2018-11-14T08:17:03'
System info: host: 'EON-SWAPNILI', ip: '172.22.90.18', os.name: 'Windows 10', os.arch: 'amd64', os.version: '10.0', java.version: '1.8.0_311'
Driver info: org.openqa.selenium.chrome.ChromeDriver
Capabilities {acceptInsecureCerts: false, browserName: chrome, browserVersion: 127.0.6533.89, chrome: {chromedriverVersion: 127.0.6533.88 (a2d0cb026721..., userDataDir: C:\Users\swapnili\AppData\L...}, fedcm:accounts: true, goog:chromeOptions: {debuggerAddress: localhost:59940}, javascriptEnabled: true, networkConnectionEnabled: false, pageLoadStrategy: normal, platform: WINDOWS, platformName: WINDOWS, proxy: Proxy(), setWindowRect: true, strictFileInteractability: false, timeouts: {implicit: 0, pageLoad: 300000, script: 30000}, unhandledPromptBehavior: dismiss and notify, webauthn:extension:credBlob: true, webauthn:extension:largeBlob: true, webauthn:extension:minPinLength: true, webauthn:extension:prf: true, webauthn:virtualAuthenticators: true}
Session ID: 6d8895f4e347db7f86f35004cbcf8c36
*** Element info: {Using=xpath, value=//a[@aria-label='Topics']}
	at sun.reflect.GeneratedConstructorAccessor19.newInstance(Unknown Source)
	at sun.reflect.DelegatingConstructorAccessorImpl.newInstance(Unknown Source)
	at java.lang.reflect.Constructor.newInstance(Unknown Source)
	at org.openqa.selenium.remote.http.W3CHttpResponseCodec.createException(W3CHttpResponseCodec.java:187)
	at org.openqa.selenium.remote.http.W3CHttpResponseCodec.decode(W3CHttpResponseCodec.java:122)
	at org.openqa.selenium.remote.http.W3CHttpResponseCodec.decode(W3CHttpResponseCodec.java:49)
	at org.openqa.selenium.remote.HttpCommandExecutor.execute(HttpCommandExecutor.java:158)
	at org.openqa.selenium.remote.service.DriverCommandExecutor.execute(DriverCommandExecutor.java:83)
	at org.openqa.selenium.remote.RemoteWebDriver.execute(RemoteWebDriver.java:552)
	at org.openqa.selenium.remote.RemoteWebDriver.findElement(RemoteWebDriver.java:323)
	at org.openqa.selenium.remote.RemoteWebDriver.findElementByXPath(RemoteWebDriver.java:428)
	at org.openqa.selenium.By$ByXPath.findElement(By.java:353)
	at org.openqa.selenium.remote.RemoteWebDriver.findElement(RemoteWebDriver.java:315)
	at org.openqa.selenium.support.ui.ExpectedConditions$7.apply(ExpectedConditions.java:205)
	at org.openqa.selenium.support.ui.ExpectedConditions$7.apply(ExpectedConditions.java:201)
	at org.openqa.selenium.support.ui.ExpectedConditions$22.apply(ExpectedConditions.java:641)
	at org.openqa.selenium.support.ui.ExpectedConditions$22.apply(ExpectedConditions.java:638)
	at org.openqa.selenium.support.ui.FluentWait.until(FluentWait.java:249)
	... 26 more
]]>
    </error>
  </testcase> <!-- TS009_VerifyEventsFiltersFunctionalityInGlobalSearchTest -->
  <testcase name="TS010_VerifyShowSpecialsOverviewInGlobalSearchTest" time="41.889" classname="lasvegasmarket_UAT.GlobalSearch_SearchFor">
    <error type="java.lang.ArrayIndexOutOfBoundsException" message="2">
      <![CDATA[java.lang.ArrayIndexOutOfBoundsException: 2
	at lasvegasmarket_UAT.GlobalSearch_SearchFor.TS010_VerifyShowSpecialsOverviewInGlobalSearchTest(GlobalSearch_SearchFor.java:934)
	at sun.reflect.NativeMethodAccessorImpl.invoke0(Native Method)
	at sun.reflect.NativeMethodAccessorImpl.invoke(Unknown Source)
	at sun.reflect.DelegatingMethodAccessorImpl.invoke(Unknown Source)
	at java.lang.reflect.Method.invoke(Unknown Source)
	at org.testng.internal.MethodInvocationHelper.invokeMethod(MethodInvocationHelper.java:85)
	at org.testng.internal.Invoker.invokeMethod(Invoker.java:663)
	at org.testng.internal.Invoker.invokeTestMethod(Invoker.java:849)
	at org.testng.internal.Invoker.invokeTestMethods(Invoker.java:1157)
	at org.testng.internal.TestMethodWorker.invokeTestMethods(TestMethodWorker.java:124)
	at org.testng.internal.TestMethodWorker.run(TestMethodWorker.java:108)
	at org.testng.TestRunner.privateRun(TestRunner.java:771)
	at org.testng.TestRunner.run(TestRunner.java:621)
	at org.testng.SuiteRunner.runTest(SuiteRunner.java:357)
	at org.testng.SuiteRunner.runSequentially(SuiteRunner.java:352)
	at org.testng.SuiteRunner.privateRun(SuiteRunner.java:310)
	at org.testng.SuiteRunner.run(SuiteRunner.java:259)
	at org.testng.SuiteRunnerWorker.runSuite(SuiteRunnerWorker.java:52)
	at org.testng.SuiteRunnerWorker.run(SuiteRunnerWorker.java:86)
	at org.testng.TestNG.runSuitesSequentially(TestNG.java:1200)
	at org.testng.TestNG.runSuitesLocally(TestNG.java:1125)
	at org.testng.TestNG.run(TestNG.java:1033)
	at org.testng.remote.RemoteTestNG.run(RemoteTestNG.java:111)
	at org.testng.remote.RemoteTestNG.initAndRun(RemoteTestNG.java:204)
	at org.testng.remote.RemoteTestNG.main(RemoteTestNG.java:175)
]]>
    </error>
  </testcase> <!-- TS010_VerifyShowSpecialsOverviewInGlobalSearchTest -->
  <testcase name="TS002_VerifyInformationSearchFunctionalityInGlobalSearchTest" time="33.969" classname="lasvegasmarket_UAT.GlobalSearch_SearchFor"/>
  <testcase name="TS001_VerifyInformationTabInGlobalSearchTest" time="16.129" classname="lasvegasmarket_UAT.GlobalSearch_SearchFor"/>
  <testcase name="TS007_VerifyArticlesSearchFunctionalityInGlobalSearchTest" time="88.759" classname="lasvegasmarket_UAT.GlobalSearch_SearchFor"/>
  <testcase name="TS006_VerifyArticlesFiltersFunctionalityInGlobalSearchTest" time="104.006" classname="lasvegasmarket_UAT.GlobalSearch_SearchFor"/>
  <testcase name="TS005_VerifyArticlesOverviewInGlobalSearchTest" time="48.702" classname="lasvegasmarket_UAT.GlobalSearch_SearchFor"/>
  <testcase name="TS011_VerifyEventsOverviewInGlobalSearchTest" time="97.435" classname="lasvegasmarket_UAT.GlobalSearch_SearchFor"/>
  <testcase name="TS003_VerifyInformationFiltersFunctionalityInGlobalSearchTest" time="132.901" classname="lasvegasmarket_UAT.GlobalSearch_SearchFor"/>
  <testcase name="TS004_VerifyCatalogsOverviewInGlobalSearchTest" time="47.870" classname="lasvegasmarket_UAT.GlobalSearch_SearchFor"/>
  <testcase name="TS008_VerifyEventsSearchFunctionalityInGlobalSearchTest" time="110.373" classname="lasvegasmarket_UAT.GlobalSearch_SearchFor"/>
</testsuite> <!-- lasvegasmarket_UAT.GlobalSearch_SearchFor -->
