<?xml version="1.0" encoding="UTF-8"?>
<!-- Generated by org.testng.reporters.JUnitReportReporter -->
<testsuite hostname="EON-prasannsheelb" failures="0" tests="2" name="atlantamarket_PROD.GlobalSearch_ProductActions" time="65.564" errors="0" timestamp="29 Nov 2023 12:10:26 GMT">
  <testcase classname="atlantamarket_PROD.GlobalSearch_ProductActions" name="TS007_VerifyFullScreenViewerOnProductDetailsPageTest" time="35.391"/>
  <testcase classname="atlantamarket_PROD.GlobalSearch_ProductActions" name="TS001_VerifyClickOnProductSeeDetailsBtnOnSearchResultsGridTest" time="30.173"/>
</testsuite> <!-- atlantamarket_PROD.GlobalSearch_ProductActions -->
