<?xml version="1.0" encoding="UTF-8"?>
<!-- Generated by org.testng.reporters.JUnitReportReporter -->
<testsuite hostname="Anuppa-VD3" name="atlantamarket_PROD.ShowSpecials" tests="2" failures="0" timestamp="24 Nov 2023 05:04:52 GMT" time="42.212" errors="0">
  <testcase name="TS001_VerifyViewBrandDetailsLinkForShowSpecialsTest" time="21.289" classname="atlantamarket_PROD.ShowSpecials"/>
  <testcase name="TS002_VerifyLocationLinksForShowSpecialsTest" time="20.923" classname="atlantamarket_PROD.ShowSpecials"/>
</testsuite> <!-- atlantamarket_PROD.ShowSpecials -->
