<?xml version="1.0" encoding="UTF-8"?>
<!-- Generated by org.testng.reporters.JUnitReportReporter -->
<testsuite hostname="CVC2446" failures="0" tests="2" name="lasvegasmarket_PROD.GlobalSearch_ProductActions" time="109.770" errors="0" timestamp="2025-04-25T16:09:12 IST" skipped="0">
  <testcase classname="lasvegasmarket_PROD.GlobalSearch_ProductActions" name="TS001_VerifyClickOnProductSeeDetailsBtnOnSearchResultsGridTest" time="49.069"/>
  <system-out/>
  <testcase classname="lasvegasmarket_PROD.GlobalSearch_ProductActions" name="TS002_VerifyFullScreenViewerOnProductDetailsPageTest" time="60.701"/>
  <system-out/>
</testsuite> <!-- lasvegasmarket_PROD.GlobalSearch_ProductActions -->
