<?xml version="1.0" encoding="UTF-8"?>
<!-- Generated by org.testng.reporters.JUnitReportReporter -->
<testsuite hostname="eon-swapnili" name="lasvegasmarket_UAT.ExhibitorDigitalShowroom" tests="1" failures="0" timestamp="22 Mar 2023 11:19:55 GMT" time="30.262" errors="0">
  <testcase name="TS014_VerifyExhibitorDigitalShowroomCatalogsComponentOrderOnJuniperMarketTest" time="30.262" classname="lasvegasmarket_UAT.ExhibitorDigitalShowroom"/>
</testsuite> <!-- lasvegasmarket_UAT.ExhibitorDigitalShowroom -->
