<?xml version="1.0" encoding="UTF-8"?>
<!-- Generated by org.testng.reporters.JUnitReportReporter -->
<testsuite hostname="eon-swapnili" name="lasvegasmarket_PROD.ExhibitorDigitalShowroom" tests="15" failures="1" timestamp="16 Jul 2024 06:32:59 GMT" time="656.493" errors="0">
  <testcase name="TS003_VerifyClickOnProductShownLinkForExhibitorTest" time="55.917" classname="lasvegasmarket_PROD.ExhibitorDigitalShowroom"/>
  <testcase name="TS010_VerifyExhibitorDigitalShowroomHeroComponentVisitExhibitorsiteTest" time="34.396" classname="lasvegasmarket_PROD.ExhibitorDigitalShowroom"/>
  <testcase name="TS007_VerifyExhibitorDigitalShowroomProductsComponentSeeAllProductsTest" time="39.167" classname="lasvegasmarket_PROD.ExhibitorDigitalShowroom"/>
  <testcase name="TS008_VerifySeeInOtherMarketsForExhibitorTest" time="48.334" classname="lasvegasmarket_PROD.ExhibitorDigitalShowroom"/>
  <testcase name="TS009_VerifyExhibitorDigitalShowroomCatalogsComponentSeeAllCatalogsTest" time="35.088" classname="lasvegasmarket_PROD.ExhibitorDigitalShowroom"/>
  <testcase name="TS012_VerifyExhibitorDigitalEventsComponentTest" time="54.364" classname="lasvegasmarket_PROD.ExhibitorDigitalShowroom"/>
  <testcase name="TS005_VerifyClickOnLineSearchForExhibitorTest" time="37.342" classname="lasvegasmarket_PROD.ExhibitorDigitalShowroom"/>
  <testcase name="TS011_VerifyExhibitorDigitalShowroomHeroComponentView3DShowroomTest" time="35.196" classname="lasvegasmarket_PROD.ExhibitorDigitalShowroom"/>
  <testcase name="TS015_VerifyExhibitorDigitalShowroomHeroComponentContactExhibitorTest" time="24.779" classname="lasvegasmarket_PROD.ExhibitorDigitalShowroom"/>
  <testcase name="TS014_VerifyExhibitorDigitalShowroomShowSpecialsTest" time="39.486" classname="lasvegasmarket_PROD.ExhibitorDigitalShowroom">
    <failure type="java.lang.AssertionError" message="expected [true] but found [false]">
      <![CDATA[java.lang.AssertionError: expected [true] but found [false]
	at org.testng.Assert.fail(Assert.java:94)
	at org.testng.Assert.failNotEquals(Assert.java:496)
	at org.testng.Assert.assertTrue(Assert.java:42)
	at org.testng.Assert.assertTrue(Assert.java:52)
	at lasvegasmarket_PROD.ExhibitorDigitalShowroom.TS014_VerifyExhibitorDigitalShowroomShowSpecialsTest(ExhibitorDigitalShowroom.java:694)
	at sun.reflect.NativeMethodAccessorImpl.invoke0(Native Method)
	at sun.reflect.NativeMethodAccessorImpl.invoke(Unknown Source)
	at sun.reflect.DelegatingMethodAccessorImpl.invoke(Unknown Source)
	at java.lang.reflect.Method.invoke(Unknown Source)
	at org.testng.internal.MethodInvocationHelper.invokeMethod(MethodInvocationHelper.java:85)
	at org.testng.internal.Invoker.invokeMethod(Invoker.java:663)
	at org.testng.internal.Invoker.invokeTestMethod(Invoker.java:849)
	at org.testng.internal.Invoker.invokeTestMethods(Invoker.java:1157)
	at org.testng.internal.TestMethodWorker.invokeTestMethods(TestMethodWorker.java:124)
	at org.testng.internal.TestMethodWorker.run(TestMethodWorker.java:108)
	at org.testng.TestRunner.privateRun(TestRunner.java:771)
	at org.testng.TestRunner.run(TestRunner.java:621)
	at org.testng.SuiteRunner.runTest(SuiteRunner.java:357)
	at org.testng.SuiteRunner.runSequentially(SuiteRunner.java:352)
	at org.testng.SuiteRunner.privateRun(SuiteRunner.java:310)
	at org.testng.SuiteRunner.run(SuiteRunner.java:259)
	at org.testng.SuiteRunnerWorker.runSuite(SuiteRunnerWorker.java:52)
	at org.testng.SuiteRunnerWorker.run(SuiteRunnerWorker.java:86)
	at org.testng.TestNG.runSuitesSequentially(TestNG.java:1200)
	at org.testng.TestNG.runSuitesLocally(TestNG.java:1125)
	at org.testng.TestNG.run(TestNG.java:1033)
	at org.testng.remote.RemoteTestNG.run(RemoteTestNG.java:111)
	at org.testng.remote.RemoteTestNG.initAndRun(RemoteTestNG.java:204)
	at org.testng.remote.RemoteTestNG.main(RemoteTestNG.java:175)
]]>
    </failure>
  </testcase> <!-- TS014_VerifyExhibitorDigitalShowroomShowSpecialsTest -->
  <testcase name="TS006_VerifyExhibitorDigitalShowroomLinesComponentSeeAllLinesTest" time="32.303" classname="lasvegasmarket_PROD.ExhibitorDigitalShowroom"/>
  <testcase name="TS002_VerifyClickOnTotalLinesSeeAllLinesForExhibitorTest" time="74.468" classname="lasvegasmarket_PROD.ExhibitorDigitalShowroom"/>
  <testcase name="TS013_VerifyCatalogsSectionForExhibitorTest" time="76.798" classname="lasvegasmarket_PROD.ExhibitorDigitalShowroom"/>
  <testcase name="TS001_VerifyClickOnLocationLinksForExhibitorDigitalShowroomTest" time="34.924" classname="lasvegasmarket_PROD.ExhibitorDigitalShowroom"/>
  <testcase name="TS004_VerifyClickOnLineFiltersForExhibitorTest" time="33.931" classname="lasvegasmarket_PROD.ExhibitorDigitalShowroom"/>
</testsuite> <!-- lasvegasmarket_PROD.ExhibitorDigitalShowroom -->
