<?xml version="1.0" encoding="UTF-8"?>
<!-- Generated by org.testng.reporters.JUnitReportReporter -->
<testsuite hostname="CVC2446" failures="0" tests="8" name="lasvegasmarket_PROD.GlobalSearch_LineActions" time="106.555" errors="0" timestamp="2025-04-10T11:51:07 IST" skipped="5">
  <testcase classname="lasvegasmarket_PROD.GlobalSearch_LineActions" name="TS001_VerifyClickOnShownByExhibitorNameLinkForLineTest" time="28.361"/>
  <system-out/>
  <testcase classname="lasvegasmarket_PROD.GlobalSearch_LineActions" name="TS002_VerifyClickOnLocationLinkForLineTest" time="29.218"/>
  <system-out/>
  <testcase classname="lasvegasmarket_PROD.GlobalSearch_LineActions" name="TS003_VerifyClickOnMatchingProductsSeeAllLinkForLineTest" time="48.976"/>
  <system-out/>
  <testcase classname="lasvegasmarket_PROD.GlobalSearch_LineActions" name="TS005_VerifyClickOnContactExhIconForLineTest">
    <skipped/>
  </testcase> <!-- TS005_VerifyClickOnContactExhIconForLineTest -->
  <system-out/>
  <testcase classname="lasvegasmarket_PROD.GlobalSearch_LineActions" name="TS007_VerifyClickOnOrderOnJuniperMarketBtnForLineTest">
    <skipped/>
  </testcase> <!-- TS007_VerifyClickOnOrderOnJuniperMarketBtnForLineTest -->
  <system-out/>
  <testcase classname="lasvegasmarket_PROD.GlobalSearch_LineActions" name="TS009_VerifyAddToExistingListForLineTest">
    <skipped/>
  </testcase> <!-- TS009_VerifyAddToExistingListForLineTest -->
  <system-out/>
  <testcase classname="lasvegasmarket_PROD.GlobalSearch_LineActions" name="TS006_VerifyAddToFavoriteForLineTest">
    <skipped/>
  </testcase> <!-- TS006_VerifyAddToFavoriteForLineTest -->
  <system-out/>
  <testcase classname="lasvegasmarket_PROD.GlobalSearch_LineActions" name="TS008_VerifyAddToNewListForLineTest">
    <skipped/>
  </testcase> <!-- TS008_VerifyAddToNewListForLineTest -->
  <system-out/>
</testsuite> <!-- lasvegasmarket_PROD.GlobalSearch_LineActions -->
