<?xml version="1.0" encoding="UTF-8"?>
<!-- Generated by org.testng.reporters.JUnitReportReporter -->
<testsuite hostname="CVC2446" failures="0" tests="12" name="lasvegasmarket_PROD.FloorPlans" time="274.706" errors="1" timestamp="2025-03-13T09:56:42 IST" skipped="3">
  <testcase classname="lasvegasmarket_PROD.FloorPlans" name="TS001_VerifyNavigationToDifferentFloorBuildingsTest" time="22.182"/>
  <system-out/>
  <testcase classname="lasvegasmarket_PROD.FloorPlans" name="TS002_VerifyNoExhibitorsOnThisFloorMessageTest" time="16.473"/>
  <system-out/>
  <testcase classname="lasvegasmarket_PROD.FloorPlans" name="TS003_VerifyZoomInOutLevelOnFloorPlansPageTest" time="26.996"/>
  <system-out/>
  <testcase classname="lasvegasmarket_PROD.FloorPlans" name="TS004_VerifyIconsOnFloorPlansPageTest" time="19.536">
    <error message="element click intercepted: Element is not clickable at point (792, 736)
  (Session info: chrome=134.0.6998.88)
Build info: version: &#039;4.25.0&#039;, revision: &#039;8a8aea2337&#039;
System info: os.name: &#039;Windows 11&#039;, os.arch: &#039;amd64&#039;, os.version: &#039;10.0&#039;, java.version: &#039;21.0.3&#039;
Driver info: org.openqa.selenium.chrome.ChromeDriver
Command: [df51f0d2f1abe315709ecfb1c8f7505d, clickElement {id=f.5787116D6EDC5E642B798AB48BD31873.d.F4204859CC5F6FEE9770F7E9E892B3EC.e.529}]
Capabilities {acceptInsecureCerts: false, browserName: chrome, browserVersion: 134.0.6998.88, chrome: {chromedriverVersion: 134.0.6998.88 (7e3d5c978c6d..., userDataDir: C:\Users\swapnili\AppData\L...}, fedcm:accounts: true, goog:chromeOptions: {debuggerAddress: localhost:63644}, networkConnectionEnabled: false, pageLoadStrategy: normal, platformName: windows, proxy: Proxy(), se:cdp: ws://localhost:63644/devtoo..., se:cdpVersion: 134.0.6998.88, setWindowRect: true, strictFileInteractability: false, timeouts: {implicit: 0, pageLoad: 300000, script: 30000}, unhandledPromptBehavior: dismiss and notify, webauthn:extension:credBlob: true, webauthn:extension:largeBlob: true, webauthn:extension:minPinLength: true, webauthn:extension:prf: true, webauthn:virtualAuthenticators: true}
Element: [[ChromeDriver: chrome on windows (df51f0d2f1abe315709ecfb1c8f7505d)] -&gt; xpath: (//button[@class=&#039;meridian-placemark-icon meridian-placemark-type-restroom_women meridian--private--ysqo7o-placemark-icon&#039;])[1]]
Session ID: df51f0d2f1abe315709ecfb1c8f7505d" type="org.openqa.selenium.ElementClickInterceptedException">
      <![CDATA[org.openqa.selenium.ElementClickInterceptedException: element click intercepted: Element is not clickable at point (792, 736)
  (Session info: chrome=134.0.6998.88)
Build info: version: '4.25.0', revision: '8a8aea2337'
System info: os.name: 'Windows 11', os.arch: 'amd64', os.version: '10.0', java.version: '21.0.3'
Driver info: org.openqa.selenium.chrome.ChromeDriver
Command: [df51f0d2f1abe315709ecfb1c8f7505d, clickElement {id=f.5787116D6EDC5E642B798AB48BD31873.d.F4204859CC5F6FEE9770F7E9E892B3EC.e.529}]
Capabilities {acceptInsecureCerts: false, browserName: chrome, browserVersion: 134.0.6998.88, chrome: {chromedriverVersion: 134.0.6998.88 (7e3d5c978c6d..., userDataDir: C:\Users\swapnili\AppData\L...}, fedcm:accounts: true, goog:chromeOptions: {debuggerAddress: localhost:63644}, networkConnectionEnabled: false, pageLoadStrategy: normal, platformName: windows, proxy: Proxy(), se:cdp: ws://localhost:63644/devtoo..., se:cdpVersion: 134.0.6998.88, setWindowRect: true, strictFileInteractability: false, timeouts: {implicit: 0, pageLoad: 300000, script: 30000}, unhandledPromptBehavior: dismiss and notify, webauthn:extension:credBlob: true, webauthn:extension:largeBlob: true, webauthn:extension:minPinLength: true, webauthn:extension:prf: true, webauthn:virtualAuthenticators: true}
Element: [[ChromeDriver: chrome on windows (df51f0d2f1abe315709ecfb1c8f7505d)] -> xpath: (//button[@class='meridian-placemark-icon meridian-placemark-type-restroom_women meridian--private--ysqo7o-placemark-icon'])[1]]
Session ID: df51f0d2f1abe315709ecfb1c8f7505d
at java.base/jdk.internal.reflect.DirectConstructorHandleAccessor.newInstance(DirectConstructorHandleAccessor.java:62)
at java.base/java.lang.reflect.Constructor.newInstanceWithCaller(Constructor.java:502)
at java.base/java.lang.reflect.Constructor.newInstance(Constructor.java:486)
at org.openqa.selenium.remote.ErrorCodec.decode(ErrorCodec.java:167)
at org.openqa.selenium.remote.codec.w3c.W3CHttpResponseCodec.decode(W3CHttpResponseCodec.java:138)
at org.openqa.selenium.remote.codec.w3c.W3CHttpResponseCodec.decode(W3CHttpResponseCodec.java:50)
at org.openqa.selenium.remote.HttpCommandExecutor.execute(HttpCommandExecutor.java:190)
at org.openqa.selenium.remote.service.DriverCommandExecutor.invokeExecute(DriverCommandExecutor.java:216)
at org.openqa.selenium.remote.service.DriverCommandExecutor.execute(DriverCommandExecutor.java:174)
at org.openqa.selenium.remote.RemoteWebDriver.execute(RemoteWebDriver.java:545)
at org.openqa.selenium.remote.RemoteWebElement.execute(RemoteWebElement.java:223)
at org.openqa.selenium.remote.RemoteWebElement.click(RemoteWebElement.java:76)
at lasvegasmarket_PROD.FloorPlans.TS004_VerifyIconsOnFloorPlansPageTest(FloorPlans.java:232)
at java.base/jdk.internal.reflect.DirectMethodHandleAccessor.invoke(DirectMethodHandleAccessor.java:103)
at java.base/java.lang.reflect.Method.invoke(Method.java:580)
at org.testng.internal.MethodInvocationHelper.invokeMethod(MethodInvocationHelper.java:133)
at org.testng.internal.TestInvoker.invokeMethod(TestInvoker.java:598)
at org.testng.internal.TestInvoker.invokeTestMethod(TestInvoker.java:173)
at org.testng.internal.MethodRunner.runInSequence(MethodRunner.java:46)
at org.testng.internal.TestInvoker$MethodInvocationAgent.invoke(TestInvoker.java:824)
at org.testng.internal.TestInvoker.invokeTestMethods(TestInvoker.java:146)
at org.testng.internal.TestMethodWorker.invokeTestMethods(TestMethodWorker.java:146)
at org.testng.internal.TestMethodWorker.run(TestMethodWorker.java:128)
at java.base/java.util.ArrayList.forEach(ArrayList.java:1596)
at org.testng.TestRunner.privateRun(TestRunner.java:794)
at org.testng.TestRunner.run(TestRunner.java:596)
at org.testng.SuiteRunner.runTest(SuiteRunner.java:377)
at org.testng.SuiteRunner.runSequentially(SuiteRunner.java:371)
at org.testng.SuiteRunner.privateRun(SuiteRunner.java:332)
at org.testng.SuiteRunner.run(SuiteRunner.java:276)
at org.testng.SuiteRunnerWorker.runSuite(SuiteRunnerWorker.java:53)
at org.testng.SuiteRunnerWorker.run(SuiteRunnerWorker.java:96)
at org.testng.TestNG.runSuitesSequentially(TestNG.java:1212)
at org.testng.TestNG.runSuitesLocally(TestNG.java:1134)
at org.testng.TestNG.runSuites(TestNG.java:1063)
at org.testng.TestNG.run(TestNG.java:1031)
at org.testng.remote.AbstractRemoteTestNG.run(AbstractRemoteTestNG.java:115)
at org.testng.remote.RemoteTestNG.initAndRun(RemoteTestNG.java:293)
at org.testng.remote.RemoteTestNG.main(RemoteTestNG.java:91)
]]>
    </error>
  </testcase> <!-- TS004_VerifyIconsOnFloorPlansPageTest -->
  <system-out/>
  <testcase classname="lasvegasmarket_PROD.FloorPlans" name="TS005_VerifyFunctionalityOfFiltersOFloorPlansPageTest" time="45.493"/>
  <system-out/>
  <testcase classname="lasvegasmarket_PROD.FloorPlans" name="TS006_VerifyPaginationOnFloorPlansPageTest" time="27.140"/>
  <system-out/>
  <testcase classname="lasvegasmarket_PROD.FloorPlans" name="TS007_VerifySelectionOfExhibitorOnFloorPlansPageTest" time="41.767"/>
  <system-out/>
  <testcase classname="lasvegasmarket_PROD.FloorPlans" name="TS008_VerifyClickOnReturnToBuildingListBtnTest" time="17.718"/>
  <system-out/>
  <testcase classname="lasvegasmarket_PROD.FloorPlans" name="TS009_VerifySearchFunctionalityForExhListOnFloorPlansPageTest" time="57.401"/>
  <system-out/>
  <testcase classname="lasvegasmarket_PROD.FloorPlans" name="TS012_VerifyAddToFavoriteFunctionalityForExhibitorOnFloorPlansPageTest">
    <skipped/>
  </testcase> <!-- TS012_VerifyAddToFavoriteFunctionalityForExhibitorOnFloorPlansPageTest -->
  <system-out/>
  <testcase classname="lasvegasmarket_PROD.FloorPlans" name="TS011_VerifyAddNoteFunctionalityForExhibitorOnFloorPlansPageTest">
    <skipped/>
  </testcase> <!-- TS011_VerifyAddNoteFunctionalityForExhibitorOnFloorPlansPageTest -->
  <system-out/>
  <testcase classname="lasvegasmarket_PROD.FloorPlans" name="TS010_VerifyAddToListFunctionalityForExhibitorOnFloorPlansPageTest">
    <skipped/>
  </testcase> <!-- TS010_VerifyAddToListFunctionalityForExhibitorOnFloorPlansPageTest -->
  <system-out/>
</testsuite> <!-- lasvegasmarket_PROD.FloorPlans -->
