<?xml version="1.0" encoding="UTF-8"?>
<!-- Generated by org.testng.reporters.JUnitReportReporter -->
<testsuite hostname="Anuppa-VD3" name="atlantamarket_PROD.ExhibitorDigitalShowroom" tests="1" failures="0" timestamp="24 Nov 2023 11:46:39 GMT" time="37.990" errors="0">
  <testcase name="TS014_VerifyExhibitorDigitalShowroomShowSpecialsTest" time="37.990" classname="atlantamarket_PROD.ExhibitorDigitalShowroom"/>
</testsuite> <!-- atlantamarket_PROD.ExhibitorDigitalShowroom -->
