<?xml version="1.0" encoding="UTF-8"?>
<!-- Generated by org.testng.reporters.JUnitReportReporter -->
<testsuite hostname="Anuppa-VD3" name="lasvegasmarket_UAT.GlobalSearch_SearchFor" tests="1" failures="0" timestamp="24 Feb 2023 08:24:10 GMT" time="43.263" errors="0">
  <testcase name="TS004_VerifyCatalogsOverviewInGlobalSearchTest" time="43.263" classname="lasvegasmarket_UAT.GlobalSearch_SearchFor"/>
</testsuite> <!-- lasvegasmarket_UAT.GlobalSearch_SearchFor -->
