<?xml version="1.0" encoding="UTF-8"?>
<!-- Generated by org.testng.reporters.JUnitReportReporter -->
<testsuite hostname="Anuppa-VD3" name="lasvegasmarket_UAT.LineDigitalShowroom" tests="1" failures="0" timestamp="7 Mar 2023 09:20:43 GMT" time="41.920" errors="0">
  <testcase name="TS003_VerifyLineDigitalShowroomHeroComponentAddToFavoriteTest" time="41.920" classname="lasvegasmarket_UAT.LineDigitalShowroom"/>
</testsuite> <!-- lasvegasmarket_UAT.LineDigitalShowroom -->
