<?xml version="1.0" encoding="UTF-8"?>
<!-- Generated by org.testng.reporters.JUnitReportReporter -->
<testsuite hostname="eon-swapnili" name="atlantamarket_UAT.GlobalSearch_SuggestionList" tests="3" failures="0" timestamp="6 Feb 2024 10:34:20 GMT" time="46.746" errors="0">
  <testcase name="TS001_VerifySelectionOfExhibitorFromAutoSuggestionListTest" time="14.735" classname="atlantamarket_UAT.GlobalSearch_SuggestionList"/>
  <testcase name="TS002_VerifySelectionOfLineFromAutoSuggestionListTest" time="17.831" classname="atlantamarket_UAT.GlobalSearch_SuggestionList"/>
  <testcase name="TS003_VerifySelectionOfProductFromAutoSuggestionListTest" time="14.180" classname="atlantamarket_UAT.GlobalSearch_SuggestionList"/>
</testsuite> <!-- atlantamarket_UAT.GlobalSearch_SuggestionList -->
