<?xml version="1.0" encoding="UTF-8"?>
<!-- Generated by org.testng.reporters.JUnitReportReporter -->
<testsuite skipped="6" hostname="Anuppa-VD3" name="atlantamarket_PROD.LineDigitalShowroom" tests="12" failures="0" timestamp="04 Jul 2024 05:12:02 GMT" time="163.021" errors="0">
  <testcase name="TS001_VerifyLineDigitalShowroomHeroComponentShownByExhibitorNamaeTest" time="13.513" classname="atlantamarket_PROD.LineDigitalShowroom"/>
  <testcase name="TS002_VerifyLineDigitalShowroomHeroComponentLocationLinksTest" time="23.339" classname="atlantamarket_PROD.LineDigitalShowroom"/>
  <testcase name="TS003_VerifyLineDigitalShowroomHeroComponentProductsComponentCountTest" time="20.378" classname="atlantamarket_PROD.LineDigitalShowroom"/>
  <testcase name="TS004_VerifyLineDigitalShowroomProductscomponentTest" time="24.205" classname="atlantamarket_PROD.LineDigitalShowroom"/>
  <testcase name="TS005_VerifyLineDigitalShowroomProductscomponentSeeAllProductsTest" time="15.435" classname="atlantamarket_PROD.LineDigitalShowroom"/>
  <testcase name="TS006_VerifyLineDigitalShowroomProductscomponentSelectProductTest" time="66.151" classname="atlantamarket_PROD.LineDigitalShowroom"/>
  <testcase name="TS008_VerifyLineDigitalShowroomHeroComponentAddTolistTest" classname="atlantamarket_PROD.LineDigitalShowroom">
    <skipped/>
  </testcase> <!-- TS008_VerifyLineDigitalShowroomHeroComponentAddTolistTest -->
  <testcase name="verifyMPLoginFunctionality" classname="atlantamarket_PROD.LineDigitalShowroom">
    <skipped/>
  </testcase> <!-- verifyMPLoginFunctionality -->
  <testcase name="TS011_VerifyLineDigitalShowroomProductscomponentOrderOnJuniperMarketTest" classname="atlantamarket_PROD.LineDigitalShowroom">
    <skipped/>
  </testcase> <!-- TS011_VerifyLineDigitalShowroomProductscomponentOrderOnJuniperMarketTest -->
  <testcase name="TS007_VerifyLineDigitalShowroomHeroComponentAddToFavoriteTest" classname="atlantamarket_PROD.LineDigitalShowroom">
    <skipped/>
  </testcase> <!-- TS007_VerifyLineDigitalShowroomHeroComponentAddToFavoriteTest -->
  <testcase name="TS010_VerifyLineDigitalShowroomHeroComponentOrderOnJuniperMarketTest" classname="atlantamarket_PROD.LineDigitalShowroom">
    <skipped/>
  </testcase> <!-- TS010_VerifyLineDigitalShowroomHeroComponentOrderOnJuniperMarketTest -->
  <testcase name="TS009_VerifyLineDigitalShowroomHeroComponentAddNoteTest" classname="atlantamarket_PROD.LineDigitalShowroom">
    <skipped/>
  </testcase> <!-- TS009_VerifyLineDigitalShowroomHeroComponentAddNoteTest -->
</testsuite> <!-- atlantamarket_PROD.LineDigitalShowroom -->
