<?xml version="1.0" encoding="UTF-8"?>
<!-- Generated by org.testng.reporters.JUnitReportReporter -->
<testsuite hostname="NILAMMA-W10" name="atlantamarket.FloorPlans" tests="1" failures="0" timestamp="1 Jul 2022 08:11:19 GMT" time="73.869" errors="0">
  <testcase name="TS005_VerifyFunctionalityOfFiltersOFloorPlansPageTest" time="73.869" classname="atlantamarket.FloorPlans"/>
</testsuite> <!-- atlantamarket.FloorPlans -->
