<?xml version="1.0" encoding="UTF-8"?>
<!-- Generated by org.testng.reporters.JUnitReportReporter -->
<testsuite hostname="Anuppa-VD3" name="lasvegasmarket_UAT.GlobalSearch_LineActions" tests="1" failures="0" timestamp="11 Jan 2023 08:53:18 GMT" time="70.481" errors="0">
  <testcase name="TS005_VerifyAddToExistingListForLineTest" time="70.481" classname="lasvegasmarket_UAT.GlobalSearch_LineActions"/>
</testsuite> <!-- lasvegasmarket_UAT.GlobalSearch_LineActions -->
