<?xml version="1.0" encoding="UTF-8"?>
<!-- Generated by org.testng.reporters.JUnitReportReporter -->
<testsuite hostname="Anuppa-VD3" name="atlantamarket_PROD.GlobalSearch_SuggestionList" tests="3" failures="0" timestamp="14 Nov 2023 07:30:39 GMT" time="45.296" errors="0">
  <testcase name="TS002_VerifySelectionOfLineFromAutoSuggestionListTest" time="15.808" classname="atlantamarket_PROD.GlobalSearch_SuggestionList"/>
  <testcase name="TS003_VerifySelectionOfProductFromAutoSuggestionListTest" time="15.032" classname="atlantamarket_PROD.GlobalSearch_SuggestionList"/>
  <testcase name="TS001_VerifySelectionOfExhibitorFromAutoSuggestionListTest" time="14.456" classname="atlantamarket_PROD.GlobalSearch_SuggestionList"/>
</testsuite> <!-- atlantamarket_PROD.GlobalSearch_SuggestionList -->
