<?xml version="1.0" encoding="UTF-8"?>
<!-- Generated by org.testng.reporters.JUnitReportReporter -->
<testsuite hostname="CVC2446" failures="0" tests="2" name="lasvegasmarket_PROD.GlobalSearch_ProductActions" time="66.252" errors="0" timestamp="2025-02-13T17:36:08 IST" skipped="0">
  <testcase classname="lasvegasmarket_PROD.GlobalSearch_ProductActions" name="TS001_VerifyClickOnProductSeeDetailsBtnOnSearchResultsGridTest" time="32.784"/>
  <system-out/>
  <testcase classname="lasvegasmarket_PROD.GlobalSearch_ProductActions" name="TS002_VerifyFullScreenViewerOnProductDetailsPageTest" time="33.468"/>
  <system-out/>
</testsuite> <!-- lasvegasmarket_PROD.GlobalSearch_ProductActions -->
