<?xml version="1.0" encoding="UTF-8"?>
<!-- Generated by org.testng.reporters.JUnitReportReporter -->
<testsuite hostname="Anuppa-VD3" name="lasvegasmarket_PROD.GlobalSearch_SearchFor" tests="1" failures="0" timestamp="23 Jan 2024 06:20:40 GMT" time="105.203" errors="0">
  <testcase name="TS011_VerifyEventsOverviewInGlobalSearchTest" time="105.203" classname="lasvegasmarket_PROD.GlobalSearch_SearchFor"/>
</testsuite> <!-- lasvegasmarket_PROD.GlobalSearch_SearchFor -->
