<?xml version="1.0" encoding="UTF-8"?>
<!-- Generated by org.testng.reporters.JUnitReportReporter -->
<testsuite hostname="swapnili" name="atlantamarket_PROD.GlobalSearch_LineActions" tests="9" failures="0" timestamp="17 Aug 2022 09:07:22 GMT" time="437.744" errors="0">
  <testcase name="TS008_VerifyClickOnMatchingProductsSeeAllLinkForLineTest" time="42.351" classname="atlantamarket_PROD.GlobalSearch_LineActions"/>
  <testcase name="TS001_VerifyClickOnContactExhIconForLineTest" time="34.710" classname="atlantamarket_PROD.GlobalSearch_LineActions"/>
  <testcase name="TS006_VerifyClickOnShownByExhibitorNameLinkForLineTest" time="29.442" classname="atlantamarket_PROD.GlobalSearch_LineActions"/>
  <testcase name="TS007_VerifyClickOnLocationLinkForLineTest" time="27.559" classname="atlantamarket_PROD.GlobalSearch_LineActions"/>
  <testcase name="TS003_VerifyClickOnOrderOnJuniperMarketBtnForLineTest" time="68.923" classname="atlantamarket_PROD.GlobalSearch_LineActions"/>
  <testcase name="TS005_VerifyAddToExistingListForLineTest" time="73.087" classname="atlantamarket_PROD.GlobalSearch_LineActions"/>
  <testcase name="TS004_VerifyAddToNewListForLineTest" time="63.675" classname="atlantamarket_PROD.GlobalSearch_LineActions"/>
  <testcase name="TS002_VerifyAddToFavoriteForLineTest" time="51.625" classname="atlantamarket_PROD.GlobalSearch_LineActions"/>
  <testcase name="TS009_VerifyClickOnTotalProductsSeeAllLinkForLineTest" time="46.372" classname="atlantamarket_PROD.GlobalSearch_LineActions"/>
</testsuite> <!-- atlantamarket_PROD.GlobalSearch_LineActions -->
