<?xml version="1.0" encoding="UTF-8"?>
<!-- Generated by org.testng.reporters.JUnitReportReporter -->
<testsuite hostname="eon-swapnili" name="lasvegasmarket_UAT.GlobalSearch_SuggestionList" tests="3" failures="0" timestamp="5 Aug 2024 09:10:15 GMT" time="44.155" errors="0">
  <testcase name="TS001_VerifySelectionOfExhibitorFromAutoSuggestionListTest" time="15.416" classname="lasvegasmarket_UAT.GlobalSearch_SuggestionList"/>
  <testcase name="TS002_VerifySelectionOfLineFromAutoSuggestionListTest" time="13.154" classname="lasvegasmarket_UAT.GlobalSearch_SuggestionList"/>
  <testcase name="TS003_VerifySelectionOfProductFromAutoSuggestionListTest" time="15.585" classname="lasvegasmarket_UAT.GlobalSearch_SuggestionList"/>
</testsuite> <!-- lasvegasmarket_UAT.GlobalSearch_SuggestionList -->
