<?xml version="1.0" encoding="UTF-8"?>
<!-- Generated by org.testng.reporters.JUnitReportReporter -->
<testsuite hostname="CVC2446" failures="0" tests="6" name="lasvegasmarket_PROD.GlobalSearch_MatchingResults" time="64.947" errors="1" timestamp="2025-01-21T12:33:39 IST" skipped="5">
  <testcase classname="lasvegasmarket_PROD.GlobalSearch_MatchingResults" name="TS001_VerifyGlobalSearchContainsAndStartsWithTest" time="64.947">
    <error message="Expected condition failed: waiting for element to be clickable: By.xpath: //div[@class=&#039;imc-gallery__item imc-content--full-width&#039;]/div[1]/section/span[2]/div (tried for 40 second(s) with 500 milliseconds interval)
Build info: version: &#039;4.25.0&#039;, revision: &#039;8a8aea2337&#039;
System info: os.name: &#039;Windows 11&#039;, os.arch: &#039;amd64&#039;, os.version: &#039;10.0&#039;, java.version: &#039;21.0.3&#039;
Driver info: org.openqa.selenium.chrome.ChromeDriver
Capabilities {acceptInsecureCerts: false, browserName: chrome, browserVersion: 132.0.6834.83, chrome: {chromedriverVersion: 132.0.6834.83 (03d59cf5ecf1..., userDataDir: C:\Users\swapnili\AppData\L...}, fedcm:accounts: true, goog:chromeOptions: {debuggerAddress: localhost:60614}, networkConnectionEnabled: false, pageLoadStrategy: normal, platformName: windows, proxy: Proxy(), se:cdp: ws://localhost:60614/devtoo..., se:cdpVersion: 132.0.6834.83, setWindowRect: true, strictFileInteractability: false, timeouts: {implicit: 0, pageLoad: 300000, script: 30000}, unhandledPromptBehavior: dismiss and notify, webauthn:extension:credBlob: true, webauthn:extension:largeBlob: true, webauthn:extension:minPinLength: true, webauthn:extension:prf: true, webauthn:virtualAuthenticators: true}
Session ID: 0cd3d1bc990d2d45cebe9f16f49f1163" type="org.openqa.selenium.TimeoutException">
      <![CDATA[org.openqa.selenium.TimeoutException: Expected condition failed: waiting for element to be clickable: By.xpath: //div[@class='imc-gallery__item imc-content--full-width']/div[1]/section/span[2]/div (tried for 40 second(s) with 500 milliseconds interval)
Build info: version: '4.25.0', revision: '8a8aea2337'
System info: os.name: 'Windows 11', os.arch: 'amd64', os.version: '10.0', java.version: '21.0.3'
Driver info: org.openqa.selenium.chrome.ChromeDriver
Capabilities {acceptInsecureCerts: false, browserName: chrome, browserVersion: 132.0.6834.83, chrome: {chromedriverVersion: 132.0.6834.83 (03d59cf5ecf1..., userDataDir: C:\Users\swapnili\AppData\L...}, fedcm:accounts: true, goog:chromeOptions: {debuggerAddress: localhost:60614}, networkConnectionEnabled: false, pageLoadStrategy: normal, platformName: windows, proxy: Proxy(), se:cdp: ws://localhost:60614/devtoo..., se:cdpVersion: 132.0.6834.83, setWindowRect: true, strictFileInteractability: false, timeouts: {implicit: 0, pageLoad: 300000, script: 30000}, unhandledPromptBehavior: dismiss and notify, webauthn:extension:credBlob: true, webauthn:extension:largeBlob: true, webauthn:extension:minPinLength: true, webauthn:extension:prf: true, webauthn:virtualAuthenticators: true}
Session ID: 0cd3d1bc990d2d45cebe9f16f49f1163
at org.openqa.selenium.support.ui.WebDriverWait.timeoutException(WebDriverWait.java:84)
at org.openqa.selenium.support.ui.FluentWait.until(FluentWait.java:228)
at pageObjects.LasVegasMarket.LVMGlobalSearchPage.getLvmSearchResultsText(LVMGlobalSearchPage.java:165)
at lasvegasmarket_PROD.GlobalSearch_MatchingResults.TS001_VerifyGlobalSearchContainsAndStartsWithTest(GlobalSearch_MatchingResults.java:85)
at java.base/jdk.internal.reflect.DirectMethodHandleAccessor.invoke(DirectMethodHandleAccessor.java:103)
at java.base/java.lang.reflect.Method.invoke(Method.java:580)
at org.testng.internal.MethodInvocationHelper.invokeMethod(MethodInvocationHelper.java:133)
at org.testng.internal.TestInvoker.invokeMethod(TestInvoker.java:598)
at org.testng.internal.TestInvoker.invokeTestMethod(TestInvoker.java:173)
at org.testng.internal.MethodRunner.runInSequence(MethodRunner.java:46)
at org.testng.internal.TestInvoker$MethodInvocationAgent.invoke(TestInvoker.java:824)
at org.testng.internal.TestInvoker.invokeTestMethods(TestInvoker.java:146)
at org.testng.internal.TestMethodWorker.invokeTestMethods(TestMethodWorker.java:146)
at org.testng.internal.TestMethodWorker.run(TestMethodWorker.java:128)
at java.base/java.util.ArrayList.forEach(ArrayList.java:1596)
at org.testng.TestRunner.privateRun(TestRunner.java:794)
at org.testng.TestRunner.run(TestRunner.java:596)
at org.testng.SuiteRunner.runTest(SuiteRunner.java:377)
at org.testng.SuiteRunner.runSequentially(SuiteRunner.java:371)
at org.testng.SuiteRunner.privateRun(SuiteRunner.java:332)
at org.testng.SuiteRunner.run(SuiteRunner.java:276)
at org.testng.SuiteRunnerWorker.runSuite(SuiteRunnerWorker.java:53)
at org.testng.SuiteRunnerWorker.run(SuiteRunnerWorker.java:96)
at org.testng.TestNG.runSuitesSequentially(TestNG.java:1212)
at org.testng.TestNG.runSuitesLocally(TestNG.java:1134)
at org.testng.TestNG.runSuites(TestNG.java:1063)
at org.testng.TestNG.run(TestNG.java:1031)
at org.testng.remote.AbstractRemoteTestNG.run(AbstractRemoteTestNG.java:115)
at org.testng.remote.RemoteTestNG.initAndRun(RemoteTestNG.java:293)
at org.testng.remote.RemoteTestNG.main(RemoteTestNG.java:91)
]]>
    </error>
  </testcase> <!-- TS001_VerifyGlobalSearchContainsAndStartsWithTest -->
  <system-out/>
  <testcase classname="lasvegasmarket_PROD.GlobalSearch_MatchingResults" name="TS005_VerifyGlobalSearchMatchingResultsSelectAddToFavoritesTest">
    <skipped/>
  </testcase> <!-- TS005_VerifyGlobalSearchMatchingResultsSelectAddToFavoritesTest -->
  <system-out/>
  <testcase classname="lasvegasmarket_PROD.GlobalSearch_MatchingResults" name="TS007_VerifyGlobalSearchMatchingResultsSelectAddToNewlyCreatedListTest">
    <skipped/>
  </testcase> <!-- TS007_VerifyGlobalSearchMatchingResultsSelectAddToNewlyCreatedListTest -->
  <system-out/>
  <testcase classname="lasvegasmarket_PROD.GlobalSearch_MatchingResults" name="TS006_VerifyGlobalSearchMatchingResultsSelectAddToExistingListTest">
    <skipped/>
  </testcase> <!-- TS006_VerifyGlobalSearchMatchingResultsSelectAddToExistingListTest -->
  <system-out/>
  <testcase classname="lasvegasmarket_PROD.GlobalSearch_MatchingResults" name="TS008_VerifyGlobalSearchMatchingResultsUsePreviousSavedSearchTest">
    <skipped/>
  </testcase> <!-- TS008_VerifyGlobalSearchMatchingResultsUsePreviousSavedSearchTest -->
  <system-out/>
  <testcase classname="lasvegasmarket_PROD.GlobalSearch_MatchingResults" name="TS009_VerifyGlobalSearchMatchingResultsSavedSearchesTest">
    <skipped/>
  </testcase> <!-- TS009_VerifyGlobalSearchMatchingResultsSavedSearchesTest -->
  <system-out/>
</testsuite> <!-- lasvegasmarket_PROD.GlobalSearch_MatchingResults -->
