<?xml version="1.0" encoding="UTF-8"?>
<!-- Generated by org.testng.reporters.JUnitReportReporter -->
<<<<<<< HEAD
<testsuite hostname="Anuppa-VD3" name="lasvegasmarket_UAT.FloorPlans" tests="1" failures="0" timestamp="21 Mar 2023 08:45:17 GMT" time="43.617" errors="0">
  <testcase name="TS012_VerifyAddToFavoriteFunctionalityForExhibitorOnFloorPlansPageTest" time="43.617" classname="lasvegasmarket_UAT.FloorPlans"/>
=======
<testsuite hostname="NILAMMA-W10" name="lasvegasmarket_UAT.FloorPlans" tests="1" failures="0" timestamp="17 Mar 2023 11:47:38 GMT" time="51.050" errors="0">
  <testcase name="TS012_VerifyAddToFavoriteFunctionalityForExhibitorOnFloorPlansPageTest" time="51.050" classname="lasvegasmarket_UAT.FloorPlans"/>
>>>>>>> 1564f894b7cd324c249c97816f35cee8ced3e9f6
</testsuite> <!-- lasvegasmarket_UAT.FloorPlans -->
