<?xml version="1.0" encoding="UTF-8"?>
<!-- Generated by org.testng.reporters.JUnitReportReporter -->
<testsuite hostname="Anuppa-VD3" name="lasvegasmarket_UAT.GlobalSearch_SearchFor" tests="1" failures="0" timestamp="17 Nov 2023 12:24:39 GMT" time="103.238" errors="0">
  <testcase name="TS007_VerifyArticlesSearchFunctionalityInGlobalSearchTest" time="103.238" classname="lasvegasmarket_UAT.GlobalSearch_SearchFor"/>
</testsuite> <!-- lasvegasmarket_UAT.GlobalSearch_SearchFor -->
