<?xml version="1.0" encoding="UTF-8"?>
<!-- Generated by org.testng.reporters.JUnitReportReporter -->
<testsuite hostname="eon-swapnili" name="lasvegasmarket_UAT.GlobalSearch_ProductActions" tests="9" failures="0" timestamp="27 Feb 2023 12:29:35 GMT" time="630.995" errors="0">
  <testcase name="TS008_VerifyAddToFavoriteOnSearchResultsGridTest" time="68.674" classname="lasvegasmarket_UAT.GlobalSearch_ProductActions"/>
  <testcase name="TS001_VerifyClickOnProductSeeDetailsBtnOnSearchResultsGridTest" time="47.111" classname="lasvegasmarket_UAT.GlobalSearch_ProductActions"/>
  <testcase name="TS002_VerifyProductAddToNewListOnProductDetailsPageTest" time="67.193" classname="lasvegasmarket_UAT.GlobalSearch_ProductActions"/>
  <testcase name="TS005_VerifyAddNoteOnProductDetailsPageTest" time="53.177" classname="lasvegasmarket_UAT.GlobalSearch_ProductActions"/>
  <testcase name="TS006_VerifyProductAddToExistingListOnSearchResultsGridTest" time="109.627" classname="lasvegasmarket_UAT.GlobalSearch_ProductActions"/>
  <testcase name="TS003_VerifyProductAddToExistingListOnProductDetailsPageTest" time="110.257" classname="lasvegasmarket_UAT.GlobalSearch_ProductActions"/>
  <testcase name="TS004_VerifyAddToFavoriteOnProductDetailsPageTest" time="64.614" classname="lasvegasmarket_UAT.GlobalSearch_ProductActions"/>
  <testcase name="TS009_VerifyProductAddToNewlyCreatedListOnSearchResultsGridTest" time="62.955" classname="lasvegasmarket_UAT.GlobalSearch_ProductActions"/>
  <testcase name="TS007_VerifyFullScreenViewerOnProductDetailsPageTest" time="47.387" classname="lasvegasmarket_UAT.GlobalSearch_ProductActions"/>
</testsuite> <!-- lasvegasmarket_UAT.GlobalSearch_ProductActions -->
