<?xml version="1.0" encoding="UTF-8"?>
<!-- Generated by org.testng.reporters.JUnitReportReporter -->
<testsuite hostname="NILAMMA-W10" name="atlantamarket_PROD.GlobalSearch_LeftPaneFilters" tests="11" failures="0" timestamp="14 Sep 2022 08:29:52 GMT" time="1050.843" errors="0">
  <testcase name="TS007_VerifySelectionOfDecorativeAccessProdCatgFromLeftPaneFiltersTest" time="95.086" classname="atlantamarket_PROD.GlobalSearch_LeftPaneFilters"/>
  <testcase name="TS011_VerifySelectionOfHomeTextilesProdCatgFromLeftPaneFiltersTest" time="124.737" classname="atlantamarket_PROD.GlobalSearch_LeftPaneFilters"/>
  <testcase name="TS003_VerifyCombinationWithinProdCatgFromLeftPaneFiltersTest" time="59.093" classname="atlantamarket_PROD.GlobalSearch_LeftPaneFilters"/>
  <testcase name="TS010_VerifySelectionOfFloralBotanicalsProdCatgFromLeftPaneFiltersTest" time="126.291" classname="atlantamarket_PROD.GlobalSearch_LeftPaneFilters"/>
  <testcase name="TS004_VerifyCombinationOfProdCatgWithStylesFromLeftPaneFiltersTest" time="118.394" classname="atlantamarket_PROD.GlobalSearch_LeftPaneFilters"/>
  <testcase name="TS005_VerifySelectionOfAccentFurnitureProdCatgFromLeftPaneFiltersTest" time="55.164" classname="atlantamarket_PROD.GlobalSearch_LeftPaneFilters"/>
  <testcase name="TS009_VerifySelectionOfFashionAccProdCatgFromLeftPaneFiltersTest" time="212.714" classname="atlantamarket_PROD.GlobalSearch_LeftPaneFilters"/>
  <testcase name="TS002_VerifySelectionOfAntiqueVintageProdCatgFromLeftPaneFiltersTest" time="66.267" classname="atlantamarket_PROD.GlobalSearch_LeftPaneFilters"/>
  <testcase name="TS008_VerifySelectionOfGeneralGiftProdCatgFromLeftPaneFiltersTest" time="108.737" classname="atlantamarket_PROD.GlobalSearch_LeftPaneFilters"/>
  <testcase name="TS001_VerifySelectionOfApparelVintageProdCatgFromLeftPaneFiltersTest" time="30.404" classname="atlantamarket_PROD.GlobalSearch_LeftPaneFilters"/>
  <testcase name="TS006_VerifySelectionOfHolidayProdCatgFromLeftPaneFiltersTest" time="53.956" classname="atlantamarket_PROD.GlobalSearch_LeftPaneFilters"/>
</testsuite> <!-- atlantamarket_PROD.GlobalSearch_LeftPaneFilters -->
