<?xml version="1.0" encoding="UTF-8"?>
<!-- Generated by org.testng.reporters.JUnitReportReporter -->
<testsuite hostname="NILAMMA-W10" name="atlantamarket_PROD.MarketPlanner" tests="1" failures="0" timestamp="24 Feb 2023 06:44:03 GMT" time="23.105" errors="0">
  <testcase name="TS046_VerifyNewGroupBtnFunctionalityForListsTest" time="23.105" classname="atlantamarket_PROD.MarketPlanner"/>
</testsuite> <!-- atlantamarket_PROD.MarketPlanner -->
