<?xml version="1.0" encoding="UTF-8"?>
<!-- Generated by org.testng.reporters.JUnitReportReporter -->
<<<<<<< HEAD
<testsuite hostname="Anuppa-VD3" name="atlantamarket_PROD.LineDigitalShowroom" tests="11" failures="1" timestamp="23 Mar 2023 07:27:56 GMT" time="341.430" errors="0">
  <testcase name="TS009_VerifyLineDigitalShowroomProductscomponentOrderOnJuniperMarketTest" time="19.404" classname="atlantamarket_PROD.LineDigitalShowroom"/>
  <testcase name="TS002_VerifyLineDigitalShowroomHeroComponentLocationLinksTest" time="35.748" classname="atlantamarket_PROD.LineDigitalShowroom">
    <failure type="org.openqa.selenium.TimeoutException" message="Expected condition failed: waiting for visibility of element located by By.xpath: //div[@ID=&#039;react-autowhatever-input-1&#039;] (tried for 30 second(s) with 500 MILLISECONDS interval)
Build info: version: &#039;3.4.0&#039;, revision: &#039;unknown&#039;, time: &#039;unknown&#039;
System info: host: &#039;ANUPPA-VD3&#039;, ip: &#039;172.27.182.66&#039;, os.name: &#039;Windows 10&#039;, os.arch: &#039;amd64&#039;, os.version: &#039;10.0&#039;, java.version: &#039;1.8.0_361&#039;
Driver info: org.openqa.selenium.chrome.ChromeDriver
Capabilities [{networkConnectionEnabled=false, chrome={chromedriverVersion=111.0.5563.64 (c710e93d5b63b7095afe8c2c17df34408078439d-refs/branch-heads/5563@{#995}), userDataDir=C:\Users\anuppa\AppData\Local\Temp\scoped_dir21192_1168584770}, timeouts={implicit=0.0, pageLoad=300000.0, script=30000.0}, pageLoadStrategy=normal, unhandledPromptBehavior=dismiss and notify, strictFileInteractability=false, platform=ANY, proxy=Proxy(), webauthn:extension:minPinLength=true, goog:chromeOptions={debuggerAddress=localhost:51692}, webauthn:extension:credBlob=true, webauthn:extension:prf=true, acceptInsecureCerts=false, browserVersion=111.0.5563.65, browserName=chrome, javascriptEnabled=true, platformName=windows, setWindowRect=true, webauthn:extension:largeBlob=true, webauthn:virtualAuthenticators=true}]
Session ID: 92edd3f9bbcdac0a4ac3b4ba33ee2c4d">
      <![CDATA[org.openqa.selenium.TimeoutException: Expected condition failed: waiting for visibility of element located by By.xpath: //div[@ID='react-autowhatever-input-1'] (tried for 30 second(s) with 500 MILLISECONDS interval)
Build info: version: '3.4.0', revision: 'unknown', time: 'unknown'
System info: host: 'ANUPPA-VD3', ip: '172.27.182.66', os.name: 'Windows 10', os.arch: 'amd64', os.version: '10.0', java.version: '1.8.0_361'
Driver info: org.openqa.selenium.chrome.ChromeDriver
Capabilities [{networkConnectionEnabled=false, chrome={chromedriverVersion=111.0.5563.64 (c710e93d5b63b7095afe8c2c17df34408078439d-refs/branch-heads/5563@{#995}), userDataDir=C:\Users\anuppa\AppData\Local\Temp\scoped_dir21192_1168584770}, timeouts={implicit=0.0, pageLoad=300000.0, script=30000.0}, pageLoadStrategy=normal, unhandledPromptBehavior=dismiss and notify, strictFileInteractability=false, platform=ANY, proxy=Proxy(), webauthn:extension:minPinLength=true, goog:chromeOptions={debuggerAddress=localhost:51692}, webauthn:extension:credBlob=true, webauthn:extension:prf=true, acceptInsecureCerts=false, browserVersion=111.0.5563.65, browserName=chrome, javascriptEnabled=true, platformName=windows, setWindowRect=true, webauthn:extension:largeBlob=true, webauthn:virtualAuthenticators=true}]
Session ID: 92edd3f9bbcdac0a4ac3b4ba33ee2c4d
	at org.openqa.selenium.support.ui.WebDriverWait.timeoutException(WebDriverWait.java:80)
	at org.openqa.selenium.support.ui.FluentWait.until(FluentWait.java:232)
	at pageObjects.AtlantaMarket.ATLLineDigitalShowroomPage.getsuggetionList(ATLLineDigitalShowroomPage.java:132)
	at atlantamarket_PROD.LineDigitalShowroom.TS002_VerifyLineDigitalShowroomHeroComponentLocationLinksTest(LineDigitalShowroom.java:126)
=======
<testsuite hostname="NILAMMA-W10" name="atlantamarket_PROD.LineDigitalShowroom" tests="11" failures="3" timestamp="23 Mar 2023 12:13:33 GMT" time="884.490" errors="0">
  <testcase name="TS009_VerifyLineDigitalShowroomProductscomponentOrderOnJuniperMarketTest" time="51.989" classname="atlantamarket_PROD.LineDigitalShowroom"/>
  <testcase name="TS010_VerifyLineDigitalShowroomProductscomponentSeeAllProductsTest" time="138.733" classname="atlantamarket_PROD.LineDigitalShowroom"/>
  <testcase name="TS001_VerifyLineDigitalShowroomHeroComponentShownByExhibitorNamaeTest" time="29.983" classname="atlantamarket_PROD.LineDigitalShowroom"/>
  <testcase name="TS002_VerifyLineDigitalShowroomHeroComponentLocationLinksTest" time="89.466" classname="atlantamarket_PROD.LineDigitalShowroom"/>
  <testcase name="TS003_VerifyLineDigitalShowroomHeroComponentAddToFavoriteTest" time="121.891" classname="atlantamarket_PROD.LineDigitalShowroom"/>
  <testcase name="TS011_VerifyLineDigitalShowroomProductscomponentSelectProductTest" time="100.526" classname="atlantamarket_PROD.LineDigitalShowroom"/>
  <testcase name="TS006_VerifyLineDigitalShowroomHeroComponentOrderOnJuniperMarketTest" time="30.574" classname="atlantamarket_PROD.LineDigitalShowroom">
    <failure type="org.openqa.selenium.TimeoutException" message="Expected condition failed: waiting for visibility of element located by By.xpath: //div[@class=&#039;imc-gallery imc-gallery--65-35 breadcrumbs__round&#039;]/div[1]/ul[1]/li[4]/a[1] (tried for 30 second(s) with 500 MILLISECONDS interval)">
      <![CDATA[org.openqa.selenium.TimeoutException: Expected condition failed: waiting for visibility of element located by By.xpath: //div[@class='imc-gallery imc-gallery--65-35 breadcrumbs__round']/div[1]/ul[1]/li[4]/a[1] (tried for 30 second(s) with 500 MILLISECONDS interval)
	at org.openqa.selenium.support.ui.WebDriverWait.timeoutException(WebDriverWait.java:80)
	at org.openqa.selenium.support.ui.FluentWait.until(FluentWait.java:232)
	at pageObjects.AtlantaMarket.ATLLineDigitalShowroomPage.getAtlLineDigiShowroomPageTitle(ATLLineDigitalShowroomPage.java:142)
	at atlantamarket_PROD.LineDigitalShowroom.TS006_VerifyLineDigitalShowroomHeroComponentOrderOnJuniperMarketTest(LineDigitalShowroom.java:469)
>>>>>>> 5f5ad5b0ab3ea66972ee4c4b3e138b88585ce5a6
	at sun.reflect.NativeMethodAccessorImpl.invoke0(Native Method)
	at sun.reflect.NativeMethodAccessorImpl.invoke(Unknown Source)
	at sun.reflect.DelegatingMethodAccessorImpl.invoke(Unknown Source)
	at java.lang.reflect.Method.invoke(Unknown Source)
	at org.testng.internal.MethodInvocationHelper.invokeMethod(MethodInvocationHelper.java:80)
	at org.testng.internal.Invoker.invokeMethod(Invoker.java:714)
	at org.testng.internal.Invoker.invokeTestMethod(Invoker.java:901)
	at org.testng.internal.Invoker.invokeTestMethods(Invoker.java:1231)
	at org.testng.internal.TestMethodWorker.invokeTestMethods(TestMethodWorker.java:127)
	at org.testng.internal.TestMethodWorker.run(TestMethodWorker.java:111)
	at org.testng.TestRunner.privateRun(TestRunner.java:767)
	at org.testng.TestRunner.run(TestRunner.java:617)
	at org.testng.SuiteRunner.runTest(SuiteRunner.java:334)
	at org.testng.SuiteRunner.runSequentially(SuiteRunner.java:329)
	at org.testng.SuiteRunner.privateRun(SuiteRunner.java:291)
	at org.testng.SuiteRunner.run(SuiteRunner.java:240)
	at org.testng.SuiteRunnerWorker.runSuite(SuiteRunnerWorker.java:52)
	at org.testng.SuiteRunnerWorker.run(SuiteRunnerWorker.java:86)
	at org.testng.TestNG.runSuitesSequentially(TestNG.java:1198)
	at org.testng.TestNG.runSuitesLocally(TestNG.java:1123)
	at org.testng.TestNG.run(TestNG.java:1031)
	at org.testng.remote.AbstractRemoteTestNG.run(AbstractRemoteTestNG.java:132)
	at org.testng.remote.RemoteTestNG.initAndRun(RemoteTestNG.java:236)
	at org.testng.remote.RemoteTestNG.main(RemoteTestNG.java:81)
Caused by: org.openqa.selenium.NoSuchElementException: Cannot locate an element using By.xpath: //div[@class='imc-gallery imc-gallery--65-35 breadcrumbs__round']/div[1]/ul[1]/li[4]/a[1]
For documentation on this error, please visit: http://seleniumhq.org/exceptions/no_such_element.html
Build info: version: '3.4.0', revision: 'unknown', time: 'unknown'
System info: host: 'NILAMMA-W10', ip: '192.168.68.2', os.name: 'Windows 10', os.arch: 'amd64', os.version: '10.0', java.version: '1.8.0_161'
Driver info: driver.version: unknown
	at org.openqa.selenium.support.ui.ExpectedConditions.lambda$findElement$0(ExpectedConditions.java:883)
	at java.util.Optional.orElseThrow(Unknown Source)
	at org.openqa.selenium.support.ui.ExpectedConditions.findElement(ExpectedConditions.java:882)
	at org.openqa.selenium.support.ui.ExpectedConditions.access$000(ExpectedConditions.java:44)
	at org.openqa.selenium.support.ui.ExpectedConditions$7.apply(ExpectedConditions.java:206)
	at org.openqa.selenium.support.ui.ExpectedConditions$7.apply(ExpectedConditions.java:202)
	at org.openqa.selenium.support.ui.FluentWait.until(FluentWait.java:209)
	... 26 more
]]>
    </failure>
<<<<<<< HEAD
  </testcase> <!-- TS002_VerifyLineDigitalShowroomHeroComponentLocationLinksTest -->
  <testcase name="TS005_VerifyLineDigitalShowroomHeroComponentAddNoteTest" time="80.107" classname="atlantamarket_PROD.LineDigitalShowroom"/>
  <testcase name="TS003_VerifyLineDigitalShowroomHeroComponentAddToFavoriteTest" time="44.089" classname="atlantamarket_PROD.LineDigitalShowroom"/>
  <testcase name="TS010_VerifyLineDigitalShowroomProductscomponentSeeAllProductsTest" time="38.952" classname="atlantamarket_PROD.LineDigitalShowroom"/>
  <testcase name="TS004_VerifyLineDigitalShowroomHeroComponentAddTolistTest" time="42.121" classname="atlantamarket_PROD.LineDigitalShowroom"/>
  <testcase name="TS011_VerifyLineDigitalShowroomProductscomponentSelectProductTest" time="32.630" classname="atlantamarket_PROD.LineDigitalShowroom"/>
  <testcase name="TS001_VerifyLineDigitalShowroomHeroComponentShownByExhibitorNamaeTest" time="11.226" classname="atlantamarket_PROD.LineDigitalShowroom"/>
  <testcase name="TS006_VerifyLineDigitalShowroomHeroComponentOrderOnJuniperMarketTest" time="8.094" classname="atlantamarket_PROD.LineDigitalShowroom"/>
  <testcase name="TS007_VerifyLineDigitalShowroomHeroComponentProductsComponentCountTest" time="5.657" classname="atlantamarket_PROD.LineDigitalShowroom"/>
  <testcase name="TS008_VerifyLineDigitalShowroomProductscomponentTest" time="23.402" classname="atlantamarket_PROD.LineDigitalShowroom"/>
=======
  </testcase> <!-- TS006_VerifyLineDigitalShowroomHeroComponentOrderOnJuniperMarketTest -->
  <testcase name="TS004_VerifyLineDigitalShowroomHeroComponentAddTolistTest" time="193.700" classname="atlantamarket_PROD.LineDigitalShowroom"/>
  <testcase name="TS008_VerifyLineDigitalShowroomProductscomponentTest" time="46.469" classname="atlantamarket_PROD.LineDigitalShowroom"/>
  <testcase name="TS007_VerifyLineDigitalShowroomHeroComponentProductsComponentCountTest" time="30.477" classname="atlantamarket_PROD.LineDigitalShowroom">
    <failure type="org.openqa.selenium.TimeoutException" message="Expected condition failed: waiting for visibility of element located by By.xpath: //div[@class=&#039;imc-gallery imc-gallery--65-35 breadcrumbs__round&#039;]/div[1]/ul[1]/li[4]/a[1] (tried for 30 second(s) with 500 MILLISECONDS interval)">
      <![CDATA[org.openqa.selenium.TimeoutException: Expected condition failed: waiting for visibility of element located by By.xpath: //div[@class='imc-gallery imc-gallery--65-35 breadcrumbs__round']/div[1]/ul[1]/li[4]/a[1] (tried for 30 second(s) with 500 MILLISECONDS interval)
	at org.openqa.selenium.support.ui.WebDriverWait.timeoutException(WebDriverWait.java:80)
	at org.openqa.selenium.support.ui.FluentWait.until(FluentWait.java:232)
	at pageObjects.AtlantaMarket.ATLLineDigitalShowroomPage.getAtlLineDigiShowroomPageTitle(ATLLineDigitalShowroomPage.java:142)
	at atlantamarket_PROD.LineDigitalShowroom.TS007_VerifyLineDigitalShowroomHeroComponentProductsComponentCountTest(LineDigitalShowroom.java:521)
	at sun.reflect.NativeMethodAccessorImpl.invoke0(Native Method)
	at sun.reflect.NativeMethodAccessorImpl.invoke(Unknown Source)
	at sun.reflect.DelegatingMethodAccessorImpl.invoke(Unknown Source)
	at java.lang.reflect.Method.invoke(Unknown Source)
	at org.testng.internal.MethodInvocationHelper.invokeMethod(MethodInvocationHelper.java:80)
	at org.testng.internal.Invoker.invokeMethod(Invoker.java:714)
	at org.testng.internal.Invoker.invokeTestMethod(Invoker.java:901)
	at org.testng.internal.Invoker.invokeTestMethods(Invoker.java:1231)
	at org.testng.internal.TestMethodWorker.invokeTestMethods(TestMethodWorker.java:127)
	at org.testng.internal.TestMethodWorker.run(TestMethodWorker.java:111)
	at org.testng.TestRunner.privateRun(TestRunner.java:767)
	at org.testng.TestRunner.run(TestRunner.java:617)
	at org.testng.SuiteRunner.runTest(SuiteRunner.java:334)
	at org.testng.SuiteRunner.runSequentially(SuiteRunner.java:329)
	at org.testng.SuiteRunner.privateRun(SuiteRunner.java:291)
	at org.testng.SuiteRunner.run(SuiteRunner.java:240)
	at org.testng.SuiteRunnerWorker.runSuite(SuiteRunnerWorker.java:52)
	at org.testng.SuiteRunnerWorker.run(SuiteRunnerWorker.java:86)
	at org.testng.TestNG.runSuitesSequentially(TestNG.java:1198)
	at org.testng.TestNG.runSuitesLocally(TestNG.java:1123)
	at org.testng.TestNG.run(TestNG.java:1031)
	at org.testng.remote.AbstractRemoteTestNG.run(AbstractRemoteTestNG.java:132)
	at org.testng.remote.RemoteTestNG.initAndRun(RemoteTestNG.java:236)
	at org.testng.remote.RemoteTestNG.main(RemoteTestNG.java:81)
Caused by: org.openqa.selenium.NoSuchElementException: Cannot locate an element using By.xpath: //div[@class='imc-gallery imc-gallery--65-35 breadcrumbs__round']/div[1]/ul[1]/li[4]/a[1]
For documentation on this error, please visit: http://seleniumhq.org/exceptions/no_such_element.html
Build info: version: '3.4.0', revision: 'unknown', time: 'unknown'
System info: host: 'NILAMMA-W10', ip: '192.168.68.2', os.name: 'Windows 10', os.arch: 'amd64', os.version: '10.0', java.version: '1.8.0_161'
Driver info: driver.version: unknown
	at org.openqa.selenium.support.ui.ExpectedConditions.lambda$findElement$0(ExpectedConditions.java:883)
	at java.util.Optional.orElseThrow(Unknown Source)
	at org.openqa.selenium.support.ui.ExpectedConditions.findElement(ExpectedConditions.java:882)
	at org.openqa.selenium.support.ui.ExpectedConditions.access$000(ExpectedConditions.java:44)
	at org.openqa.selenium.support.ui.ExpectedConditions$7.apply(ExpectedConditions.java:206)
	at org.openqa.selenium.support.ui.ExpectedConditions$7.apply(ExpectedConditions.java:202)
	at org.openqa.selenium.support.ui.FluentWait.until(FluentWait.java:209)
	... 26 more
]]>
    </failure>
  </testcase> <!-- TS007_VerifyLineDigitalShowroomHeroComponentProductsComponentCountTest -->
  <testcase name="TS005_VerifyLineDigitalShowroomHeroComponentAddNoteTest" time="50.682" classname="atlantamarket_PROD.LineDigitalShowroom">
    <failure type="org.openqa.selenium.TimeoutException" message="Expected condition failed: waiting for visibility of element located by By.xpath: //div[@ID=&#039;react-autowhatever-input-1&#039;] (tried for 30 second(s) with 500 MILLISECONDS interval)
Build info: version: &#039;3.4.0&#039;, revision: &#039;unknown&#039;, time: &#039;unknown&#039;
System info: host: &#039;NILAMMA-W10&#039;, ip: &#039;192.168.68.2&#039;, os.name: &#039;Windows 10&#039;, os.arch: &#039;amd64&#039;, os.version: &#039;10.0&#039;, java.version: &#039;1.8.0_161&#039;
Driver info: org.openqa.selenium.chrome.ChromeDriver
Capabilities [{networkConnectionEnabled=false, chrome={chromedriverVersion=111.0.5563.64 (c710e93d5b63b7095afe8c2c17df34408078439d-refs/branch-heads/5563@{#995}), userDataDir=C:\Users\nilamma\AppData\Local\Temp\scoped_dir17868_336354067}, timeouts={implicit=0.0, pageLoad=300000.0, script=30000.0}, pageLoadStrategy=normal, unhandledPromptBehavior=dismiss and notify, strictFileInteractability=false, platform=ANY, proxy=Proxy(), webauthn:extension:minPinLength=true, goog:chromeOptions={debuggerAddress=localhost:51834}, webauthn:extension:credBlob=true, webauthn:extension:prf=true, acceptInsecureCerts=false, browserVersion=111.0.5563.65, browserName=chrome, javascriptEnabled=true, platformName=windows, setWindowRect=true, webauthn:extension:largeBlob=true, webauthn:virtualAuthenticators=true}]
Session ID: f676ab9a68b36d40989ec7ff95cae00c">
      <![CDATA[org.openqa.selenium.TimeoutException: Expected condition failed: waiting for visibility of element located by By.xpath: //div[@ID='react-autowhatever-input-1'] (tried for 30 second(s) with 500 MILLISECONDS interval)
Build info: version: '3.4.0', revision: 'unknown', time: 'unknown'
System info: host: 'NILAMMA-W10', ip: '192.168.68.2', os.name: 'Windows 10', os.arch: 'amd64', os.version: '10.0', java.version: '1.8.0_161'
Driver info: org.openqa.selenium.chrome.ChromeDriver
Capabilities [{networkConnectionEnabled=false, chrome={chromedriverVersion=111.0.5563.64 (c710e93d5b63b7095afe8c2c17df34408078439d-refs/branch-heads/5563@{#995}), userDataDir=C:\Users\nilamma\AppData\Local\Temp\scoped_dir17868_336354067}, timeouts={implicit=0.0, pageLoad=300000.0, script=30000.0}, pageLoadStrategy=normal, unhandledPromptBehavior=dismiss and notify, strictFileInteractability=false, platform=ANY, proxy=Proxy(), webauthn:extension:minPinLength=true, goog:chromeOptions={debuggerAddress=localhost:51834}, webauthn:extension:credBlob=true, webauthn:extension:prf=true, acceptInsecureCerts=false, browserVersion=111.0.5563.65, browserName=chrome, javascriptEnabled=true, platformName=windows, setWindowRect=true, webauthn:extension:largeBlob=true, webauthn:virtualAuthenticators=true}]
Session ID: f676ab9a68b36d40989ec7ff95cae00c
	at org.openqa.selenium.support.ui.WebDriverWait.timeoutException(WebDriverWait.java:80)
	at org.openqa.selenium.support.ui.FluentWait.until(FluentWait.java:232)
	at pageObjects.AtlantaMarket.ATLLineDigitalShowroomPage.getsuggetionList(ATLLineDigitalShowroomPage.java:132)
	at atlantamarket_PROD.LineDigitalShowroom.TS005_VerifyLineDigitalShowroomHeroComponentAddNoteTest(LineDigitalShowroom.java:380)
	at sun.reflect.NativeMethodAccessorImpl.invoke0(Native Method)
	at sun.reflect.NativeMethodAccessorImpl.invoke(Unknown Source)
	at sun.reflect.DelegatingMethodAccessorImpl.invoke(Unknown Source)
	at java.lang.reflect.Method.invoke(Unknown Source)
	at org.testng.internal.MethodInvocationHelper.invokeMethod(MethodInvocationHelper.java:80)
	at org.testng.internal.Invoker.invokeMethod(Invoker.java:714)
	at org.testng.internal.Invoker.invokeTestMethod(Invoker.java:901)
	at org.testng.internal.Invoker.invokeTestMethods(Invoker.java:1231)
	at org.testng.internal.TestMethodWorker.invokeTestMethods(TestMethodWorker.java:127)
	at org.testng.internal.TestMethodWorker.run(TestMethodWorker.java:111)
	at org.testng.TestRunner.privateRun(TestRunner.java:767)
	at org.testng.TestRunner.run(TestRunner.java:617)
	at org.testng.SuiteRunner.runTest(SuiteRunner.java:334)
	at org.testng.SuiteRunner.runSequentially(SuiteRunner.java:329)
	at org.testng.SuiteRunner.privateRun(SuiteRunner.java:291)
	at org.testng.SuiteRunner.run(SuiteRunner.java:240)
	at org.testng.SuiteRunnerWorker.runSuite(SuiteRunnerWorker.java:52)
	at org.testng.SuiteRunnerWorker.run(SuiteRunnerWorker.java:86)
	at org.testng.TestNG.runSuitesSequentially(TestNG.java:1198)
	at org.testng.TestNG.runSuitesLocally(TestNG.java:1123)
	at org.testng.TestNG.run(TestNG.java:1031)
	at org.testng.remote.AbstractRemoteTestNG.run(AbstractRemoteTestNG.java:132)
	at org.testng.remote.RemoteTestNG.initAndRun(RemoteTestNG.java:236)
	at org.testng.remote.RemoteTestNG.main(RemoteTestNG.java:81)
]]>
    </failure>
  </testcase> <!-- TS005_VerifyLineDigitalShowroomHeroComponentAddNoteTest -->
>>>>>>> 5f5ad5b0ab3ea66972ee4c4b3e138b88585ce5a6
</testsuite> <!-- atlantamarket_PROD.LineDigitalShowroom -->
