<?xml version="1.0" encoding="UTF-8"?>
<!-- Generated by org.testng.reporters.JUnitReportReporter -->
<testsuite hostname="EON-prasannsheelb" failures="0" tests="1" name="lasvegasmarket_PROD.GlobalSearch_SuggestionList" time="13.555" errors="0" timestamp="28 Dec 2023 06:53:38 GMT">
  <testcase classname="lasvegasmarket_PROD.GlobalSearch_SuggestionList" name="TS002_VerifySelectionOfLineFromAutoSuggestionListTest" time="13.555"/>
</testsuite> <!-- lasvegasmarket_PROD.GlobalSearch_SuggestionList -->
