<?xml version="1.0" encoding="UTF-8"?>
<!-- Generated by org.testng.reporters.JUnitReportReporter -->
<testsuite hostname="Anuppa-VD3" name="atlantamarket_PROD.GlobalSearch_LineActions" tests="1" failures="0" timestamp="23 Jan 2024 14:09:01 GMT" time="46.502" errors="0">
  <testcase name="TS004_VerifyClickOnTotalProductsSeeAllLinkForLineTest" time="46.502" classname="atlantamarket_PROD.GlobalSearch_LineActions"/>
</testsuite> <!-- atlantamarket_PROD.GlobalSearch_LineActions -->
