<?xml version="1.0" encoding="UTF-8"?>
<!-- Generated by org.testng.reporters.JUnitReportReporter -->
<testsuite hostname="Anuppa-VD3" name="lasvegasmarket_PROD.GlobalSearch_MatchingResults" tests="4" failures="0" timestamp="12 Oct 2023 05:31:55 GMT" time="911.216" errors="0">
  <testcase name="TS002_VerifyGlobalSearchMatchingResultsSortWithinTest" time="459.474" classname="lasvegasmarket_PROD.GlobalSearch_MatchingResults"/>
  <testcase name="TS001_VerifyGlobalSearchContainsAndStartsWithTest" time="315.333" classname="lasvegasmarket_PROD.GlobalSearch_MatchingResults"/>
  <testcase name="TS004_VerifyGlobalSearchMatchingResultsSortFilterByNameTest" time="64.499" classname="lasvegasmarket_PROD.GlobalSearch_MatchingResults"/>
  <testcase name="TS003_VerifyGlobalSearchMatchingResultsSortSortByTest" time="71.910" classname="lasvegasmarket_PROD.GlobalSearch_MatchingResults"/>
</testsuite> <!-- lasvegasmarket_PROD.GlobalSearch_MatchingResults -->
