<?xml version="1.0" encoding="UTF-8"?>
<!-- Generated by org.testng.reporters.JUnitReportReporter -->
<testsuite hostname="EON-prasannsheelb" failures="0" tests="9" name="atlantamarket_PROD.FloorPlans" time="203.990" errors="0" timestamp="29 Nov 2023 12:06:38 GMT">
  <testcase classname="atlantamarket_PROD.FloorPlans" name="TS009_VerifySearchFunctionalityForExhListOnFloorPlansPageTest" time="37.093"/>
  <testcase classname="atlantamarket_PROD.FloorPlans" name="TS002_VerifyNoExhibitorsOnThisFloorMessageTest" time="3.223"/>
  <testcase classname="atlantamarket_PROD.FloorPlans" name="TS005_VerifyFunctionalityOfFiltersOnFloorPlansPageTest" time="35.220"/>
  <testcase classname="atlantamarket_PROD.FloorPlans" name="TS004_VerifyIconsOnFloorPlansPageTest" time="25.911"/>
  <testcase classname="atlantamarket_PROD.FloorPlans" name="TS003_VerifyZoomInOutLevelOnFloorPlansPageTest" time="11.177"/>
  <testcase classname="atlantamarket_PROD.FloorPlans" name="TS006_VerifyPaginationOnFloorPlansPageTest" time="24.465"/>
  <testcase classname="atlantamarket_PROD.FloorPlans" name="TS007_VerifySelectionOfExhibitorOnFloorPlansPageTest" time="39.024"/>
  <testcase classname="atlantamarket_PROD.FloorPlans" name="TS008_VerifyClickOnReturnToBuildingListBtnTest" time="7.617"/>
  <testcase classname="atlantamarket_PROD.FloorPlans" name="TS001_VerifyNavigationToDifferentFloorBuildingsTest" time="20.260"/>
</testsuite> <!-- atlantamarket_PROD.FloorPlans -->
