<?xml version="1.0" encoding="UTF-8"?>
<!-- Generated by org.testng.reporters.JUnitReportReporter -->
<testsuite hostname="Anuppa-VD3" name="lasvegasmarket_UAT.GlobalSearch_MatchingResults" tests="1" failures="0" timestamp="7 Nov 2023 10:57:46 GMT" time="24.740" errors="0">
  <testcase name="TS004_VerifyGlobalSearchMatchingResultsSortFilterByNameTest" time="24.740" classname="lasvegasmarket_UAT.GlobalSearch_MatchingResults"/>
</testsuite> <!-- lasvegasmarket_UAT.GlobalSearch_MatchingResults -->
