<?xml version="1.0" encoding="UTF-8"?>
<!-- Generated by org.testng.reporters.JUnitReportReporter -->
<testsuite hostname="Anuppa-VD3" name="lasvegasmarket_PROD.GlobalSearch_SearchFor" tests="1" failures="0" timestamp="5 Dec 2023 07:05:21 GMT" time="102.889" errors="0">
  <testcase name="TS009_VerifyEventsFiltersFunctionalityInGlobalSearchTest" time="102.889" classname="lasvegasmarket_PROD.GlobalSearch_SearchFor"/>
</testsuite> <!-- lasvegasmarket_PROD.GlobalSearch_SearchFor -->
