<?xml version="1.0" encoding="UTF-8"?>
<!-- Generated by org.testng.reporters.JUnitReportReporter -->
<testsuite skipped="1" hostname="Anuppa-VD3" name="atlantamarket_PROD.ShowSpecials" tests="2" failures="0" timestamp="21 Aug 2024 12:35:41 GMT" time="28.061" errors="0">
  <testcase name="TS002_VerifyLocationLinksForShowSpecialsTest" time="28.061" classname="atlantamarket_PROD.ShowSpecials"/>
  <testcase name="verifyMPLoginFunctionality" classname="atlantamarket_PROD.ShowSpecials">
    <skipped/>
  </testcase> <!-- verifyMPLoginFunctionality -->
</testsuite> <!-- atlantamarket_PROD.ShowSpecials -->
