<?xml version="1.0" encoding="UTF-8"?>
<!-- Generated by org.testng.reporters.JUnitReportReporter -->
<testsuite hostname="CVC2446" failures="0" tests="3" name="lasvegasmarket_PROD.GlobalSearch_SuggestionList" time="82.141" errors="0" timestamp="2025-05-05T23:29:27 IST" skipped="0">
  <testcase classname="lasvegasmarket_PROD.GlobalSearch_SuggestionList" name="TS001_VerifySelectionOfExhibitorFromAutoSuggestionListTest" time="29.604"/>
  <system-out/>
  <testcase classname="lasvegasmarket_PROD.GlobalSearch_SuggestionList" name="TS002_VerifySelectionOfLineFromAutoSuggestionListTest" time="26.319"/>
  <system-out/>
  <testcase classname="lasvegasmarket_PROD.GlobalSearch_SuggestionList" name="TS003_VerifySelectionOfProductFromAutoSuggestionListTest" time="26.218"/>
  <system-out/>
</testsuite> <!-- lasvegasmarket_PROD.GlobalSearch_SuggestionList -->
