<?xml version="1.0" encoding="UTF-8"?>
<!-- Generated by org.testng.reporters.JUnitReportReporter -->
<testsuite hostname="swapnili" name="atlantamarket.AtlantaMarketRegressTest_UAT" tests="1" failures="0" timestamp="1 Jun 2022 09:07:58 GMT" time="5.709" errors="0">
  <testcase name="TS018_VerifyLinesActionsLocationLinksTest" time="5.709" classname="atlantamarket.AtlantaMarketRegressTest_UAT"/>
</testsuite> <!-- atlantamarket.AtlantaMarketRegressTest_UAT -->
