<?xml version="1.0" encoding="UTF-8"?>
<!-- Generated by org.testng.reporters.JUnitReportReporter -->
<testsuite hostname="Anuppa-VD3" name="atlantamarket_UAT.GlobalSearch_MatchingResults" tests="1" failures="0" timestamp="30 Jan 2024 11:33:26 GMT" time="19.645" errors="0">
  <testcase name="TS004_VerifyGlobalSearchMatchingResultsSortFilterByNameTest" time="19.645" classname="atlantamarket_UAT.GlobalSearch_MatchingResults"/>
</testsuite> <!-- atlantamarket_UAT.GlobalSearch_MatchingResults -->
