<?xml version="1.0" encoding="UTF-8"?>
<!-- Generated by org.testng.reporters.JUnitReportReporter -->
<testsuite hostname="eon-swapnili" name="atlantamarket_PROD.FloorPlans" tests="2" failures="0" timestamp="2 Feb 2024 07:00:37 GMT" time="103.567" errors="0">
  <testcase name="TS004_VerifyIconsOnFloorPlansPageTest" time="64.676" classname="atlantamarket_PROD.FloorPlans"/>
  <testcase name="TS005_VerifyFunctionalityOfFiltersOnFloorPlansPageTest" time="38.891" classname="atlantamarket_PROD.FloorPlans"/>
</testsuite> <!-- atlantamarket_PROD.FloorPlans -->
