<?xml version="1.0" encoding="UTF-8"?>
<!-- Generated by org.testng.reporters.JUnitReportReporter -->
<testsuite hostname="CVC2446" failures="0" tests="2" name="lasvegasmarket_PROD.ShowSpecials" time="40.779" errors="0" timestamp="2025-04-10T11:51:08 IST" skipped="0">
  <testcase classname="lasvegasmarket_PROD.ShowSpecials" name="TS001_VerifyViewBrandDetailsLinkForShowSpecialsTest" time="21.508"/>
  <system-out/>
  <testcase classname="lasvegasmarket_PROD.ShowSpecials" name="TS002_VerifyShowroomLinkForShowSpecialsTest" time="19.271"/>
  <system-out/>
</testsuite> <!-- lasvegasmarket_PROD.ShowSpecials -->
