<?xml version="1.0" encoding="UTF-8"?>
<!-- Generated by org.testng.reporters.JUnitReportReporter -->
<testsuite hostname="eon-swapnili" name="lasvegasmarket_UAT.EvenntsAndWebinar" tests="1" failures="0" timestamp="7 Feb 2024 10:10:20 GMT" time="34.883" errors="0">
  <testcase name="TS010_VerifyExhibitorEventsCalendarViewTest" time="34.883" classname="lasvegasmarket_UAT.EvenntsAndWebinar"/>
</testsuite> <!-- lasvegasmarket_UAT.EvenntsAndWebinar -->
