<?xml version="1.0" encoding="UTF-8"?>
<!-- Generated by org.testng.reporters.JUnitReportReporter -->
<testsuite hostname="NILAMMA-W10" name="atlantamarket.GlobalSearch_LineActions" tests="10" failures="0" timestamp="13 Jun 2022 09:16:30 GMT" time="517.206" errors="1">
  <testcase name="TS003_VerifyAddToFavoriteForLineTest" time="52.277" classname="atlantamarket.GlobalSearch_LineActions"/>
  <testcase name="TS008_VerifyClickOnLocationLinkForLineTest" time="34.627" classname="atlantamarket.GlobalSearch_LineActions"/>
  <testcase name="TS002_VerifyClickOnContactExhIconForLineTest" time="22.929" classname="atlantamarket.GlobalSearch_LineActions"/>
  <testcase name="TS004_VerifyClickOnOrderOnJuniperMarketBtnForLineTest" time="36.313" classname="atlantamarket.GlobalSearch_LineActions"/>
  <testcase name="TS010_VerifyClickOnTotalProductsSeeAllLinkForLineTest" time="76.538" classname="atlantamarket.GlobalSearch_LineActions"/>
  <testcase name="TS009_VerifyClickOnMatchingProductsSeeAllLinkForLineTest" time="47.068" classname="atlantamarket.GlobalSearch_LineActions">
    <error type="java.lang.AssertionError" message="expected [59727] but found [59730]">
      <![CDATA[java.lang.AssertionError: expected [59727] but found [59730]
	at org.testng.Assert.fail(Assert.java:94)
	at org.testng.Assert.failNotEquals(Assert.java:494)
	at org.testng.Assert.assertEquals(Assert.java:123)
	at org.testng.Assert.assertEquals(Assert.java:176)
	at org.testng.Assert.assertEquals(Assert.java:186)
	at atlantamarket.GlobalSearch_LineActions.TS009_VerifyClickOnMatchingProductsSeeAllLinkForLineTest(GlobalSearch_LineActions.java:436)
	at sun.reflect.NativeMethodAccessorImpl.invoke0(Native Method)
	at sun.reflect.NativeMethodAccessorImpl.invoke(Unknown Source)
	at sun.reflect.DelegatingMethodAccessorImpl.invoke(Unknown Source)
	at java.lang.reflect.Method.invoke(Unknown Source)
	at org.testng.internal.MethodInvocationHelper.invokeMethod(MethodInvocationHelper.java:80)
	at org.testng.internal.Invoker.invokeMethod(Invoker.java:714)
	at org.testng.internal.Invoker.invokeTestMethod(Invoker.java:901)
	at org.testng.internal.Invoker.invokeTestMethods(Invoker.java:1231)
	at org.testng.internal.TestMethodWorker.invokeTestMethods(TestMethodWorker.java:127)
	at org.testng.internal.TestMethodWorker.run(TestMethodWorker.java:111)
	at org.testng.TestRunner.privateRun(TestRunner.java:767)
	at org.testng.TestRunner.run(TestRunner.java:617)
	at org.testng.SuiteRunner.runTest(SuiteRunner.java:334)
	at org.testng.SuiteRunner.runSequentially(SuiteRunner.java:329)
	at org.testng.SuiteRunner.privateRun(SuiteRunner.java:291)
	at org.testng.SuiteRunner.run(SuiteRunner.java:240)
	at org.testng.SuiteRunnerWorker.runSuite(SuiteRunnerWorker.java:52)
	at org.testng.SuiteRunnerWorker.run(SuiteRunnerWorker.java:86)
	at org.testng.TestNG.runSuitesSequentially(TestNG.java:1198)
	at org.testng.TestNG.runSuitesLocally(TestNG.java:1123)
	at org.testng.TestNG.run(TestNG.java:1031)
	at org.testng.remote.AbstractRemoteTestNG.run(AbstractRemoteTestNG.java:132)
	at org.testng.remote.RemoteTestNG.initAndRun(RemoteTestNG.java:236)
	at org.testng.remote.RemoteTestNG.main(RemoteTestNG.java:81)
]]>
    </error>
  </testcase> <!-- TS009_VerifyClickOnMatchingProductsSeeAllLinkForLineTest -->
  <testcase name="TS001_VerifyMarketPlannerLoginTest" time="56.527" classname="atlantamarket.GlobalSearch_LineActions"/>
  <testcase name="TS007_VerifyClickOnShownByExhibitorNameLinkForLineTest" time="37.225" classname="atlantamarket.GlobalSearch_LineActions"/>
  <testcase name="TS005_VerifyAddToNewListForLineTest" time="76.880" classname="atlantamarket.GlobalSearch_LineActions"/>
  <testcase name="TS006_VerifyAddToExistingListForLineTest" time="76.822" classname="atlantamarket.GlobalSearch_LineActions"/>
</testsuite> <!-- atlantamarket.GlobalSearch_LineActions -->
