<?xml version="1.0" encoding="UTF-8"?>
<!-- Generated by org.testng.reporters.JUnitReportReporter -->
<testsuite hostname="Anuppa-VD3" name="atlantamarket_PROD.ExhibitorDigitalShowroom" tests="1" failures="0" timestamp="27 Apr 2023 04:18:28 GMT" time="46.862" errors="0">
  <testcase name="TS012_VerifySeeInOtherMarketsForExhibitorTest" time="46.862" classname="atlantamarket_PROD.ExhibitorDigitalShowroom"/>
</testsuite> <!-- atlantamarket_PROD.ExhibitorDigitalShowroom -->
