<?xml version="1.0" encoding="UTF-8"?>
<!-- Generated by org.testng.reporters.JUnitReportReporter -->
<testsuite hostname="eon-swapnili" name="lasvegasmarket_PROD.ExhibitorDigitalShowroom" tests="15" failures="0" timestamp="13 Mar 2024 12:45:08 GMT" time="612.389" errors="1">
  <testcase name="TS006_VerifyExhibitorDigitalShowroomLinesComponentSeeAllLinesTest" time="30.683" classname="lasvegasmarket_PROD.ExhibitorDigitalShowroom"/>
  <testcase name="TS013_VerifyCatalogsSectionForExhibitorTest" time="38.336" classname="lasvegasmarket_PROD.ExhibitorDigitalShowroom"/>
  <testcase name="TS009_VerifyExhibitorDigitalShowroomCatalogsComponentSeeAllCatalogsTest" time="36.655" classname="lasvegasmarket_PROD.ExhibitorDigitalShowroom"/>
  <testcase name="TS003_VerifyClickOnProductShownLinkForExhibitorTest" time="54.968" classname="lasvegasmarket_PROD.ExhibitorDigitalShowroom"/>
  <testcase name="TS012_VerifyExhibitorDigitalEventsComponentTest" time="60.429" classname="lasvegasmarket_PROD.ExhibitorDigitalShowroom"/>
  <testcase name="TS004_VerifyClickOnLineFiltersForExhibitorTest" time="34.441" classname="lasvegasmarket_PROD.ExhibitorDigitalShowroom"/>
  <testcase name="TS002_VerifyClickOnTotalLinesSeeAllLinesForExhibitorTest" time="53.220" classname="lasvegasmarket_PROD.ExhibitorDigitalShowroom"/>
  <testcase name="TS007_VerifyExhibitorDigitalShowroomProductsComponentSeeAllProductsTest" time="33.325" classname="lasvegasmarket_PROD.ExhibitorDigitalShowroom"/>
  <testcase name="TS011_VerifyExhibitorDigitalShowroomHeroComponentView3DShowroomTest" time="35.319" classname="lasvegasmarket_PROD.ExhibitorDigitalShowroom"/>
  <testcase name="TS010_VerifyExhibitorDigitalShowroomHeroComponentVisitExhibitorsiteTest" time="32.371" classname="lasvegasmarket_PROD.ExhibitorDigitalShowroom"/>
  <testcase name="TS008_VerifySeeInOtherMarketsForExhibitorTest" time="63.879" classname="lasvegasmarket_PROD.ExhibitorDigitalShowroom">
    <error type="org.openqa.selenium.TimeoutException" message="Expected condition failed: waiting for visibility of element located by By.xpath: //button[@class = &#039;imc-button imc-button--full-bleed-mobile imc-button--primary-inverted imc-margin--all--none&#039;] (tried for 30 second(s) with 500 milliseconds interval)">
      <![CDATA[org.openqa.selenium.TimeoutException: Expected condition failed: waiting for visibility of element located by By.xpath: //button[@class = 'imc-button imc-button--full-bleed-mobile imc-button--primary-inverted imc-margin--all--none'] (tried for 30 second(s) with 500 milliseconds interval)
	at org.openqa.selenium.support.ui.WebDriverWait.timeoutException(WebDriverWait.java:95)
	at org.openqa.selenium.support.ui.FluentWait.until(FluentWait.java:272)
	at pageObjects.LasVegasMarket.LVMExhDigiShowroomPage.getSeeInOtherMarket(LVMExhDigiShowroomPage.java:462)
	at lasvegasmarket_PROD.ExhibitorDigitalShowroom.TS008_VerifySeeInOtherMarketsForExhibitorTest(ExhibitorDigitalShowroom.java:380)
	at sun.reflect.NativeMethodAccessorImpl.invoke0(Native Method)
	at sun.reflect.NativeMethodAccessorImpl.invoke(Unknown Source)
	at sun.reflect.DelegatingMethodAccessorImpl.invoke(Unknown Source)
	at java.lang.reflect.Method.invoke(Unknown Source)
	at org.testng.internal.MethodInvocationHelper.invokeMethod(MethodInvocationHelper.java:86)
	at org.testng.internal.Invoker.invokeMethod(Invoker.java:645)
	at org.testng.internal.Invoker.invokeTestMethod(Invoker.java:822)
	at org.testng.internal.Invoker.invokeTestMethods(Invoker.java:1130)
	at org.testng.internal.TestMethodWorker.invokeTestMethods(TestMethodWorker.java:129)
	at org.testng.internal.TestMethodWorker.run(TestMethodWorker.java:112)
	at org.testng.TestRunner.privateRun(TestRunner.java:782)
	at org.testng.TestRunner.run(TestRunner.java:632)
	at org.testng.SuiteRunner.runTest(SuiteRunner.java:366)
	at org.testng.SuiteRunner.runSequentially(SuiteRunner.java:361)
	at org.testng.SuiteRunner.privateRun(SuiteRunner.java:319)
	at org.testng.SuiteRunner.run(SuiteRunner.java:268)
	at org.testng.SuiteRunnerWorker.runSuite(SuiteRunnerWorker.java:52)
	at org.testng.SuiteRunnerWorker.run(SuiteRunnerWorker.java:86)
	at org.testng.TestNG.runSuitesSequentially(TestNG.java:1244)
	at org.testng.TestNG.runSuitesLocally(TestNG.java:1169)
	at org.testng.TestNG.run(TestNG.java:1064)
	at org.testng.remote.RemoteTestNG.run(RemoteTestNG.java:113)
	at org.testng.remote.RemoteTestNG.initAndRun(RemoteTestNG.java:206)
	at org.testng.remote.RemoteTestNG.main(RemoteTestNG.java:177)
Caused by: org.openqa.selenium.NoSuchElementException: no such element: Unable to locate element: {"method":"xpath","selector":"//button[@class = 'imc-button imc-button--full-bleed-mobile imc-button--primary-inverted imc-margin--all--none']"}
  (Session info: chrome=122.0.6261.112)
For documentation on this error, please visit: https://www.seleniumhq.org/exceptions/no_such_element.html
Build info: version: '3.141.59', revision: 'e82be7d358', time: '2018-11-14T08:17:03'
System info: host: 'EON-SWAPNILI', ip: '172.22.90.18', os.name: 'Windows 10', os.arch: 'amd64', os.version: '10.0', java.version: '1.8.0_311'
Driver info: org.openqa.selenium.chrome.ChromeDriver
Capabilities {acceptInsecureCerts: false, browserName: chrome, browserVersion: 122.0.6261.112, chrome: {chromedriverVersion: 122.0.6261.128 (f18a44fedeb..., userDataDir: C:\Users\swapnili\AppData\L...}, fedcm:accounts: true, goog:chromeOptions: {debuggerAddress: localhost:54762}, javascriptEnabled: true, networkConnectionEnabled: false, pageLoadStrategy: normal, platform: WINDOWS, platformName: WINDOWS, proxy: Proxy(), setWindowRect: true, strictFileInteractability: false, timeouts: {implicit: 0, pageLoad: 300000, script: 30000}, unhandledPromptBehavior: dismiss and notify, webauthn:extension:credBlob: true, webauthn:extension:largeBlob: true, webauthn:extension:minPinLength: true, webauthn:extension:prf: true, webauthn:virtualAuthenticators: true}
Session ID: 4c1e7276d7a2f86aea74ce403c44eb48
*** Element info: {Using=xpath, value=//button[@class = 'imc-button imc-button--full-bleed-mobile imc-button--primary-inverted imc-margin--all--none']}
	at sun.reflect.NativeConstructorAccessorImpl.newInstance0(Native Method)
	at sun.reflect.NativeConstructorAccessorImpl.newInstance(Unknown Source)
	at sun.reflect.DelegatingConstructorAccessorImpl.newInstance(Unknown Source)
	at java.lang.reflect.Constructor.newInstance(Unknown Source)
	at org.openqa.selenium.remote.http.W3CHttpResponseCodec.createException(W3CHttpResponseCodec.java:187)
	at org.openqa.selenium.remote.http.W3CHttpResponseCodec.decode(W3CHttpResponseCodec.java:122)
	at org.openqa.selenium.remote.http.W3CHttpResponseCodec.decode(W3CHttpResponseCodec.java:49)
	at org.openqa.selenium.remote.HttpCommandExecutor.execute(HttpCommandExecutor.java:158)
	at org.openqa.selenium.remote.service.DriverCommandExecutor.execute(DriverCommandExecutor.java:83)
	at org.openqa.selenium.remote.RemoteWebDriver.execute(RemoteWebDriver.java:552)
	at org.openqa.selenium.remote.RemoteWebDriver.findElement(RemoteWebDriver.java:323)
	at org.openqa.selenium.remote.RemoteWebDriver.findElementByXPath(RemoteWebDriver.java:428)
	at org.openqa.selenium.By$ByXPath.findElement(By.java:353)
	at org.openqa.selenium.remote.RemoteWebDriver.findElement(RemoteWebDriver.java:315)
	at org.openqa.selenium.support.ui.ExpectedConditions$7.apply(ExpectedConditions.java:205)
	at org.openqa.selenium.support.ui.ExpectedConditions$7.apply(ExpectedConditions.java:201)
	at org.openqa.selenium.support.ui.FluentWait.until(FluentWait.java:249)
	... 26 more
]]>
    </error>
  </testcase> <!-- TS008_VerifySeeInOtherMarketsForExhibitorTest -->
  <testcase name="TS001_VerifyClickOnLocationLinksForExhibitorDigitalShowroomTest" time="36.493" classname="lasvegasmarket_PROD.ExhibitorDigitalShowroom"/>
  <testcase name="TS014_VerifyExhibitorDigitalShowroomShowSpecialsTest" time="47.825" classname="lasvegasmarket_PROD.ExhibitorDigitalShowroom"/>
  <testcase name="TS005_VerifyClickOnLineSearchForExhibitorTest" time="33.108" classname="lasvegasmarket_PROD.ExhibitorDigitalShowroom"/>
  <testcase name="TS015_VerifyExhibitorDigitalShowroomHeroComponentContactExhibitorTest" time="21.337" classname="lasvegasmarket_PROD.ExhibitorDigitalShowroom"/>
</testsuite> <!-- lasvegasmarket_PROD.ExhibitorDigitalShowroom -->
