<?xml version="1.0" encoding="UTF-8"?>
<!-- Generated by org.testng.reporters.JUnitReportReporter -->
<testsuite hostname="Anuppa-VD3" name="lasvegasmarket_UAT.FloorPlans" tests="1" failures="0" timestamp="1 Mar 2023 12:53:55 GMT" time="37.371" errors="0">
  <testcase name="TS004_VerifyIconsOnFloorPlansPageTest" time="37.371" classname="lasvegasmarket_UAT.FloorPlans"/>
</testsuite> <!-- lasvegasmarket_UAT.FloorPlans -->
