<?xml version="1.0" encoding="UTF-8"?>
<!-- Generated by org.testng.reporters.JUnitReportReporter -->
<testsuite hostname="swapnili" name="atlantamarket_UAT.MarketPlanner" tests="1" failures="0" timestamp="23 Aug 2022 11:10:12 GMT" time="191.798" errors="0">
  <testcase name="TS025_VerifyMarketPlannerListsManagementFilterOptionsFunctionalityTest" time="191.798" classname="atlantamarket_UAT.MarketPlanner"/>
</testsuite> <!-- atlantamarket_UAT.MarketPlanner -->
