<?xml version="1.0" encoding="UTF-8"?>
<!-- Generated by org.testng.reporters.JUnitReportReporter -->
<testsuite hostname="NILAMMA-W10" name="atlantamarket_PROD.ExhibitorDigitalShowroom" tests="1" failures="0" timestamp="22 Nov 2022 09:21:10 GMT" time="61.049" errors="0">
  <testcase name="TS009_VerifyClickOnLineSearchForExhibitorTest" time="61.049" classname="atlantamarket_PROD.ExhibitorDigitalShowroom"/>
</testsuite> <!-- atlantamarket_PROD.ExhibitorDigitalShowroom -->
