<?xml version="1.0" encoding="UTF-8"?>
<!-- Generated by org.testng.reporters.JUnitReportReporter -->
<testsuite hostname="Anuppa-VD3" name="atlantamarket_PROD.EvenntsAndWebinar" tests="9" failures="0" timestamp="4 Jan 2024 08:31:22 GMT" time="2422.429" errors="1">
  <testcase name="TS007_VerifyExhibitorEventsCalendarViewTest" time="71.439" classname="atlantamarket_PROD.EvenntsAndWebinar"/>
  <testcase name="TS008_VerifyExhibitorEventsListTest" time="1255.501" classname="atlantamarket_PROD.EvenntsAndWebinar"/>
  <testcase name="TS004_VerifyIMCEventsEventsListTest" time="28.326" classname="atlantamarket_PROD.EvenntsAndWebinar">
    <error type="java.lang.AssertionError" message="expected [true] but found [false]">
      <![CDATA[java.lang.AssertionError: expected [true] but found [false]
	at org.testng.Assert.fail(Assert.java:94)
	at org.testng.Assert.failNotEquals(Assert.java:494)
	at org.testng.Assert.assertTrue(Assert.java:42)
	at org.testng.Assert.assertTrue(Assert.java:52)
	at atlantamarket_PROD.EvenntsAndWebinar.TS004_VerifyIMCEventsEventsListTest(EvenntsAndWebinar.java:308)
	at sun.reflect.NativeMethodAccessorImpl.invoke0(Native Method)
	at sun.reflect.NativeMethodAccessorImpl.invoke(Unknown Source)
	at sun.reflect.DelegatingMethodAccessorImpl.invoke(Unknown Source)
	at java.lang.reflect.Method.invoke(Unknown Source)
	at org.testng.internal.MethodInvocationHelper.invokeMethod(MethodInvocationHelper.java:80)
	at org.testng.internal.Invoker.invokeMethod(Invoker.java:714)
	at org.testng.internal.Invoker.invokeTestMethod(Invoker.java:901)
	at org.testng.internal.Invoker.invokeTestMethods(Invoker.java:1231)
	at org.testng.internal.TestMethodWorker.invokeTestMethods(TestMethodWorker.java:127)
	at org.testng.internal.TestMethodWorker.run(TestMethodWorker.java:111)
	at org.testng.TestRunner.privateRun(TestRunner.java:767)
	at org.testng.TestRunner.run(TestRunner.java:617)
	at org.testng.SuiteRunner.runTest(SuiteRunner.java:334)
	at org.testng.SuiteRunner.runSequentially(SuiteRunner.java:329)
	at org.testng.SuiteRunner.privateRun(SuiteRunner.java:291)
	at org.testng.SuiteRunner.run(SuiteRunner.java:240)
	at org.testng.SuiteRunnerWorker.runSuite(SuiteRunnerWorker.java:52)
	at org.testng.SuiteRunnerWorker.run(SuiteRunnerWorker.java:86)
	at org.testng.TestNG.runSuitesSequentially(TestNG.java:1198)
	at org.testng.TestNG.runSuitesLocally(TestNG.java:1123)
	at org.testng.TestNG.run(TestNG.java:1031)
	at org.testng.remote.AbstractRemoteTestNG.run(AbstractRemoteTestNG.java:126)
	at org.testng.remote.RemoteTestNG.initAndRun(RemoteTestNG.java:137)
	at org.testng.remote.RemoteTestNG.main(RemoteTestNG.java:58)
]]>
    </error>
  </testcase> <!-- TS004_VerifyIMCEventsEventsListTest -->
  <testcase name="TS001_VerifyEventsAndWebinarsOverviewTest" time="18.213" classname="atlantamarket_PROD.EvenntsAndWebinar"/>
  <testcase name="TS005_VerifyIMCEventsEventDetailstTest" time="884.886" classname="atlantamarket_PROD.EvenntsAndWebinar"/>
  <testcase name="TS006_VerifyExhibitorEventsSearchbarTest" time="31.336" classname="atlantamarket_PROD.EvenntsAndWebinar"/>
  <testcase name="TS009_VerifyExhibitorEventsDetailstTest" time="37.233" classname="atlantamarket_PROD.EvenntsAndWebinar"/>
  <testcase name="TS002_VerifyIMCEventsSearchbarTest" time="29.920" classname="atlantamarket_PROD.EvenntsAndWebinar"/>
  <testcase name="TS003_VerifyIMCEventsCalendarViewTest" time="65.575" classname="atlantamarket_PROD.EvenntsAndWebinar"/>
</testsuite> <!-- atlantamarket_PROD.EvenntsAndWebinar -->
