<?xml version="1.0" encoding="UTF-8"?>
<!-- Generated by org.testng.reporters.JUnitReportReporter -->
<testsuite hostname="Anuppa-VD3" name="atlantamarket_PROD.GlobalSearch_LineActions" tests="8" failures="0" timestamp="18 Apr 2023 05:21:39 GMT" time="418.638" errors="0">
  <testcase name="TS007_VerifyClickOnMatchingProductsSeeAllLinkForLineTest" time="56.624" classname="atlantamarket_PROD.GlobalSearch_LineActions"/>
  <testcase name="TS008_VerifyClickOnTotalProductsSeeAllLinkForLineTest" time="45.277" classname="atlantamarket_PROD.GlobalSearch_LineActions"/>
  <testcase name="TS004_VerifyAddToExistingListForLineTest" time="73.094" classname="atlantamarket_PROD.GlobalSearch_LineActions"/>
  <testcase name="TS001_VerifyAddToFavoriteForLineTest" time="56.619" classname="atlantamarket_PROD.GlobalSearch_LineActions"/>
  <testcase name="TS006_VerifyClickOnLocationLinkForLineTest" time="27.089" classname="atlantamarket_PROD.GlobalSearch_LineActions"/>
  <testcase name="TS003_VerifyAddToNewListForLineTest" time="63.260" classname="atlantamarket_PROD.GlobalSearch_LineActions"/>
  <testcase name="TS002_VerifyClickOnOrderOnJuniperMarketBtnForLineTest" time="68.587" classname="atlantamarket_PROD.GlobalSearch_LineActions"/>
  <testcase name="TS005_VerifyClickOnShownByExhibitorNameLinkForLineTest" time="28.088" classname="atlantamarket_PROD.GlobalSearch_LineActions"/>
</testsuite> <!-- atlantamarket_PROD.GlobalSearch_LineActions -->
