<?xml version="1.0" encoding="UTF-8"?>
<!-- Generated by org.testng.reporters.JUnitReportReporter -->
<testsuite skipped="0" hostname="Anuppa-VD3" name="lasvegasmarket_PROD.GlobalSearch_SearchFor" tests="1" failures="0" timestamp="05 Aug 2024 11:01:11 GMT" time="69.492" errors="0">
  <testcase name="TS006_VerifyArticlesFiltersFunctionalityInGlobalSearchTest" time="69.492" classname="lasvegasmarket_PROD.GlobalSearch_SearchFor"/>
</testsuite> <!-- lasvegasmarket_PROD.GlobalSearch_SearchFor -->
