<?xml version="1.0" encoding="UTF-8"?>
<!-- Generated by org.testng.reporters.JUnitReportReporter -->
<testsuite hostname="CVC2446" failures="0" tests="9" name="lasvegasmarket_PROD.GlobalSearch_ExhibitorActions" time="172.681" errors="0" timestamp="2025-04-25T16:09:12 IST" skipped="4">
  <testcase classname="lasvegasmarket_PROD.GlobalSearch_ExhibitorActions" name="TS001_VerifyClickOnContactExhIconForExhibitorTest" time="21.614"/>
  <system-out/>
  <testcase classname="lasvegasmarket_PROD.GlobalSearch_ExhibitorActions" name="TS002_VerifyClickOnLocationLinksForExhibitorTest" time="26.206"/>
  <system-out/>
  <testcase classname="lasvegasmarket_PROD.GlobalSearch_ExhibitorActions" name="TS003_VerifyClickOnLinesShownLinkForExhibitorTest" time="37.785"/>
  <system-out/>
  <testcase classname="lasvegasmarket_PROD.GlobalSearch_ExhibitorActions" name="TS004_VerifyClickOnTotalProductsSeeAllLinkForExhibitorTest" time="40.019"/>
  <system-out/>
  <testcase classname="lasvegasmarket_PROD.GlobalSearch_ExhibitorActions" name="TS006_VerifySelectionOfExhibitorFromSearchResultsTest" time="47.057"/>
  <system-out/>
  <testcase classname="lasvegasmarket_PROD.GlobalSearch_ExhibitorActions" name="TS007_VerifyAddToFavoriteForExhibitorTest">
    <skipped/>
  </testcase> <!-- TS007_VerifyAddToFavoriteForExhibitorTest -->
  <system-out/>
  <testcase classname="lasvegasmarket_PROD.GlobalSearch_ExhibitorActions" name="TS010_VerifyMatchingProductsAddNoteFunctionalityForExhibitorTest">
    <skipped/>
  </testcase> <!-- TS010_VerifyMatchingProductsAddNoteFunctionalityForExhibitorTest -->
  <system-out/>
  <testcase classname="lasvegasmarket_PROD.GlobalSearch_ExhibitorActions" name="TS008_VerifyAddToNewListForExhibitorTest">
    <skipped/>
  </testcase> <!-- TS008_VerifyAddToNewListForExhibitorTest -->
  <system-out/>
  <testcase classname="lasvegasmarket_PROD.GlobalSearch_ExhibitorActions" name="TS009_VerifyAddToExistingListForExhibitorTest">
    <skipped/>
  </testcase> <!-- TS009_VerifyAddToExistingListForExhibitorTest -->
  <system-out/>
</testsuite> <!-- lasvegasmarket_PROD.GlobalSearch_ExhibitorActions -->
