<?xml version="1.0" encoding="UTF-8"?>
<!-- Generated by org.testng.reporters.JUnitReportReporter -->
<testsuite skipped="1" hostname="Anuppa-VD3" name="atlantamarket_PROD.ShowSpecials" tests="3" failures="0" timestamp="05 Aug 2024 06:31:07 GMT" time="93.470" errors="0">
  <testcase name="TS001_VerifyViewBrandDetailsLinkForShowSpecialsTest" time="64.643" classname="atlantamarket_PROD.ShowSpecials"/>
  <testcase name="TS002_VerifyLocationLinksForShowSpecialsTest" time="28.827" classname="atlantamarket_PROD.ShowSpecials"/>
  <testcase name="verifyMPLoginFunctionality" classname="atlantamarket_PROD.ShowSpecials">
    <skipped/>
  </testcase> <!-- verifyMPLoginFunctionality -->
</testsuite> <!-- atlantamarket_PROD.ShowSpecials -->
