<?xml version="1.0" encoding="UTF-8"?>
<!-- Generated by org.testng.reporters.JUnitReportReporter -->
<testsuite hostname="CVC2446" failures="0" tests="12" name="lasvegasmarket_PROD.FloorPlans" time="345.171" errors="1" timestamp="2025-04-14T19:16:34 IST" skipped="3">
  <testcase classname="lasvegasmarket_PROD.FloorPlans" name="TS001_VerifyNavigationToDifferentFloorBuildingsTest" time="27.918"/>
  <system-out/>
  <testcase classname="lasvegasmarket_PROD.FloorPlans" name="TS002_VerifyNoExhibitorsOnThisFloorMessageTest" time="22.670"/>
  <system-out/>
  <testcase classname="lasvegasmarket_PROD.FloorPlans" name="TS003_VerifyZoomInOutLevelOnFloorPlansPageTest" time="63.009">
    <error message="Expected condition failed: waiting for visibility of element located by By.xpath: //div[@class=&#039;imc-content--top-0 imc-content--absolute imc-navigation--wrapper-menu active&#039;]/div[1]/div/a[contains(text(),&#039;Floor Plans&#039;)] (tried for 40 second(s) with 500 milliseconds interval)
Build info: version: &#039;4.25.0&#039;, revision: &#039;8a8aea2337&#039;
System info: os.name: &#039;Windows 11&#039;, os.arch: &#039;amd64&#039;, os.version: &#039;10.0&#039;, java.version: &#039;21.0.3&#039;
Driver info: org.openqa.selenium.chrome.ChromeDriver
Capabilities {acceptInsecureCerts: false, browserName: chrome, browserVersion: 135.0.7049.85, chrome: {chromedriverVersion: 135.0.7049.84 (6c019e560019..., userDataDir: C:\Users\swapnili\AppData\L...}, fedcm:accounts: true, goog:chromeOptions: {debuggerAddress: localhost:51778}, networkConnectionEnabled: false, pageLoadStrategy: normal, platformName: windows, proxy: Proxy(), se:cdp: ws://localhost:51778/devtoo..., se:cdpVersion: 135.0.7049.85, setWindowRect: true, strictFileInteractability: false, timeouts: {implicit: 0, pageLoad: 300000, script: 30000}, unhandledPromptBehavior: dismiss and notify, webauthn:extension:credBlob: true, webauthn:extension:largeBlob: true, webauthn:extension:minPinLength: true, webauthn:extension:prf: true, webauthn:virtualAuthenticators: true}
Session ID: 7d78dba01f66275e5ee885c1d7ecd2a5" type="org.openqa.selenium.TimeoutException">
      <![CDATA[org.openqa.selenium.TimeoutException: Expected condition failed: waiting for visibility of element located by By.xpath: //div[@class='imc-content--top-0 imc-content--absolute imc-navigation--wrapper-menu active']/div[1]/div/a[contains(text(),'Floor Plans')] (tried for 40 second(s) with 500 milliseconds interval)
Build info: version: '4.25.0', revision: '8a8aea2337'
System info: os.name: 'Windows 11', os.arch: 'amd64', os.version: '10.0', java.version: '21.0.3'
Driver info: org.openqa.selenium.chrome.ChromeDriver
Capabilities {acceptInsecureCerts: false, browserName: chrome, browserVersion: 135.0.7049.85, chrome: {chromedriverVersion: 135.0.7049.84 (6c019e560019..., userDataDir: C:\Users\swapnili\AppData\L...}, fedcm:accounts: true, goog:chromeOptions: {debuggerAddress: localhost:51778}, networkConnectionEnabled: false, pageLoadStrategy: normal, platformName: windows, proxy: Proxy(), se:cdp: ws://localhost:51778/devtoo..., se:cdpVersion: 135.0.7049.85, setWindowRect: true, strictFileInteractability: false, timeouts: {implicit: 0, pageLoad: 300000, script: 30000}, unhandledPromptBehavior: dismiss and notify, webauthn:extension:credBlob: true, webauthn:extension:largeBlob: true, webauthn:extension:minPinLength: true, webauthn:extension:prf: true, webauthn:virtualAuthenticators: true}
Session ID: 7d78dba01f66275e5ee885c1d7ecd2a5
at org.openqa.selenium.support.ui.WebDriverWait.timeoutException(WebDriverWait.java:84)
at org.openqa.selenium.support.ui.FluentWait.until(FluentWait.java:228)
at pageObjects.LasVegasMarket.LVMFloorPlansPage.getlvmFloorPlansLinkPROD(LVMFloorPlansPage.java:100)
at lasvegasmarket_PROD.FloorPlans.TS003_VerifyZoomInOutLevelOnFloorPlansPageTest(FloorPlans.java:175)
at java.base/jdk.internal.reflect.DirectMethodHandleAccessor.invoke(DirectMethodHandleAccessor.java:103)
at java.base/java.lang.reflect.Method.invoke(Method.java:580)
at org.testng.internal.MethodInvocationHelper.invokeMethod(MethodInvocationHelper.java:133)
at org.testng.internal.TestInvoker.invokeMethod(TestInvoker.java:598)
at org.testng.internal.TestInvoker.invokeTestMethod(TestInvoker.java:173)
at org.testng.internal.MethodRunner.runInSequence(MethodRunner.java:46)
at org.testng.internal.TestInvoker$MethodInvocationAgent.invoke(TestInvoker.java:824)
at org.testng.internal.TestInvoker.invokeTestMethods(TestInvoker.java:146)
at org.testng.internal.TestMethodWorker.invokeTestMethods(TestMethodWorker.java:146)
at org.testng.internal.TestMethodWorker.run(TestMethodWorker.java:128)
at java.base/java.util.ArrayList.forEach(ArrayList.java:1596)
at org.testng.TestRunner.privateRun(TestRunner.java:794)
at org.testng.TestRunner.run(TestRunner.java:596)
at org.testng.SuiteRunner.runTest(SuiteRunner.java:377)
at org.testng.SuiteRunner.runSequentially(SuiteRunner.java:371)
at org.testng.SuiteRunner.privateRun(SuiteRunner.java:332)
at org.testng.SuiteRunner.run(SuiteRunner.java:276)
at org.testng.SuiteRunnerWorker.runSuite(SuiteRunnerWorker.java:53)
at org.testng.SuiteRunnerWorker.run(SuiteRunnerWorker.java:96)
at org.testng.TestNG.runSuitesSequentially(TestNG.java:1212)
at org.testng.TestNG.runSuitesLocally(TestNG.java:1134)
at org.testng.TestNG.runSuites(TestNG.java:1063)
at org.testng.TestNG.run(TestNG.java:1031)
at org.testng.remote.AbstractRemoteTestNG.run(AbstractRemoteTestNG.java:115)
at org.testng.remote.RemoteTestNG.initAndRun(RemoteTestNG.java:293)
at org.testng.remote.RemoteTestNG.main(RemoteTestNG.java:91)
]]>
    </error>
  </testcase> <!-- TS003_VerifyZoomInOutLevelOnFloorPlansPageTest -->
  <system-out/>
  <testcase classname="lasvegasmarket_PROD.FloorPlans" name="TS004_VerifyIconsOnFloorPlansPageTest" time="20.531"/>
  <system-out/>
  <testcase classname="lasvegasmarket_PROD.FloorPlans" name="TS005_VerifyFunctionalityOfFiltersOFloorPlansPageTest" time="56.873"/>
  <system-out/>
  <testcase classname="lasvegasmarket_PROD.FloorPlans" name="TS006_VerifyPaginationOnFloorPlansPageTest" time="30.570"/>
  <system-out/>
  <testcase classname="lasvegasmarket_PROD.FloorPlans" name="TS007_VerifySelectionOfExhibitorOnFloorPlansPageTest" time="43.387"/>
  <system-out/>
  <testcase classname="lasvegasmarket_PROD.FloorPlans" name="TS008_VerifyClickOnReturnToBuildingListBtnTest" time="18.550"/>
  <system-out/>
  <testcase classname="lasvegasmarket_PROD.FloorPlans" name="TS009_VerifySearchFunctionalityForExhListOnFloorPlansPageTest" time="61.663"/>
  <system-out/>
  <testcase classname="lasvegasmarket_PROD.FloorPlans" name="TS012_VerifyAddToFavoriteFunctionalityForExhibitorOnFloorPlansPageTest">
    <skipped/>
  </testcase> <!-- TS012_VerifyAddToFavoriteFunctionalityForExhibitorOnFloorPlansPageTest -->
  <system-out/>
  <testcase classname="lasvegasmarket_PROD.FloorPlans" name="TS011_VerifyAddNoteFunctionalityForExhibitorOnFloorPlansPageTest">
    <skipped/>
  </testcase> <!-- TS011_VerifyAddNoteFunctionalityForExhibitorOnFloorPlansPageTest -->
  <system-out/>
  <testcase classname="lasvegasmarket_PROD.FloorPlans" name="TS010_VerifyAddToListFunctionalityForExhibitorOnFloorPlansPageTest">
    <skipped/>
  </testcase> <!-- TS010_VerifyAddToListFunctionalityForExhibitorOnFloorPlansPageTest -->
  <system-out/>
</testsuite> <!-- lasvegasmarket_PROD.FloorPlans -->
