<?xml version="1.0" encoding="UTF-8"?>
<!-- Generated by org.testng.reporters.JUnitReportReporter -->
<testsuite skipped="1" hostname="Anuppa-VD3" name="atlantamarket_PROD.GlobalSearch_SuggestionList" tests="4" failures="0" timestamp="04 Jul 2024 05:02:13 GMT" time="67.785" errors="0">
  <testcase name="TS001_VerifySelectionOfExhibitorFromAutoSuggestionListTest" time="14.589" classname="atlantamarket_PROD.GlobalSearch_SuggestionList"/>
  <testcase name="TS002_VerifySelectionOfLineFromAutoSuggestionListTest" time="38.268" classname="atlantamarket_PROD.GlobalSearch_SuggestionList"/>
  <testcase name="TS003_VerifySelectionOfProductFromAutoSuggestionListTest" time="14.928" classname="atlantamarket_PROD.GlobalSearch_SuggestionList"/>
  <testcase name="verifyMPLoginFunctionality" classname="atlantamarket_PROD.GlobalSearch_SuggestionList">
    <skipped/>
  </testcase> <!-- verifyMPLoginFunctionality -->
</testsuite> <!-- atlantamarket_PROD.GlobalSearch_SuggestionList -->
