<?xml version="1.0" encoding="UTF-8"?>
<!-- Generated by org.testng.reporters.JUnitReportReporter -->
<testsuite hostname="Anuppa-VD3" name="atlantamarket_PROD.GlobalSearch_LineActions" tests="1" failures="0" timestamp="19 Dec 2022 11:23:07 GMT" time="365.449" errors="0">
  <testcase name="TS004_VerifyAddToNewListForLineTest" time="365.449" classname="atlantamarket_PROD.GlobalSearch_LineActions"/>
</testsuite> <!-- atlantamarket_PROD.GlobalSearch_LineActions -->
