<?xml version="1.0" encoding="UTF-8"?>
<!-- Generated by org.testng.reporters.JUnitReportReporter -->

<testsuite hostname="swapnili" name="atlantamarket_PROD.GlobalSearch_SearchFor" tests="1" failures="0" timestamp="10 Aug 2022 07:23:30 GMT" time="32.801" errors="0">
  <testcase name="TS004_VerifyGlobalSearchSearchForCatalogsTest" time="32.801" classname="atlantamarket_PROD.GlobalSearch_SearchFor"/>

<testsuite hostname="shradhama-win10" name="atlantamarket_PROD.GlobalSearch_SearchFor" tests="1" failures="0" timestamp="10 Aug 2022 09:36:38 GMT" time="11.864" errors="0">
  <testcase name="TS005_VerifyShowSpecialsTest" time="11.864" classname="atlantamarket_PROD.GlobalSearch_SearchFor"/>

</testsuite> <!-- atlantamarket_PROD.GlobalSearch_SearchFor -->
