<?xml version="1.0" encoding="UTF-8"?>
<!-- Generated by org.testng.reporters.JUnitReportReporter -->
<testsuite hostname="eon-swapnili" name="lasvegasmarket_PROD.ShowSpecials" tests="2" failures="0" timestamp="12 Jul 2024 09:19:32 GMT" time="40.450" errors="0">
  <testcase name="TS001_VerifyViewBrandDetailsLinkForShowSpecialsTest" time="13.072" classname="lasvegasmarket_PROD.ShowSpecials"/>
  <testcase name="TS002_VerifyShowroomLinkForShowSpecialsTest" time="27.378" classname="lasvegasmarket_PROD.ShowSpecials"/>
</testsuite> <!-- lasvegasmarket_PROD.ShowSpecials -->
