<?xml version="1.0" encoding="UTF-8"?>
<!-- Generated by org.testng.reporters.JUnitReportReporter -->
<testsuite hostname="swapnili" name="atlantamarket.AtlantaMarketRegressTest_UAT" tests="1" failures="0" timestamp="31 May 2022 09:55:42 GMT" time="5.538" errors="0">
  <testcase name="TS016_VerifyLineActionsOrderOnJuniperMarketTest" time="5.538" classname="atlantamarket.AtlantaMarketRegressTest_UAT"/>
</testsuite> <!-- atlantamarket.AtlantaMarketRegressTest_UAT -->
