<?xml version="1.0" encoding="UTF-8"?>
<!-- Generated by org.testng.reporters.JUnitReportReporter -->
<<<<<<< HEAD
<testsuite hostname="eon-swapnili" name="atlantamarket_PROD.GlobalSearch_LineActions" tests="9" failures="1" timestamp="19 Dec 2022 12:10:18 GMT" time="418.631" errors="0">
  <testcase name="TS004_VerifyAddToNewListForLineTest" time="69.088" classname="atlantamarket_PROD.GlobalSearch_LineActions"/>
  <testcase name="TS005_VerifyAddToExistingListForLineTest" time="86.544" classname="atlantamarket_PROD.GlobalSearch_LineActions"/>
  <testcase name="TS006_VerifyClickOnShownByExhibitorNameLinkForLineTest" time="28.662" classname="atlantamarket_PROD.GlobalSearch_LineActions"/>
  <testcase name="TS001_VerifyClickOnContactExhIconForLineTest" time="20.574" classname="atlantamarket_PROD.GlobalSearch_LineActions"/>
  <testcase name="TS009_VerifyClickOnTotalProductsSeeAllLinkForLineTest" time="42.704" classname="atlantamarket_PROD.GlobalSearch_LineActions"/>
  <testcase name="TS008_VerifyClickOnMatchingProductsSeeAllLinkForLineTest" time="42.854" classname="atlantamarket_PROD.GlobalSearch_LineActions"/>
  <testcase name="TS002_VerifyAddToFavoriteForLineTest" time="68.912" classname="atlantamarket_PROD.GlobalSearch_LineActions">
=======
<<<<<<< HEAD
<testsuite hostname="Anuppa-VD3" name="atlantamarket_PROD.GlobalSearch_LineActions" tests="1" failures="0" timestamp="19 Dec 2022 11:23:07 GMT" time="365.449" errors="0">
  <testcase name="TS004_VerifyAddToNewListForLineTest" time="365.449" classname="atlantamarket_PROD.GlobalSearch_LineActions"/>
=======
<testsuite hostname="eon-swapnili" name="atlantamarket_PROD.GlobalSearch_LineActions" tests="9" failures="1" timestamp="19 Dec 2022 06:23:02 GMT" time="451.214" errors="0">
  <testcase name="TS001_VerifyClickOnContactExhIconForLineTest" time="24.638" classname="atlantamarket_PROD.GlobalSearch_LineActions"/>
  <testcase name="TS005_VerifyAddToExistingListForLineTest" time="86.645" classname="atlantamarket_PROD.GlobalSearch_LineActions"/>
  <testcase name="TS002_VerifyAddToFavoriteForLineTest" time="85.882" classname="atlantamarket_PROD.GlobalSearch_LineActions">
>>>>>>> 3b78ec7d2f495cd9888bc87004e285313b956e0e
    <failure type="org.openqa.selenium.TimeoutException" message="Expected condition failed: waiting for visibility of element located by By.xpath: //li[@class=&#039;imc-list-edit--draggable&#039;][1]/div/div[1]/div[1]/a (tried for 20 second(s) with 500 milliseconds interval)">
      <![CDATA[org.openqa.selenium.TimeoutException: Expected condition failed: waiting for visibility of element located by By.xpath: //li[@class='imc-list-edit--draggable'][1]/div/div[1]/div[1]/a (tried for 20 second(s) with 500 milliseconds interval)
	at org.openqa.selenium.support.ui.WebDriverWait.timeoutException(WebDriverWait.java:95)
	at org.openqa.selenium.support.ui.FluentWait.until(FluentWait.java:272)
	at pageObjects.AtlantaMarket.ATLMarketPlannerPage.getATLSavedExhNameInList(ATLMarketPlannerPage.java:480)
	at atlantamarket_PROD.GlobalSearch_LineActions.TS002_VerifyAddToFavoriteForLineTest(GlobalSearch_LineActions.java:143)
	at sun.reflect.NativeMethodAccessorImpl.invoke0(Native Method)
	at sun.reflect.NativeMethodAccessorImpl.invoke(Unknown Source)
	at sun.reflect.DelegatingMethodAccessorImpl.invoke(Unknown Source)
	at java.lang.reflect.Method.invoke(Unknown Source)
	at org.testng.internal.MethodInvocationHelper.invokeMethod(MethodInvocationHelper.java:80)
	at org.testng.internal.Invoker.invokeMethod(Invoker.java:714)
	at org.testng.internal.Invoker.invokeTestMethod(Invoker.java:901)
	at org.testng.internal.Invoker.invokeTestMethods(Invoker.java:1231)
	at org.testng.internal.TestMethodWorker.invokeTestMethods(TestMethodWorker.java:127)
	at org.testng.internal.TestMethodWorker.run(TestMethodWorker.java:111)
	at org.testng.TestRunner.privateRun(TestRunner.java:767)
	at org.testng.TestRunner.run(TestRunner.java:617)
	at org.testng.SuiteRunner.runTest(SuiteRunner.java:334)
	at org.testng.SuiteRunner.runSequentially(SuiteRunner.java:329)
	at org.testng.SuiteRunner.privateRun(SuiteRunner.java:291)
	at org.testng.SuiteRunner.run(SuiteRunner.java:240)
	at org.testng.SuiteRunnerWorker.runSuite(SuiteRunnerWorker.java:52)
	at org.testng.SuiteRunnerWorker.run(SuiteRunnerWorker.java:86)
	at org.testng.TestNG.runSuitesSequentially(TestNG.java:1198)
	at org.testng.TestNG.runSuitesLocally(TestNG.java:1123)
	at org.testng.TestNG.run(TestNG.java:1031)
	at org.testng.remote.AbstractRemoteTestNG.run(AbstractRemoteTestNG.java:114)
	at org.testng.remote.RemoteTestNG.initAndRun(RemoteTestNG.java:251)
	at org.testng.remote.RemoteTestNG.main(RemoteTestNG.java:77)
Caused by: org.openqa.selenium.NoSuchElementException: no such element: Unable to locate element: {"method":"xpath","selector":"//li[@class='imc-list-edit--draggable'][1]/div/div[1]/div[1]/a"}
  (Session info: chrome=108.0.5359.125)
For documentation on this error, please visit: https://www.seleniumhq.org/exceptions/no_such_element.html
Build info: version: '3.141.59', revision: 'e82be7d358', time: '2018-11-14T08:25:48'
System info: host: 'EON-SWAPNILI', ip: '172.22.22.78', os.name: 'Windows 10', os.arch: 'amd64', os.version: '10.0', java.version: '1.8.0_311'
Driver info: org.openqa.selenium.chrome.ChromeDriver
Capabilities {acceptInsecureCerts: false, browserName: chrome, browserVersion: 108.0.5359.125, chrome: {chromedriverVersion: 108.0.5359.71 (1e0e3868ee06..., userDataDir: C:\Users\swapnili\AppData\L...}, goog:chromeOptions: {debuggerAddress: localhost:65448}, javascriptEnabled: true, networkConnectionEnabled: false, pageLoadStrategy: normal, platform: WINDOWS, platformName: WINDOWS, proxy: Proxy(), setWindowRect: true, strictFileInteractability: false, timeouts: {implicit: 0, pageLoad: 300000, script: 30000}, unhandledPromptBehavior: dismiss and notify, webauthn:extension:credBlob: true, webauthn:extension:largeBlob: true, webauthn:virtualAuthenticators: true}
Session ID: ca7d96bbc7d55d362952a2c8e2915f05
*** Element info: {Using=xpath, value=//li[@class='imc-list-edit--draggable'][1]/div/div[1]/div[1]/a}
	at sun.reflect.NativeConstructorAccessorImpl.newInstance0(Native Method)
	at sun.reflect.NativeConstructorAccessorImpl.newInstance(Unknown Source)
	at sun.reflect.DelegatingConstructorAccessorImpl.newInstance(Unknown Source)
	at java.lang.reflect.Constructor.newInstance(Unknown Source)
	at org.openqa.selenium.remote.http.W3CHttpResponseCodec.createException(W3CHttpResponseCodec.java:187)
	at org.openqa.selenium.remote.http.W3CHttpResponseCodec.decode(W3CHttpResponseCodec.java:122)
	at org.openqa.selenium.remote.http.W3CHttpResponseCodec.decode(W3CHttpResponseCodec.java:49)
	at org.openqa.selenium.remote.HttpCommandExecutor.execute(HttpCommandExecutor.java:158)
	at org.openqa.selenium.remote.service.DriverCommandExecutor.execute(DriverCommandExecutor.java:83)
	at org.openqa.selenium.remote.RemoteWebDriver.execute(RemoteWebDriver.java:552)
	at org.openqa.selenium.remote.RemoteWebDriver.findElement(RemoteWebDriver.java:323)
	at org.openqa.selenium.remote.RemoteWebDriver.findElementByXPath(RemoteWebDriver.java:428)
	at org.openqa.selenium.By$ByXPath.findElement(By.java:353)
	at org.openqa.selenium.remote.RemoteWebDriver.findElement(RemoteWebDriver.java:315)
	at org.openqa.selenium.support.ui.ExpectedConditions$7.apply(ExpectedConditions.java:205)
	at org.openqa.selenium.support.ui.ExpectedConditions$7.apply(ExpectedConditions.java:201)
	at org.openqa.selenium.support.ui.FluentWait.until(FluentWait.java:249)
	... 26 more
]]>
    </failure>
  </testcase> <!-- TS002_VerifyAddToFavoriteForLineTest -->
<<<<<<< HEAD
  <testcase name="TS003_VerifyClickOnOrderOnJuniperMarketBtnForLineTest" time="33.250" classname="atlantamarket_PROD.GlobalSearch_LineActions"/>
  <testcase name="TS007_VerifyClickOnLocationLinkForLineTest" time="26.043" classname="atlantamarket_PROD.GlobalSearch_LineActions"/>
=======
  <testcase name="TS006_VerifyClickOnShownByExhibitorNameLinkForLineTest" time="32.378" classname="atlantamarket_PROD.GlobalSearch_LineActions"/>
  <testcase name="TS009_VerifyClickOnTotalProductsSeeAllLinkForLineTest" time="50.869" classname="atlantamarket_PROD.GlobalSearch_LineActions"/>
  <testcase name="TS003_VerifyClickOnOrderOnJuniperMarketBtnForLineTest" time="32.863" classname="atlantamarket_PROD.GlobalSearch_LineActions"/>
  <testcase name="TS008_VerifyClickOnMatchingProductsSeeAllLinkForLineTest" time="43.174" classname="atlantamarket_PROD.GlobalSearch_LineActions"/>
  <testcase name="TS004_VerifyAddToNewListForLineTest" time="65.728" classname="atlantamarket_PROD.GlobalSearch_LineActions"/>
  <testcase name="TS007_VerifyClickOnLocationLinkForLineTest" time="29.037" classname="atlantamarket_PROD.GlobalSearch_LineActions"/>
>>>>>>> aa76b90493b1f008dcbb59e59252390f34eb42c1
>>>>>>> 3b78ec7d2f495cd9888bc87004e285313b956e0e
</testsuite> <!-- atlantamarket_PROD.GlobalSearch_LineActions -->
