<?xml version="1.0" encoding="UTF-8"?>
<!-- Generated by org.testng.reporters.JUnitReportReporter -->
<testsuite hostname="Anuppa-VD3" name="atlantamarket_PROD.GlobalSearch_LineActions" tests="1" failures="0" timestamp="16 Dec 2022 08:58:36 GMT" time="129.128" errors="0">
  <testcase name="TS005_VerifyAddToExistingListForLineTest" time="129.128" classname="atlantamarket_PROD.GlobalSearch_LineActions"/>
</testsuite> <!-- atlantamarket_PROD.GlobalSearch_LineActions -->
