<?xml version="1.0" encoding="UTF-8"?>
<!-- Generated by org.testng.reporters.JUnitReportReporter -->
<testsuite hostname="CVC2446" failures="0" tests="12" name="lasvegasmarket_PROD.GlobalSearch_MatchingResults" time="307.099" errors="5" timestamp="2025-05-05T23:29:27 IST" skipped="5">
  <testcase classname="lasvegasmarket_PROD.GlobalSearch_MatchingResults" name="TS001_VerifyGlobalSearchContainsAndStartsWithTest" time="7.668"/>
  <system-out/>
  <testcase classname="lasvegasmarket_PROD.GlobalSearch_MatchingResults" name="TS002_VerifyGlobalSearchMatchingResultsSortWithinTest" time="62.233"/>
  <system-out/>
  <testcase classname="lasvegasmarket_PROD.GlobalSearch_MatchingResults" name="TS003_VerifyGlobalSearchMatchingResultsSortSortByAscendingOrderTest" time="48.490">
    <error message="Expected condition failed: waiting for element to be clickable: By.xpath: //div[@class=&#039;top-nav-dropdown-grid imc-content--relative&#039;]/div/div/section/div/form/div/input (tried for 40 second(s) with 500 milliseconds interval)
Build info: version: &#039;4.25.0&#039;, revision: &#039;8a8aea2337&#039;
System info: os.name: &#039;Windows 11&#039;, os.arch: &#039;amd64&#039;, os.version: &#039;10.0&#039;, java.version: &#039;21.0.3&#039;
Driver info: org.openqa.selenium.chrome.ChromeDriver
Capabilities {acceptInsecureCerts: true, browserName: chrome, browserVersion: 135.0.7049.115, chrome: {chromedriverVersion: 135.0.7049.114 (63fd8a7d9d0..., userDataDir: C:\Users\swapnili\AppData\L...}, fedcm:accounts: true, goog:chromeOptions: {debuggerAddress: localhost:64655}, networkConnectionEnabled: false, pageLoadStrategy: normal, platformName: windows, proxy: Proxy(), se:cdp: ws://localhost:64655/devtoo..., se:cdpVersion: 135.0.7049.115, setWindowRect: true, strictFileInteractability: false, timeouts: {implicit: 0, pageLoad: 300000, script: 30000}, unhandledPromptBehavior: dismiss and notify, webauthn:extension:credBlob: true, webauthn:extension:largeBlob: true, webauthn:extension:minPinLength: true, webauthn:extension:prf: true, webauthn:virtualAuthenticators: true}
Session ID: 54ef1bc7cef7d5a5f37295b41b0cc916" type="org.openqa.selenium.TimeoutException">
      <![CDATA[org.openqa.selenium.TimeoutException: Expected condition failed: waiting for element to be clickable: By.xpath: //div[@class='top-nav-dropdown-grid imc-content--relative']/div/div/section/div/form/div/input (tried for 40 second(s) with 500 milliseconds interval)
Build info: version: '4.25.0', revision: '8a8aea2337'
System info: os.name: 'Windows 11', os.arch: 'amd64', os.version: '10.0', java.version: '21.0.3'
Driver info: org.openqa.selenium.chrome.ChromeDriver
Capabilities {acceptInsecureCerts: true, browserName: chrome, browserVersion: 135.0.7049.115, chrome: {chromedriverVersion: 135.0.7049.114 (63fd8a7d9d0..., userDataDir: C:\Users\swapnili\AppData\L...}, fedcm:accounts: true, goog:chromeOptions: {debuggerAddress: localhost:64655}, networkConnectionEnabled: false, pageLoadStrategy: normal, platformName: windows, proxy: Proxy(), se:cdp: ws://localhost:64655/devtoo..., se:cdpVersion: 135.0.7049.115, setWindowRect: true, strictFileInteractability: false, timeouts: {implicit: 0, pageLoad: 300000, script: 30000}, unhandledPromptBehavior: dismiss and notify, webauthn:extension:credBlob: true, webauthn:extension:largeBlob: true, webauthn:extension:minPinLength: true, webauthn:extension:prf: true, webauthn:virtualAuthenticators: true}
Session ID: 54ef1bc7cef7d5a5f37295b41b0cc916
at org.openqa.selenium.support.ui.WebDriverWait.timeoutException(WebDriverWait.java:84)
at org.openqa.selenium.support.ui.FluentWait.until(FluentWait.java:228)
at pageObjects.LasVegasMarket.LVMGlobalSearchPage.getGlobalSearchEnterText(LVMGlobalSearchPage.java:380)
at resources.Utility.globleSearchInput(Utility.java:1520)
at lasvegasmarket_PROD.GlobalSearch_MatchingResults.TS003_VerifyGlobalSearchMatchingResultsSortSortByAscendingOrderTest(GlobalSearch_MatchingResults.java:227)
at java.base/jdk.internal.reflect.DirectMethodHandleAccessor.invoke(DirectMethodHandleAccessor.java:103)
at java.base/java.lang.reflect.Method.invoke(Method.java:580)
at org.testng.internal.MethodInvocationHelper.invokeMethod(MethodInvocationHelper.java:133)
at org.testng.internal.TestInvoker.invokeMethod(TestInvoker.java:598)
at org.testng.internal.TestInvoker.invokeTestMethod(TestInvoker.java:173)
at org.testng.internal.MethodRunner.runInSequence(MethodRunner.java:46)
at org.testng.internal.TestInvoker$MethodInvocationAgent.invoke(TestInvoker.java:824)
at org.testng.internal.TestInvoker.invokeTestMethods(TestInvoker.java:146)
at org.testng.internal.TestMethodWorker.invokeTestMethods(TestMethodWorker.java:146)
at org.testng.internal.TestMethodWorker.run(TestMethodWorker.java:128)
at java.base/java.util.ArrayList.forEach(ArrayList.java:1596)
at org.testng.TestRunner.privateRun(TestRunner.java:794)
at org.testng.TestRunner.run(TestRunner.java:596)
at org.testng.SuiteRunner.runTest(SuiteRunner.java:377)
at org.testng.SuiteRunner.runSequentially(SuiteRunner.java:371)
at org.testng.SuiteRunner.privateRun(SuiteRunner.java:332)
at org.testng.SuiteRunner.run(SuiteRunner.java:276)
at org.testng.SuiteRunnerWorker.runSuite(SuiteRunnerWorker.java:53)
at org.testng.SuiteRunnerWorker.run(SuiteRunnerWorker.java:96)
at org.testng.TestNG.runSuitesSequentially(TestNG.java:1212)
at org.testng.TestNG.runSuitesLocally(TestNG.java:1134)
at org.testng.TestNG.runSuites(TestNG.java:1063)
at org.testng.TestNG.run(TestNG.java:1031)
at org.testng.remote.AbstractRemoteTestNG.run(AbstractRemoteTestNG.java:115)
at org.testng.remote.RemoteTestNG.initAndRun(RemoteTestNG.java:293)
at org.testng.remote.RemoteTestNG.main(RemoteTestNG.java:91)
]]>
    </error>
  </testcase> <!-- TS003_VerifyGlobalSearchMatchingResultsSortSortByAscendingOrderTest -->
  <system-out/>
  <testcase classname="lasvegasmarket_PROD.GlobalSearch_MatchingResults" name="TS003_VerifyGlobalSearchMatchingResultsSortSortByDscendingOrderTest" time="48.750">
    <error message="Expected condition failed: waiting for element to be clickable: By.xpath: //div[@class=&#039;top-nav-dropdown-grid imc-content--relative&#039;]/div/div/section/div/form/div/input (tried for 40 second(s) with 500 milliseconds interval)
Build info: version: &#039;4.25.0&#039;, revision: &#039;8a8aea2337&#039;
System info: os.name: &#039;Windows 11&#039;, os.arch: &#039;amd64&#039;, os.version: &#039;10.0&#039;, java.version: &#039;21.0.3&#039;
Driver info: org.openqa.selenium.chrome.ChromeDriver
Capabilities {acceptInsecureCerts: true, browserName: chrome, browserVersion: 135.0.7049.115, chrome: {chromedriverVersion: 135.0.7049.114 (63fd8a7d9d0..., userDataDir: C:\Users\swapnili\AppData\L...}, fedcm:accounts: true, goog:chromeOptions: {debuggerAddress: localhost:64655}, networkConnectionEnabled: false, pageLoadStrategy: normal, platformName: windows, proxy: Proxy(), se:cdp: ws://localhost:64655/devtoo..., se:cdpVersion: 135.0.7049.115, setWindowRect: true, strictFileInteractability: false, timeouts: {implicit: 0, pageLoad: 300000, script: 30000}, unhandledPromptBehavior: dismiss and notify, webauthn:extension:credBlob: true, webauthn:extension:largeBlob: true, webauthn:extension:minPinLength: true, webauthn:extension:prf: true, webauthn:virtualAuthenticators: true}
Session ID: 54ef1bc7cef7d5a5f37295b41b0cc916" type="org.openqa.selenium.TimeoutException">
      <![CDATA[org.openqa.selenium.TimeoutException: Expected condition failed: waiting for element to be clickable: By.xpath: //div[@class='top-nav-dropdown-grid imc-content--relative']/div/div/section/div/form/div/input (tried for 40 second(s) with 500 milliseconds interval)
Build info: version: '4.25.0', revision: '8a8aea2337'
System info: os.name: 'Windows 11', os.arch: 'amd64', os.version: '10.0', java.version: '21.0.3'
Driver info: org.openqa.selenium.chrome.ChromeDriver
Capabilities {acceptInsecureCerts: true, browserName: chrome, browserVersion: 135.0.7049.115, chrome: {chromedriverVersion: 135.0.7049.114 (63fd8a7d9d0..., userDataDir: C:\Users\swapnili\AppData\L...}, fedcm:accounts: true, goog:chromeOptions: {debuggerAddress: localhost:64655}, networkConnectionEnabled: false, pageLoadStrategy: normal, platformName: windows, proxy: Proxy(), se:cdp: ws://localhost:64655/devtoo..., se:cdpVersion: 135.0.7049.115, setWindowRect: true, strictFileInteractability: false, timeouts: {implicit: 0, pageLoad: 300000, script: 30000}, unhandledPromptBehavior: dismiss and notify, webauthn:extension:credBlob: true, webauthn:extension:largeBlob: true, webauthn:extension:minPinLength: true, webauthn:extension:prf: true, webauthn:virtualAuthenticators: true}
Session ID: 54ef1bc7cef7d5a5f37295b41b0cc916
at org.openqa.selenium.support.ui.WebDriverWait.timeoutException(WebDriverWait.java:84)
at org.openqa.selenium.support.ui.FluentWait.until(FluentWait.java:228)
at pageObjects.LasVegasMarket.LVMGlobalSearchPage.getGlobalSearchEnterText(LVMGlobalSearchPage.java:380)
at resources.Utility.globleSearchInput(Utility.java:1520)
at lasvegasmarket_PROD.GlobalSearch_MatchingResults.TS003_VerifyGlobalSearchMatchingResultsSortSortByDscendingOrderTest(GlobalSearch_MatchingResults.java:295)
at java.base/jdk.internal.reflect.DirectMethodHandleAccessor.invoke(DirectMethodHandleAccessor.java:103)
at java.base/java.lang.reflect.Method.invoke(Method.java:580)
at org.testng.internal.MethodInvocationHelper.invokeMethod(MethodInvocationHelper.java:133)
at org.testng.internal.TestInvoker.invokeMethod(TestInvoker.java:598)
at org.testng.internal.TestInvoker.invokeTestMethod(TestInvoker.java:173)
at org.testng.internal.MethodRunner.runInSequence(MethodRunner.java:46)
at org.testng.internal.TestInvoker$MethodInvocationAgent.invoke(TestInvoker.java:824)
at org.testng.internal.TestInvoker.invokeTestMethods(TestInvoker.java:146)
at org.testng.internal.TestMethodWorker.invokeTestMethods(TestMethodWorker.java:146)
at org.testng.internal.TestMethodWorker.run(TestMethodWorker.java:128)
at java.base/java.util.ArrayList.forEach(ArrayList.java:1596)
at org.testng.TestRunner.privateRun(TestRunner.java:794)
at org.testng.TestRunner.run(TestRunner.java:596)
at org.testng.SuiteRunner.runTest(SuiteRunner.java:377)
at org.testng.SuiteRunner.runSequentially(SuiteRunner.java:371)
at org.testng.SuiteRunner.privateRun(SuiteRunner.java:332)
at org.testng.SuiteRunner.run(SuiteRunner.java:276)
at org.testng.SuiteRunnerWorker.runSuite(SuiteRunnerWorker.java:53)
at org.testng.SuiteRunnerWorker.run(SuiteRunnerWorker.java:96)
at org.testng.TestNG.runSuitesSequentially(TestNG.java:1212)
at org.testng.TestNG.runSuitesLocally(TestNG.java:1134)
at org.testng.TestNG.runSuites(TestNG.java:1063)
at org.testng.TestNG.run(TestNG.java:1031)
at org.testng.remote.AbstractRemoteTestNG.run(AbstractRemoteTestNG.java:115)
at org.testng.remote.RemoteTestNG.initAndRun(RemoteTestNG.java:293)
at org.testng.remote.RemoteTestNG.main(RemoteTestNG.java:91)
]]>
    </error>
  </testcase> <!-- TS003_VerifyGlobalSearchMatchingResultsSortSortByDscendingOrderTest -->
  <system-out/>
  <testcase classname="lasvegasmarket_PROD.GlobalSearch_MatchingResults" name="TS003_VerifyGlobalSearchMatchingResultsSortSortByMatchingProductCountDescendingTest" time="100.455">
    <error message="Expected condition failed: waiting for visibility of element located by By.xpath: //span[contains(text(),&#039;Matching Product&#039;)]/../span[1] (tried for 40 second(s) with 500 milliseconds interval)
Build info: version: &#039;4.25.0&#039;, revision: &#039;8a8aea2337&#039;
System info: os.name: &#039;Windows 11&#039;, os.arch: &#039;amd64&#039;, os.version: &#039;10.0&#039;, java.version: &#039;21.0.3&#039;
Driver info: org.openqa.selenium.chrome.ChromeDriver
Capabilities {acceptInsecureCerts: true, browserName: chrome, browserVersion: 135.0.7049.115, chrome: {chromedriverVersion: 135.0.7049.114 (63fd8a7d9d0..., userDataDir: C:\Users\swapnili\AppData\L...}, fedcm:accounts: true, goog:chromeOptions: {debuggerAddress: localhost:64655}, networkConnectionEnabled: false, pageLoadStrategy: normal, platformName: windows, proxy: Proxy(), se:cdp: ws://localhost:64655/devtoo..., se:cdpVersion: 135.0.7049.115, setWindowRect: true, strictFileInteractability: false, timeouts: {implicit: 0, pageLoad: 300000, script: 30000}, unhandledPromptBehavior: dismiss and notify, webauthn:extension:credBlob: true, webauthn:extension:largeBlob: true, webauthn:extension:minPinLength: true, webauthn:extension:prf: true, webauthn:virtualAuthenticators: true}
Session ID: 54ef1bc7cef7d5a5f37295b41b0cc916" type="org.openqa.selenium.TimeoutException">
      <![CDATA[org.openqa.selenium.TimeoutException: Expected condition failed: waiting for visibility of element located by By.xpath: //span[contains(text(),'Matching Product')]/../span[1] (tried for 40 second(s) with 500 milliseconds interval)
Build info: version: '4.25.0', revision: '8a8aea2337'
System info: os.name: 'Windows 11', os.arch: 'amd64', os.version: '10.0', java.version: '21.0.3'
Driver info: org.openqa.selenium.chrome.ChromeDriver
Capabilities {acceptInsecureCerts: true, browserName: chrome, browserVersion: 135.0.7049.115, chrome: {chromedriverVersion: 135.0.7049.114 (63fd8a7d9d0..., userDataDir: C:\Users\swapnili\AppData\L...}, fedcm:accounts: true, goog:chromeOptions: {debuggerAddress: localhost:64655}, networkConnectionEnabled: false, pageLoadStrategy: normal, platformName: windows, proxy: Proxy(), se:cdp: ws://localhost:64655/devtoo..., se:cdpVersion: 135.0.7049.115, setWindowRect: true, strictFileInteractability: false, timeouts: {implicit: 0, pageLoad: 300000, script: 30000}, unhandledPromptBehavior: dismiss and notify, webauthn:extension:credBlob: true, webauthn:extension:largeBlob: true, webauthn:extension:minPinLength: true, webauthn:extension:prf: true, webauthn:virtualAuthenticators: true}
Session ID: 54ef1bc7cef7d5a5f37295b41b0cc916
at org.openqa.selenium.support.ui.WebDriverWait.timeoutException(WebDriverWait.java:84)
at org.openqa.selenium.support.ui.FluentWait.until(FluentWait.java:228)
at pageObjects.LasVegasMarket.LVMGlobalSearchPage.getlistOfAllMatchingProducts(LVMGlobalSearchPage.java:213)
at lasvegasmarket_PROD.GlobalSearch_MatchingResults.TS003_VerifyGlobalSearchMatchingResultsSortSortByMatchingProductCountDescendingTest(GlobalSearch_MatchingResults.java:378)
at java.base/jdk.internal.reflect.DirectMethodHandleAccessor.invoke(DirectMethodHandleAccessor.java:103)
at java.base/java.lang.reflect.Method.invoke(Method.java:580)
at org.testng.internal.MethodInvocationHelper.invokeMethod(MethodInvocationHelper.java:133)
at org.testng.internal.TestInvoker.invokeMethod(TestInvoker.java:598)
at org.testng.internal.TestInvoker.invokeTestMethod(TestInvoker.java:173)
at org.testng.internal.MethodRunner.runInSequence(MethodRunner.java:46)
at org.testng.internal.TestInvoker$MethodInvocationAgent.invoke(TestInvoker.java:824)
at org.testng.internal.TestInvoker.invokeTestMethods(TestInvoker.java:146)
at org.testng.internal.TestMethodWorker.invokeTestMethods(TestMethodWorker.java:146)
at org.testng.internal.TestMethodWorker.run(TestMethodWorker.java:128)
at java.base/java.util.ArrayList.forEach(ArrayList.java:1596)
at org.testng.TestRunner.privateRun(TestRunner.java:794)
at org.testng.TestRunner.run(TestRunner.java:596)
at org.testng.SuiteRunner.runTest(SuiteRunner.java:377)
at org.testng.SuiteRunner.runSequentially(SuiteRunner.java:371)
at org.testng.SuiteRunner.privateRun(SuiteRunner.java:332)
at org.testng.SuiteRunner.run(SuiteRunner.java:276)
at org.testng.SuiteRunnerWorker.runSuite(SuiteRunnerWorker.java:53)
at org.testng.SuiteRunnerWorker.run(SuiteRunnerWorker.java:96)
at org.testng.TestNG.runSuitesSequentially(TestNG.java:1212)
at org.testng.TestNG.runSuitesLocally(TestNG.java:1134)
at org.testng.TestNG.runSuites(TestNG.java:1063)
at org.testng.TestNG.run(TestNG.java:1031)
at org.testng.remote.AbstractRemoteTestNG.run(AbstractRemoteTestNG.java:115)
at org.testng.remote.RemoteTestNG.initAndRun(RemoteTestNG.java:293)
at org.testng.remote.RemoteTestNG.main(RemoteTestNG.java:91)
]]>
    </error>
  </testcase> <!-- TS003_VerifyGlobalSearchMatchingResultsSortSortByMatchingProductCountDescendingTest -->
  <system-out/>
  <testcase classname="lasvegasmarket_PROD.GlobalSearch_MatchingResults" name="TS003_VerifyGlobalSearchMatchingResultsSortSortByMatchingProductCountAscendingTest" time="30.347">
    <error message="element click intercepted: Element &lt;div class=&quot;imc-searchform--bar--button--wrapper&quot;&gt;...&lt;/div&gt; is not clickable at point (1528, 323). Other element would receive the click: &lt;div class=&quot;imc-modal--content imc-section&quot;&gt;...&lt;/div&gt;
  (Session info: chrome=135.0.7049.115)
Build info: version: &#039;4.25.0&#039;, revision: &#039;8a8aea2337&#039;
System info: os.name: &#039;Windows 11&#039;, os.arch: &#039;amd64&#039;, os.version: &#039;10.0&#039;, java.version: &#039;21.0.3&#039;
Driver info: org.openqa.selenium.chrome.ChromeDriver
Command: [54ef1bc7cef7d5a5f37295b41b0cc916, clickElement {id=f.04A7DEEEBB7B96CD507DE02069DFAA59.d.B9E2485BFB88E597DCEA5796E86D9A10.e.708}]
Capabilities {acceptInsecureCerts: true, browserName: chrome, browserVersion: 135.0.7049.115, chrome: {chromedriverVersion: 135.0.7049.114 (63fd8a7d9d0..., userDataDir: C:\Users\swapnili\AppData\L...}, fedcm:accounts: true, goog:chromeOptions: {debuggerAddress: localhost:64655}, networkConnectionEnabled: false, pageLoadStrategy: normal, platformName: windows, proxy: Proxy(), se:cdp: ws://localhost:64655/devtoo..., se:cdpVersion: 135.0.7049.115, setWindowRect: true, strictFileInteractability: false, timeouts: {implicit: 0, pageLoad: 300000, script: 30000}, unhandledPromptBehavior: dismiss and notify, webauthn:extension:credBlob: true, webauthn:extension:largeBlob: true, webauthn:extension:minPinLength: true, webauthn:extension:prf: true, webauthn:virtualAuthenticators: true}
Element: [[ChromeDriver: chrome on windows (54ef1bc7cef7d5a5f37295b41b0cc916)] -&gt; xpath: //div[@class=&#039;imc-searchform--bar--button--wrapper&#039;]]
Session ID: 54ef1bc7cef7d5a5f37295b41b0cc916" type="org.openqa.selenium.ElementClickInterceptedException">
      <![CDATA[org.openqa.selenium.ElementClickInterceptedException: element click intercepted: Element <div class="imc-searchform--bar--button--wrapper">...</div> is not clickable at point (1528, 323). Other element would receive the click: <div class="imc-modal--content imc-section">...</div>
  (Session info: chrome=135.0.7049.115)
Build info: version: '4.25.0', revision: '8a8aea2337'
System info: os.name: 'Windows 11', os.arch: 'amd64', os.version: '10.0', java.version: '21.0.3'
Driver info: org.openqa.selenium.chrome.ChromeDriver
Command: [54ef1bc7cef7d5a5f37295b41b0cc916, clickElement {id=f.04A7DEEEBB7B96CD507DE02069DFAA59.d.B9E2485BFB88E597DCEA5796E86D9A10.e.708}]
Capabilities {acceptInsecureCerts: true, browserName: chrome, browserVersion: 135.0.7049.115, chrome: {chromedriverVersion: 135.0.7049.114 (63fd8a7d9d0..., userDataDir: C:\Users\swapnili\AppData\L...}, fedcm:accounts: true, goog:chromeOptions: {debuggerAddress: localhost:64655}, networkConnectionEnabled: false, pageLoadStrategy: normal, platformName: windows, proxy: Proxy(), se:cdp: ws://localhost:64655/devtoo..., se:cdpVersion: 135.0.7049.115, setWindowRect: true, strictFileInteractability: false, timeouts: {implicit: 0, pageLoad: 300000, script: 30000}, unhandledPromptBehavior: dismiss and notify, webauthn:extension:credBlob: true, webauthn:extension:largeBlob: true, webauthn:extension:minPinLength: true, webauthn:extension:prf: true, webauthn:virtualAuthenticators: true}
Element: [[ChromeDriver: chrome on windows (54ef1bc7cef7d5a5f37295b41b0cc916)] -> xpath: //div[@class='imc-searchform--bar--button--wrapper']]
Session ID: 54ef1bc7cef7d5a5f37295b41b0cc916
at java.base/jdk.internal.reflect.DirectConstructorHandleAccessor.newInstance(DirectConstructorHandleAccessor.java:62)
at java.base/java.lang.reflect.Constructor.newInstanceWithCaller(Constructor.java:502)
at java.base/java.lang.reflect.Constructor.newInstance(Constructor.java:486)
at org.openqa.selenium.remote.ErrorCodec.decode(ErrorCodec.java:167)
at org.openqa.selenium.remote.codec.w3c.W3CHttpResponseCodec.decode(W3CHttpResponseCodec.java:138)
at org.openqa.selenium.remote.codec.w3c.W3CHttpResponseCodec.decode(W3CHttpResponseCodec.java:50)
at org.openqa.selenium.remote.HttpCommandExecutor.execute(HttpCommandExecutor.java:190)
at org.openqa.selenium.remote.service.DriverCommandExecutor.invokeExecute(DriverCommandExecutor.java:216)
at org.openqa.selenium.remote.service.DriverCommandExecutor.execute(DriverCommandExecutor.java:174)
at org.openqa.selenium.remote.RemoteWebDriver.execute(RemoteWebDriver.java:545)
at org.openqa.selenium.remote.RemoteWebElement.execute(RemoteWebElement.java:223)
at org.openqa.selenium.remote.RemoteWebElement.click(RemoteWebElement.java:76)
at lasvegasmarket_PROD.GlobalSearch_MatchingResults.TS003_VerifyGlobalSearchMatchingResultsSortSortByMatchingProductCountAscendingTest(GlobalSearch_MatchingResults.java:424)
at java.base/jdk.internal.reflect.DirectMethodHandleAccessor.invoke(DirectMethodHandleAccessor.java:103)
at java.base/java.lang.reflect.Method.invoke(Method.java:580)
at org.testng.internal.MethodInvocationHelper.invokeMethod(MethodInvocationHelper.java:133)
at org.testng.internal.TestInvoker.invokeMethod(TestInvoker.java:598)
at org.testng.internal.TestInvoker.invokeTestMethod(TestInvoker.java:173)
at org.testng.internal.MethodRunner.runInSequence(MethodRunner.java:46)
at org.testng.internal.TestInvoker$MethodInvocationAgent.invoke(TestInvoker.java:824)
at org.testng.internal.TestInvoker.invokeTestMethods(TestInvoker.java:146)
at org.testng.internal.TestMethodWorker.invokeTestMethods(TestMethodWorker.java:146)
at org.testng.internal.TestMethodWorker.run(TestMethodWorker.java:128)
at java.base/java.util.ArrayList.forEach(ArrayList.java:1596)
at org.testng.TestRunner.privateRun(TestRunner.java:794)
at org.testng.TestRunner.run(TestRunner.java:596)
at org.testng.SuiteRunner.runTest(SuiteRunner.java:377)
at org.testng.SuiteRunner.runSequentially(SuiteRunner.java:371)
at org.testng.SuiteRunner.privateRun(SuiteRunner.java:332)
at org.testng.SuiteRunner.run(SuiteRunner.java:276)
at org.testng.SuiteRunnerWorker.runSuite(SuiteRunnerWorker.java:53)
at org.testng.SuiteRunnerWorker.run(SuiteRunnerWorker.java:96)
at org.testng.TestNG.runSuitesSequentially(TestNG.java:1212)
at org.testng.TestNG.runSuitesLocally(TestNG.java:1134)
at org.testng.TestNG.runSuites(TestNG.java:1063)
at org.testng.TestNG.run(TestNG.java:1031)
at org.testng.remote.AbstractRemoteTestNG.run(AbstractRemoteTestNG.java:115)
at org.testng.remote.RemoteTestNG.initAndRun(RemoteTestNG.java:293)
at org.testng.remote.RemoteTestNG.main(RemoteTestNG.java:91)
]]>
    </error>
  </testcase> <!-- TS003_VerifyGlobalSearchMatchingResultsSortSortByMatchingProductCountAscendingTest -->
  <system-out/>
  <testcase classname="lasvegasmarket_PROD.GlobalSearch_MatchingResults" name="TS004_VerifyGlobalSearchMatchingResultsSortFilterByNameTest" time="9.156">
    <error message="element click intercepted: Element &lt;button class=&quot;imc-button imc-button--search imc-button--transparent-mobile-header imc-button--transparent juniper-search-v3 &quot; aria-expanded=&quot;false&quot; aria-haspopup=&quot;true&quot;&gt;...&lt;/button&gt; is not clickable at point (1825, 82). Other element would receive the click: &lt;div class=&quot;ReactModal__Overlay ReactModal__Overlay--after-open imc-modal--overlay&quot;&gt;...&lt;/div&gt;
  (Session info: chrome=135.0.7049.115)
Build info: version: &#039;4.25.0&#039;, revision: &#039;8a8aea2337&#039;
System info: os.name: &#039;Windows 11&#039;, os.arch: &#039;amd64&#039;, os.version: &#039;10.0&#039;, java.version: &#039;21.0.3&#039;
Driver info: org.openqa.selenium.chrome.ChromeDriver
Command: [54ef1bc7cef7d5a5f37295b41b0cc916, clickElement {id=f.04A7DEEEBB7B96CD507DE02069DFAA59.d.B9E2485BFB88E597DCEA5796E86D9A10.e.652}]
Capabilities {acceptInsecureCerts: true, browserName: chrome, browserVersion: 135.0.7049.115, chrome: {chromedriverVersion: 135.0.7049.114 (63fd8a7d9d0..., userDataDir: C:\Users\swapnili\AppData\L...}, fedcm:accounts: true, goog:chromeOptions: {debuggerAddress: localhost:64655}, networkConnectionEnabled: false, pageLoadStrategy: normal, platformName: windows, proxy: Proxy(), se:cdp: ws://localhost:64655/devtoo..., se:cdpVersion: 135.0.7049.115, setWindowRect: true, strictFileInteractability: false, timeouts: {implicit: 0, pageLoad: 300000, script: 30000}, unhandledPromptBehavior: dismiss and notify, webauthn:extension:credBlob: true, webauthn:extension:largeBlob: true, webauthn:extension:minPinLength: true, webauthn:extension:prf: true, webauthn:virtualAuthenticators: true}
Element: [[ChromeDriver: chrome on windows (54ef1bc7cef7d5a5f37295b41b0cc916)] -&gt; xpath: //button[@class=&#039;imc-button imc-button--search imc-button--transparent-mobile-header imc-button--transparent juniper-search-v3 &#039;]]
Session ID: 54ef1bc7cef7d5a5f37295b41b0cc916" type="org.openqa.selenium.ElementClickInterceptedException">
      <![CDATA[org.openqa.selenium.ElementClickInterceptedException: element click intercepted: Element <button class="imc-button imc-button--search imc-button--transparent-mobile-header imc-button--transparent juniper-search-v3 " aria-expanded="false" aria-haspopup="true">...</button> is not clickable at point (1825, 82). Other element would receive the click: <div class="ReactModal__Overlay ReactModal__Overlay--after-open imc-modal--overlay">...</div>
  (Session info: chrome=135.0.7049.115)
Build info: version: '4.25.0', revision: '8a8aea2337'
System info: os.name: 'Windows 11', os.arch: 'amd64', os.version: '10.0', java.version: '21.0.3'
Driver info: org.openqa.selenium.chrome.ChromeDriver
Command: [54ef1bc7cef7d5a5f37295b41b0cc916, clickElement {id=f.04A7DEEEBB7B96CD507DE02069DFAA59.d.B9E2485BFB88E597DCEA5796E86D9A10.e.652}]
Capabilities {acceptInsecureCerts: true, browserName: chrome, browserVersion: 135.0.7049.115, chrome: {chromedriverVersion: 135.0.7049.114 (63fd8a7d9d0..., userDataDir: C:\Users\swapnili\AppData\L...}, fedcm:accounts: true, goog:chromeOptions: {debuggerAddress: localhost:64655}, networkConnectionEnabled: false, pageLoadStrategy: normal, platformName: windows, proxy: Proxy(), se:cdp: ws://localhost:64655/devtoo..., se:cdpVersion: 135.0.7049.115, setWindowRect: true, strictFileInteractability: false, timeouts: {implicit: 0, pageLoad: 300000, script: 30000}, unhandledPromptBehavior: dismiss and notify, webauthn:extension:credBlob: true, webauthn:extension:largeBlob: true, webauthn:extension:minPinLength: true, webauthn:extension:prf: true, webauthn:virtualAuthenticators: true}
Element: [[ChromeDriver: chrome on windows (54ef1bc7cef7d5a5f37295b41b0cc916)] -> xpath: //button[@class='imc-button imc-button--search imc-button--transparent-mobile-header imc-button--transparent juniper-search-v3 ']]
Session ID: 54ef1bc7cef7d5a5f37295b41b0cc916
at java.base/jdk.internal.reflect.DirectConstructorHandleAccessor.newInstance(DirectConstructorHandleAccessor.java:62)
at java.base/java.lang.reflect.Constructor.newInstanceWithCaller(Constructor.java:502)
at java.base/java.lang.reflect.Constructor.newInstance(Constructor.java:486)
at org.openqa.selenium.remote.ErrorCodec.decode(ErrorCodec.java:167)
at org.openqa.selenium.remote.codec.w3c.W3CHttpResponseCodec.decode(W3CHttpResponseCodec.java:138)
at org.openqa.selenium.remote.codec.w3c.W3CHttpResponseCodec.decode(W3CHttpResponseCodec.java:50)
at org.openqa.selenium.remote.HttpCommandExecutor.execute(HttpCommandExecutor.java:190)
at org.openqa.selenium.remote.service.DriverCommandExecutor.invokeExecute(DriverCommandExecutor.java:216)
at org.openqa.selenium.remote.service.DriverCommandExecutor.execute(DriverCommandExecutor.java:174)
at org.openqa.selenium.remote.RemoteWebDriver.execute(RemoteWebDriver.java:545)
at org.openqa.selenium.remote.RemoteWebElement.execute(RemoteWebElement.java:223)
at org.openqa.selenium.remote.RemoteWebElement.click(RemoteWebElement.java:76)
at resources.Utility.globleSearchInput(Utility.java:1519)
at lasvegasmarket_PROD.GlobalSearch_MatchingResults.TS004_VerifyGlobalSearchMatchingResultsSortFilterByNameTest(GlobalSearch_MatchingResults.java:497)
at java.base/jdk.internal.reflect.DirectMethodHandleAccessor.invoke(DirectMethodHandleAccessor.java:103)
at java.base/java.lang.reflect.Method.invoke(Method.java:580)
at org.testng.internal.MethodInvocationHelper.invokeMethod(MethodInvocationHelper.java:133)
at org.testng.internal.TestInvoker.invokeMethod(TestInvoker.java:598)
at org.testng.internal.TestInvoker.invokeTestMethod(TestInvoker.java:173)
at org.testng.internal.MethodRunner.runInSequence(MethodRunner.java:46)
at org.testng.internal.TestInvoker$MethodInvocationAgent.invoke(TestInvoker.java:824)
at org.testng.internal.TestInvoker.invokeTestMethods(TestInvoker.java:146)
at org.testng.internal.TestMethodWorker.invokeTestMethods(TestMethodWorker.java:146)
at org.testng.internal.TestMethodWorker.run(TestMethodWorker.java:128)
at java.base/java.util.ArrayList.forEach(ArrayList.java:1596)
at org.testng.TestRunner.privateRun(TestRunner.java:794)
at org.testng.TestRunner.run(TestRunner.java:596)
at org.testng.SuiteRunner.runTest(SuiteRunner.java:377)
at org.testng.SuiteRunner.runSequentially(SuiteRunner.java:371)
at org.testng.SuiteRunner.privateRun(SuiteRunner.java:332)
at org.testng.SuiteRunner.run(SuiteRunner.java:276)
at org.testng.SuiteRunnerWorker.runSuite(SuiteRunnerWorker.java:53)
at org.testng.SuiteRunnerWorker.run(SuiteRunnerWorker.java:96)
at org.testng.TestNG.runSuitesSequentially(TestNG.java:1212)
at org.testng.TestNG.runSuitesLocally(TestNG.java:1134)
at org.testng.TestNG.runSuites(TestNG.java:1063)
at org.testng.TestNG.run(TestNG.java:1031)
at org.testng.remote.AbstractRemoteTestNG.run(AbstractRemoteTestNG.java:115)
at org.testng.remote.RemoteTestNG.initAndRun(RemoteTestNG.java:293)
at org.testng.remote.RemoteTestNG.main(RemoteTestNG.java:91)
]]>
    </error>
  </testcase> <!-- TS004_VerifyGlobalSearchMatchingResultsSortFilterByNameTest -->
  <system-out/>
  <testcase classname="lasvegasmarket_PROD.GlobalSearch_MatchingResults" name="TS005_VerifyGlobalSearchMatchingResultsSelectAddToFavoritesTest">
    <skipped/>
  </testcase> <!-- TS005_VerifyGlobalSearchMatchingResultsSelectAddToFavoritesTest -->
  <system-out/>
  <testcase classname="lasvegasmarket_PROD.GlobalSearch_MatchingResults" name="TS007_VerifyGlobalSearchMatchingResultsSelectAddToNewlyCreatedListTest">
    <skipped/>
  </testcase> <!-- TS007_VerifyGlobalSearchMatchingResultsSelectAddToNewlyCreatedListTest -->
  <system-out/>
  <testcase classname="lasvegasmarket_PROD.GlobalSearch_MatchingResults" name="TS006_VerifyGlobalSearchMatchingResultsSelectAddToExistingListTest">
    <skipped/>
  </testcase> <!-- TS006_VerifyGlobalSearchMatchingResultsSelectAddToExistingListTest -->
  <system-out/>
  <testcase classname="lasvegasmarket_PROD.GlobalSearch_MatchingResults" name="TS009_VerifyGlobalSearchMatchingResultsSavedSearchesTest">
    <skipped/>
  </testcase> <!-- TS009_VerifyGlobalSearchMatchingResultsSavedSearchesTest -->
  <system-out/>
  <testcase classname="lasvegasmarket_PROD.GlobalSearch_MatchingResults" name="TS008_VerifyGlobalSearchMatchingResultsUsePreviousSavedSearchTest">
    <skipped/>
  </testcase> <!-- TS008_VerifyGlobalSearchMatchingResultsUsePreviousSavedSearchTest -->
  <system-out/>
</testsuite> <!-- lasvegasmarket_PROD.GlobalSearch_MatchingResults -->
