<?xml version="1.0" encoding="UTF-8"?>
<!-- Generated by org.testng.reporters.JUnitReportReporter -->
<testsuite hostname="Anuppa-VD3" name="lasvegasmarket_UAT.ExhibitorDigitalShowroom" tests="1" failures="0" timestamp="30 Jan 2024 09:46:45 GMT" time="42.594" errors="0">
  <testcase name="TS014_VerifyExhibitorDigitalShowroomShowSpecialsTest" time="42.594" classname="lasvegasmarket_UAT.ExhibitorDigitalShowroom"/>
</testsuite> <!-- lasvegasmarket_UAT.ExhibitorDigitalShowroom -->
