<?xml version="1.0" encoding="UTF-8"?>
<!-- Generated by org.testng.reporters.JUnitReportReporter -->
<testsuite hostname="eon-swapnili" name="lasvegasmarket_PROD.EvenntsAndWebinar" tests="1" failures="0" timestamp="30 Mar 2023 05:29:52 GMT" time="17.316" errors="0">
  <testcase name="TS010_VerifyExhibitorEventsCalendarViewTest" time="17.316" classname="lasvegasmarket_PROD.EvenntsAndWebinar"/>
</testsuite> <!-- lasvegasmarket_PROD.EvenntsAndWebinar -->
