<?xml version="1.0" encoding="UTF-8"?>
<!-- Generated by org.testng.reporters.JUnitReportReporter -->
<testsuite hostname="Anuppa-VD3" name="lasvegasmarket_PROD.FloorPlans" tests="8" failures="0" timestamp="3 Nov 2023 05:02:04 GMT" time="227.838" errors="0">
  <testcase name="TS003_VerifyZoomInOutLevelOnFloorPlansPageTest" time="19.542" classname="lasvegasmarket_PROD.FloorPlans"/>
  <testcase name="TS005_VerifyPaginationOnFloorPlansPageTest" time="35.249" classname="lasvegasmarket_PROD.FloorPlans"/>
  <testcase name="TS004_VerifyIconsOnFloorPlansPageTest" time="19.842" classname="lasvegasmarket_PROD.FloorPlans"/>
  <testcase name="TS002_VerifyNoExhibitorsOnThisFloorMessageTest" time="6.437" classname="lasvegasmarket_PROD.FloorPlans"/>
  <testcase name="TS006_VerifySelectionOfExhibitorOnFloorPlansPageTest" time="50.848" classname="lasvegasmarket_PROD.FloorPlans"/>
  <testcase name="TS007_VerifyClickOnReturnToBuildingListBtnTest" time="12.994" classname="lasvegasmarket_PROD.FloorPlans"/>
  <testcase name="TS008_VerifySearchFunctionalityForExhListOnFloorPlansPageTest" time="62.067" classname="lasvegasmarket_PROD.FloorPlans"/>
  <testcase name="TS001_VerifyNavigationToDifferentFloorBuildingsTest" time="20.859" classname="lasvegasmarket_PROD.FloorPlans"/>
</testsuite> <!-- lasvegasmarket_PROD.FloorPlans -->
