<?xml version="1.0" encoding="UTF-8"?>
<!-- Generated by org.testng.reporters.JUnitReportReporter -->
<testsuite hostname="Anuppa-VD3" name="lasvegasmarket_UAT.GlobalSearch_LeftPaneFilters" tests="1" failures="0" timestamp="6 Mar 2023 05:46:48 GMT" time="31.946" errors="0">
  <testcase name="TS010_VerifySelectionOfFloralBotanicalsProdCatgFromLeftPaneFiltersTest" time="31.946" classname="lasvegasmarket_UAT.GlobalSearch_LeftPaneFilters"/>
</testsuite> <!-- lasvegasmarket_UAT.GlobalSearch_LeftPaneFilters -->
