<?xml version="1.0" encoding="UTF-8"?>
<!-- Generated by org.testng.reporters.JUnitReportReporter -->
<testsuite hostname="Anuppa-VD3" name="atlantamarket_PROD.FloorPlans" tests="1" failures="0" timestamp="4 Dec 2023 06:58:26 GMT" time="49.124" errors="0">
  <testcase name="TS007_VerifySelectionOfExhibitorOnFloorPlansPageTest" time="49.124" classname="atlantamarket_PROD.FloorPlans"/>
</testsuite> <!-- atlantamarket_PROD.FloorPlans -->
