<?xml version="1.0" encoding="UTF-8"?>
<!-- Generated by org.testng.reporters.JUnitReportReporter -->
<testsuite hostname="Anuppa-VD3" name="atlantamarket_UAT.ExhibitorDigitalShowroom" tests="1" failures="0" timestamp="13 Feb 2024 10:01:03 GMT" time="22.776" errors="0">
  <testcase name="TS015_VerifyExhibitorDigitalShowroomHeroComponentContactExhibitorTest" time="22.776" classname="atlantamarket_UAT.ExhibitorDigitalShowroom"/>
</testsuite> <!-- atlantamarket_UAT.ExhibitorDigitalShowroom -->
