<?xml version="1.0" encoding="UTF-8"?>
<!-- Generated by org.testng.reporters.JUnitReportReporter -->
<<<<<<< HEAD
<testsuite hostname="swapnili" name="atlantamarket_UAT.MarketPlanner" tests="1" failures="0" timestamp="8 Sep 2022 11:13:34 GMT" time="38.531" errors="0">
  <testcase name="TS028_VerifyListDisplayControlsFunctionalityTest" time="38.531" classname="atlantamarket_UAT.MarketPlanner"/>
=======
<testsuite hostname="shradhama-win10" name="atlantamarket_UAT.MarketPlanner" tests="1" failures="0" timestamp="7 Sep 2022 12:33:56 GMT" time="10.049" errors="0">
  <testcase name="TS047_VerifyTabsUnderListsSectionTest" time="10.049" classname="atlantamarket_UAT.MarketPlanner"/>
>>>>>>> bd1e01c5f40f83ddc574746d9ea3fd15e03357b8
</testsuite> <!-- atlantamarket_UAT.MarketPlanner -->
