<?xml version="1.0" encoding="UTF-8"?>
<!-- Generated by org.testng.reporters.JUnitReportReporter -->
<testsuite hostname="eon-swapnili" name="atlantamarket_UAT.ShowSpecials" tests="2" failures="0" timestamp="8 Jan 2024 10:48:13 GMT" time="38.560" errors="0">
  <testcase name="TS001_VerifyViewBrandDetailsLinkForShowSpecialsTest" time="18.138" classname="atlantamarket_UAT.ShowSpecials"/>
  <testcase name="TS002_VerifyLocationLinksForShowSpecialsTest" time="20.422" classname="atlantamarket_UAT.ShowSpecials"/>
</testsuite> <!-- atlantamarket_UAT.ShowSpecials -->
