<?xml version="1.0" encoding="UTF-8"?>
<!-- Generated by org.testng.reporters.JUnitReportReporter -->
<testsuite skipped="1" hostname="Anuppa-VD3" name="atlantamarket_PROD.GlobalSearch_SearchFor" tests="2" failures="0" timestamp="21 Aug 2024 07:34:13 GMT" time="52.414" errors="0">
  <testcase name="TS005_VerifyArticlesOverviewInGlobalSearchTest" time="52.414" classname="atlantamarket_PROD.GlobalSearch_SearchFor"/>
  <testcase name="verifyMPLoginFunctionality" classname="atlantamarket_PROD.GlobalSearch_SearchFor">
    <skipped/>
  </testcase> <!-- verifyMPLoginFunctionality -->
</testsuite> <!-- atlantamarket_PROD.GlobalSearch_SearchFor -->
