<?xml version="1.0" encoding="UTF-8"?>
<!-- Generated by org.testng.reporters.JUnitReportReporter -->
<testsuite hostname="NILAMMA-W10" name="atlantamarket_UAT.ShowSpecials" tests="2" failures="0" timestamp="7 Apr 2023 10:21:43 GMT" time="57.963" errors="0">
  <testcase name="TS002_VerifyLocationLinksForShowSpecialsTest" time="16.586" classname="atlantamarket_UAT.ShowSpecials"/>
  <testcase name="TS001_VerifyViewBrandDetailsLinkForShowSpecialsTest" time="41.377" classname="atlantamarket_UAT.ShowSpecials"/>
</testsuite> <!-- atlantamarket_UAT.ShowSpecials -->
