<?xml version="1.0" encoding="UTF-8"?>
<!-- Generated by org.testng.reporters.JUnitReportReporter -->
<testsuite hostname="Anuppa-VD3" name="lasvegasmarket_UAT.GlobalSearch_MatchingResults" tests="1" failures="0" timestamp="17 Nov 2023 11:23:06 GMT" time="25.254" errors="0">
  <testcase name="TS004_VerifyGlobalSearchMatchingResultsSortFilterByNameTest" time="25.254" classname="lasvegasmarket_UAT.GlobalSearch_MatchingResults"/>
</testsuite> <!-- lasvegasmarket_UAT.GlobalSearch_MatchingResults -->
