<?xml version="1.0" encoding="UTF-8"?>
<!-- Generated by org.testng.reporters.JUnitReportReporter -->
<testsuite hostname="Anuppa-VD3" name="lasvegasmarket_UAT.ShowSpecials" tests="2" failures="0" timestamp="2 Mar 2023 13:42:50 GMT" time="28.840" errors="0">
  <testcase name="TS002_VerifyShowroomLinkForShowSpecialsTest" time="15.200" classname="lasvegasmarket_UAT.ShowSpecials"/>
  <testcase name="TS001_VerifyViewBrandDetailsLinkForShowSpecialsTest" time="13.640" classname="lasvegasmarket_UAT.ShowSpecials"/>
</testsuite> <!-- lasvegasmarket_UAT.ShowSpecials -->
